Category	Segment number	Segment Good	Eye Blinks	Eye Movements	Bad Channels
cosocorr	1	false	true	false	9, 14
cosocorr	2	true	false	false
cosocorr	3	true	false	false
cosocorr	4	true	false	false
cosocorr	5	true	false	false
cosocorr	6	true	false	false
cosocorr	7	true	false	false
cosocorr	8	true	false	false
cosocorr	9	false	true	false
cosocorr	10	true	false	false
cosocorr	11	true	false	false
cosocorr	12	true	false	false
cosocorr	13	true	false	false
cosocorr	14	true	false	false
cosocorr	15	true	false	false
cosocorr	16	true	false	false
cosocorr	17	true	false	false
cosocorr	18	true	false	false
cosocorr	19	true	false	false
cosocorr	20	true	false	false
cosocorr	21	true	false	false
cosocorr	22	true	false	false
cosocorr	23	true	false	false
cosocorr	24	true	false	false
cosocorr	25	true	false	false
cosocorr	26	true	false	false
cosocorr	27	true	false	false
cosocorr	28	true	false	false
cosocorr	29	true	false	false
cosocorr	30	true	false	false
cosocorr	31	true	false	false
cosocorr	32	true	false	false
cosocorr	33	true	false	false
cosocorr	34	true	false	false
cosocorr	35	true	false	false
cosocorr	36	true	false	false
cosocorr	37	true	false	false
cosocorr	38	true	false	false
cosocorr	39	false	true	false	8, 25
cosocorr	40	true	false	false
cosocorr	41	true	false	false
cosocorr	42	false	true	false
cosocorr	43	true	false	false
cosocorr	44	false	true	false
cosocorr	45	false	true	false
cosocorr	46	false	true	false
cosocorr	47	true	false	false
cosocorr	48	false	true	false
cosocorr	49	false	true	false
cosocorr	50	false	false	true
cosocorr	51	true	false	false
cosocorr	52	false	true	false
cosocorr	53	false	true	false
cosocorr	54	true	false	false
cosocorr	55	true	false	false
cosocorr	56	true	false	false
cosocorr	57	true	false	false
cosocorr	58	true	false	false
cosocorr	59	false	true	false	8
cosocorr	60	true	false	false
cosocorr	61	true	false	false
cosocorr	62	false	true	false
cosocorr	63	true	false	false
cosocorr	64	true	false	false
cosocorr	65	true	false	false
cosocorr	66	false	true	false	8, 25
cosocorr	67	true	false	false
cosocorr	68	true	false	false
cosocorr	69	true	false	false
cosocorr	70	false	true	true
cosocorr	71	true	false	false
cosocorr	72	false	true	false
cosocorr	73	false	false	true
cosocorr	74	true	false	false
cosocorr	75	false	false	true
cosocorr	76	true	false	false
cosocorr	77	false	false	true
cosocorr	78	true	false	false
cosocorr	79	false	false	true
cosocorr	80	true	false	false
cosocorr	81	true	false	false	7, 13, 31, 54, 55, 62, 78, 129
cosocorr	82	true	false	false
cosocorr	83	false	true	false
cosocorr	84	false	true	false
cosocorr	85	true	false	false
cosocorr	86	true	false	false
cosocorr	87	false	true	false
cosocorr	88	false	true	false
cosocorr	89	true	false	false
cosocorr	90	true	false	false
cosocorr	91	true	false	false
cosocorr	92	true	false	false
cosocorr	93	true	false	false
cosocorr	94	true	false	false
cosocorr	95	true	false	false
cosocorr	96	true	false	false
cosocorr	97	true	false	false
cosocorr	98	false	true	false	8, 62
cosocorr	99	true	false	false
cosocorr	100	false	true	false	8, 21, 25, 55, 62, 78
cosocorr	101	true	false	false
cosocorr	102	true	false	false
cosocorr	103	true	false	false
cosocorr	104	true	false	false	55, 62, 72, 77, 78
cosocorr	105	true	false	false	62
cosocorr	106	true	false	false	62
cosocorr	107	true	false	false
cosocorr	108	true	false	false
cosocorr	109	false	true	false	62
cosocorr	110	true	false	false	62
cosocorr	111	false	true	false	8, 25, 62
cosocorr	112	true	false	false
cosocorr	113	true	false	false	62, 72, 77, 78, 110
cosocorr	114	true	false	false	62, 72, 78, 110
cosocorr	115	true	false	false	62
cosocorr	116	true	false	false	62
cosocorr	117	true	false	false	62, 72
cosocorr	118	true	false	false	62
cosocorr	119	true	false	false	62
cosocorr	120	false	true	false	55, 62, 72, 78, 110
colacorr	1	true	false	false
colacorr	2	false	true	false	8, 9, 14, 15, 17, 21, 25
colacorr	3	true	false	false
colacorr	4	true	false	false
colacorr	5	true	false	false
colacorr	6	true	false	false
colacorr	7	true	false	false
colacorr	8	true	false	false
colacorr	9	true	false	false
colacorr	10	false	true	false
colacorr	11	true	false	false	107
colacorr	12	true	false	false	7, 13, 30, 31, 54, 55, 61, 62, 72, 80, 106, 129
colacorr	13	true	false	false
colacorr	14	true	false	false
colacorr	15	true	false	false
colacorr	16	true	false	false
colacorr	17	true	false	false
colacorr	18	false	true	false
colacorr	19	true	false	false
colacorr	20	true	false	false
colacorr	21	true	false	false
colacorr	22	true	false	false
colacorr	23	true	false	false
colacorr	24	true	false	false
colacorr	25	true	false	false
colacorr	26	true	false	false
colacorr	27	true	false	false
colacorr	28	true	false	false
colacorr	29	true	false	false
colacorr	30	true	false	false
colacorr	31	true	false	false
colacorr	32	true	false	false
colacorr	33	false	true	false
colacorr	34	true	false	false
colacorr	35	true	false	false
colacorr	36	false	true	false
colacorr	37	true	false	false
colacorr	38	true	false	false
colacorr	39	true	false	false
colacorr	40	true	false	false
colacorr	41	false	true	false
colacorr	42	true	false	false
colacorr	43	false	true	false
colacorr	44	true	false	false
colacorr	45	false	true	true	8, 14, 17, 21, 25
colacorr	46	false	true	false
colacorr	47	true	false	false
colacorr	48	true	false	false
colacorr	49	true	false	false
colacorr	50	true	false	false
colacorr	51	true	false	false
colacorr	52	true	false	false
colacorr	53	true	false	false
colacorr	54	true	false	false
colacorr	55	true	false	false
colacorr	56	true	false	false
colacorr	57	false	true	false
colacorr	58	false	true	false
colacorr	59	true	false	false
colacorr	60	true	false	false
colacorr	61	true	false	false
colacorr	62	true	false	false
colacorr	63	true	false	false
colacorr	64	true	false	false
colacorr	65	true	false	false
colacorr	66	false	true	false	8, 14, 17, 25
colacorr	67	false	true	false
colacorr	68	true	false	false
colacorr	69	false	true	true
colacorr	70	false	true	true	8
colacorr	71	true	false	false
colacorr	72	true	false	false
colacorr	73	false	false	true
colacorr	74	false	false	true
colacorr	75	false	true	true
colacorr	76	false	true	true	17, 62
colacorr	77	true	false	false
colacorr	78	true	false	false
colacorr	79	false	true	true	8
colacorr	80	true	false	false
colacorr	81	false	true	true
colacorr	82	true	false	false
colacorr	83	true	false	false
colacorr	84	true	false	false
colacorr	85	true	false	false
colacorr	86	true	false	false
colacorr	87	false	true	false
colacorr	88	false	true	false
colacorr	89	false	true	false
colacorr	90	true	false	false
colacorr	91	true	false	false
colacorr	92	true	false	false
colacorr	93	true	false	false
colacorr	94	true	false	false
colacorr	95	false	true	false
colacorr	96	true	false	false
colacorr	97	false	true	false	62
colacorr	98	true	false	false
colacorr	99	true	false	false
colacorr	100	false	true	false	8
colacorr	101	true	false	false
colacorr	102	false	true	false
colacorr	103	false	true	false	62
colacorr	104	true	false	false
colacorr	105	true	false	false
colacorr	106	false	true	false	62
colacorr	107	true	false	false
colacorr	108	false	true	false	8, 62
colacorr	109	true	false	false	62
colacorr	110	false	true	false	62
colacorr	111	true	false	false	62
colacorr	112	true	false	false	62
colacorr	113	true	false	false
colacorr	114	true	false	false
colacorr	115	true	false	false
colacorr	116	true	false	false
colacorr	117	false	true	false	8, 62, 72
colacorr	118	true	false	false	62, 72
colacorr	119	true	false	false	62
colacorr	120	true	false	false	62, 72, 78
colacorr	121	true	false	false	62
colacorr	122	true	false	false
colacorr	123	true	false	false	62
colacorr	124	false	true	false	8, 25, 62, 78
colacorr	125	false	true	false	8, 21, 25, 55, 62, 72, 78, 110
inlacorr	1	true	false	false
inlacorr	2	true	false	false
inlacorr	3	true	false	false
inlacorr	4	false	true	false
inlacorr	5	true	false	false
inlacorr	6	true	false	false
inlacorr	7	true	false	false
inlacorr	8	true	false	false
inlacorr	9	true	false	false
inlacorr	10	true	false	false
inlacorr	11	true	false	false
inlacorr	12	true	false	false
inlacorr	13	true	false	false
inlacorr	14	true	false	false
inlacorr	15	true	false	false
inlacorr	16	true	false	false
inlacorr	17	true	false	false
inlacorr	18	true	false	false
inlacorr	19	true	false	false
inlacorr	20	true	false	false
inlacorr	21	false	true	false
inlacorr	22	true	false	false
inlacorr	23	true	false	false
inlacorr	24	true	false	false
inlacorr	25	false	true	false	25, 109, 113, 114, 115, 120
inlacorr	26	true	false	false
inlacorr	27	true	false	false
inlacorr	28	false	false	true
inlacorr	29	true	false	false
inlacorr	30	true	false	false
inlacorr	31	false	true	false
inlacorr	32	true	false	false
inlacorr	33	true	false	false
inlacorr	34	false	true	false
inlacorr	35	true	false	false
inlacorr	36	true	false	false
inlacorr	37	true	false	false
inlacorr	38	true	false	false
inlacorr	39	true	false	false
inlacorr	40	true	false	false
inlacorr	41	true	false	false
inlacorr	42	true	false	false
inlacorr	43	true	false	false
inlacorr	44	true	false	false
inlacorr	45	true	false	false
inlacorr	46	true	false	false
inlacorr	47	true	false	false
inlacorr	48	true	false	false
inlacorr	49	true	false	false
inlacorr	50	true	false	false
inlacorr	51	false	true	true	8, 127
inlacorr	52	true	false	false
inlacorr	53	false	true	false
inlacorr	54	true	false	false
inlacorr	55	false	true	false
inlacorr	56	true	false	false
inlacorr	57	true	false	false
inlacorr	58	true	false	false
inlacorr	59	true	false	false
inlacorr	60	true	false	false
inlacorr	61	true	false	false
inlacorr	62	true	false	false
inlacorr	63	true	false	false
inlacorr	64	true	false	false
inlacorr	65	true	false	false
inlacorr	66	false	true	false	8, 25
inlacorr	67	true	false	false
inlacorr	68	false	true	false	8
inlacorr	69	true	false	false
inlacorr	70	true	false	false
inlacorr	71	true	false	false
inlacorr	72	false	true	false
inlacorr	73	true	false	false
inlacorr	74	true	false	false
inlacorr	75	true	false	false
inlacorr	76	true	false	false
inlacorr	77	true	false	false	62
inlacorr	78	true	false	false
inlacorr	79	true	false	false
inlacorr	80	true	false	false
inlacorr	81	true	false	false
inlacorr	82	true	false	false
inlacorr	83	true	false	false
inlacorr	84	true	false	false
inlacorr	85	true	false	false
inlacorr	86	true	false	false
inlacorr	87	true	false	false
inlacorr	88	false	true	true
inlacorr	89	true	false	false
inlacorr	90	true	false	false
inlacorr	91	false	true	false
inlacorr	92	false	true	false
inlacorr	93	false	true	false
inlacorr	94	true	false	false
inlacorr	95	true	false	false
inlacorr	96	false	true	false
inlacorr	97	false	true	false
inlacorr	98	true	false	false
inlacorr	99	false	true	false
inlacorr	100	false	true	false
inlacorr	101	true	false	false
inlacorr	102	false	true	false
inlacorr	103	true	false	false	31, 55, 62, 78
inlacorr	104	true	false	false
inlacorr	105	true	false	false
inlacorr	106	true	false	false
inlacorr	107	true	false	false	62
inlacorr	108	false	true	false	8, 21, 25, 62
inlacorr	109	true	false	false
inlacorr	110	true	false	false
inlacorr	111	true	false	false	62
inlacorr	112	false	true	false	8, 14, 17, 21, 25
inlacorr	113	false	true	false	62
inlacorr	114	false	true	false	62
inlacorr	115	true	false	false
inlacorr	116	true	false	false	62
inlacorr	117	true	false	false	62
inlacorr	118	true	false	false	62
inlacorr	119	false	true	false	55, 62, 72, 78
inlacorr	120	true	false	false	62
inlacorr	121	false	true	false	1, 2, 3, 4, 5, 6, 7, 8, 9, 11, 12, 13, 14, 15, 16, 17, 18, 19, 20, 21, 22, 23, 24, 25, 27, 28, 29, 30, 31, 32, 33, 37, 38, 39, 40, 41, 43, 44, 45, 46, 47, 48, 49, 50, 51, 52, 53, 54, 55, 56, 57, 58, 59, 60, 61, 62, 63, 64, 65, 66, 67, 68, 69, 70, 71, 72, 73, 74, 75, 76, 77, 78, 79, 80, 81, 82, 83, 84, 85, 87, 88, 89, 90, 91, 92, 93, 94, 95, 96, 97, 98, 99, 100, 101, 103, 105, 106, 107, 108, 109, 110, 111, 112, 113, 114, 115, 116, 117, 119, 120, 121, 122, 123, 125, 126, 127, 128, 129
inlacorr	122	true	false	false	62
inlacorr	123	true	false	false	62, 72, 78, 110
inlacorr	124	true	false	false	62
inlacorr	125	true	false	false	62, 72, 78, 110
insocorr	1	true	false	false
insocorr	2	false	false	true
insocorr	3	true	false	false
insocorr	4	true	false	false
insocorr	5	true	false	false
insocorr	6	true	false	false
insocorr	7	false	true	false	25
insocorr	8	true	false	false
insocorr	9	true	false	false
insocorr	10	true	false	false
insocorr	11	true	false	false
insocorr	12	true	false	false
insocorr	13	true	false	false
insocorr	14	false	true	false
insocorr	15	true	false	false
insocorr	16	true	false	false
insocorr	17	true	false	false
insocorr	18	true	false	false
insocorr	19	true	false	false
insocorr	20	true	false	false
insocorr	21	true	false	false
insocorr	22	true	false	false
insocorr	23	true	false	false
insocorr	24	true	false	false
insocorr	25	true	false	false
insocorr	26	true	false	false
insocorr	27	true	false	false
insocorr	28	true	false	false
insocorr	29	true	false	false
insocorr	30	true	false	false
insocorr	31	true	false	false
insocorr	32	true	false	false
insocorr	33	false	true	false
insocorr	34	true	false	false
insocorr	35	true	false	false
insocorr	36	true	false	false
insocorr	37	true	false	false
insocorr	38	true	false	false
insocorr	39	true	false	false
insocorr	40	true	false	false
insocorr	41	false	true	false
insocorr	42	true	false	false
insocorr	43	true	false	false
insocorr	44	true	false	false
insocorr	45	true	false	false
insocorr	46	true	false	false
insocorr	47	true	false	false
insocorr	48	true	false	false
insocorr	49	true	false	false
insocorr	50	true	false	false
insocorr	51	true	false	false
insocorr	52	true	false	false
insocorr	53	true	false	false
insocorr	54	false	false	true
insocorr	55	false	true	false	8, 25
insocorr	56	true	false	false
insocorr	57	true	false	false
insocorr	58	true	false	false
insocorr	59	true	false	false
insocorr	60	true	false	false
insocorr	61	true	false	false
insocorr	62	true	false	false
insocorr	63	true	false	false
insocorr	64	false	true	false
insocorr	65	false	true	false
insocorr	66	true	false	false
insocorr	67	false	true	false
insocorr	68	true	false	false
insocorr	69	false	true	false
insocorr	70	true	false	false
insocorr	71	true	false	false
insocorr	72	true	false	false
insocorr	73	false	true	true	126
insocorr	74	true	false	false
insocorr	75	false	false	false	6, 7, 13, 29, 30, 31, 43, 48, 54, 55, 61, 62, 77, 78, 79, 80, 86, 87, 89, 94, 106, 113, 120, 121, 126, 127, 128, 129
insocorr	76	false	true	false	62
insocorr	77	false	true	true	2, 8, 9, 14, 15, 17, 21, 25, 32, 109, 127, 128
insocorr	78	true	false	false
insocorr	79	true	false	false
insocorr	80	true	false	false
insocorr	81	true	false	false
insocorr	82	true	false	false
insocorr	83	true	false	false
insocorr	84	false	false	true
insocorr	85	true	false	false
insocorr	86	true	false	false
insocorr	87	true	false	false
insocorr	88	false	true	false	8
insocorr	89	false	true	false
insocorr	90	true	false	false
insocorr	91	true	false	false
insocorr	92	false	true	false
insocorr	93	true	false	false
insocorr	94	true	false	false
insocorr	95	true	false	false
insocorr	96	true	false	false
insocorr	97	true	false	false
insocorr	98	true	false	false
insocorr	99	false	true	false	8
insocorr	100	true	false	false	62
insocorr	101	false	true	false	8
insocorr	102	true	false	false	31, 55, 62, 72, 77, 78
insocorr	103	true	false	false
insocorr	104	true	false	false
insocorr	105	false	true	false	62
insocorr	106	true	false	false
insocorr	107	true	false	false	62
insocorr	108	true	false	false	62
insocorr	109	true	false	false
insocorr	110	true	false	false
insocorr	111	false	true	false	8, 62
insocorr	112	false	true	false	8, 62, 72
insocorr	113	true	false	false	62
insocorr	114	true	false	false	62
insocorr	115	true	false	false	62, 72
insocorr	116	true	false	false	62, 72
insocorr	117	true	false	false	62
insocorr	118	true	false	false	62
insocorr	119	false	true	false	8, 62, 72, 78, 110
insocorr	120	true	false	false	62, 78
insocorr	121	false	true	false	8, 62, 72
insocorr	122	false	true	false	62, 72, 78
insocorr	123	true	false	false	62
