Category	Segment number	Segment Good	Eye Blinks	Eye Movements	Bad Channels
cosocorr	1	true	false	false	29, 40, 44, 48, 54, 59, 62, 63, 72, 82, 99, 109, 114, 116, 119, 121, 123
cosocorr	2	true	false	false	29, 40, 44, 48, 54, 59, 62, 63, 72, 82, 99, 109, 114, 116, 119, 121, 123
cosocorr	3	true	false	false	29, 40, 44, 48, 54, 59, 62, 63, 72, 82, 99, 109, 114, 116, 119, 121, 123
cosocorr	4	true	false	false	29, 40, 44, 48, 54, 59, 62, 63, 72, 82, 99, 109, 114, 116, 119, 121, 123
cosocorr	5	true	false	false	29, 40, 44, 48, 54, 59, 62, 63, 72, 82, 99, 109, 114, 116, 119, 121, 123
cosocorr	6	true	false	false	29, 40, 44, 48, 54, 59, 62, 63, 72, 82, 99, 109, 114, 116, 119, 121, 123
cosocorr	7	true	false	false	29, 40, 44, 48, 54, 59, 62, 63, 72, 82, 99, 109, 114, 116, 119, 121, 123
cosocorr	8	true	false	false	29, 40, 44, 48, 54, 59, 62, 63, 72, 82, 99, 109, 114, 116, 119, 121, 123
cosocorr	9	true	false	false	29, 40, 44, 48, 54, 59, 62, 63, 72, 82, 99, 109, 114, 116, 119, 121, 123
cosocorr	10	true	false	false	29, 40, 44, 48, 54, 59, 62, 63, 72, 82, 99, 109, 114, 116, 119, 121, 123
cosocorr	11	true	false	false	62, 29, 40, 44, 48, 54, 59, 63, 72, 82, 99, 109, 114, 116, 119, 121, 123
cosocorr	12	true	false	false	29, 40, 44, 48, 54, 59, 62, 63, 72, 82, 99, 109, 114, 116, 119, 121, 123
cosocorr	13	true	false	false	29, 31, 44, 48, 54, 62, 63, 72, 40, 59, 82, 99, 109, 114, 116, 119, 121, 123
cosocorr	14	true	false	false	62, 29, 40, 44, 48, 54, 59, 63, 72, 82, 99, 109, 114, 116, 119, 121, 123
cosocorr	15	true	false	false	29, 40, 44, 48, 54, 59, 62, 63, 72, 82, 99, 109, 114, 116, 119, 121, 123
cosocorr	16	true	false	false	29, 40, 44, 48, 54, 59, 62, 63, 72, 82, 99, 109, 114, 116, 119, 121, 123
cosocorr	17	true	false	false	29, 40, 44, 48, 54, 59, 62, 63, 72, 82, 99, 109, 114, 116, 119, 121, 123
cosocorr	18	true	false	false	40, 29, 44, 48, 54, 59, 62, 63, 72, 82, 99, 109, 114, 116, 119, 121, 123
cosocorr	19	true	false	false	40, 62, 29, 44, 48, 54, 59, 63, 72, 82, 99, 109, 114, 116, 119, 121, 123
cosocorr	20	true	false	false	40, 29, 44, 48, 54, 59, 62, 63, 72, 82, 99, 109, 114, 116, 119, 121, 123
cosocorr	21	true	false	false	29, 40, 44, 48, 54, 59, 62, 63, 72, 82, 99, 109, 114, 116, 119, 121, 123
cosocorr	22	true	false	false	29, 31, 40, 54, 62, 72, 44, 48, 59, 63, 82, 99, 109, 114, 116, 119, 121, 123
cosocorr	23	true	false	false	29, 40, 44, 48, 54, 59, 62, 63, 72, 82, 99, 109, 114, 116, 119, 121, 123
cosocorr	24	true	false	false	40, 29, 44, 48, 54, 59, 62, 63, 72, 82, 99, 109, 114, 116, 119, 121, 123
cosocorr	25	false	true	false	25, 40, 48, 62
cosocorr	26	true	false	false	40, 62, 29, 44, 48, 54, 59, 63, 72, 82, 99, 109, 114, 116, 119, 121, 123
cosocorr	27	true	false	false	40, 62, 72, 88, 29, 44, 48, 54, 59, 63, 82, 99, 109, 114, 116, 119, 121, 123
cosocorr	28	true	false	false	62, 29, 40, 44, 48, 54, 59, 63, 72, 82, 99, 109, 114, 116, 119, 121, 123
cosocorr	29	true	false	false	48, 62, 63, 66, 71, 82, 29, 40, 44, 54, 59, 72, 99, 109, 114, 116, 119, 121, 123
cosocorr	30	true	false	false	62, 116, 29, 40, 44, 48, 54, 59, 63, 72, 82, 99, 109, 114, 119, 121, 123
cosocorr	31	true	false	false	62, 116, 29, 40, 44, 48, 54, 59, 63, 72, 82, 99, 109, 114, 119, 121, 123
cosocorr	32	true	false	false	62, 116, 29, 40, 44, 48, 54, 59, 63, 72, 82, 99, 109, 114, 119, 121, 123
cosocorr	33	true	false	false	40, 48, 62, 72, 29, 44, 54, 59, 63, 82, 99, 109, 114, 116, 119, 121, 123
cosocorr	34	false	false	false	1, 3, 7, 9, 12, 13, 14, 15, 16, 17, 19, 20, 21, 24, 26, 28, 29, 30, 31, 32, 33, 34, 38, 40, 41, 43, 48, 49, 50, 54, 56, 62, 72, 74, 79, 89, 94, 95, 99, 113, 114, 116, 119, 121, 125, 126, 127, 128, 44, 59, 63, 82, 109, 123
cosocorr	35	true	false	false	40, 48, 62, 99, 116, 29, 44, 54, 59, 63, 72, 82, 109, 114, 119, 121, 123
cosocorr	36	true	false	false	48, 62, 99, 29, 40, 44, 54, 59, 63, 72, 82, 109, 114, 116, 119, 121, 123
cosocorr	37	true	false	false	48, 62, 99, 116, 29, 40, 44, 54, 59, 63, 72, 82, 109, 114, 119, 121, 123
cosocorr	38	true	false	false	48, 62, 99, 116, 29, 40, 44, 54, 59, 63, 72, 82, 109, 114, 119, 121, 123
cosocorr	39	false	false	false	1, 3, 8, 9, 10, 12, 14, 15, 16, 17, 19, 20, 21, 24, 25, 26, 27, 28, 29, 30, 31, 32, 34, 38, 40, 41, 42, 43, 46, 47, 48, 49, 50, 54, 56, 62, 68, 69, 71, 72, 74, 77, 83, 84, 85, 89, 90, 91, 92, 94, 95, 96, 97, 98, 99, 108, 109, 113, 114, 116, 119, 121, 125, 126, 127, 128, 44, 59, 63, 82, 123
cosocorr	40	true	false	false	40, 48, 62, 99, 114, 119, 29, 44, 54, 59, 63, 72, 82, 109, 116, 121, 123
cosocorr	41	true	false	false	48, 62, 99, 29, 40, 44, 54, 59, 63, 72, 82, 109, 114, 116, 119, 121, 123
cosocorr	42	true	false	false	40, 48, 62, 99, 29, 44, 54, 59, 63, 72, 82, 109, 114, 116, 119, 121, 123
cosocorr	43	true	false	false	40, 48, 62, 68, 72, 73, 81, 82, 99, 107, 114, 116, 119, 121, 29, 44, 54, 59, 63, 109, 123
cosocorr	44	true	false	false	40, 48, 62, 99, 119, 29, 44, 54, 59, 63, 72, 82, 109, 114, 116, 121, 123
cosocorr	45	true	false	false	40, 48, 62, 82, 88, 99, 114, 119, 29, 44, 54, 59, 63, 72, 109, 116, 121, 123
cosocorr	46	true	false	false	48, 62, 99, 114, 119, 29, 40, 44, 54, 59, 63, 72, 82, 109, 116, 121, 123
cosocorr	47	true	false	false	48, 62, 99, 114, 119, 29, 40, 44, 54, 59, 63, 72, 82, 109, 116, 121, 123
cosocorr	48	true	false	false	40, 48, 62, 72, 99, 114, 116, 119, 29, 44, 54, 59, 63, 82, 109, 121, 123
cosocorr	49	true	false	false	40, 48, 62, 72, 114, 119, 29, 44, 54, 59, 63, 82, 99, 109, 116, 121, 123
cosocorr	50	true	false	false	40, 48, 62, 114, 119, 29, 44, 54, 59, 63, 72, 82, 99, 109, 116, 121, 123
cosocorr	51	true	false	false	48, 62, 114, 119, 29, 40, 44, 54, 59, 63, 72, 82, 99, 109, 116, 121, 123
cosocorr	52	true	false	false	48, 88, 119, 29, 40, 44, 54, 59, 62, 63, 72, 82, 99, 109, 114, 116, 121, 123
cosocorr	53	true	false	false	40, 62, 114, 116, 119, 29, 44, 48, 54, 59, 63, 72, 82, 99, 109, 121, 123
cosocorr	54	true	false	false	40, 48, 62, 114, 119, 29, 44, 54, 59, 63, 72, 82, 99, 109, 116, 121, 123
cosocorr	55	true	false	false	40, 48, 62, 72, 114, 116, 119, 121, 29, 44, 54, 59, 63, 82, 99, 109, 123
cosocorr	56	true	false	false	62, 114, 116, 119, 121, 29, 40, 44, 48, 54, 59, 63, 72, 82, 99, 109, 123
cosocorr	57	true	false	false	40, 48, 116, 119, 29, 44, 54, 59, 62, 63, 72, 82, 99, 109, 114, 121, 123
cosocorr	58	true	false	false	40, 48, 62, 72, 82, 114, 116, 119, 121, 29, 44, 54, 59, 63, 99, 109, 123
cosocorr	59	false	false	false	1, 2, 3, 4, 7, 8, 9, 10, 12, 13, 14, 15, 16, 17, 19, 20, 21, 22, 24, 25, 26, 27, 28, 29, 30, 31, 32, 33, 34, 35, 37, 38, 39, 40, 41, 42, 43, 45, 46, 47, 48, 49, 50, 52, 53, 54, 55, 56, 57, 59, 60, 62, 64, 65, 66, 67, 68, 69, 70, 71, 72, 73, 74, 75, 76, 77, 78, 79, 80, 82, 83, 84, 85, 86, 87, 88, 89, 90, 91, 92, 93, 94, 95, 96, 97, 98, 99, 100, 101, 102, 103, 104, 105, 107, 108, 109, 110, 112, 113, 114, 115, 116, 117, 119, 120, 121, 122, 123, 124, 125, 126, 127, 128, 129, 44, 63
cosocorr	60	true	false	false	40, 48, 62, 72, 114, 116, 119, 121, 29, 44, 54, 59, 63, 82, 99, 109, 123
cosocorr	61	true	false	false	40, 48, 62, 114, 119, 29, 44, 54, 59, 63, 72, 82, 99, 109, 116, 121, 123
cosocorr	62	true	false	false	40, 48, 59, 62, 72, 114, 116, 119, 121, 123, 29, 44, 54, 63, 82, 99, 109
cosocorr	63	false	false	false	1, 3, 8, 9, 10, 14, 15, 16, 17, 19, 20, 21, 24, 25, 26, 27, 28, 29, 30, 31, 32, 33, 34, 38, 40, 41, 42, 43, 45, 46, 47, 48, 49, 50, 53, 54, 56, 59, 62, 63, 71, 72, 74, 77, 82, 83, 85, 86, 87, 89, 92, 94, 97, 98, 103, 108, 109, 113, 114, 116, 117, 119, 121, 123, 125, 126, 127, 128, 44, 99
cosocorr	64	true	false	false	48, 62, 72, 114, 116, 119, 121, 29, 40, 44, 54, 59, 63, 82, 99, 109, 123
cosocorr	65	false	false	false	1, 3, 4, 8, 9, 10, 12, 13, 14, 15, 16, 17, 19, 20, 21, 22, 24, 25, 26, 27, 28, 29, 30, 31, 32, 33, 34, 37, 38, 39, 40, 41, 42, 43, 45, 46, 47, 48, 49, 50, 53, 54, 55, 56, 59, 62, 63, 64, 67, 69, 71, 72, 73, 74, 75, 77, 78, 81, 82, 83, 84, 85, 86, 87, 89, 90, 91, 92, 94, 95, 96, 97, 98, 103, 108, 109, 113, 114, 115, 116, 117, 119, 120, 121, 123, 124, 125, 126, 127, 128, 44, 99
cosocorr	66	true	false	false	40, 48, 59, 62, 114, 116, 119, 29, 44, 54, 63, 72, 82, 99, 109, 121, 123
cosocorr	67	true	false	false	40, 48, 59, 62, 72, 114, 116, 119, 121, 29, 44, 54, 63, 82, 99, 109, 123
cosocorr	68	true	false	false	40, 48, 59, 62, 72, 114, 119, 29, 44, 54, 63, 82, 99, 109, 116, 121, 123
cosocorr	69	true	false	false	40, 48, 62, 114, 119, 121, 29, 44, 54, 59, 63, 72, 82, 99, 109, 116, 123
cosocorr	70	true	false	false	48, 59, 62, 72, 114, 119, 29, 40, 44, 54, 63, 82, 99, 109, 116, 121, 123
cosocorr	71	true	false	false	29, 40, 48, 59, 62, 63, 72, 82, 109, 114, 116, 119, 121, 44, 54, 99, 123
cosocorr	72	true	false	false	20, 28, 29, 30, 31, 40, 48, 54, 59, 62, 72, 109, 114, 116, 119, 121, 44, 63, 82, 99, 123
cosocorr	73	true	false	false	38, 48, 51, 54, 59, 62, 63, 72, 82, 99, 109, 114, 116, 119, 29, 40, 44, 121, 123
cosocorr	74	true	false	false	40, 48, 59, 62, 72, 99, 109, 114, 119, 29, 44, 54, 63, 82, 116, 121, 123
cosocorr	75	true	false	false	40, 48, 59, 62, 72, 99, 114, 116, 119, 121, 29, 44, 54, 63, 82, 109, 123
cosocorr	76	true	false	false	48, 59, 62, 99, 114, 116, 119, 29, 40, 44, 54, 63, 72, 82, 109, 121, 123
cosocorr	77	true	false	false	40, 48, 59, 62, 72, 82, 99, 109, 114, 116, 119, 121, 29, 44, 54, 63, 123
cosocorr	78	true	false	false	59, 62, 72, 99, 114, 116, 119, 29, 40, 44, 48, 54, 63, 82, 109, 121, 123
cosocorr	79	false	false	false	1, 8, 9, 10, 14, 15, 17, 20, 21, 22, 25, 26, 27, 28, 29, 30, 31, 32, 33, 34, 38, 39, 40, 43, 45, 46, 48, 49, 50, 56, 59, 62, 72, 74, 82, 89, 94, 99, 109, 113, 114, 116, 119, 120, 121, 125, 126, 127, 128, 44, 54, 63, 123
cosocorr	80	true	false	false	29, 31, 40, 48, 59, 62, 72, 99, 109, 114, 116, 119, 121, 44, 54, 63, 82, 123
cosocorr	81	false	false	false	1, 3, 8, 9, 10, 14, 15, 17, 20, 21, 22, 25, 26, 27, 28, 29, 30, 31, 32, 33, 34, 38, 39, 40, 41, 42, 43, 45, 46, 47, 48, 49, 50, 53, 56, 57, 59, 62, 64, 67, 68, 69, 71, 72, 73, 74, 75, 77, 81, 83, 84, 85, 86, 87, 88, 89, 90, 92, 94, 95, 96, 97, 99, 103, 108, 109, 113, 114, 115, 116, 117, 119, 120, 121, 125, 126, 127, 128, 44, 54, 63, 82, 123
cosocorr	82	false	false	false	1, 3, 8, 9, 10, 14, 15, 17, 20, 21, 22, 25, 26, 27, 28, 29, 30, 31, 32, 33, 34, 38, 39, 40, 41, 42, 43, 45, 46, 47, 48, 49, 50, 56, 59, 62, 63, 68, 69, 71, 72, 73, 74, 77, 81, 83, 85, 86, 87, 89, 92, 94, 95, 97, 98, 99, 103, 108, 109, 113, 114, 115, 116, 117, 119, 120, 121, 125, 126, 127, 128, 44, 54, 82, 123
cosocorr	83	true	false	false	29, 30, 31, 40, 48, 59, 62, 72, 99, 109, 114, 116, 119, 121, 44, 54, 63, 82, 123
cosocorr	84	true	false	false	40, 48, 59, 62, 99, 109, 114, 116, 119, 29, 44, 54, 63, 72, 82, 121, 123
cosocorr	85	true	false	false	29, 40, 48, 59, 62, 72, 99, 109, 114, 116, 119, 121, 44, 54, 63, 82, 123
cosocorr	86	true	false	false	40, 48, 59, 62, 63, 72, 99, 109, 114, 116, 119, 121, 29, 44, 54, 82, 123
cosocorr	87	true	false	false	48, 59, 62, 72, 99, 109, 114, 116, 119, 121, 29, 40, 44, 54, 63, 82, 123
cosocorr	88	false	false	false	1, 2, 3, 4, 5, 6, 8, 9, 10, 14, 15, 17, 18, 19, 20, 21, 22, 24, 25, 26, 27, 28, 29, 30, 31, 32, 33, 34, 35, 36, 37, 38, 39, 40, 41, 42, 43, 44, 45, 46, 47, 48, 49, 50, 52, 53, 54, 55, 56, 57, 58, 59, 60, 61, 62, 63, 64, 65, 66, 67, 68, 69, 70, 71, 72, 73, 74, 75, 76, 77, 78, 81, 82, 83, 84, 85, 86, 87, 88, 89, 90, 91, 92, 93, 94, 95, 96, 97, 98, 99, 100, 101, 102, 103, 104, 105, 108, 109, 110, 112, 113, 114, 115, 116, 117, 118, 119, 120, 121, 122, 123, 124, 125, 126, 127, 128, 129
cosocorr	89	true	false	false	48, 59, 62, 72, 99, 114, 116, 119, 29, 40, 44, 54, 63, 82, 109, 121, 123
cosocorr	90	true	false	false	48, 59, 62, 72, 99, 109, 114, 116, 119, 121, 29, 40, 44, 54, 63, 82, 123
cosocorr	91	true	false	false	48, 59, 62, 72, 99, 109, 114, 116, 119, 121, 29, 40, 44, 54, 63, 82, 123
cosocorr	92	true	false	false	40, 48, 59, 62, 72, 99, 109, 114, 116, 119, 121, 29, 44, 54, 63, 82, 123
cosocorr	93	false	true	false	8, 14, 21, 25, 40, 44, 48, 59, 62, 72, 99, 109, 114, 116, 119, 121
cosocorr	94	true	false	false	40, 44, 48, 59, 62, 72, 99, 109, 114, 116, 119, 121, 29, 54, 63, 82, 123
cosocorr	95	false	false	false	1, 2, 3, 4, 5, 6, 7, 8, 9, 10, 11, 12, 13, 14, 15, 16, 17, 18, 19, 20, 21, 22, 23, 24, 25, 26, 27, 28, 29, 30, 31, 32, 33, 34, 35, 36, 37, 38, 39, 40, 41, 42, 43, 44, 45, 46, 47, 48, 49, 50, 51, 52, 53, 54, 55, 56, 57, 58, 59, 60, 61, 62, 63, 64, 65, 66, 67, 68, 69, 70, 71, 72, 73, 74, 75, 76, 77, 78, 79, 80, 81, 82, 83, 84, 85, 86, 87, 89, 90, 91, 92, 93, 94, 95, 96, 97, 98, 99, 100, 101, 102, 103, 104, 105, 106, 107, 108, 109, 110, 111, 112, 113, 114, 115, 116, 117, 118, 119, 120, 121, 122, 123, 124, 125, 126, 127, 128, 129
cosocorr	96	true	false	false	40, 48, 59, 62, 72, 99, 109, 114, 116, 119, 121, 29, 44, 54, 63, 82, 123
cosocorr	97	false	false	true	29, 40, 44, 48, 54, 59, 62, 63, 72, 82, 99, 109, 114, 116, 119, 121, 123
cosocorr	98	true	false	false	40, 44, 48, 54, 59, 62, 63, 72, 82, 99, 109, 114, 116, 119, 121, 123, 29
cosocorr	99	true	false	false	29, 40, 44, 48, 51, 54, 59, 62, 63, 72, 81, 82, 99, 109, 114, 116, 119, 121, 123
cosocorr	100	true	false	false	29, 40, 44, 48, 54, 59, 62, 63, 72, 82, 99, 109, 114, 116, 119, 121, 123
cosocorr	101	true	false	false	40, 48, 54, 59, 62, 63, 72, 82, 88, 99, 109, 114, 116, 119, 121, 123, 29, 44
cosocorr	102	true	false	false	29, 40, 44, 48, 51, 54, 59, 62, 63, 72, 82, 99, 109, 114, 116, 119, 121, 123
cosocorr	103	true	false	false	29, 39, 40, 44, 48, 54, 59, 62, 63, 72, 82, 99, 109, 114, 116, 119, 121, 123
cosocorr	104	false	false	true	29, 40, 44, 48, 51, 54, 59, 62, 63, 72, 82, 88, 99, 109, 114, 116, 119, 121, 123, 125
cosocorr	105	true	false	false	29, 40, 44, 48, 54, 59, 62, 63, 72, 81, 82, 88, 99, 109, 114, 116, 119, 121, 123
cosocorr	106	true	false	false	29, 40, 44, 48, 59, 62, 63, 72, 99, 109, 114, 116, 119, 121, 123, 54, 82
cosocorr	107	true	false	false	29, 40, 44, 48, 51, 54, 59, 62, 63, 72, 82, 88, 99, 109, 114, 116, 119, 121, 123
cosocorr	108	true	false	false	29, 40, 44, 48, 54, 59, 62, 63, 72, 99, 109, 114, 116, 119, 121, 123, 82
cosocorr	109	true	false	false	29, 40, 44, 48, 54, 59, 62, 63, 72, 82, 99, 102, 109, 114, 116, 119, 121, 123
cosocorr	110	true	false	false	29, 40, 44, 48, 54, 59, 62, 63, 72, 82, 88, 99, 109, 114, 116, 119, 121, 123
cosocorr	111	true	false	false	29, 40, 44, 48, 54, 59, 62, 63, 72, 82, 99, 109, 114, 116, 119, 121, 123
cosocorr	112	true	false	false	29, 40, 44, 48, 59, 62, 63, 72, 82, 99, 109, 114, 116, 119, 121, 123, 54
cosocorr	113	false	false	false	1, 2, 3, 4, 5, 6, 7, 8, 9, 10, 11, 12, 13, 14, 15, 16, 17, 18, 19, 20, 21, 22, 23, 24, 25, 26, 27, 28, 29, 30, 31, 32, 33, 34, 35, 36, 37, 38, 39, 40, 41, 42, 43, 44, 45, 46, 47, 48, 49, 50, 51, 52, 53, 54, 55, 56, 57, 58, 59, 60, 61, 62, 63, 64, 65, 66, 67, 68, 69, 70, 71, 72, 73, 74, 75, 76, 77, 78, 79, 80, 81, 82, 83, 84, 85, 86, 87, 88, 89, 90, 91, 92, 93, 94, 95, 96, 97, 98, 99, 100, 101, 102, 103, 104, 105, 106, 107, 108, 109, 110, 111, 112, 113, 114, 115, 116, 117, 118, 119, 120, 121, 122, 123, 124, 125, 126, 127, 128, 129
cosocorr	114	true	false	false	29, 40, 44, 48, 54, 59, 62, 63, 72, 82, 99, 109, 114, 116, 119, 121, 122, 123
cosocorr	115	true	false	false	29, 40, 44, 48, 50, 54, 59, 62, 63, 72, 82, 99, 109, 114, 116, 119, 121, 122, 123
cosocorr	116	false	false	false	1, 2, 3, 4, 5, 6, 7, 8, 9, 10, 11, 12, 13, 14, 15, 16, 17, 18, 19, 20, 21, 22, 23, 24, 25, 26, 27, 28, 29, 30, 31, 32, 33, 34, 35, 36, 37, 38, 39, 40, 41, 42, 43, 44, 45, 46, 47, 48, 49, 50, 51, 52, 53, 54, 55, 56, 57, 58, 59, 60, 61, 62, 63, 64, 65, 66, 67, 68, 69, 70, 71, 72, 73, 74, 75, 76, 77, 78, 79, 80, 81, 82, 83, 84, 85, 86, 87, 88, 89, 90, 91, 92, 93, 94, 95, 96, 97, 98, 99, 100, 101, 102, 103, 104, 105, 106, 107, 108, 109, 110, 111, 112, 113, 114, 115, 116, 117, 118, 119, 120, 121, 122, 123, 124, 125, 126, 127, 128, 129
cosocorr	117	true	false	false	29, 40, 44, 48, 54, 59, 62, 63, 72, 82, 109, 114, 116, 121, 122, 123, 99, 119
cosocorr	118	true	false	false	29, 40, 44, 48, 54, 59, 62, 63, 72, 82, 109, 114, 116, 121, 122, 123, 99, 119
cosocorr	119	true	false	false	29, 40, 44, 48, 59, 62, 63, 72, 82, 109, 114, 116, 121, 123, 54, 99, 119
colacorr	1	true	false	false	29, 40, 44, 48, 54, 59, 62, 63, 72, 82, 99, 109, 114, 116, 119, 121, 123
colacorr	2	true	false	false	35, 29, 40, 44, 48, 54, 59, 62, 63, 72, 82, 99, 109, 114, 116, 119, 121, 123
colacorr	3	true	false	false	29, 40, 44, 48, 54, 59, 62, 63, 72, 82, 99, 109, 114, 116, 119, 121, 123
colacorr	4	true	false	false	29, 40, 44, 48, 54, 59, 62, 63, 72, 82, 99, 109, 114, 116, 119, 121, 123
colacorr	5	true	false	false	29, 40, 44, 48, 54, 59, 62, 63, 72, 82, 99, 109, 114, 116, 119, 121, 123
colacorr	6	true	false	false	29, 40, 44, 48, 54, 59, 62, 63, 72, 82, 99, 109, 114, 116, 119, 121, 123
colacorr	7	true	false	false	29, 40, 44, 48, 54, 59, 62, 63, 72, 82, 99, 109, 114, 116, 119, 121, 123
colacorr	8	true	false	false	44, 29, 40, 48, 54, 59, 62, 63, 72, 82, 99, 109, 114, 116, 119, 121, 123
colacorr	9	true	false	false	29, 40, 44, 48, 54, 59, 62, 63, 72, 82, 99, 109, 114, 116, 119, 121, 123
colacorr	10	true	false	false	29, 40, 44, 48, 54, 59, 62, 63, 72, 82, 99, 109, 114, 116, 119, 121, 123
colacorr	11	true	false	false	29, 40, 44, 48, 54, 59, 62, 63, 72, 82, 99, 109, 114, 116, 119, 121, 123
colacorr	12	true	false	false	29, 40, 44, 48, 54, 59, 62, 63, 72, 82, 99, 109, 114, 116, 119, 121, 123
colacorr	13	true	false	false	62, 72, 29, 40, 44, 48, 54, 59, 63, 82, 99, 109, 114, 116, 119, 121, 123
colacorr	14	true	false	false	29, 40, 44, 48, 54, 59, 62, 63, 72, 82, 99, 109, 114, 116, 119, 121, 123
colacorr	15	true	false	false	29, 40, 44, 48, 54, 59, 62, 63, 72, 82, 99, 109, 114, 116, 119, 121, 123
colacorr	16	true	false	false	29, 40, 44, 48, 54, 59, 62, 63, 72, 82, 99, 109, 114, 116, 119, 121, 123
colacorr	17	true	false	false	29, 40, 44, 48, 54, 59, 62, 63, 72, 82, 99, 109, 114, 116, 119, 121, 123
colacorr	18	true	false	false	29, 40, 44, 48, 54, 59, 62, 63, 72, 82, 99, 109, 114, 116, 119, 121, 123
colacorr	19	true	false	false	29, 40, 44, 48, 54, 59, 62, 63, 72, 82, 99, 109, 114, 116, 119, 121, 123
colacorr	20	true	false	false	29, 40, 44, 48, 54, 59, 62, 63, 72, 82, 99, 109, 114, 116, 119, 121, 123
colacorr	21	true	false	false	40, 29, 44, 48, 54, 59, 62, 63, 72, 82, 99, 109, 114, 116, 119, 121, 123
colacorr	22	true	false	false	29, 40, 44, 48, 54, 59, 62, 63, 72, 82, 99, 109, 114, 116, 119, 121, 123
colacorr	23	true	false	false	40, 62, 29, 44, 48, 54, 59, 63, 72, 82, 99, 109, 114, 116, 119, 121, 123
colacorr	24	true	false	false	29, 40, 44, 48, 54, 59, 62, 63, 72, 82, 99, 109, 114, 116, 119, 121, 123
colacorr	25	true	false	false	20, 28, 29, 30, 31, 40, 54, 62, 72, 44, 48, 59, 63, 82, 99, 109, 114, 116, 119, 121, 123
colacorr	26	false	true	false	25, 40
colacorr	27	true	false	false	40, 48, 62, 72, 116, 29, 44, 54, 59, 63, 82, 99, 109, 114, 119, 121, 123
colacorr	28	true	false	false	62, 29, 40, 44, 48, 54, 59, 63, 72, 82, 99, 109, 114, 116, 119, 121, 123
colacorr	29	false	true	false	8, 25, 62, 63
colacorr	30	true	false	false	62, 29, 40, 44, 48, 54, 59, 63, 72, 82, 99, 109, 114, 116, 119, 121, 123
colacorr	31	true	false	false	62, 116, 29, 40, 44, 48, 54, 59, 63, 72, 82, 99, 109, 114, 119, 121, 123
colacorr	32	true	false	false	62, 116, 29, 40, 44, 48, 54, 59, 63, 72, 82, 99, 109, 114, 119, 121, 123
colacorr	33	true	false	false	48, 62, 116, 29, 40, 44, 54, 59, 63, 72, 82, 99, 109, 114, 119, 121, 123
colacorr	34	true	false	false	48, 62, 29, 40, 44, 54, 59, 63, 72, 82, 99, 109, 114, 116, 119, 121, 123
colacorr	35	true	false	false	48, 62, 116, 29, 40, 44, 54, 59, 63, 72, 82, 99, 109, 114, 119, 121, 123
colacorr	36	true	false	false	40, 48, 62, 116, 29, 44, 54, 59, 63, 72, 82, 99, 109, 114, 119, 121, 123
colacorr	37	true	false	false	48, 62, 29, 40, 44, 54, 59, 63, 72, 82, 99, 109, 114, 116, 119, 121, 123
colacorr	38	true	false	false	40, 48, 62, 29, 44, 54, 59, 63, 72, 82, 99, 109, 114, 116, 119, 121, 123
colacorr	39	true	false	false	40, 62, 116, 29, 44, 48, 54, 59, 63, 72, 82, 99, 109, 114, 119, 121, 123
colacorr	40	true	false	false	48, 62, 99, 29, 40, 44, 54, 59, 63, 72, 82, 109, 114, 116, 119, 121, 123
colacorr	41	true	false	false	48, 62, 99, 116, 29, 40, 44, 54, 59, 63, 72, 82, 109, 114, 119, 121, 123
colacorr	42	true	false	false	48, 62, 99, 116, 29, 40, 44, 54, 59, 63, 72, 82, 109, 114, 119, 121, 123
colacorr	43	true	false	false	48, 62, 99, 29, 40, 44, 54, 59, 63, 72, 82, 109, 114, 116, 119, 121, 123
colacorr	44	true	false	false	40, 48, 62, 99, 119, 29, 44, 54, 59, 63, 72, 82, 109, 114, 116, 121, 123
colacorr	45	true	false	false	40, 48, 62, 99, 119, 29, 44, 54, 59, 63, 72, 82, 109, 114, 116, 121, 123
colacorr	46	true	false	false	48, 62, 99, 119, 29, 40, 44, 54, 59, 63, 72, 82, 109, 114, 116, 121, 123
colacorr	47	true	false	false	40, 48, 62, 99, 119, 29, 44, 54, 59, 63, 72, 82, 109, 114, 116, 121, 123
colacorr	48	true	false	false	40, 48, 62, 72, 99, 114, 119, 29, 44, 54, 59, 63, 82, 109, 116, 121, 123
colacorr	49	true	false	false	48, 62, 72, 99, 114, 116, 119, 29, 40, 44, 54, 59, 63, 82, 109, 121, 123
colacorr	50	true	false	false	40, 48, 62, 72, 99, 114, 119, 29, 44, 54, 59, 63, 82, 109, 116, 121, 123
colacorr	51	true	false	false	40, 48, 62, 114, 119, 29, 44, 54, 59, 63, 72, 82, 99, 109, 116, 121, 123
colacorr	52	true	false	false	40, 48, 62, 72, 114, 116, 119, 29, 44, 54, 59, 63, 82, 99, 109, 121, 123
colacorr	53	true	false	false	48, 62, 114, 116, 119, 29, 40, 44, 54, 59, 63, 72, 82, 99, 109, 121, 123
colacorr	54	true	false	false	40, 48, 62, 114, 116, 119, 29, 44, 54, 59, 63, 72, 82, 99, 109, 121, 123
colacorr	55	true	false	false	48, 62, 79, 114, 116, 119, 29, 40, 44, 54, 59, 63, 72, 82, 99, 109, 121, 123
colacorr	56	true	false	false	40, 48, 62, 114, 119, 29, 44, 54, 59, 63, 72, 82, 99, 109, 116, 121, 123
colacorr	57	true	false	false	40, 48, 62, 82, 88, 114, 119, 29, 44, 54, 59, 63, 72, 99, 109, 116, 121, 123
colacorr	58	true	false	false	40, 48, 62, 114, 116, 119, 121, 29, 44, 54, 59, 63, 72, 82, 99, 109, 123
colacorr	59	true	false	false	40, 48, 62, 114, 116, 119, 121, 29, 44, 54, 59, 63, 72, 82, 99, 109, 123
colacorr	60	true	false	false	29, 31, 40, 48, 62, 68, 72, 114, 116, 119, 121, 44, 54, 59, 63, 82, 99, 109, 123
colacorr	61	false	true	false	40, 48, 62, 72, 114, 116, 119, 121
colacorr	62	false	true	false	40, 48, 62, 72, 114, 116, 119, 121
colacorr	63	false	false	false	1, 2, 3, 4, 5, 6, 7, 8, 9, 10, 11, 12, 13, 14, 15, 16, 17, 18, 19, 20, 21, 22, 23, 24, 25, 26, 27, 28, 29, 30, 31, 32, 33, 34, 35, 36, 37, 38, 39, 40, 41, 42, 43, 44, 45, 46, 47, 48, 49, 50, 51, 52, 53, 54, 55, 56, 57, 58, 59, 60, 61, 62, 63, 64, 65, 66, 67, 68, 69, 70, 71, 72, 73, 74, 75, 76, 77, 78, 79, 80, 81, 82, 83, 84, 85, 86, 87, 88, 89, 90, 91, 92, 93, 94, 95, 96, 97, 98, 99, 100, 101, 102, 103, 104, 105, 106, 107, 108, 109, 110, 111, 112, 113, 114, 115, 116, 117, 118, 119, 120, 121, 122, 123, 124, 125, 126, 127, 128, 129
colacorr	64	true	false	false	40, 48, 59, 62, 72, 114, 116, 119, 121, 29, 44, 54, 63, 82, 99, 109, 123
colacorr	65	true	false	false	40, 48, 62, 114, 116, 119, 121, 29, 44, 54, 59, 63, 72, 82, 99, 109, 123
colacorr	66	true	false	false	48, 62, 114, 116, 119, 29, 40, 44, 54, 59, 63, 72, 82, 99, 109, 121, 123
colacorr	67	true	false	false	48, 62, 114, 116, 119, 121, 29, 40, 44, 54, 59, 63, 72, 82, 99, 109, 123
colacorr	68	true	false	false	40, 48, 59, 62, 63, 114, 119, 29, 44, 54, 72, 82, 99, 109, 116, 121, 123
colacorr	69	false	false	false	1, 2, 3, 4, 8, 9, 10, 12, 13, 14, 15, 16, 17, 19, 20, 21, 22, 24, 25, 26, 27, 28, 29, 30, 31, 32, 33, 34, 35, 37, 38, 39, 40, 41, 42, 43, 45, 46, 47, 48, 49, 50, 53, 54, 55, 56, 57, 59, 60, 62, 63, 64, 66, 67, 68, 69, 70, 71, 72, 73, 74, 75, 77, 78, 81, 82, 83, 84, 85, 86, 87, 89, 90, 91, 92, 94, 95, 96, 97, 98, 100, 101, 102, 103, 104, 105, 108, 109, 110, 113, 114, 115, 116, 117, 119, 120, 121, 122, 123, 124, 125, 126, 127, 128, 44, 99
colacorr	70	true	false	false	48, 59, 62, 114, 116, 119, 29, 40, 44, 54, 63, 72, 82, 99, 109, 121, 123
colacorr	71	true	false	false	40, 48, 59, 62, 72, 114, 116, 119, 121, 29, 44, 54, 63, 82, 99, 109, 123
colacorr	72	true	false	false	20, 28, 29, 30, 31, 40, 48, 54, 59, 62, 72, 109, 114, 116, 119, 121, 44, 63, 82, 99, 123
colacorr	73	true	false	false	20, 28, 29, 30, 31, 40, 48, 54, 59, 62, 72, 109, 114, 116, 119, 121, 44, 63, 82, 99, 123
colacorr	74	true	false	false	59, 62, 72, 114, 116, 119, 29, 40, 44, 48, 54, 63, 82, 99, 109, 121, 123
colacorr	75	false	false	false	1, 2, 3, 4, 5, 6, 7, 8, 9, 10, 11, 12, 13, 14, 15, 16, 17, 18, 19, 20, 21, 22, 23, 24, 25, 26, 27, 28, 29, 30, 31, 32, 33, 34, 35, 36, 37, 38, 39, 40, 41, 42, 43, 44, 45, 46, 47, 48, 49, 50, 51, 52, 53, 54, 55, 56, 57, 58, 59, 60, 61, 62, 63, 64, 65, 66, 67, 68, 69, 70, 71, 72, 73, 74, 75, 76, 77, 78, 79, 80, 81, 82, 83, 84, 85, 86, 87, 88, 89, 90, 91, 92, 93, 94, 95, 96, 97, 98, 99, 100, 101, 102, 103, 104, 105, 106, 107, 108, 109, 110, 111, 112, 113, 114, 115, 116, 117, 118, 119, 120, 121, 122, 123, 124, 125, 126, 127, 128, 129
colacorr	76	false	false	false	1, 2, 3, 4, 5, 6, 7, 8, 9, 10, 11, 12, 13, 14, 15, 16, 17, 18, 19, 20, 21, 22, 23, 24, 25, 26, 27, 28, 29, 30, 31, 32, 33, 34, 35, 36, 37, 38, 39, 40, 41, 42, 43, 44, 45, 46, 47, 48, 49, 50, 51, 52, 53, 54, 55, 56, 57, 58, 59, 60, 61, 62, 63, 64, 65, 66, 67, 68, 69, 70, 71, 72, 73, 74, 75, 76, 77, 78, 79, 80, 81, 82, 83, 84, 85, 86, 87, 88, 89, 90, 91, 92, 93, 94, 95, 96, 97, 98, 99, 100, 101, 102, 103, 104, 105, 106, 107, 108, 109, 110, 111, 112, 113, 114, 115, 116, 117, 118, 119, 120, 121, 122, 123, 124, 125, 126, 127, 128, 129
colacorr	77	true	false	false	40, 59, 62, 72, 88, 99, 114, 116, 119, 29, 44, 48, 54, 63, 82, 109, 121, 123
colacorr	78	true	false	false	28, 29, 30, 31, 40, 48, 59, 62, 72, 99, 109, 114, 116, 119, 121, 44, 54, 63, 82, 123
colacorr	79	true	false	false	40, 59, 62, 72, 99, 109, 114, 116, 119, 29, 44, 48, 54, 63, 82, 121, 123
colacorr	80	false	false	false	1, 8, 9, 14, 15, 17, 21, 25, 26, 27, 29, 30, 31, 32, 34, 38, 40, 43, 48, 49, 59, 62, 72, 82, 99, 109, 113, 114, 116, 119, 121, 125, 126, 127, 128, 44, 54, 63, 123
colacorr	81	true	false	false	48, 59, 62, 99, 114, 116, 119, 29, 40, 44, 54, 63, 72, 82, 109, 121, 123
colacorr	82	true	false	false	29, 31, 40, 48, 59, 62, 72, 99, 109, 114, 116, 119, 121, 44, 54, 63, 82, 123
colacorr	83	false	false	false	1, 3, 7, 8, 9, 10, 12, 13, 14, 15, 16, 17, 19, 20, 21, 22, 24, 25, 26, 27, 28, 29, 30, 31, 32, 33, 34, 37, 38, 39, 40, 41, 42, 43, 44, 45, 46, 47, 48, 49, 50, 54, 56, 59, 62, 63, 64, 68, 69, 71, 72, 73, 74, 75, 77, 82, 83, 84, 85, 86, 87, 89, 90, 91, 92, 94, 95, 96, 97, 98, 99, 101, 103, 108, 109, 113, 114, 115, 116, 117, 119, 120, 121, 123, 125, 126, 127, 128
colacorr	84	true	false	false	29, 30, 31, 38, 40, 48, 49, 59, 62, 72, 99, 109, 114, 116, 119, 121, 44, 54, 63, 82, 123
colacorr	85	true	false	false	40, 48, 59, 62, 72, 99, 109, 114, 116, 119, 121, 29, 44, 54, 63, 82, 123
colacorr	86	false	false	false	1, 3, 8, 9, 10, 14, 15, 17, 20, 21, 22, 25, 26, 27, 28, 29, 30, 31, 32, 33, 34, 38, 39, 40, 41, 42, 43, 45, 46, 47, 48, 49, 50, 53, 56, 57, 59, 62, 63, 64, 68, 69, 71, 72, 73, 74, 75, 77, 81, 83, 85, 86, 87, 89, 90, 92, 94, 95, 97, 98, 99, 103, 107, 108, 109, 113, 114, 115, 116, 117, 119, 120, 121, 125, 126, 127, 128, 44, 54, 82, 123
colacorr	87	true	false	false	48, 59, 62, 72, 99, 109, 114, 116, 119, 121, 29, 40, 44, 54, 63, 82, 123
colacorr	88	true	false	false	48, 59, 62, 72, 99, 109, 114, 116, 119, 121, 29, 40, 44, 54, 63, 82, 123
colacorr	89	true	false	false	44, 48, 54, 59, 62, 63, 68, 72, 99, 109, 114, 116, 119, 121, 29, 40, 82, 123
colacorr	90	true	false	false	48, 59, 62, 72, 99, 109, 114, 116, 119, 29, 40, 44, 54, 63, 82, 121, 123
colacorr	91	true	false	false	40, 59, 62, 99, 114, 119, 121, 29, 44, 48, 54, 63, 72, 82, 109, 116, 123
colacorr	92	true	false	false	48, 59, 62, 72, 82, 88, 99, 109, 114, 116, 119, 121, 29, 40, 44, 54, 63, 123
colacorr	93	true	false	false	44, 48, 59, 62, 72, 99, 109, 114, 119, 121, 29, 40, 54, 63, 82, 116, 123
colacorr	94	false	true	true	14, 25, 32, 44, 48, 59, 62, 99, 109, 114, 116, 119
colacorr	95	false	true	false	44, 59, 62, 72, 99, 109, 114, 119, 121
colacorr	96	true	false	false	40, 48, 59, 62, 63, 72, 99, 109, 114, 116, 119, 121, 29, 44, 54, 82, 123
colacorr	97	true	false	false	40, 48, 59, 62, 72, 99, 109, 114, 116, 119, 121, 29, 44, 54, 63, 82, 123
colacorr	98	true	false	false	40, 48, 59, 62, 72, 99, 109, 114, 116, 119, 121, 29, 44, 54, 63, 82, 123
colacorr	99	true	false	false	40, 48, 59, 62, 72, 99, 109, 114, 116, 119, 121, 29, 44, 54, 63, 82, 123
colacorr	100	false	false	true	1, 2, 3, 4, 8, 9, 10, 14, 15, 17, 18, 20, 21, 22, 25, 26, 27, 28, 29, 30, 31, 32, 33, 34, 35, 38, 39, 40, 41, 42, 43, 44, 45, 46, 47, 48, 49, 50, 51, 52, 53, 54, 55, 56, 57, 58, 59, 60, 62, 63, 64, 65, 67, 68, 69, 70, 71, 72, 73, 74, 75, 76, 77, 78, 81, 82, 83, 84, 85, 86, 87, 89, 90, 92, 93, 94, 95, 96, 97, 98, 99, 100, 101, 102, 103, 104, 105, 107, 108, 109, 110, 113, 114, 115, 116, 117, 119, 120, 121, 122, 123, 124, 125, 126, 127, 128, 129
colacorr	101	false	false	true	40, 44, 48, 59, 62, 63, 72, 82, 99, 109, 114, 116, 119, 121, 123
colacorr	102	true	false	false	29, 40, 44, 48, 59, 62, 72, 99, 109, 114, 116, 119, 121, 123, 54, 63, 82
colacorr	103	false	false	true	29, 40, 44, 48, 51, 54, 59, 62, 63, 72, 81, 82, 88, 99, 109, 114, 116, 119, 121, 123
colacorr	104	true	false	false	29, 40, 44, 48, 59, 62, 63, 72, 82, 99, 109, 114, 116, 119, 121, 123, 54
colacorr	105	true	false	false	29, 40, 48, 59, 62, 63, 72, 81, 82, 88, 99, 109, 114, 116, 119, 121, 123, 44, 54
colacorr	106	true	false	false	29, 40, 44, 48, 54, 59, 62, 63, 72, 82, 99, 109, 114, 116, 119, 121, 123
colacorr	107	true	false	false	40, 48, 59, 62, 63, 72, 99, 109, 114, 116, 119, 121, 123, 29, 44, 54, 82
colacorr	108	false	true	true	8, 14, 25, 29, 40, 44, 48, 54, 59, 62, 63, 72, 99, 109, 114, 116, 119, 121, 123
colacorr	109	true	false	false	29, 39, 40, 44, 48, 54, 59, 62, 63, 72, 82, 99, 109, 114, 116, 119, 121, 123
colacorr	110	true	false	false	29, 40, 44, 48, 54, 59, 62, 63, 72, 82, 88, 99, 109, 114, 116, 119, 121, 123
colacorr	111	true	false	false	29, 40, 44, 48, 54, 59, 62, 63, 72, 82, 99, 109, 114, 116, 119, 121, 123
colacorr	112	true	false	false	29, 40, 44, 48, 54, 59, 62, 63, 72, 82, 88, 99, 109, 114, 116, 119, 121, 123
colacorr	113	true	false	false	29, 40, 44, 48, 59, 62, 63, 72, 82, 99, 109, 114, 116, 119, 121, 123, 54
colacorr	114	true	false	false	29, 40, 44, 48, 54, 59, 62, 63, 72, 82, 99, 109, 114, 116, 119, 121, 123
colacorr	115	false	false	true	1, 2, 3, 4, 5, 8, 9, 10, 13, 14, 15, 17, 18, 20, 21, 22, 23, 24, 25, 26, 27, 28, 29, 30, 31, 32, 33, 34, 35, 36, 37, 38, 39, 40, 41, 42, 43, 44, 45, 46, 47, 48, 49, 50, 51, 52, 53, 54, 55, 56, 57, 58, 59, 60, 62, 63, 64, 65, 66, 67, 68, 69, 70, 71, 72, 73, 74, 75, 76, 77, 78, 81, 82, 83, 84, 85, 86, 87, 88, 89, 90, 91, 92, 93, 94, 95, 96, 97, 98, 99, 100, 101, 102, 103, 104, 105, 107, 108, 109, 110, 113, 114, 115, 116, 117, 118, 119, 120, 121, 122, 123, 124, 125, 126, 127, 128, 129
colacorr	116	false	false	false	1, 3, 4, 5, 8, 9, 10, 14, 15, 16, 17, 18, 21, 22, 25, 26, 27, 29, 30, 32, 33, 34, 38, 39, 40, 41, 42, 43, 44, 45, 46, 47, 48, 49, 50, 51, 53, 54, 55, 56, 57, 59, 62, 63, 64, 67, 68, 69, 70, 71, 72, 73, 74, 75, 77, 78, 81, 82, 83, 84, 85, 86, 87, 89, 90, 91, 92, 94, 95, 96, 97, 98, 99, 101, 103, 104, 105, 107, 108, 109, 110, 113, 114, 115, 116, 117, 119, 120, 121, 123, 125, 126, 127, 128, 129
colacorr	117	false	false	false	1, 2, 3, 4, 8, 9, 10, 14, 15, 17, 18, 21, 22, 25, 26, 27, 29, 30, 31, 32, 33, 34, 35, 38, 39, 40, 41, 42, 43, 44, 45, 46, 47, 48, 49, 50, 53, 55, 56, 57, 59, 62, 63, 64, 67, 68, 69, 70, 71, 72, 73, 74, 75, 77, 78, 81, 82, 83, 84, 85, 86, 87, 89, 90, 91, 92, 93, 94, 95, 96, 97, 98, 99, 101, 102, 103, 104, 105, 107, 108, 109, 110, 113, 114, 115, 116, 117, 119, 120, 121, 123, 125, 126, 127, 128, 129, 54
colacorr	118	true	false	false	29, 40, 44, 48, 54, 59, 62, 63, 72, 82, 99, 109, 114, 116, 119, 121, 122, 123
colacorr	119	true	false	false	29, 40, 44, 48, 54, 59, 62, 63, 72, 82, 99, 109, 114, 116, 119, 121, 123
colacorr	120	false	false	true	29, 40, 44, 48, 59, 62, 63, 72, 82, 99, 109, 114, 116, 119, 121, 123
colacorr	121	true	false	false	29, 40, 44, 48, 54, 59, 62, 63, 72, 82, 99, 109, 114, 116, 119, 121, 123
colacorr	122	false	false	false	1, 3, 4, 5, 6, 7, 8, 9, 10, 11, 12, 13, 14, 15, 17, 18, 19, 20, 21, 22, 23, 24, 25, 26, 27, 28, 29, 30, 31, 32, 33, 34, 35, 36, 37, 38, 39, 40, 41, 42, 43, 44, 45, 46, 47, 48, 49, 50, 53, 54, 55, 56, 57, 58, 59, 60, 61, 62, 63, 64, 65, 66, 67, 68, 69, 70, 71, 72, 73, 74, 75, 76, 77, 78, 79, 80, 81, 82, 83, 84, 85, 86, 87, 89, 90, 91, 92, 93, 94, 95, 96, 97, 98, 99, 100, 101, 102, 103, 104, 105, 106, 107, 108, 109, 110, 111, 112, 113, 114, 115, 116, 118, 119, 120, 121, 122, 123, 124, 125, 126, 127, 128, 129
colacorr	123	false	false	false	1, 2, 3, 4, 5, 6, 7, 8, 9, 10, 11, 14, 15, 16, 17, 18, 20, 21, 22, 23, 25, 26, 27, 28, 29, 30, 31, 32, 33, 34, 35, 36, 38, 39, 40, 41, 42, 43, 44, 45, 46, 47, 48, 49, 50, 51, 52, 53, 54, 55, 56, 57, 58, 59, 60, 61, 62, 63, 64, 65, 66, 67, 68, 69, 70, 71, 72, 73, 74, 75, 76, 77, 78, 79, 81, 82, 83, 84, 85, 86, 87, 88, 89, 90, 91, 92, 93, 94, 95, 96, 97, 98, 99, 100, 101, 102, 103, 104, 105, 107, 108, 109, 110, 112, 113, 114, 115, 116, 117, 118, 119, 120, 121, 122, 123, 124, 125, 126, 127, 128, 129
colacorr	124	true	false	false	29, 40, 44, 48, 51, 54, 59, 62, 63, 72, 82, 109, 114, 116, 121, 122, 123, 99, 119
inlacorr	1	true	false	false	29, 40, 44, 48, 54, 59, 62, 63, 72, 82, 99, 109, 114, 116, 119, 121, 123
inlacorr	2	true	false	false	29, 40, 44, 48, 54, 59, 62, 63, 72, 82, 99, 109, 114, 116, 119, 121, 123
inlacorr	3	true	false	false	29, 40, 44, 48, 54, 59, 62, 63, 72, 82, 99, 109, 114, 116, 119, 121, 123
inlacorr	4	true	false	false	48, 29, 40, 44, 54, 59, 62, 63, 72, 82, 99, 109, 114, 116, 119, 121, 123
inlacorr	5	true	false	false	29, 40, 44, 48, 54, 59, 62, 63, 72, 82, 99, 109, 114, 116, 119, 121, 123
inlacorr	6	true	false	false	29, 40, 44, 48, 54, 59, 62, 63, 72, 82, 99, 109, 114, 116, 119, 121, 123
inlacorr	7	true	false	false	29, 40, 44, 48, 54, 59, 62, 63, 72, 82, 99, 109, 114, 116, 119, 121, 123
inlacorr	8	true	false	false	29, 40, 44, 48, 54, 59, 62, 63, 72, 82, 99, 109, 114, 116, 119, 121, 123
inlacorr	9	true	false	false	29, 40, 44, 48, 54, 59, 62, 63, 72, 82, 99, 109, 114, 116, 119, 121, 123
inlacorr	10	true	false	false	29, 40, 44, 48, 54, 59, 62, 63, 72, 82, 99, 109, 114, 116, 119, 121, 123
inlacorr	11	true	false	false	29, 40, 44, 48, 54, 59, 62, 63, 72, 82, 99, 109, 114, 116, 119, 121, 123
inlacorr	12	true	false	false	62, 29, 40, 44, 48, 54, 59, 63, 72, 82, 99, 109, 114, 116, 119, 121, 123
inlacorr	13	true	false	false	29, 40, 44, 48, 54, 59, 62, 63, 72, 82, 99, 109, 114, 116, 119, 121, 123
inlacorr	14	true	false	false	29, 40, 44, 48, 54, 59, 62, 63, 72, 82, 99, 109, 114, 116, 119, 121, 123
inlacorr	15	true	false	false	29, 40, 44, 48, 54, 59, 62, 63, 72, 82, 99, 109, 114, 116, 119, 121, 123
inlacorr	16	true	false	false	29, 40, 44, 48, 54, 59, 62, 63, 72, 82, 99, 109, 114, 116, 119, 121, 123
inlacorr	17	true	false	false	63, 29, 40, 44, 48, 54, 59, 62, 72, 82, 99, 109, 114, 116, 119, 121, 123
inlacorr	18	true	false	false	29, 40, 44, 48, 54, 59, 62, 63, 72, 82, 99, 109, 114, 116, 119, 121, 123
inlacorr	19	true	false	false	29, 40, 44, 48, 54, 59, 62, 63, 72, 82, 99, 109, 114, 116, 119, 121, 123
inlacorr	20	true	false	false	29, 40, 44, 48, 54, 59, 62, 63, 72, 82, 99, 109, 114, 116, 119, 121, 123
inlacorr	21	true	false	false	62, 72, 29, 40, 44, 48, 54, 59, 63, 82, 99, 109, 114, 116, 119, 121, 123
inlacorr	22	true	false	false	29, 40, 44, 48, 54, 59, 62, 63, 72, 82, 99, 109, 114, 116, 119, 121, 123
inlacorr	23	true	false	false	40, 29, 44, 48, 54, 59, 62, 63, 72, 82, 99, 109, 114, 116, 119, 121, 123
inlacorr	24	true	false	false	40, 29, 44, 48, 54, 59, 62, 63, 72, 82, 99, 109, 114, 116, 119, 121, 123
inlacorr	25	true	false	false	40, 62, 29, 44, 48, 54, 59, 63, 72, 82, 99, 109, 114, 116, 119, 121, 123
inlacorr	26	true	false	false	29, 40, 44, 48, 54, 59, 62, 63, 72, 82, 99, 109, 114, 116, 119, 121, 123
inlacorr	27	true	false	false	38, 62, 63, 29, 40, 44, 48, 54, 59, 72, 82, 99, 109, 114, 116, 119, 121, 123
inlacorr	28	true	false	false	40, 48, 62, 72, 29, 44, 54, 59, 63, 82, 99, 109, 114, 116, 119, 121, 123
inlacorr	29	true	false	false	40, 48, 62, 72, 116, 29, 44, 54, 59, 63, 82, 99, 109, 114, 119, 121, 123
inlacorr	30	true	false	false	62, 29, 40, 44, 48, 54, 59, 63, 72, 82, 99, 109, 114, 116, 119, 121, 123
inlacorr	31	true	false	false	40, 48, 62, 116, 29, 44, 54, 59, 63, 72, 82, 99, 109, 114, 119, 121, 123
inlacorr	32	true	false	false	48, 62, 72, 116, 29, 40, 44, 54, 59, 63, 82, 99, 109, 114, 119, 121, 123
inlacorr	33	true	false	false	48, 62, 116, 29, 40, 44, 54, 59, 63, 72, 82, 99, 109, 114, 119, 121, 123
inlacorr	34	true	false	false	48, 62, 29, 40, 44, 54, 59, 63, 72, 82, 99, 109, 114, 116, 119, 121, 123
inlacorr	35	true	false	false	38, 40, 44, 48, 62, 88, 107, 119, 121, 29, 54, 59, 63, 72, 82, 99, 109, 114, 116, 123
inlacorr	36	true	false	false	40, 48, 62, 72, 99, 116, 29, 44, 54, 59, 63, 82, 109, 114, 119, 121, 123
inlacorr	37	true	false	false	40, 48, 62, 72, 99, 116, 29, 44, 54, 59, 63, 82, 109, 114, 119, 121, 123
inlacorr	38	true	false	false	40, 48, 62, 99, 116, 29, 44, 54, 59, 63, 72, 82, 109, 114, 119, 121, 123
inlacorr	39	true	false	false	48, 62, 99, 116, 29, 40, 44, 54, 59, 63, 72, 82, 109, 114, 119, 121, 123
inlacorr	40	true	false	false	40, 48, 62, 72, 99, 116, 119, 121, 29, 44, 54, 59, 63, 82, 109, 114, 123
inlacorr	41	true	false	false	40, 48, 62, 72, 99, 116, 119, 29, 44, 54, 59, 63, 82, 109, 114, 121, 123
inlacorr	42	true	false	false	40, 48, 62, 63, 72, 99, 114, 116, 119, 121, 29, 44, 54, 59, 82, 109, 123
inlacorr	43	true	false	false	48, 62, 72, 99, 114, 119, 29, 40, 44, 54, 59, 63, 82, 109, 116, 121, 123
inlacorr	44	true	false	false	40, 48, 62, 72, 99, 114, 116, 119, 121, 29, 44, 54, 59, 63, 82, 109, 123
inlacorr	45	true	false	false	48, 62, 72, 99, 114, 116, 119, 29, 40, 44, 54, 59, 63, 82, 109, 121, 123
inlacorr	46	true	false	false	40, 48, 62, 72, 99, 114, 119, 29, 44, 54, 59, 63, 82, 109, 116, 121, 123
inlacorr	47	true	false	false	48, 62, 72, 99, 114, 116, 119, 29, 40, 44, 54, 59, 63, 82, 109, 121, 123
inlacorr	48	true	false	false	40, 48, 62, 72, 99, 114, 116, 119, 121, 29, 44, 54, 59, 63, 82, 109, 123
inlacorr	49	true	false	false	40, 48, 62, 114, 119, 121, 29, 44, 54, 59, 63, 72, 82, 99, 109, 116, 123
inlacorr	50	true	false	false	48, 62, 114, 119, 29, 40, 44, 54, 59, 63, 72, 82, 99, 109, 116, 121, 123
inlacorr	51	true	false	false	40, 48, 62, 72, 114, 116, 119, 121, 29, 44, 54, 59, 63, 82, 99, 109, 123
inlacorr	52	true	false	false	40, 62, 72, 114, 116, 119, 29, 44, 48, 54, 59, 63, 82, 99, 109, 121, 123
inlacorr	53	true	false	false	48, 62, 114, 116, 119, 121, 29, 40, 44, 54, 59, 63, 72, 82, 99, 109, 123
inlacorr	54	true	false	false	40, 48, 62, 109, 114, 116, 119, 121, 29, 44, 54, 59, 63, 72, 82, 99, 123
inlacorr	55	true	false	false	48, 62, 72, 114, 116, 119, 121, 29, 40, 44, 54, 59, 63, 82, 99, 109, 123
inlacorr	56	true	false	false	40, 48, 62, 114, 119, 121, 29, 44, 54, 59, 63, 72, 82, 99, 109, 116, 123
inlacorr	57	true	false	false	40, 48, 62, 114, 119, 29, 44, 54, 59, 63, 72, 82, 99, 109, 116, 121, 123
inlacorr	58	false	false	false	1, 2, 3, 4, 5, 6, 7, 8, 9, 10, 11, 12, 13, 14, 15, 16, 17, 18, 19, 20, 21, 22, 24, 25, 26, 27, 28, 29, 30, 31, 32, 33, 34, 35, 36, 37, 38, 39, 40, 41, 42, 43, 44, 45, 46, 47, 48, 49, 50, 51, 52, 53, 54, 55, 56, 57, 58, 59, 60, 61, 62, 63, 64, 65, 66, 67, 68, 69, 70, 71, 72, 73, 74, 75, 76, 77, 78, 79, 80, 81, 82, 83, 84, 85, 86, 87, 88, 89, 90, 91, 92, 93, 94, 95, 96, 97, 98, 99, 100, 101, 102, 103, 104, 105, 106, 107, 108, 109, 110, 111, 112, 113, 114, 115, 116, 117, 118, 119, 120, 121, 122, 123, 124, 125, 126, 127, 128, 129
inlacorr	59	false	false	false	19, 20, 24, 28, 29, 30, 31, 40, 48, 54, 62, 72, 88, 109, 114, 116, 119, 121, 44, 59, 63, 82, 99, 123
inlacorr	60	true	false	false	40, 48, 59, 62, 72, 109, 114, 116, 119, 121, 29, 44, 54, 63, 82, 99, 123
inlacorr	61	true	false	false	48, 62, 114, 119, 121, 29, 40, 44, 54, 59, 63, 72, 82, 99, 109, 116, 123
inlacorr	62	true	false	false	40, 48, 59, 62, 72, 114, 116, 119, 121, 29, 44, 54, 63, 82, 99, 109, 123
inlacorr	63	true	false	false	40, 48, 59, 62, 72, 114, 116, 119, 121, 29, 44, 54, 63, 82, 99, 109, 123
inlacorr	64	true	false	false	29, 48, 59, 62, 72, 82, 88, 109, 114, 116, 119, 121, 40, 44, 54, 63, 99, 123
inlacorr	65	true	false	false	20, 28, 29, 30, 31, 40, 48, 54, 59, 62, 72, 82, 109, 114, 116, 119, 121, 44, 63, 99, 123
inlacorr	66	true	false	false	40, 48, 59, 62, 114, 116, 119, 121, 29, 44, 54, 63, 72, 82, 99, 109, 123
inlacorr	67	true	false	false	40, 59, 62, 114, 119, 29, 44, 48, 54, 63, 72, 82, 99, 109, 116, 121, 123
inlacorr	68	true	false	false	40, 48, 59, 62, 114, 116, 119, 121, 29, 44, 54, 63, 72, 82, 99, 109, 123
inlacorr	69	false	false	false	1, 3, 4, 8, 9, 10, 14, 15, 16, 17, 19, 20, 21, 22, 24, 25, 26, 27, 28, 29, 30, 31, 32, 33, 34, 38, 39, 40, 41, 42, 43, 45, 46, 47, 48, 49, 50, 53, 54, 55, 56, 57, 59, 62, 63, 64, 67, 68, 69, 70, 71, 72, 73, 74, 75, 77, 78, 81, 82, 83, 84, 85, 86, 87, 89, 90, 91, 92, 94, 95, 96, 97, 98, 103, 108, 109, 113, 114, 115, 116, 117, 119, 120, 121, 123, 124, 125, 126, 127, 128, 44, 99
inlacorr	70	true	false	false	48, 59, 62, 114, 116, 119, 121, 29, 40, 44, 54, 63, 72, 82, 99, 109, 123
inlacorr	71	true	false	false	40, 48, 59, 62, 114, 116, 119, 121, 29, 44, 54, 63, 72, 82, 99, 109, 123
inlacorr	72	true	false	false	48, 59, 62, 114, 116, 119, 121, 29, 40, 44, 54, 63, 72, 82, 99, 109, 123
inlacorr	73	true	false	false	48, 59, 62, 72, 99, 114, 116, 119, 121, 123, 29, 40, 44, 54, 63, 82, 109
inlacorr	74	true	false	false	40, 48, 59, 62, 72, 99, 109, 114, 116, 119, 29, 44, 54, 63, 82, 121, 123
inlacorr	75	true	false	false	40, 48, 59, 62, 63, 72, 99, 109, 114, 116, 119, 121, 29, 44, 54, 82, 123
inlacorr	76	false	false	false	1, 2, 3, 4, 8, 9, 10, 14, 15, 17, 20, 21, 22, 24, 25, 26, 27, 28, 29, 30, 31, 32, 33, 34, 38, 39, 40, 41, 42, 43, 45, 46, 47, 48, 49, 50, 53, 54, 55, 56, 57, 59, 60, 62, 63, 64, 67, 68, 69, 70, 71, 72, 73, 74, 75, 77, 78, 81, 82, 83, 84, 85, 86, 87, 89, 90, 91, 92, 94, 95, 96, 97, 98, 99, 101, 103, 104, 105, 107, 108, 109, 110, 113, 114, 115, 116, 117, 119, 120, 121, 122, 123, 124, 125, 126, 127, 128, 44
inlacorr	77	true	false	false	25, 29, 31, 40, 48, 59, 62, 72, 99, 109, 114, 116, 119, 121, 44, 54, 63, 82, 123
inlacorr	78	false	false	false	22, 29, 35, 40, 44, 48, 51, 54, 59, 62, 63, 66, 72, 79, 82, 88, 99, 109, 114, 116, 119, 121, 123
inlacorr	79	true	false	false	48, 59, 62, 99, 109, 114, 116, 119, 121, 29, 40, 44, 54, 63, 72, 82, 123
inlacorr	80	false	false	false	1, 2, 3, 4, 8, 9, 10, 14, 15, 17, 20, 21, 22, 25, 26, 27, 28, 29, 30, 31, 32, 33, 34, 35, 38, 39, 40, 41, 42, 43, 44, 45, 46, 47, 48, 49, 50, 52, 53, 55, 56, 57, 59, 60, 62, 63, 64, 66, 67, 68, 69, 70, 71, 72, 73, 74, 75, 76, 77, 78, 81, 82, 83, 84, 85, 86, 87, 89, 90, 91, 92, 93, 94, 95, 96, 97, 98, 99, 100, 101, 102, 103, 104, 105, 107, 108, 109, 110, 113, 114, 115, 116, 117, 119, 120, 121, 123, 124, 125, 126, 127, 128, 129, 54
inlacorr	81	true	false	false	29, 40, 48, 59, 62, 72, 99, 109, 114, 116, 119, 121, 44, 54, 63, 82, 123
inlacorr	82	true	false	false	40, 44, 48, 59, 62, 72, 99, 109, 114, 116, 119, 121, 29, 54, 63, 82, 123
inlacorr	83	false	false	false	1, 8, 9, 14, 15, 17, 20, 21, 25, 26, 28, 29, 30, 31, 32, 33, 34, 38, 40, 43, 45, 48, 49, 54, 59, 62, 63, 72, 81, 82, 94, 99, 108, 109, 113, 114, 116, 119, 121, 125, 126, 127, 128, 44, 123
inlacorr	84	false	false	false	1, 3, 8, 9, 10, 14, 15, 17, 20, 21, 22, 25, 26, 27, 28, 29, 30, 31, 32, 33, 34, 38, 39, 40, 41, 42, 43, 45, 46, 47, 48, 49, 50, 53, 55, 56, 59, 62, 64, 68, 69, 71, 72, 73, 74, 75, 77, 82, 83, 84, 85, 86, 87, 89, 92, 94, 95, 97, 98, 99, 103, 108, 109, 113, 114, 115, 116, 117, 119, 120, 121, 123, 125, 126, 127, 128, 44, 54, 63
inlacorr	85	false	false	false	1, 2, 3, 4, 5, 6, 7, 8, 9, 10, 11, 12, 13, 14, 15, 16, 17, 18, 19, 20, 21, 22, 23, 24, 25, 26, 27, 28, 29, 30, 31, 32, 33, 34, 35, 36, 37, 38, 39, 40, 41, 42, 43, 44, 45, 46, 47, 48, 49, 50, 51, 52, 53, 54, 55, 56, 57, 58, 59, 60, 61, 62, 63, 64, 65, 66, 67, 68, 69, 70, 71, 72, 73, 74, 75, 76, 77, 78, 79, 80, 81, 82, 83, 84, 85, 86, 87, 88, 89, 90, 91, 92, 93, 94, 95, 96, 97, 98, 99, 100, 101, 102, 103, 104, 105, 106, 107, 108, 109, 110, 111, 112, 113, 114, 115, 116, 117, 118, 119, 120, 121, 122, 123, 124, 125, 126, 127, 128, 129
inlacorr	86	false	false	false	1, 2, 3, 4, 5, 6, 7, 8, 9, 10, 11, 12, 13, 14, 15, 16, 17, 18, 19, 20, 21, 22, 23, 24, 25, 26, 27, 28, 29, 30, 31, 32, 33, 34, 35, 36, 37, 38, 39, 40, 41, 42, 43, 44, 45, 46, 47, 48, 49, 50, 51, 52, 53, 54, 55, 56, 57, 58, 59, 60, 61, 62, 63, 64, 65, 66, 67, 68, 69, 70, 71, 72, 73, 74, 75, 76, 77, 78, 79, 80, 81, 82, 83, 84, 85, 86, 87, 88, 89, 90, 91, 92, 93, 94, 95, 96, 97, 98, 99, 100, 101, 102, 103, 104, 105, 106, 107, 108, 109, 110, 111, 112, 113, 114, 115, 116, 117, 118, 119, 120, 121, 122, 123, 124, 125, 126, 127, 128, 129
inlacorr	87	true	false	false	59, 62, 99, 109, 114, 116, 119, 121, 29, 40, 44, 48, 54, 63, 72, 82, 123
inlacorr	88	true	false	false	40, 48, 59, 62, 72, 99, 109, 114, 116, 119, 121, 29, 44, 54, 63, 82, 123
inlacorr	89	true	false	false	40, 59, 62, 72, 99, 109, 114, 116, 119, 121, 29, 44, 48, 54, 63, 82, 123
inlacorr	90	true	false	false	29, 30, 31, 40, 48, 54, 59, 62, 72, 99, 109, 114, 116, 119, 121, 125, 127, 44, 63, 82, 123
inlacorr	91	true	false	false	29, 40, 48, 59, 62, 72, 99, 109, 114, 116, 119, 121, 44, 54, 63, 82, 123
inlacorr	92	false	false	false	1, 2, 3, 4, 5, 6, 7, 8, 9, 10, 11, 14, 15, 17, 18, 20, 21, 22, 23, 25, 26, 27, 28, 29, 30, 31, 32, 33, 34, 35, 36, 38, 39, 40, 41, 42, 43, 44, 45, 46, 47, 48, 49, 50, 51, 52, 53, 54, 55, 56, 57, 58, 59, 60, 61, 62, 63, 64, 65, 66, 67, 68, 69, 70, 71, 72, 73, 74, 75, 76, 77, 78, 79, 81, 82, 83, 84, 85, 86, 87, 88, 89, 90, 91, 92, 93, 94, 95, 96, 97, 98, 99, 100, 101, 102, 103, 104, 105, 106, 107, 108, 109, 110, 111, 112, 113, 114, 115, 116, 117, 118, 119, 120, 121, 122, 123, 124, 125, 126, 127, 128, 129
inlacorr	93	false	false	false	1, 2, 3, 4, 5, 6, 7, 8, 9, 10, 12, 13, 14, 15, 16, 17, 18, 19, 20, 21, 22, 24, 25, 26, 27, 28, 29, 30, 31, 32, 33, 34, 35, 36, 37, 38, 39, 40, 41, 42, 43, 44, 45, 46, 47, 48, 49, 50, 51, 52, 53, 54, 55, 56, 57, 58, 59, 60, 61, 62, 63, 64, 65, 66, 67, 68, 69, 70, 71, 72, 73, 74, 75, 76, 77, 78, 80, 81, 82, 83, 84, 85, 86, 87, 88, 89, 90, 91, 92, 93, 94, 95, 96, 97, 98, 99, 100, 101, 102, 103, 104, 105, 107, 108, 109, 110, 112, 113, 114, 115, 116, 117, 118, 119, 120, 121, 122, 123, 124, 125, 126, 127, 128, 129
inlacorr	94	true	false	false	40, 48, 59, 62, 99, 109, 114, 116, 119, 121, 29, 44, 54, 63, 72, 82, 123
inlacorr	95	true	false	false	40, 48, 59, 62, 99, 109, 114, 116, 119, 121, 29, 44, 54, 63, 72, 82, 123
inlacorr	96	true	false	false	40, 44, 48, 59, 62, 99, 114, 116, 119, 29, 54, 63, 72, 82, 109, 121, 123
inlacorr	97	true	false	false	48, 59, 62, 72, 99, 109, 114, 116, 119, 121, 29, 40, 44, 54, 63, 82, 123
inlacorr	98	false	false	true	44, 48, 59, 62, 72, 99, 109, 114, 116, 119, 121
inlacorr	99	false	false	true	29, 40, 44, 48, 51, 54, 59, 62, 63, 72, 81, 82, 99, 109, 114, 116, 119, 121, 123
inlacorr	100	true	false	false	29, 40, 44, 48, 51, 54, 59, 62, 63, 72, 81, 82, 99, 109, 114, 116, 119, 121, 123
inlacorr	101	true	false	false	29, 40, 44, 48, 51, 54, 59, 62, 63, 72, 81, 82, 99, 107, 109, 114, 116, 119, 121, 122, 123
inlacorr	102	true	false	false	40, 48, 54, 59, 62, 63, 72, 99, 109, 114, 116, 119, 121, 123, 29, 44, 82
inlacorr	103	true	false	false	29, 40, 44, 48, 54, 59, 62, 63, 72, 81, 82, 99, 109, 114, 116, 119, 121, 123
inlacorr	104	true	false	false	29, 40, 48, 59, 62, 63, 72, 99, 109, 114, 116, 119, 121, 123, 44, 54, 82
inlacorr	105	true	false	false	29, 40, 48, 54, 59, 62, 63, 72, 81, 82, 88, 99, 109, 114, 116, 119, 121, 123, 44
inlacorr	106	true	false	false	29, 40, 44, 48, 51, 54, 59, 62, 63, 72, 81, 82, 99, 109, 114, 116, 119, 121, 123
inlacorr	107	true	false	false	29, 40, 48, 59, 62, 63, 72, 82, 99, 109, 114, 116, 119, 121, 44, 54, 123
inlacorr	108	true	false	false	40, 44, 48, 59, 62, 63, 72, 82, 88, 99, 109, 114, 116, 119, 121, 29, 54, 123
inlacorr	109	true	false	false	29, 40, 44, 48, 51, 52, 54, 59, 62, 63, 72, 82, 88, 99, 109, 114, 116, 119, 121, 123
inlacorr	110	true	false	false	29, 40, 44, 48, 51, 54, 59, 62, 63, 72, 82, 88, 99, 109, 114, 116, 119, 121, 123
inlacorr	111	true	false	false	29, 40, 44, 48, 51, 54, 59, 62, 63, 72, 81, 82, 99, 109, 114, 116, 119, 121, 122, 123
inlacorr	112	true	false	false	29, 40, 44, 48, 54, 59, 62, 63, 72, 82, 99, 109, 114, 116, 119, 121, 122, 123
inlacorr	113	false	false	false	1, 2, 3, 4, 5, 6, 7, 8, 9, 10, 11, 12, 13, 14, 15, 16, 17, 18, 19, 20, 21, 22, 23, 24, 25, 26, 27, 28, 29, 30, 31, 32, 33, 34, 35, 36, 37, 38, 39, 40, 41, 42, 43, 44, 45, 46, 47, 48, 49, 50, 51, 52, 53, 54, 55, 56, 57, 58, 59, 60, 61, 62, 63, 64, 65, 66, 67, 68, 69, 70, 71, 72, 73, 74, 75, 76, 77, 78, 79, 80, 81, 82, 83, 84, 85, 86, 87, 88, 89, 90, 91, 92, 93, 94, 95, 96, 97, 98, 99, 100, 101, 102, 103, 104, 105, 106, 107, 108, 109, 110, 111, 112, 113, 114, 115, 116, 117, 118, 119, 120, 121, 122, 123, 124, 125, 126, 127, 128, 129
inlacorr	114	false	false	true	1, 2, 3, 4, 5, 6, 7, 8, 9, 10, 11, 12, 13, 14, 15, 16, 17, 18, 19, 20, 21, 22, 23, 24, 25, 26, 27, 28, 29, 30, 31, 32, 33, 34, 35, 36, 37, 38, 39, 40, 41, 42, 43, 44, 45, 46, 47, 48, 49, 50, 51, 52, 53, 54, 55, 56, 57, 58, 59, 60, 61, 62, 63, 64, 65, 66, 67, 68, 69, 70, 71, 72, 73, 74, 75, 76, 77, 78, 79, 80, 81, 82, 83, 84, 85, 86, 87, 88, 89, 90, 91, 92, 93, 94, 95, 96, 97, 98, 99, 100, 101, 102, 103, 104, 105, 106, 107, 108, 109, 110, 111, 112, 113, 114, 115, 116, 117, 118, 119, 120, 121, 122, 123, 124, 125, 126, 127, 128, 129
inlacorr	115	false	false	false	1, 2, 3, 4, 5, 6, 8, 9, 10, 11, 14, 15, 16, 17, 18, 20, 21, 22, 23, 25, 26, 27, 28, 29, 30, 31, 32, 33, 34, 35, 36, 38, 39, 40, 41, 42, 43, 44, 45, 46, 47, 48, 49, 50, 51, 52, 53, 54, 55, 56, 57, 59, 60, 62, 63, 64, 67, 68, 69, 70, 71, 72, 73, 74, 75, 77, 78, 81, 82, 83, 84, 85, 86, 87, 88, 89, 90, 91, 92, 93, 94, 95, 96, 97, 98, 99, 101, 102, 103, 104, 105, 107, 108, 109, 110, 112, 113, 114, 115, 116, 117, 119, 120, 121, 122, 123, 124, 125, 126, 127, 128, 129
inlacorr	116	true	false	false	29, 40, 44, 48, 51, 54, 59, 62, 63, 72, 82, 99, 109, 114, 116, 119, 121, 122, 123
inlacorr	117	true	false	false	29, 40, 44, 48, 54, 59, 62, 63, 72, 82, 109, 114, 116, 119, 121, 122, 123, 99
inlacorr	118	true	false	false	29, 40, 44, 48, 51, 54, 59, 62, 63, 72, 82, 109, 114, 116, 121, 122, 123, 99, 119
inlacorr	119	true	false	false	40, 44, 48, 51, 54, 59, 62, 63, 72, 82, 109, 114, 116, 121, 122, 123, 29, 99, 119
inlacorr	120	true	false	false	29, 40, 44, 48, 54, 59, 62, 63, 72, 82, 109, 114, 116, 121, 122, 123, 99, 119
inlacorr	121	false	false	false	1, 2, 3, 4, 5, 6, 8, 9, 10, 11, 14, 15, 17, 18, 21, 22, 23, 25, 26, 27, 29, 32, 33, 34, 38, 39, 40, 41, 42, 43, 44, 45, 46, 47, 48, 49, 50, 51, 52, 53, 54, 55, 56, 57, 58, 59, 60, 62, 63, 64, 67, 68, 69, 70, 71, 72, 73, 74, 75, 77, 78, 81, 82, 83, 84, 85, 86, 87, 88, 89, 90, 92, 93, 94, 95, 96, 97, 98, 99, 101, 103, 104, 105, 107, 108, 109, 110, 112, 113, 114, 115, 116, 117, 119, 120, 121, 122, 123, 125, 126, 127, 128, 129
insocorr	1	true	false	false	29, 40, 44, 48, 54, 59, 62, 63, 72, 82, 99, 109, 114, 116, 119, 121, 123
insocorr	2	true	false	false	29, 40, 44, 48, 54, 59, 62, 63, 72, 82, 99, 109, 114, 116, 119, 121, 123
insocorr	3	true	false	false	29, 40, 44, 48, 54, 59, 62, 63, 72, 82, 99, 109, 114, 116, 119, 121, 123
insocorr	4	true	false	false	29, 40, 44, 48, 54, 59, 62, 63, 72, 82, 99, 109, 114, 116, 119, 121, 123
insocorr	5	true	false	false	29, 40, 44, 48, 54, 59, 62, 63, 72, 82, 99, 109, 114, 116, 119, 121, 123
insocorr	6	true	false	false	29, 40, 44, 48, 54, 59, 62, 63, 72, 82, 99, 109, 114, 116, 119, 121, 123
insocorr	7	true	false	false	29, 40, 44, 48, 54, 59, 62, 63, 72, 82, 99, 109, 114, 116, 119, 121, 123
insocorr	8	true	false	false	29, 40, 44, 48, 54, 59, 62, 63, 72, 82, 99, 109, 114, 116, 119, 121, 123
insocorr	9	true	false	false	29, 40, 44, 48, 54, 59, 62, 63, 72, 82, 99, 109, 114, 116, 119, 121, 123
insocorr	10	true	false	false	29, 40, 44, 48, 54, 59, 62, 63, 72, 82, 99, 109, 114, 116, 119, 121, 123
insocorr	11	true	false	false	29, 40, 44, 48, 54, 59, 62, 63, 72, 82, 99, 109, 114, 116, 119, 121, 123
insocorr	12	true	false	false	29, 40, 44, 48, 54, 59, 62, 63, 72, 82, 99, 109, 114, 116, 119, 121, 123
insocorr	13	true	false	false	29, 40, 44, 48, 54, 59, 62, 63, 72, 82, 99, 109, 114, 116, 119, 121, 123
insocorr	14	true	false	false	29, 40, 44, 48, 54, 59, 62, 63, 72, 82, 99, 109, 114, 116, 119, 121, 123
insocorr	15	true	false	false	62, 72, 29, 40, 44, 48, 54, 59, 63, 82, 99, 109, 114, 116, 119, 121, 123
insocorr	16	true	false	false	29, 40, 44, 48, 54, 59, 62, 63, 72, 82, 99, 109, 114, 116, 119, 121, 123
insocorr	17	true	false	false	29, 40, 44, 48, 54, 59, 62, 63, 72, 82, 99, 109, 114, 116, 119, 121, 123
insocorr	18	true	false	false	29, 40, 44, 48, 54, 59, 62, 63, 72, 82, 99, 109, 114, 116, 119, 121, 123
insocorr	19	true	false	false	29, 40, 44, 48, 54, 59, 62, 63, 72, 82, 99, 109, 114, 116, 119, 121, 123
insocorr	20	true	false	false	29, 40, 44, 48, 54, 59, 62, 63, 72, 82, 99, 109, 114, 116, 119, 121, 123
insocorr	21	true	false	false	40, 62, 29, 44, 48, 54, 59, 63, 72, 82, 99, 109, 114, 116, 119, 121, 123
insocorr	22	false	false	false	1, 2, 3, 4, 7, 8, 9, 10, 11, 12, 13, 14, 15, 16, 17, 19, 20, 21, 22, 23, 24, 25, 26, 27, 28, 29, 30, 31, 32, 33, 34, 37, 38, 39, 40, 41, 42, 43, 44, 45, 46, 47, 48, 49, 50, 53, 54, 56, 60, 61, 62, 65, 68, 69, 71, 72, 73, 74, 75, 77, 79, 80, 83, 84, 85, 86, 87, 89, 90, 91, 92, 94, 95, 96, 97, 98, 100, 102, 103, 106, 107, 108, 109, 110, 113, 114, 115, 116, 117, 118, 119, 120, 122, 124, 125, 126, 127, 128, 59, 63, 82, 99, 121, 123
insocorr	23	true	false	false	29, 40, 44, 48, 54, 59, 62, 63, 72, 82, 99, 109, 114, 116, 119, 121, 123
insocorr	24	true	false	false	62, 29, 40, 44, 48, 54, 59, 63, 72, 82, 99, 109, 114, 116, 119, 121, 123
insocorr	25	true	false	false	62, 116, 119, 29, 40, 44, 48, 54, 59, 63, 72, 82, 99, 109, 114, 121, 123
insocorr	26	true	false	false	40, 48, 62, 72, 116, 29, 44, 54, 59, 63, 82, 99, 109, 114, 119, 121, 123
insocorr	27	true	false	false	62, 116, 29, 40, 44, 48, 54, 59, 63, 72, 82, 99, 109, 114, 119, 121, 123
insocorr	28	true	false	false	40, 48, 62, 116, 29, 44, 54, 59, 63, 72, 82, 99, 109, 114, 119, 121, 123
insocorr	29	true	false	false	40, 48, 62, 29, 44, 54, 59, 63, 72, 82, 99, 109, 114, 116, 119, 121, 123
insocorr	30	true	false	false	62, 116, 29, 40, 44, 48, 54, 59, 63, 72, 82, 99, 109, 114, 119, 121, 123
insocorr	31	true	false	false	48, 62, 29, 40, 44, 54, 59, 63, 72, 82, 99, 109, 114, 116, 119, 121, 123
insocorr	32	true	false	false	40, 48, 62, 72, 99, 116, 29, 44, 54, 59, 63, 82, 109, 114, 119, 121, 123
insocorr	33	true	false	false	40, 48, 62, 72, 99, 116, 119, 29, 44, 54, 59, 63, 82, 109, 114, 121, 123
insocorr	34	true	false	false	40, 48, 62, 72, 88, 99, 119, 29, 44, 54, 59, 63, 82, 109, 114, 116, 121, 123
insocorr	35	true	false	false	40, 48, 62, 72, 99, 114, 116, 119, 121, 29, 44, 54, 59, 63, 82, 109, 123
insocorr	36	true	false	false	40, 48, 62, 99, 119, 29, 44, 54, 59, 63, 72, 82, 109, 114, 116, 121, 123
insocorr	37	true	false	false	40, 48, 62, 72, 81, 88, 99, 114, 116, 119, 121, 29, 44, 54, 59, 63, 82, 109, 123
insocorr	38	true	false	false	40, 48, 62, 72, 99, 114, 116, 119, 29, 44, 54, 59, 63, 82, 109, 121, 123
insocorr	39	true	false	false	48, 62, 99, 116, 119, 29, 40, 44, 54, 59, 63, 72, 82, 109, 114, 121, 123
insocorr	40	true	false	false	48, 99, 114, 119, 121, 29, 40, 44, 54, 59, 62, 63, 72, 82, 109, 116, 123
insocorr	41	true	false	false	40, 48, 62, 72, 99, 114, 116, 119, 121, 29, 44, 54, 59, 63, 82, 109, 123
insocorr	42	true	false	false	40, 48, 62, 72, 99, 114, 116, 119, 121, 29, 44, 54, 59, 63, 82, 109, 123
insocorr	43	true	false	false	40, 48, 62, 72, 99, 114, 116, 119, 29, 44, 54, 59, 63, 82, 109, 121, 123
insocorr	44	true	false	false	40, 48, 62, 63, 72, 99, 107, 114, 116, 119, 121, 29, 44, 54, 59, 82, 109, 123
insocorr	45	true	false	false	40, 48, 62, 72, 99, 114, 116, 119, 121, 29, 44, 54, 59, 63, 82, 109, 123
insocorr	46	true	false	false	40, 48, 62, 114, 116, 119, 29, 44, 54, 59, 63, 72, 82, 99, 109, 121, 123
insocorr	47	true	false	false	62, 114, 116, 119, 29, 40, 44, 48, 54, 59, 63, 72, 82, 99, 109, 121, 123
insocorr	48	true	false	false	40, 48, 62, 114, 116, 119, 29, 44, 54, 59, 63, 72, 82, 99, 109, 121, 123
insocorr	49	false	false	false	1, 3, 7, 8, 9, 10, 12, 13, 14, 15, 16, 17, 19, 20, 21, 22, 24, 25, 26, 27, 28, 29, 30, 31, 32, 33, 34, 37, 38, 39, 40, 41, 42, 43, 45, 46, 47, 48, 49, 50, 53, 54, 56, 59, 62, 67, 68, 69, 71, 72, 73, 74, 75, 77, 79, 80, 82, 83, 85, 86, 87, 88, 89, 90, 92, 94, 95, 96, 97, 98, 103, 108, 109, 113, 114, 115, 116, 117, 119, 120, 121, 122, 124, 125, 126, 127, 128, 44, 63, 99, 123
insocorr	50	true	false	false	40, 48, 62, 114, 116, 119, 29, 44, 54, 59, 63, 72, 82, 99, 109, 121, 123
insocorr	51	true	false	false	20, 28, 29, 30, 31, 40, 48, 54, 59, 62, 72, 109, 114, 116, 119, 121, 44, 63, 82, 99, 123
insocorr	52	true	false	false	48, 62, 72, 81, 114, 116, 119, 121, 29, 40, 44, 54, 59, 63, 82, 99, 109, 123
insocorr	53	true	false	false	40, 48, 59, 62, 72, 109, 114, 116, 119, 29, 44, 54, 63, 82, 99, 121, 123
insocorr	54	true	false	false	40, 48, 62, 114, 116, 119, 29, 44, 54, 59, 63, 72, 82, 99, 109, 121, 123
insocorr	55	true	false	false	40, 48, 59, 62, 72, 109, 114, 116, 119, 121, 123, 29, 44, 54, 63, 82, 99
insocorr	56	true	false	false	40, 48, 62, 109, 114, 116, 119, 121, 29, 44, 54, 59, 63, 72, 82, 99, 123
insocorr	57	true	false	false	40, 48, 59, 62, 72, 109, 114, 116, 119, 121, 123, 29, 44, 54, 63, 82, 99
insocorr	58	true	false	false	40, 48, 59, 62, 72, 82, 109, 114, 116, 119, 121, 123, 29, 44, 54, 63, 99
insocorr	59	true	false	false	40, 48, 59, 62, 63, 68, 88, 114, 119, 121, 29, 44, 54, 72, 82, 99, 109, 116, 123
insocorr	60	true	false	false	40, 48, 59, 62, 72, 114, 119, 121, 29, 44, 54, 63, 82, 99, 109, 116, 123
insocorr	61	true	false	false	40, 48, 59, 62, 114, 116, 119, 121, 29, 44, 54, 63, 72, 82, 99, 109, 123
insocorr	62	true	false	false	48, 59, 62, 72, 114, 119, 29, 40, 44, 54, 63, 82, 99, 109, 116, 121, 123
insocorr	63	true	false	false	48, 59, 62, 72, 114, 116, 119, 121, 29, 40, 44, 54, 63, 82, 99, 109, 123
insocorr	64	true	false	false	40, 48, 59, 62, 72, 109, 114, 116, 119, 29, 44, 54, 63, 82, 99, 121, 123
insocorr	65	true	false	false	29, 40, 48, 59, 62, 63, 72, 82, 109, 114, 116, 119, 121, 123, 44, 54, 99
insocorr	66	true	false	false	40, 48, 59, 62, 72, 109, 114, 116, 119, 121, 29, 44, 54, 63, 82, 99, 123
insocorr	67	true	false	false	40, 48, 59, 62, 72, 114, 116, 119, 121, 29, 44, 54, 63, 82, 99, 109, 123
insocorr	68	true	false	false	40, 48, 59, 62, 72, 109, 114, 116, 119, 121, 123, 29, 44, 54, 63, 82, 99
insocorr	69	true	false	false	48, 59, 62, 72, 99, 109, 114, 116, 119, 121, 123, 29, 40, 44, 54, 63, 82
insocorr	70	true	false	false	29, 30, 31, 40, 48, 59, 62, 63, 72, 99, 109, 114, 116, 119, 121, 44, 54, 82, 123
insocorr	71	false	false	false	1, 3, 4, 8, 9, 10, 13, 14, 15, 16, 17, 19, 20, 21, 22, 24, 25, 26, 27, 28, 29, 30, 31, 32, 33, 34, 38, 39, 40, 41, 42, 43, 45, 46, 47, 48, 49, 50, 53, 55, 56, 57, 59, 62, 63, 64, 68, 69, 71, 72, 73, 74, 75, 77, 78, 81, 82, 83, 85, 86, 87, 89, 90, 92, 94, 95, 96, 97, 98, 99, 103, 108, 109, 113, 114, 115, 116, 117, 119, 120, 121, 122, 123, 124, 125, 126, 127, 128, 44, 54
insocorr	72	true	false	false	40, 59, 62, 72, 99, 109, 114, 116, 119, 121, 29, 44, 48, 54, 63, 82, 123
insocorr	73	false	false	false	1, 3, 4, 8, 9, 10, 14, 15, 17, 20, 21, 22, 25, 26, 27, 28, 29, 30, 31, 32, 33, 34, 38, 39, 40, 41, 42, 43, 45, 46, 47, 48, 49, 50, 53, 54, 55, 56, 57, 59, 60, 62, 63, 64, 67, 68, 69, 70, 71, 72, 73, 74, 75, 77, 78, 81, 82, 83, 84, 85, 86, 87, 88, 89, 90, 91, 92, 94, 95, 96, 97, 99, 100, 101, 103, 107, 108, 109, 113, 114, 115, 116, 117, 119, 120, 121, 123, 124, 125, 126, 127, 128, 44
insocorr	74	false	false	false	1, 3, 8, 9, 14, 15, 17, 20, 21, 25, 26, 27, 28, 29, 30, 31, 32, 33, 38, 40, 43, 48, 49, 56, 59, 62, 63, 72, 82, 94, 99, 109, 113, 114, 116, 119, 121, 123, 125, 126, 127, 128, 44, 54
insocorr	75	false	false	false	1, 3, 8, 9, 14, 15, 17, 20, 21, 22, 25, 26, 28, 29, 30, 31, 32, 33, 38, 40, 43, 48, 51, 54, 56, 59, 62, 63, 72, 82, 99, 109, 114, 116, 117, 119, 121, 123, 125, 126, 127, 128, 44
insocorr	76	false	false	false	1, 2, 3, 4, 8, 9, 10, 14, 15, 17, 20, 21, 22, 24, 25, 26, 27, 28, 29, 30, 31, 32, 33, 34, 35, 38, 39, 40, 41, 42, 43, 44, 45, 46, 47, 48, 49, 50, 53, 55, 56, 57, 59, 60, 62, 63, 64, 65, 67, 68, 69, 70, 71, 72, 73, 74, 75, 77, 78, 81, 82, 83, 84, 85, 86, 87, 88, 89, 90, 91, 92, 93, 94, 95, 96, 97, 98, 99, 100, 101, 103, 104, 105, 107, 108, 109, 110, 113, 114, 115, 116, 117, 119, 120, 121, 123, 124, 125, 126, 127, 128, 54
insocorr	77	false	false	false	1, 2, 3, 4, 5, 6, 7, 8, 9, 10, 11, 12, 13, 14, 15, 16, 17, 18, 19, 20, 21, 22, 23, 24, 25, 26, 27, 28, 29, 30, 31, 32, 33, 34, 35, 36, 37, 38, 39, 40, 41, 42, 43, 44, 45, 46, 47, 48, 49, 50, 51, 52, 53, 54, 55, 56, 57, 58, 59, 60, 61, 62, 63, 64, 65, 66, 67, 68, 69, 70, 71, 72, 73, 74, 75, 76, 77, 78, 79, 80, 81, 82, 83, 84, 85, 86, 87, 88, 89, 90, 91, 92, 93, 94, 95, 96, 97, 98, 99, 100, 101, 102, 103, 104, 105, 106, 107, 108, 109, 110, 111, 112, 113, 114, 115, 116, 117, 118, 119, 120, 121, 122, 123, 124, 125, 126, 127, 128, 129
insocorr	78	false	false	false	1, 2, 3, 4, 5, 6, 8, 9, 10, 14, 15, 17, 18, 20, 21, 22, 24, 25, 26, 27, 28, 29, 30, 31, 32, 33, 34, 35, 38, 39, 40, 41, 42, 43, 44, 45, 46, 47, 48, 49, 50, 51, 52, 53, 54, 55, 56, 57, 58, 59, 60, 61, 62, 63, 64, 65, 66, 67, 68, 69, 70, 71, 72, 73, 74, 75, 76, 77, 78, 81, 82, 83, 84, 85, 86, 87, 88, 89, 90, 91, 92, 93, 94, 95, 96, 97, 98, 99, 100, 101, 102, 103, 104, 105, 107, 108, 109, 110, 112, 113, 114, 115, 116, 117, 118, 119, 120, 121, 122, 123, 124, 125, 126, 127, 128, 129
insocorr	79	true	false	false	40, 44, 48, 54, 59, 62, 63, 68, 72, 88, 99, 109, 114, 116, 119, 121, 29, 82, 123
insocorr	80	false	false	false	1, 2, 3, 4, 5, 8, 9, 10, 14, 15, 17, 18, 19, 20, 21, 22, 24, 25, 26, 27, 28, 29, 30, 31, 32, 33, 34, 35, 37, 38, 39, 40, 41, 42, 43, 45, 46, 47, 48, 49, 50, 52, 53, 54, 55, 56, 57, 58, 59, 60, 62, 63, 64, 65, 66, 67, 68, 69, 70, 71, 72, 73, 74, 75, 76, 77, 78, 81, 82, 83, 84, 85, 86, 87, 88, 89, 90, 91, 92, 93, 94, 95, 96, 97, 98, 99, 100, 101, 102, 103, 104, 105, 107, 108, 109, 110, 112, 113, 114, 115, 116, 117, 119, 120, 121, 122, 123, 124, 125, 126, 127, 128, 129, 44
insocorr	81	true	false	false	59, 62, 99, 109, 114, 116, 119, 121, 29, 40, 44, 48, 54, 63, 72, 82, 123
insocorr	82	true	false	false	40, 59, 62, 99, 109, 114, 116, 119, 121, 29, 44, 48, 54, 63, 72, 82, 123
insocorr	83	true	false	false	48, 59, 62, 72, 99, 109, 114, 116, 119, 121, 29, 40, 44, 54, 63, 82, 123
insocorr	84	true	false	false	29, 40, 48, 59, 62, 72, 99, 109, 114, 116, 119, 121, 44, 54, 63, 82, 123
insocorr	85	true	false	false	48, 59, 62, 72, 99, 109, 114, 116, 119, 121, 29, 40, 44, 54, 63, 82, 123
insocorr	86	false	false	false	1, 2, 3, 4, 5, 8, 9, 10, 14, 15, 17, 18, 20, 21, 22, 24, 25, 26, 27, 28, 29, 30, 31, 32, 33, 34, 35, 38, 39, 40, 41, 42, 43, 45, 46, 47, 48, 49, 50, 52, 53, 54, 55, 56, 57, 58, 59, 60, 62, 63, 64, 65, 67, 68, 69, 70, 71, 72, 73, 74, 75, 76, 77, 78, 81, 82, 83, 84, 85, 86, 87, 88, 89, 90, 91, 92, 93, 94, 95, 96, 97, 98, 99, 100, 101, 102, 103, 104, 105, 107, 108, 109, 110, 113, 114, 115, 116, 117, 119, 120, 121, 122, 123, 124, 125, 126, 127, 128, 129, 44
insocorr	87	true	false	false	40, 48, 59, 62, 99, 109, 114, 116, 119, 121, 29, 44, 54, 63, 72, 82, 123
insocorr	88	true	false	false	40, 48, 59, 62, 72, 99, 109, 114, 116, 119, 121, 29, 44, 54, 63, 82, 123
insocorr	89	true	false	false	48, 59, 62, 99, 114, 116, 119, 29, 40, 44, 54, 63, 72, 82, 109, 121, 123
insocorr	90	true	false	false	44, 48, 59, 62, 72, 99, 109, 114, 116, 119, 121, 29, 40, 54, 63, 82, 123
insocorr	91	false	false	false	1, 2, 3, 4, 5, 6, 7, 8, 9, 10, 11, 12, 13, 14, 15, 16, 17, 18, 19, 20, 21, 22, 23, 24, 25, 26, 27, 28, 29, 30, 31, 32, 33, 34, 35, 36, 37, 38, 39, 40, 41, 42, 43, 44, 45, 46, 47, 48, 49, 50, 51, 52, 53, 54, 55, 56, 57, 58, 59, 60, 61, 62, 63, 64, 65, 66, 67, 68, 69, 70, 71, 72, 73, 74, 75, 76, 77, 78, 79, 80, 81, 82, 83, 84, 85, 86, 87, 88, 89, 90, 91, 92, 93, 94, 95, 96, 97, 98, 99, 100, 101, 102, 103, 104, 105, 106, 107, 108, 109, 110, 111, 112, 113, 114, 115, 116, 117, 118, 119, 120, 121, 122, 123, 124, 125, 126, 127, 128, 129
insocorr	92	true	false	false	48, 59, 62, 99, 109, 114, 116, 119, 29, 40, 44, 54, 63, 72, 82, 121, 123
insocorr	93	true	false	false	59, 62, 72, 99, 109, 114, 116, 119, 121, 29, 40, 44, 48, 54, 63, 82, 123
insocorr	94	false	false	true	1, 2, 3, 4, 5, 6, 7, 8, 9, 10, 11, 12, 13, 14, 15, 16, 17, 18, 19, 20, 21, 22, 23, 24, 25, 26, 27, 28, 29, 30, 31, 32, 33, 34, 35, 36, 37, 38, 39, 40, 41, 42, 43, 44, 45, 46, 47, 48, 49, 50, 51, 52, 53, 54, 55, 56, 57, 58, 59, 60, 61, 62, 63, 64, 65, 66, 67, 68, 69, 70, 71, 72, 73, 74, 75, 76, 77, 78, 79, 80, 81, 82, 83, 84, 85, 86, 87, 88, 89, 90, 91, 92, 93, 94, 95, 96, 97, 98, 99, 100, 101, 102, 103, 104, 105, 106, 107, 108, 109, 110, 111, 112, 113, 114, 115, 116, 117, 118, 119, 120, 121, 122, 123, 124, 125, 126, 127, 128, 129
insocorr	95	true	false	false	29, 40, 44, 48, 51, 52, 54, 59, 62, 63, 72, 82, 99, 109, 114, 116, 119, 121, 123
insocorr	96	false	false	true	40, 48, 54, 59, 62, 63, 72, 82, 99, 109, 114, 116, 119, 121, 123, 125
insocorr	97	true	false	false	29, 40, 44, 48, 51, 54, 59, 62, 63, 72, 81, 82, 99, 109, 114, 116, 119, 121, 122, 123
insocorr	98	true	false	false	28, 29, 30, 31, 40, 44, 48, 54, 59, 62, 63, 72, 82, 99, 109, 114, 116, 119, 121, 122, 123
insocorr	99	true	false	false	40, 44, 48, 54, 59, 62, 63, 72, 99, 109, 114, 116, 119, 121, 123, 29, 82
insocorr	100	true	false	false	29, 40, 44, 48, 54, 59, 62, 63, 72, 82, 99, 109, 114, 116, 119, 121, 123
insocorr	101	true	false	false	29, 40, 44, 48, 51, 54, 59, 62, 63, 72, 82, 88, 99, 109, 114, 116, 119, 121, 123
insocorr	102	true	false	false	29, 40, 44, 48, 54, 59, 62, 63, 72, 82, 99, 109, 114, 116, 119, 121, 123
insocorr	103	true	false	false	29, 40, 48, 59, 62, 63, 72, 82, 88, 99, 109, 114, 116, 119, 121, 44, 54, 123
insocorr	104	true	false	false	29, 40, 44, 48, 54, 59, 62, 63, 72, 82, 88, 99, 109, 114, 116, 119, 121, 123
insocorr	105	false	false	false	1, 2, 3, 4, 5, 6, 7, 8, 9, 10, 11, 13, 14, 15, 16, 17, 18, 20, 21, 22, 23, 24, 25, 26, 27, 28, 29, 30, 31, 32, 33, 34, 35, 36, 37, 38, 39, 40, 41, 42, 43, 44, 45, 46, 47, 48, 49, 50, 51, 52, 53, 54, 55, 56, 57, 58, 59, 60, 61, 62, 63, 64, 65, 66, 67, 68, 69, 70, 71, 72, 73, 74, 75, 76, 77, 78, 79, 81, 82, 83, 84, 85, 86, 87, 88, 89, 90, 91, 92, 93, 94, 95, 96, 97, 98, 99, 100, 101, 102, 103, 104, 105, 107, 108, 109, 110, 112, 113, 114, 115, 116, 117, 118, 119, 120, 121, 122, 123, 124, 125, 126, 127, 128, 129
insocorr	106	true	false	false	29, 40, 44, 48, 51, 54, 59, 62, 63, 72, 81, 82, 99, 107, 109, 114, 116, 119, 121, 122, 123
insocorr	107	false	false	true	1, 2, 3, 4, 5, 6, 7, 8, 9, 10, 11, 12, 13, 14, 15, 16, 17, 18, 19, 20, 21, 22, 23, 24, 25, 26, 27, 28, 29, 30, 31, 32, 33, 34, 35, 36, 37, 38, 39, 40, 41, 42, 43, 44, 45, 46, 47, 48, 49, 50, 51, 52, 53, 54, 55, 56, 57, 58, 59, 60, 61, 62, 63, 64, 65, 66, 67, 68, 69, 70, 71, 72, 73, 74, 75, 76, 77, 78, 79, 80, 81, 82, 83, 84, 85, 86, 87, 88, 89, 90, 91, 92, 93, 94, 95, 96, 97, 98, 99, 100, 101, 102, 103, 104, 105, 106, 107, 108, 109, 110, 111, 112, 113, 114, 115, 116, 117, 118, 119, 120, 121, 122, 123, 124, 125, 126, 127, 128, 129
insocorr	108	true	false	false	29, 40, 44, 48, 54, 59, 62, 63, 72, 81, 82, 99, 109, 114, 116, 119, 121, 122, 123
insocorr	109	true	false	false	29, 40, 44, 48, 54, 59, 62, 63, 72, 82, 99, 109, 114, 116, 119, 121, 122, 123
insocorr	110	true	false	false	29, 40, 44, 48, 54, 59, 62, 63, 72, 82, 99, 109, 114, 116, 119, 121, 123
insocorr	111	true	false	false	29, 40, 44, 48, 54, 59, 62, 63, 72, 82, 99, 109, 114, 116, 119, 121, 122, 123
insocorr	112	true	false	false	29, 40, 44, 48, 54, 59, 62, 63, 72, 82, 99, 109, 114, 116, 119, 121, 122, 123
insocorr	113	false	false	false	1, 2, 3, 4, 5, 6, 7, 8, 9, 10, 11, 12, 14, 15, 16, 17, 18, 19, 20, 21, 22, 23, 24, 25, 26, 27, 28, 29, 30, 31, 32, 33, 34, 35, 36, 38, 39, 40, 41, 42, 43, 44, 45, 46, 47, 48, 49, 50, 51, 52, 53, 54, 55, 56, 57, 58, 59, 60, 61, 62, 63, 64, 65, 66, 67, 68, 69, 70, 71, 72, 73, 74, 75, 76, 77, 78, 79, 80, 81, 82, 83, 84, 85, 86, 87, 88, 89, 90, 91, 92, 93, 94, 95, 96, 97, 98, 99, 100, 101, 102, 103, 104, 105, 106, 107, 108, 109, 110, 111, 112, 113, 114, 115, 116, 117, 118, 119, 120, 121, 122, 123, 124, 125, 126, 127, 128, 129
insocorr	114	false	false	false	1, 2, 3, 4, 5, 6, 7, 8, 9, 10, 11, 12, 13, 14, 15, 16, 17, 18, 19, 20, 21, 22, 23, 24, 25, 26, 27, 28, 29, 30, 31, 32, 33, 34, 35, 36, 37, 38, 39, 40, 41, 42, 43, 44, 45, 46, 47, 48, 49, 50, 51, 52, 53, 54, 55, 56, 57, 58, 59, 60, 61, 62, 63, 64, 65, 66, 67, 68, 69, 70, 71, 72, 73, 74, 75, 76, 77, 78, 79, 80, 81, 82, 83, 84, 85, 86, 87, 88, 89, 90, 91, 92, 93, 94, 95, 96, 97, 98, 99, 100, 101, 102, 103, 104, 105, 106, 107, 108, 109, 110, 111, 112, 113, 114, 115, 116, 117, 118, 119, 120, 121, 122, 123, 124, 125, 126, 127, 128, 129
insocorr	115	false	false	false	1, 2, 3, 4, 5, 6, 7, 8, 9, 10, 11, 12, 13, 14, 15, 16, 17, 18, 19, 20, 21, 22, 23, 24, 25, 26, 27, 28, 29, 30, 31, 32, 33, 34, 35, 36, 37, 38, 39, 40, 41, 42, 43, 44, 45, 46, 47, 48, 49, 50, 51, 52, 53, 54, 55, 56, 57, 58, 59, 60, 61, 62, 63, 64, 65, 66, 67, 68, 69, 70, 71, 72, 73, 74, 75, 76, 77, 78, 79, 80, 81, 82, 83, 84, 85, 86, 87, 88, 89, 90, 91, 92, 93, 94, 95, 96, 97, 98, 99, 100, 101, 102, 103, 104, 105, 106, 107, 108, 109, 110, 111, 112, 113, 114, 115, 116, 117, 118, 119, 120, 121, 122, 123, 124, 125, 126, 127, 128, 129
insocorr	116	true	false	false	29, 40, 44, 48, 54, 59, 62, 63, 72, 81, 82, 99, 109, 114, 116, 119, 121, 122, 123
insocorr	117	false	false	false	1, 8, 9, 10, 14, 15, 17, 21, 25, 26, 29, 38, 40, 44, 48, 51, 54, 59, 62, 63, 72, 82, 109, 114, 116, 121, 122, 123, 128, 99, 119
insocorr	118	false	false	true	29, 40, 44, 48, 51, 54, 59, 62, 63, 72, 82, 88, 107, 109, 114, 116, 121, 122, 123
