Category	Segment number	Segment Good	Eye Blinks	Eye Movements	Bad Channels
cosocorr	1	false	true	false
cosocorr	2	true	false	false	43, 44, 49, 61, 62, 67, 70, 71, 72, 73, 74, 75, 76, 77, 78, 81, 107, 114
cosocorr	3	true	false	false	43, 44, 49, 61, 62, 67, 70, 71, 72, 73, 74, 75, 76, 77, 78, 81, 107, 114
cosocorr	4	false	true	false
cosocorr	5	false	true	false	67
cosocorr	6	true	false	false	43, 44, 49, 61, 62, 67, 70, 71, 72, 73, 74, 75, 76, 77, 78, 81, 107, 114
cosocorr	7	false	true	false
cosocorr	8	true	false	false	43, 44, 49, 61, 62, 67, 70, 71, 72, 73, 74, 75, 76, 77, 78, 81, 107, 114
cosocorr	9	false	true	false	61, 62, 67, 70, 71, 72, 73, 74
cosocorr	10	false	true	false
cosocorr	11	false	true	false	61, 62, 67, 70, 71, 72, 73, 74, 75, 76, 77, 81
cosocorr	12	false	true	false	8, 14
cosocorr	13	false	true	false	61, 62, 67, 70, 71, 72, 73, 74, 75, 76, 77, 78, 81
cosocorr	14	true	false	false	43, 44, 49, 61, 62, 67, 70, 71, 72, 73, 74, 75, 76, 77, 78, 81, 107, 114
cosocorr	15	true	false	false	43, 44, 49, 61, 62, 67, 70, 71, 72, 73, 74, 75, 76, 77, 78, 81, 107, 114
cosocorr	16	false	true	false
cosocorr	17	true	false	false	61, 62, 67, 70, 71, 72, 73, 74, 75, 76, 77, 78, 81, 43, 44, 49, 107, 114
cosocorr	18	true	false	false	43, 44, 49, 61, 62, 67, 70, 71, 72, 73, 74, 75, 76, 77, 78, 81, 107, 114
cosocorr	19	false	true	false
cosocorr	20	true	false	false	43, 44, 49, 61, 62, 67, 70, 71, 72, 73, 74, 75, 76, 77, 78, 81, 107, 114
cosocorr	21	true	false	false	43, 44, 49, 61, 62, 67, 70, 71, 72, 73, 74, 75, 76, 77, 78, 81, 107, 114
cosocorr	22	true	false	false	43, 44, 49, 61, 62, 67, 70, 71, 72, 73, 74, 75, 76, 77, 78, 81, 107, 114
cosocorr	23	true	false	false	43, 44, 49, 61, 62, 67, 70, 71, 72, 73, 74, 75, 76, 77, 78, 81, 107, 114
cosocorr	24	true	false	false	43, 44, 49, 61, 62, 67, 70, 71, 72, 73, 74, 75, 76, 77, 78, 81, 107, 114
cosocorr	25	true	false	false	43, 44, 49, 61, 62, 67, 70, 71, 72, 73, 74, 75, 76, 77, 78, 81, 107, 114
cosocorr	26	false	true	false
cosocorr	27	true	false	false	61, 62, 67, 70, 71, 72, 73, 74, 75, 76, 77, 81, 43, 44, 49, 78, 107, 114
cosocorr	28	true	false	false	55, 61, 62, 67, 70, 71, 72, 73, 74, 75, 76, 77, 78, 81, 43, 44, 49, 107, 114
cosocorr	29	true	false	false	61, 62, 67, 70, 71, 72, 73, 74, 75, 76, 77, 81, 43, 44, 49, 78, 107, 114
cosocorr	30	true	false	false	43, 44, 49, 61, 62, 67, 70, 71, 72, 73, 74, 75, 76, 77, 78, 81, 107, 114
cosocorr	31	true	false	false	55, 61, 62, 67, 70, 71, 72, 73, 74, 75, 76, 77, 78, 81, 43, 44, 49, 107, 114
cosocorr	32	true	false	false	43, 44, 49, 61, 62, 67, 70, 71, 72, 73, 74, 75, 76, 77, 78, 81, 107, 114
cosocorr	33	true	false	false	43, 44, 49, 61, 62, 67, 70, 71, 72, 73, 74, 75, 76, 77, 78, 81, 107, 114
cosocorr	34	true	false	false	43, 44, 49, 61, 62, 67, 70, 71, 72, 73, 74, 75, 76, 77, 78, 81, 107, 114
cosocorr	35	false	true	false
cosocorr	36	true	false	false	55, 61, 62, 67, 70, 71, 72, 73, 74, 75, 76, 77, 78, 81, 43, 44, 49, 107, 114
cosocorr	37	true	false	false	61, 62, 67, 70, 71, 72, 73, 74, 75, 76, 77, 81, 114, 43, 44, 49, 78, 107
cosocorr	38	true	false	false	55, 61, 62, 67, 70, 71, 72, 73, 74, 75, 76, 77, 78, 81, 43, 44, 49, 107, 114
cosocorr	39	true	false	false	43, 61, 62, 67, 70, 71, 72, 73, 74, 75, 76, 77, 81, 44, 49, 78, 107, 114
cosocorr	40	true	false	false	43, 44, 49, 61, 62, 67, 70, 71, 72, 73, 74, 75, 76, 77, 78, 81, 107, 114
cosocorr	41	true	false	false	43, 55, 61, 62, 67, 70, 71, 72, 73, 74, 75, 76, 77, 78, 81, 114, 44, 49, 107
cosocorr	42	true	false	false	55, 61, 62, 67, 70, 71, 72, 73, 74, 75, 76, 77, 78, 81, 43, 44, 49, 107, 114
cosocorr	43	true	false	false	61, 62, 67, 70, 71, 72, 73, 74, 75, 76, 77, 78, 81, 43, 44, 49, 107, 114
cosocorr	44	false	true	false	43, 84, 114
cosocorr	45	true	false	false	61, 67, 70, 71, 73, 74, 114, 43, 44, 49, 62, 72, 75, 76, 77, 78, 81, 107
cosocorr	46	true	false	false	43, 61, 62, 67, 70, 71, 72, 73, 74, 75, 76, 77, 78, 81, 107, 114, 44, 49
cosocorr	47	true	false	false	43, 61, 62, 67, 70, 71, 72, 73, 74, 75, 76, 77, 78, 81, 44, 49, 107, 114
cosocorr	48	true	false	false	43, 61, 62, 67, 70, 71, 72, 73, 74, 75, 76, 77, 81, 114, 44, 49, 78, 107
cosocorr	49	true	false	false	43, 55, 61, 62, 67, 70, 71, 72, 73, 74, 75, 76, 77, 78, 81, 107, 114, 44, 49
cosocorr	50	true	false	false	43, 61, 62, 67, 70, 71, 72, 73, 74, 75, 76, 77, 78, 81, 114, 44, 49, 107
cosocorr	51	true	false	false	43, 55, 61, 62, 67, 70, 71, 72, 73, 74, 75, 76, 77, 78, 81, 107, 44, 49, 114
cosocorr	52	true	false	false	43, 44, 49, 61, 62, 67, 70, 71, 72, 73, 74, 75, 76, 77, 78, 81, 107, 114
cosocorr	53	false	true	false
cosocorr	54	true	false	false	43, 44, 49, 61, 62, 67, 70, 71, 72, 73, 74, 75, 76, 77, 78, 81, 107, 114
cosocorr	55	true	false	false	43, 55, 61, 62, 67, 70, 71, 72, 73, 74, 75, 76, 77, 78, 81, 107, 44, 49, 114
cosocorr	56	true	false	false	43, 61, 62, 67, 70, 71, 72, 73, 74, 75, 76, 77, 78, 81, 107, 44, 49, 114
cosocorr	57	true	false	false	43, 55, 61, 62, 67, 70, 71, 72, 73, 74, 75, 76, 77, 78, 81, 107, 44, 49, 114
cosocorr	58	true	false	false	43, 44, 49, 61, 62, 67, 70, 71, 72, 73, 74, 75, 76, 77, 78, 81, 107, 114
cosocorr	59	true	false	false	43, 44, 49, 61, 62, 67, 70, 71, 72, 73, 74, 75, 76, 77, 78, 81, 107, 114
cosocorr	60	true	false	false	43, 55, 61, 62, 67, 70, 71, 72, 73, 74, 75, 76, 77, 78, 81, 107, 44, 49, 114
cosocorr	61	true	false	false	43, 55, 61, 62, 67, 70, 71, 72, 73, 74, 75, 76, 77, 78, 81, 107, 44, 49, 114
cosocorr	62	true	false	false	43, 61, 62, 67, 70, 71, 72, 73, 74, 75, 76, 77, 78, 81, 107, 44, 49, 114
cosocorr	63	true	false	false	43, 61, 62, 67, 70, 71, 72, 73, 74, 75, 76, 77, 78, 81, 107, 44, 49, 114
cosocorr	64	true	false	false	43, 44, 49, 61, 62, 67, 70, 71, 72, 73, 74, 75, 76, 77, 78, 81, 107, 114
cosocorr	65	false	true	false	8, 9, 14, 21, 25, 43, 44, 49, 55, 61, 62, 67, 70, 71, 72, 73, 74, 75, 76, 77, 78, 81, 107
cosocorr	66	true	false	false	43, 55, 61, 62, 67, 70, 71, 72, 73, 74, 75, 76, 77, 78, 81, 107, 44, 49, 114
cosocorr	67	true	false	false	43, 55, 61, 62, 67, 70, 71, 72, 73, 74, 75, 76, 77, 78, 81, 107, 44, 49, 114
cosocorr	68	false	true	false	43
cosocorr	69	false	true	false	8, 9, 14, 15, 17, 21, 22, 25, 43, 44, 55, 61, 62, 67, 70, 71, 72, 73, 74, 75, 76, 77, 78, 81, 107
cosocorr	70	true	false	false	43, 44, 49, 61, 62, 67, 70, 71, 72, 73, 74, 75, 76, 77, 78, 81, 107, 114
cosocorr	71	true	false	false	8, 9, 14, 15, 21, 22, 25, 43, 44, 49, 55, 61, 62, 67, 70, 71, 72, 73, 74, 75, 76, 77, 78, 81, 107, 114
cosocorr	72	true	false	false	43, 61, 62, 67, 70, 71, 72, 73, 74, 75, 76, 77, 78, 81, 107, 44, 49, 114
cosocorr	73	true	false	false	43, 44, 55, 61, 62, 67, 70, 71, 72, 73, 74, 75, 76, 77, 78, 81, 107, 114, 49
cosocorr	74	true	false	false	43, 44, 49, 55, 61, 62, 67, 70, 71, 72, 73, 74, 75, 76, 77, 78, 81, 107, 114
cosocorr	75	false	true	false	1, 2, 3, 4, 5, 6, 7, 8, 9, 10, 11, 12, 13, 14, 15, 16, 17, 18, 19, 20, 21, 22, 23, 24, 25, 26, 27, 28, 32, 33, 34, 35, 36, 38, 39, 42, 43, 44, 45, 46, 47, 48, 49, 53, 55, 56, 59, 61, 62, 67, 70, 71, 72, 73, 74, 75, 76, 77, 78, 79, 80, 81, 85, 86, 87, 91, 92, 93, 96, 98, 100, 101, 102, 103, 104, 105, 107, 108, 109, 110, 111, 112, 113, 114, 115, 116, 117, 118, 119, 120, 121, 122, 123, 124, 125, 126, 127, 128, 129
cosocorr	76	true	false	false	43, 44, 49, 56, 61, 62, 67, 70, 71, 72, 73, 74, 107, 114, 75, 76, 77, 78, 81
cosocorr	77	false	true	false	2, 3, 4, 8, 9, 10, 14, 15, 16, 17, 18, 21, 22, 23, 25, 26, 38, 43, 44, 49, 56, 61, 62, 67, 70, 71, 72, 73, 74, 75, 76, 77, 78, 81, 107, 114, 124
cosocorr	78	true	false	false	43, 44, 49, 56, 61, 62, 67, 70, 71, 72, 73, 74, 75, 76, 77, 78, 81, 107, 114
cosocorr	79	false	true	false	3, 4, 5, 8, 9, 10, 11, 12, 13, 14, 15, 16, 17, 18, 19, 20, 21, 22, 23, 24, 25, 26, 35, 36, 43, 44, 49, 56, 61, 62, 67, 70, 71, 72, 73, 74, 75, 76, 77, 78, 81, 107, 114
cosocorr	80	true	false	false	49, 43, 44, 61, 62, 67, 70, 71, 72, 73, 74, 75, 76, 77, 78, 81, 107, 114
cosocorr	81	true	false	false	43, 44, 49, 61, 67, 70, 71, 73, 74, 107, 62, 72, 75, 76, 77, 78, 81, 114
cosocorr	82	true	false	false	43, 49, 61, 67, 44, 62, 70, 71, 72, 73, 74, 75, 76, 77, 78, 81, 107, 114
cosocorr	83	true	false	false	43, 44, 49, 56, 61, 62, 67, 70, 71, 72, 73, 74, 107, 75, 76, 77, 78, 81, 114
cosocorr	84	true	false	false	43, 49, 44, 61, 62, 67, 70, 71, 72, 73, 74, 75, 76, 77, 78, 81, 107, 114
cosocorr	85	true	false	false	43, 49, 44, 61, 62, 67, 70, 71, 72, 73, 74, 75, 76, 77, 78, 81, 107, 114
cosocorr	86	true	false	false	44, 49, 56, 61, 62, 67, 70, 71, 72, 73, 74, 107, 114, 43, 75, 76, 77, 78, 81
cosocorr	87	false	true	false	1, 2, 3, 4, 5, 6, 7, 8, 9, 10, 11, 12, 13, 14, 15, 16, 17, 18, 19, 20, 21, 22, 23, 24, 25, 26, 27, 28, 29, 30, 31, 32, 33, 34, 35, 36, 37, 40, 41, 42, 43, 44, 45, 46, 47, 48, 49, 50, 51, 52, 53, 54, 56, 57, 58, 59, 60, 61, 62, 63, 67, 70, 71, 72, 73, 74, 75, 76, 77, 79, 80, 81, 82, 85, 86, 87, 88, 90, 91, 92, 93, 95, 96, 97, 98, 99, 100, 101, 102, 103, 104, 105, 106, 107, 108, 109, 110, 111, 112, 113, 114, 115, 116, 117, 118, 119, 120, 121, 122, 123, 124, 125, 126, 127, 128, 129
cosocorr	88	false	false	false	1, 2, 3, 4, 5, 6, 7, 8, 9, 10, 11, 12, 13, 14, 15, 16, 17, 18, 19, 20, 21, 22, 23, 24, 25, 26, 27, 28, 29, 30, 31, 32, 33, 34, 35, 36, 39, 42, 43, 44, 45, 46, 47, 48, 49, 50, 51, 54, 56, 58, 59, 60, 61, 62, 67, 70, 71, 72, 73, 74, 75, 76, 77, 79, 80, 81, 85, 86, 87, 89, 93, 94, 98, 102, 103, 104, 105, 106, 107, 108, 109, 110, 111, 112, 114, 115, 116, 117, 118, 120, 121, 122, 123, 124, 125, 126, 127, 128, 129, 78
cosocorr	89	true	false	false	44, 49, 56, 61, 67, 70, 71, 73, 74, 107, 114, 43, 62, 72, 75, 76, 77, 78, 81
cosocorr	90	true	false	false	49, 43, 44, 61, 62, 67, 70, 71, 72, 73, 74, 75, 76, 77, 78, 81, 107, 114
cosocorr	91	false	true	false	49, 61, 67, 70, 71, 74, 114
cosocorr	92	true	false	false	49, 43, 44, 61, 62, 67, 70, 71, 72, 73, 74, 75, 76, 77, 78, 81, 107, 114
cosocorr	93	true	false	false	35, 36, 44, 49, 56, 60, 61, 63, 67, 70, 71, 73, 74, 107, 114, 43, 62, 72, 75, 76, 77, 78, 81
cosocorr	94	false	true	false	1, 2, 3, 4, 5, 6, 8, 9, 10, 11, 12, 13, 14, 15, 16, 17, 18, 19, 20, 21, 22, 23, 24, 25, 26, 27, 28, 29, 30, 31, 32, 33, 34, 35, 36, 37, 38, 40, 42, 43, 44, 45, 46, 47, 48, 49, 50, 51, 52, 53, 56, 57, 58, 59, 60, 61, 62, 63, 65, 67, 70, 71, 73, 74, 79, 80, 85, 86, 87, 91, 93, 98, 100, 101, 102, 103, 104, 106, 107, 108, 109, 110, 111, 112, 113, 114, 115, 116, 117, 118, 120, 121, 122, 123, 124, 125, 126, 127, 128, 129
cosocorr	95	true	false	false	56, 89, 94, 43, 44, 49, 61, 62, 67, 70, 71, 72, 73, 74, 75, 76, 77, 78, 81, 107, 114
cosocorr	96	true	false	false	35, 36, 44, 56, 57, 60, 61, 63, 67, 70, 71, 73, 74, 106, 107, 114, 43, 49, 62, 72, 75, 76, 77, 78, 81
cosocorr	97	true	false	false	44, 56, 61, 67, 70, 71, 73, 74, 107, 43, 49, 62, 72, 75, 76, 77, 78, 81, 114
cosocorr	98	true	false	false	35, 44, 56, 60, 61, 67, 70, 71, 73, 74, 107, 114, 43, 49, 62, 72, 75, 76, 77, 78, 81
cosocorr	99	true	false	false	8, 9, 14, 15, 21, 22, 25, 35, 36, 44, 56, 60, 61, 62, 63, 67, 70, 71, 73, 74, 86, 106, 107, 114, 43, 49, 72, 75, 76, 77, 78, 81
cosocorr	100	false	true	false	1, 2, 3, 4, 5, 6, 8, 9, 10, 11, 12, 13, 14, 15, 16, 17, 18, 19, 20, 21, 22, 23, 24, 25, 26, 27, 28, 31, 32, 33, 34, 35, 36, 37, 38, 40, 41, 42, 43, 44, 45, 46, 47, 48, 49, 50, 51, 52, 53, 54, 55, 56, 57, 58, 59, 60, 61, 62, 63, 64, 65, 66, 67, 70, 71, 73, 74, 79, 80, 82, 83, 85, 86, 87, 91, 92, 93, 98, 102, 103, 104, 106, 107, 108, 109, 110, 111, 112, 114, 115, 116, 117, 118, 120, 121, 122, 123, 124, 125, 126, 127, 128, 129
cosocorr	101	false	true	true	1, 2, 3, 4, 5, 6, 7, 8, 9, 10, 11, 12, 13, 14, 15, 16, 17, 18, 19, 20, 21, 22, 23, 24, 25, 26, 27, 28, 29, 30, 31, 32, 33, 34, 35, 36, 37, 38, 39, 40, 41, 42, 43, 44, 45, 46, 47, 48, 49, 50, 51, 52, 53, 54, 56, 57, 58, 59, 60, 61, 62, 63, 64, 65, 66, 67, 69, 70, 71, 73, 74, 79, 80, 82, 83, 85, 86, 87, 88, 90, 91, 92, 93, 95, 96, 97, 98, 99, 100, 101, 102, 103, 104, 105, 106, 107, 108, 109, 110, 111, 112, 113, 114, 115, 116, 117, 118, 119, 120, 121, 122, 123, 124, 125, 126, 127, 128, 129
cosocorr	102	true	false	false	35, 36, 37, 38, 40, 44, 56, 57, 60, 61, 63, 66, 67, 70, 71, 73, 74, 106, 107, 114, 43, 49, 62, 72, 75, 76, 77, 78, 81
cosocorr	103	true	false	false	35, 36, 38, 44, 56, 57, 60, 61, 62, 63, 66, 67, 70, 71, 73, 74, 106, 107, 114, 43, 49, 72, 75, 76, 77, 78, 81
cosocorr	104	false	false	false	1, 2, 3, 4, 5, 6, 7, 8, 9, 10, 11, 12, 13, 14, 15, 16, 17, 18, 19, 20, 21, 22, 23, 24, 25, 26, 27, 28, 29, 30, 31, 32, 33, 34, 35, 36, 37, 38, 39, 40, 41, 42, 43, 44, 45, 46, 47, 48, 49, 50, 51, 52, 53, 54, 55, 56, 57, 58, 59, 60, 61, 62, 63, 64, 65, 66, 67, 68, 69, 70, 71, 73, 74, 79, 80, 82, 83, 85, 86, 87, 88, 89, 90, 91, 92, 93, 94, 95, 96, 97, 98, 99, 100, 101, 102, 103, 104, 105, 106, 107, 108, 109, 110, 111, 112, 113, 114, 115, 116, 117, 118, 119, 120, 121, 122, 123, 124, 125, 126, 127, 128, 129, 72, 75, 76, 77, 78, 81
cosocorr	105	false	false	false	1, 2, 3, 4, 5, 6, 7, 8, 9, 10, 11, 12, 14, 15, 16, 17, 18, 20, 21, 22, 23, 25, 26, 27, 32, 35, 36, 37, 38, 43, 44, 48, 49, 55, 56, 57, 60, 61, 62, 63, 66, 67, 70, 71, 73, 74, 85, 86, 104, 106, 107, 112, 114, 115, 118, 120, 121, 122, 123, 124, 125, 126, 127, 128, 129, 72, 75, 76, 77, 78, 81
cosocorr	106	false	true	false	1, 2, 3, 4, 5, 6, 7, 8, 9, 10, 11, 12, 13, 14, 15, 16, 17, 18, 19, 20, 21, 22, 23, 24, 25, 26, 27, 32, 35, 36, 37, 38, 40, 42, 43, 44, 46, 47, 48, 49, 51, 55, 56, 57, 58, 59, 60, 61, 62, 63, 66, 67, 70, 71, 73, 74, 79, 85, 86, 87, 91, 93, 104, 106, 107, 108, 109, 112, 113, 114, 115, 116, 117, 118, 120, 121, 122, 123, 124, 125, 126, 127, 128, 129
cosocorr	107	true	false	false	7, 35, 36, 37, 38, 44, 55, 57, 60, 61, 62, 63, 66, 67, 70, 71, 73, 74, 106, 107, 114, 43, 49, 72, 75, 76, 77, 78, 81
cosocorr	108	false	false	false	1, 2, 3, 4, 5, 6, 7, 8, 9, 10, 11, 12, 13, 14, 15, 16, 17, 18, 19, 20, 21, 22, 23, 24, 25, 26, 27, 32, 33, 34, 35, 36, 37, 38, 39, 40, 42, 43, 44, 45, 46, 47, 48, 49, 50, 51, 52, 53, 54, 55, 56, 57, 58, 59, 60, 61, 62, 63, 64, 65, 66, 67, 70, 71, 73, 74, 79, 80, 83, 85, 86, 87, 91, 92, 93, 98, 103, 104, 105, 106, 107, 108, 109, 111, 112, 114, 115, 116, 117, 118, 120, 121, 122, 123, 124, 125, 126, 128, 129, 72, 75, 76, 77, 78, 81
cosocorr	109	false	true	false	1, 2, 3, 4, 5, 6, 7, 8, 9, 10, 11, 12, 13, 14, 15, 16, 17, 18, 19, 20, 21, 22, 23, 24, 25, 26, 27, 28, 29, 30, 31, 32, 33, 34, 35, 36, 37, 38, 39, 40, 41, 42, 43, 44, 45, 46, 47, 48, 49, 50, 51, 52, 53, 54, 55, 56, 57, 58, 59, 60, 61, 62, 63, 64, 65, 66, 67, 68, 69, 70, 71, 73, 74, 79, 80, 82, 83, 84, 85, 86, 87, 88, 89, 90, 91, 92, 93, 94, 95, 96, 97, 98, 99, 100, 101, 102, 103, 104, 105, 106, 107, 108, 109, 110, 111, 112, 113, 114, 115, 116, 117, 118, 119, 120, 121, 122, 123, 124, 125, 126, 127, 128, 129
cosocorr	110	false	false	false	1, 2, 3, 4, 5, 6, 7, 8, 9, 10, 11, 12, 13, 14, 15, 16, 17, 18, 19, 20, 21, 22, 23, 24, 25, 26, 27, 28, 29, 30, 31, 32, 33, 34, 35, 36, 37, 38, 39, 40, 41, 42, 43, 44, 45, 46, 47, 48, 49, 50, 51, 52, 53, 54, 55, 56, 57, 58, 59, 60, 61, 62, 63, 64, 65, 66, 67, 69, 70, 71, 73, 74, 79, 80, 82, 83, 85, 86, 87, 88, 90, 91, 92, 93, 95, 96, 98, 101, 102, 103, 104, 105, 106, 107, 108, 109, 110, 111, 112, 113, 114, 115, 116, 117, 118, 120, 121, 122, 123, 124, 125, 126, 127, 128, 129, 72, 75, 76, 77, 78, 81
cosocorr	111	false	false	false	1, 2, 3, 4, 5, 6, 7, 8, 9, 10, 11, 12, 13, 14, 15, 16, 17, 18, 19, 20, 21, 22, 23, 24, 25, 26, 27, 28, 29, 30, 31, 32, 33, 34, 35, 36, 37, 38, 39, 40, 41, 42, 43, 44, 45, 46, 47, 48, 49, 50, 51, 52, 53, 54, 55, 56, 57, 58, 59, 60, 61, 62, 63, 64, 65, 66, 67, 68, 69, 70, 71, 73, 74, 79, 80, 82, 83, 85, 86, 87, 88, 89, 90, 91, 92, 93, 94, 95, 96, 97, 98, 99, 100, 101, 102, 103, 104, 105, 106, 107, 108, 109, 110, 111, 112, 113, 114, 115, 116, 117, 118, 119, 120, 121, 122, 123, 124, 125, 126, 127, 128, 129, 72, 75, 76, 77, 78, 81
cosocorr	112	true	false	false	61, 62, 67, 70, 71, 74, 114, 43, 44, 49, 72, 73, 75, 76, 77, 78, 81, 107
cosocorr	113	true	false	false	44, 57, 60, 61, 62, 63, 66, 67, 70, 71, 73, 74, 106, 107, 114, 43, 49, 72, 75, 76, 77, 78, 81
cosocorr	114	false	false	false	1, 2, 3, 4, 5, 6, 7, 8, 9, 10, 11, 12, 13, 14, 15, 16, 17, 18, 19, 20, 21, 22, 23, 24, 25, 26, 27, 32, 35, 36, 37, 38, 40, 42, 43, 44, 48, 49, 51, 53, 56, 57, 59, 60, 61, 62, 63, 66, 67, 70, 71, 73, 74, 79, 80, 85, 86, 87, 91, 93, 104, 106, 107, 112, 114, 115, 116, 117, 118, 120, 121, 122, 123, 124, 125, 126, 128, 129, 72, 75, 76, 77, 78, 81
cosocorr	115	true	false	false	7, 14, 21, 25, 35, 36, 37, 38, 40, 44, 55, 57, 60, 61, 62, 63, 66, 67, 70, 71, 72, 73, 74, 106, 107, 114, 43, 49, 75, 76, 77, 78, 81
cosocorr	116	true	false	false	35, 36, 37, 44, 57, 60, 61, 62, 63, 66, 67, 70, 71, 73, 74, 106, 107, 114, 43, 49, 72, 75, 76, 77, 78, 81
cosocorr	117	true	false	false	44, 60, 61, 62, 63, 66, 67, 70, 71, 73, 74, 107, 114, 43, 49, 72, 75, 76, 77, 78, 81
cosocorr	118	true	false	false	7, 35, 36, 38, 43, 44, 48, 49, 56, 57, 60, 61, 62, 63, 66, 67, 70, 71, 73, 74, 106, 107, 114, 72, 75, 76, 77, 78, 81
cosocorr	119	true	false	false	7, 35, 36, 38, 43, 44, 48, 49, 56, 57, 60, 61, 62, 63, 66, 67, 70, 71, 73, 74, 106, 107, 114, 72, 75, 76, 77, 78, 81
cosocorr	120	false	false	false	1, 2, 3, 4, 5, 6, 7, 8, 9, 10, 11, 12, 13, 14, 15, 16, 17, 18, 19, 20, 21, 22, 23, 24, 25, 26, 27, 28, 29, 30, 31, 32, 33, 34, 35, 36, 37, 38, 39, 40, 41, 42, 43, 44, 45, 46, 47, 48, 49, 50, 51, 52, 53, 54, 55, 56, 57, 58, 59, 60, 61, 62, 63, 64, 65, 66, 67, 68, 69, 70, 71, 72, 73, 74, 75, 76, 77, 78, 79, 80, 81, 82, 83, 84, 85, 86, 87, 88, 89, 90, 91, 92, 93, 94, 95, 96, 97, 98, 99, 100, 101, 102, 103, 104, 105, 106, 107, 108, 109, 110, 111, 112, 113, 114, 115, 116, 117, 118, 119, 120, 121, 122, 123, 124, 125, 126, 127, 128, 129
cosocorr	121	false	false	false	1, 2, 6, 7, 11, 12, 16, 18, 20, 23, 25, 26, 27, 32, 35, 36, 37, 38, 40, 42, 43, 44, 46, 47, 48, 49, 50, 51, 53, 56, 57, 58, 59, 60, 61, 62, 63, 64, 65, 66, 67, 69, 70, 71, 73, 74, 79, 82, 83, 85, 86, 88, 90, 91, 93, 95, 96, 98, 99, 101, 106, 107, 108, 112, 113, 114, 115, 116, 119, 120, 121, 125, 126, 127, 128, 129, 72, 75, 76, 77, 78, 81
cosocorr	122	true	false	false	7, 35, 60, 61, 62, 63, 66, 67, 70, 71, 74, 114, 43, 44, 49, 72, 73, 75, 76, 77, 78, 81, 107
cosocorr	123	false	false	false	1, 2, 3, 4, 5, 6, 7, 8, 9, 10, 11, 12, 13, 14, 15, 16, 17, 18, 19, 20, 21, 22, 23, 24, 25, 26, 27, 32, 35, 36, 37, 38, 40, 42, 43, 44, 45, 46, 48, 49, 50, 51, 54, 56, 57, 58, 59, 60, 61, 62, 63, 64, 65, 66, 67, 68, 69, 70, 71, 73, 74, 79, 80, 82, 83, 85, 86, 87, 88, 89, 90, 91, 92, 93, 94, 95, 96, 98, 99, 100, 101, 102, 103, 104, 105, 106, 107, 108, 109, 110, 111, 112, 113, 114, 115, 116, 117, 118, 120, 121, 122, 123, 124, 125, 126, 127, 128, 129, 72, 75, 76, 77, 78, 81
colacorr	1	true	false	false	61, 62, 67, 70, 71, 72, 73, 74, 43, 44, 49, 75, 76, 77, 78, 81, 107, 114
colacorr	2	true	false	false	43, 44, 49, 61, 62, 67, 70, 71, 72, 73, 74, 75, 76, 77, 78, 81, 107, 114
colacorr	3	true	false	false	67, 74, 43, 44, 49, 61, 62, 70, 71, 72, 73, 75, 76, 77, 78, 81, 107, 114
colacorr	4	false	true	false
colacorr	5	true	false	false	43, 44, 49, 61, 62, 67, 70, 71, 72, 73, 74, 75, 76, 77, 78, 81, 107, 114
colacorr	6	true	false	false	43, 44, 49, 61, 62, 67, 70, 71, 72, 73, 74, 75, 76, 77, 78, 81, 107, 114
colacorr	7	true	false	false	43, 44, 49, 61, 62, 67, 70, 71, 72, 73, 74, 75, 76, 77, 78, 81, 107, 114
colacorr	8	false	true	false
colacorr	9	true	false	false	43, 44, 49, 61, 62, 67, 70, 71, 72, 73, 74, 75, 76, 77, 78, 81, 107, 114
colacorr	10	false	true	false
colacorr	11	false	true	false
colacorr	12	false	true	false
colacorr	13	false	true	false	61, 62, 67, 70, 71, 72, 73, 74, 75, 76, 77, 81
colacorr	14	false	true	true
colacorr	15	false	true	false
colacorr	16	true	false	false	43, 44, 49, 61, 62, 67, 70, 71, 72, 73, 74, 75, 76, 77, 78, 81, 107, 114
colacorr	17	true	false	false	61, 62, 67, 70, 71, 72, 73, 74, 75, 76, 77, 78, 81, 43, 44, 49, 107, 114
colacorr	18	true	false	false	43, 44, 49, 61, 62, 67, 70, 71, 72, 73, 74, 75, 76, 77, 78, 81, 107, 114
colacorr	19	true	false	false	43, 44, 49, 61, 62, 67, 70, 71, 72, 73, 74, 75, 76, 77, 78, 81, 107, 114
colacorr	20	true	false	false	43, 44, 49, 61, 62, 67, 70, 71, 72, 73, 74, 75, 76, 77, 78, 81, 107, 114
colacorr	21	true	false	false	43, 44, 49, 61, 62, 67, 70, 71, 72, 73, 74, 75, 76, 77, 78, 81, 107, 114
colacorr	22	false	true	false
colacorr	23	true	false	false	61, 62, 67, 70, 71, 72, 73, 74, 75, 76, 77, 81, 43, 44, 49, 78, 107, 114
colacorr	24	true	false	false	61, 67, 70, 71, 73, 74, 43, 44, 49, 62, 72, 75, 76, 77, 78, 81, 107, 114
colacorr	25	true	false	false	43, 44, 49, 61, 62, 67, 70, 71, 72, 73, 74, 75, 76, 77, 78, 81, 107, 114
colacorr	26	true	false	false	43, 44, 49, 61, 62, 67, 70, 71, 72, 73, 74, 75, 76, 77, 78, 81, 107, 114
colacorr	27	true	false	false	61, 62, 67, 70, 71, 72, 73, 74, 75, 76, 77, 78, 81, 43, 44, 49, 107, 114
colacorr	28	true	false	false	61, 67, 70, 74, 43, 44, 49, 62, 71, 72, 73, 75, 76, 77, 78, 81, 107, 114
colacorr	29	true	false	false	61, 67, 70, 71, 73, 74, 43, 44, 49, 62, 72, 75, 76, 77, 78, 81, 107, 114
colacorr	30	false	true	true	8, 9, 14, 21, 22, 25
colacorr	31	true	false	false	61, 62, 67, 70, 71, 72, 73, 74, 75, 76, 77, 78, 81, 43, 44, 49, 107, 114
colacorr	32	true	false	false	43, 44, 49, 61, 62, 67, 70, 71, 72, 73, 74, 75, 76, 77, 78, 81, 107, 114
colacorr	33	true	false	false	43, 44, 49, 61, 62, 67, 70, 71, 72, 73, 74, 75, 76, 77, 78, 81, 107, 114
colacorr	34	true	false	false	61, 62, 67, 70, 71, 72, 73, 74, 75, 76, 77, 78, 81, 43, 44, 49, 107, 114
colacorr	35	true	false	false	61, 62, 67, 70, 71, 72, 73, 74, 75, 76, 77, 81, 43, 44, 49, 78, 107, 114
colacorr	36	true	false	false	55, 61, 62, 67, 70, 71, 72, 73, 74, 75, 76, 77, 78, 81, 114, 43, 44, 49, 107
colacorr	37	true	false	false	61, 62, 67, 70, 71, 72, 73, 74, 75, 76, 77, 81, 43, 44, 49, 78, 107, 114
colacorr	38	true	false	false	43, 44, 49, 61, 62, 67, 70, 71, 72, 73, 74, 75, 76, 77, 78, 81, 107, 114
colacorr	39	false	true	false
colacorr	40	true	false	false	55, 61, 62, 67, 70, 71, 72, 73, 74, 75, 76, 77, 78, 81, 114, 43, 44, 49, 107
colacorr	41	true	false	false	55, 61, 62, 67, 70, 71, 72, 73, 74, 75, 76, 77, 78, 81, 114, 43, 44, 49, 107
colacorr	42	true	false	false	61, 62, 67, 70, 71, 72, 73, 74, 75, 76, 77, 78, 81, 43, 44, 49, 107, 114
colacorr	43	true	false	false	61, 62, 67, 70, 71, 72, 73, 74, 75, 76, 77, 78, 81, 43, 44, 49, 107, 114
colacorr	44	true	false	false	43, 44, 49, 61, 62, 67, 70, 71, 72, 73, 74, 75, 76, 77, 78, 81, 107, 114
colacorr	45	true	false	false	43, 61, 62, 67, 70, 71, 72, 73, 74, 75, 76, 77, 78, 81, 114, 44, 49, 107
colacorr	46	true	false	false	43, 55, 61, 62, 67, 70, 71, 72, 73, 74, 75, 76, 77, 78, 81, 107, 114, 44, 49
colacorr	47	false	true	false	8, 9, 14, 21, 25, 43, 55, 61, 62, 67, 70, 71, 72, 73, 74, 75, 76, 77, 78, 81, 107, 114
colacorr	48	true	false	false	43, 61, 62, 67, 70, 71, 72, 73, 74, 75, 76, 77, 81, 44, 49, 78, 107, 114
colacorr	49	true	false	false	43, 61, 62, 67, 70, 71, 72, 73, 74, 75, 76, 77, 78, 81, 44, 49, 107, 114
colacorr	50	false	true	false	43, 55, 61, 62, 67, 70, 71, 72, 73, 74, 75, 76, 77, 78, 81, 107
colacorr	51	false	true	false	43
colacorr	52	false	true	false	43
colacorr	53	true	false	false	43, 55, 61, 62, 67, 70, 71, 72, 73, 74, 75, 76, 77, 78, 81, 107, 44, 49, 114
colacorr	54	true	false	false	43, 44, 49, 61, 62, 67, 70, 71, 72, 73, 74, 75, 76, 77, 78, 81, 107, 114
colacorr	55	true	false	false	43, 61, 62, 67, 70, 71, 72, 73, 74, 75, 76, 77, 78, 81, 107, 44, 49, 114
colacorr	56	true	false	false	43, 61, 62, 67, 70, 71, 73, 74, 44, 49, 72, 75, 76, 77, 78, 81, 107, 114
colacorr	57	true	false	false	43, 61, 67, 70, 71, 73, 74, 44, 49, 62, 72, 75, 76, 77, 78, 81, 107, 114
colacorr	58	true	false	false	43, 55, 61, 62, 67, 70, 71, 72, 73, 74, 75, 76, 77, 78, 81, 107, 44, 49, 114
colacorr	59	true	false	false	43, 55, 61, 62, 67, 70, 71, 72, 73, 74, 75, 76, 77, 78, 81, 107, 44, 49, 114
colacorr	60	false	true	false	43
colacorr	61	false	true	false	8, 9, 14, 21, 25, 43, 55, 61, 62, 67, 70, 71, 72, 73, 74, 75, 76, 77, 78, 81, 107
colacorr	62	true	false	false	43, 55, 61, 62, 67, 70, 71, 72, 73, 74, 75, 76, 77, 78, 81, 107, 44, 49, 114
colacorr	63	true	false	false	43, 49, 55, 61, 62, 67, 70, 71, 72, 73, 74, 75, 76, 77, 78, 81, 107, 44, 114
colacorr	64	true	false	false	43, 44, 49, 61, 62, 67, 70, 71, 72, 73, 74, 75, 76, 77, 78, 81, 107, 114
colacorr	65	true	false	false	43, 107, 44, 49, 61, 62, 67, 70, 71, 72, 73, 74, 75, 76, 77, 78, 81, 114
colacorr	66	true	false	false	43, 44, 55, 61, 62, 67, 70, 71, 72, 73, 74, 75, 76, 77, 78, 81, 107, 49, 114
colacorr	67	true	false	false	43, 44, 55, 61, 62, 67, 70, 71, 72, 73, 74, 75, 76, 77, 78, 81, 107, 49, 114
colacorr	68	true	false	false	43, 61, 62, 67, 70, 71, 72, 73, 74, 75, 76, 77, 78, 81, 107, 44, 49, 114
colacorr	69	true	false	false	43, 44, 49, 61, 62, 67, 70, 71, 72, 73, 74, 75, 76, 77, 78, 81, 107, 114
colacorr	70	true	false	false	43, 44, 55, 61, 62, 67, 70, 71, 72, 73, 74, 75, 76, 77, 78, 81, 107, 114, 49
colacorr	71	false	true	false	43, 61, 62, 67, 70, 71, 72, 73, 74, 75, 76, 77, 81, 107
colacorr	72	true	false	false	43, 44, 49, 56, 61, 62, 67, 70, 71, 72, 73, 74, 75, 76, 77, 78, 81, 107, 114
colacorr	73	true	false	false	35, 36, 43, 44, 56, 61, 62, 67, 70, 71, 72, 73, 74, 75, 76, 77, 81, 107, 114, 49, 78
colacorr	74	true	false	false	35, 43, 44, 49, 61, 62, 67, 70, 71, 72, 73, 74, 75, 76, 77, 78, 81, 107, 114
colacorr	75	true	false	false	43, 44, 49, 56, 61, 62, 67, 70, 71, 72, 73, 74, 75, 76, 77, 78, 81, 107, 114
colacorr	76	true	false	false	43, 44, 49, 56, 61, 62, 67, 70, 71, 72, 73, 74, 75, 76, 77, 78, 81, 107, 114
colacorr	77	true	false	false	43, 49, 44, 61, 62, 67, 70, 71, 72, 73, 74, 75, 76, 77, 78, 81, 107, 114
colacorr	78	false	true	false	1, 2, 3, 4, 5, 6, 8, 9, 10, 11, 12, 13, 14, 15, 16, 17, 18, 19, 20, 21, 22, 23, 24, 25, 26, 27, 32, 33, 34, 35, 36, 37, 43, 44, 48, 49, 56, 61, 62, 67, 70, 71, 72, 73, 74, 75, 76, 77, 78, 81, 104, 107, 112, 114, 117, 118, 122, 123, 124, 129
colacorr	79	false	false	false	2, 3, 4, 8, 9, 10, 11, 14, 15, 16, 17, 18, 21, 22, 23, 24, 25, 26, 43, 44, 49, 56, 61, 62, 67, 70, 71, 72, 73, 74, 75, 76, 77, 78, 81, 107, 114, 124
colacorr	80	false	true	false	14, 25, 28, 43, 44, 49, 56, 57, 61, 62, 67, 70, 71, 72, 73, 74, 75, 76, 77, 78, 81, 107, 114
colacorr	81	true	false	false	43, 44, 49, 56, 60, 61, 62, 67, 70, 71, 72, 73, 74, 75, 76, 77, 81, 107, 114, 78
colacorr	82	true	false	false	43, 44, 49, 56, 60, 61, 62, 67, 70, 71, 72, 73, 74, 75, 76, 77, 81, 107, 114, 78
colacorr	83	false	false	false	1, 2, 3, 4, 5, 6, 8, 9, 10, 11, 12, 13, 14, 15, 16, 17, 18, 19, 20, 21, 22, 23, 24, 25, 26, 27, 28, 32, 33, 34, 43, 44, 48, 49, 56, 61, 62, 67, 70, 71, 72, 73, 74, 75, 76, 77, 78, 79, 81, 107, 112, 114, 115, 116, 117, 118, 122, 123, 124, 129
colacorr	84	true	false	false	43, 44, 49, 56, 61, 62, 67, 70, 71, 72, 73, 74, 75, 76, 77, 81, 107, 114, 78
colacorr	85	false	true	false	1, 2, 3, 4, 5, 6, 7, 8, 9, 10, 11, 12, 13, 14, 15, 16, 17, 18, 19, 20, 21, 22, 23, 24, 25, 26, 27, 28, 29, 30, 31, 32, 33, 34, 35, 36, 37, 40, 41, 42, 43, 44, 45, 46, 47, 48, 49, 50, 51, 52, 53, 54, 56, 57, 58, 59, 60, 61, 62, 65, 67, 70, 71, 72, 73, 74, 75, 76, 77, 78, 79, 80, 81, 82, 83, 85, 86, 87, 91, 92, 93, 98, 102, 103, 104, 105, 106, 107, 108, 109, 110, 111, 112, 114, 115, 116, 117, 118, 122, 123, 124, 128, 129
colacorr	86	false	true	false	1, 2, 3, 4, 5, 6, 7, 8, 9, 10, 11, 12, 13, 14, 15, 16, 17, 18, 19, 20, 21, 22, 23, 24, 25, 26, 27, 28, 29, 30, 31, 32, 33, 34, 35, 36, 37, 38, 39, 40, 41, 42, 43, 44, 46, 47, 48, 49, 50, 51, 53, 54, 56, 59, 60, 61, 62, 67, 70, 71, 72, 73, 74, 75, 76, 77, 78, 79, 80, 81, 85, 86, 87, 92, 93, 98, 102, 103, 104, 105, 106, 107, 108, 109, 110, 111, 112, 113, 114, 115, 116, 117, 118, 120, 121, 122, 123, 124, 125, 126, 127, 128, 129
colacorr	87	false	false	false	1, 2, 3, 4, 5, 6, 7, 8, 9, 10, 11, 12, 13, 14, 15, 16, 17, 18, 19, 20, 21, 22, 23, 24, 25, 26, 27, 28, 29, 30, 31, 32, 33, 34, 35, 36, 37, 38, 39, 40, 41, 42, 43, 44, 45, 46, 47, 48, 49, 50, 51, 52, 53, 54, 55, 56, 57, 58, 59, 60, 61, 62, 63, 64, 65, 66, 67, 68, 69, 70, 71, 72, 73, 74, 75, 76, 77, 78, 79, 80, 81, 82, 83, 84, 85, 86, 87, 88, 89, 90, 91, 92, 93, 94, 95, 96, 97, 98, 99, 100, 101, 102, 103, 104, 105, 106, 107, 108, 109, 110, 111, 112, 113, 114, 115, 116, 117, 118, 119, 120, 121, 122, 123, 124, 125, 126, 127, 128, 129
colacorr	88	true	false	false	44, 49, 56, 60, 61, 62, 67, 70, 71, 72, 73, 74, 75, 76, 77, 81, 107, 114, 43, 78
colacorr	89	true	false	false	49, 56, 43, 44, 61, 62, 67, 70, 71, 72, 73, 74, 75, 76, 77, 78, 81, 107, 114
colacorr	90	false	true	false	1, 2, 3, 4, 5, 6, 7, 8, 9, 10, 11, 12, 13, 14, 15, 16, 17, 18, 19, 20, 21, 22, 23, 24, 25, 26, 27, 28, 29, 30, 31, 32, 33, 34, 35, 36, 39, 40, 41, 42, 43, 44, 45, 46, 47, 48, 49, 50, 51, 52, 53, 54, 56, 57, 58, 59, 60, 61, 62, 63, 64, 65, 67, 69, 70, 71, 72, 73, 74, 75, 76, 77, 78, 79, 80, 81, 82, 83, 85, 86, 87, 88, 90, 91, 92, 93, 95, 96, 98, 99, 100, 101, 102, 103, 104, 105, 106, 107, 108, 109, 110, 111, 112, 113, 114, 115, 116, 117, 118, 119, 120, 121, 122, 123, 124, 125, 126, 127, 128, 129
colacorr	91	true	false	false	8, 9, 10, 14, 15, 17, 21, 22, 25, 44, 49, 56, 60, 61, 62, 67, 70, 71, 72, 73, 74, 107, 114, 43, 75, 76, 77, 78, 81
colacorr	92	false	true	false	2, 3, 4, 5, 6, 7, 8, 9, 10, 11, 12, 13, 14, 15, 16, 17, 18, 19, 20, 21, 22, 23, 24, 25, 26, 27, 28, 32, 33, 34, 35, 36, 37, 40, 44, 49, 55, 56, 57, 60, 61, 62, 63, 67, 70, 71, 72, 73, 74, 106, 107, 112, 114, 117, 118, 123, 124, 128
colacorr	93	false	true	false	1, 2, 3, 4, 5, 6, 7, 8, 9, 10, 11, 12, 13, 14, 15, 16, 17, 18, 19, 20, 21, 22, 23, 24, 25, 26, 27, 28, 29, 30, 31, 32, 33, 34, 35, 36, 37, 38, 39, 40, 41, 42, 43, 44, 45, 46, 47, 48, 49, 50, 51, 52, 53, 54, 55, 56, 57, 58, 59, 60, 61, 62, 63, 67, 70, 71, 72, 73, 74, 79, 80, 85, 86, 87, 91, 92, 93, 98, 102, 103, 104, 105, 106, 107, 109, 110, 111, 112, 114, 115, 116, 117, 118, 120, 121, 122, 123, 124, 125, 127, 128, 129
colacorr	94	false	false	false	2, 3, 4, 8, 9, 10, 11, 12, 14, 15, 16, 17, 18, 19, 20, 21, 22, 23, 25, 26, 27, 35, 36, 44, 49, 56, 60, 61, 62, 63, 67, 70, 71, 73, 74, 107, 114, 123, 124, 43, 72, 75, 76, 77, 78, 81
colacorr	95	false	false	false	1, 2, 3, 4, 5, 6, 7, 8, 9, 10, 11, 12, 13, 14, 15, 16, 17, 18, 19, 20, 21, 22, 23, 24, 25, 26, 27, 28, 29, 30, 31, 32, 33, 34, 35, 36, 37, 38, 39, 40, 41, 42, 43, 44, 45, 46, 47, 48, 49, 50, 51, 52, 53, 54, 55, 56, 57, 58, 59, 60, 61, 62, 63, 64, 65, 66, 67, 68, 69, 70, 71, 72, 73, 74, 75, 76, 77, 78, 79, 80, 81, 82, 83, 84, 85, 86, 87, 88, 89, 90, 91, 92, 93, 94, 95, 96, 97, 98, 99, 100, 101, 102, 103, 104, 105, 106, 107, 108, 109, 110, 111, 112, 113, 114, 115, 116, 117, 118, 119, 120, 121, 122, 123, 124, 125, 126, 127, 128, 129
colacorr	96	false	true	false	1, 2, 3, 4, 5, 6, 8, 9, 10, 11, 12, 13, 14, 15, 16, 17, 18, 19, 20, 21, 22, 23, 24, 25, 26, 27, 32, 33, 34, 35, 36, 38, 44, 56, 57, 60, 61, 62, 63, 67, 70, 71, 73, 74, 106, 107, 112, 114, 116, 117, 118, 122, 123, 124, 128
colacorr	97	false	true	false	56, 61, 67, 70, 71, 73, 74, 107, 114
colacorr	98	false	false	false	1, 2, 3, 4, 5, 6, 7, 8, 9, 10, 11, 12, 13, 14, 15, 16, 17, 18, 19, 20, 21, 22, 23, 24, 25, 26, 27, 28, 29, 30, 31, 32, 33, 34, 35, 36, 37, 38, 39, 40, 41, 42, 43, 44, 45, 46, 47, 48, 49, 50, 51, 52, 53, 54, 55, 56, 57, 58, 59, 60, 61, 62, 63, 64, 65, 66, 67, 68, 69, 70, 71, 73, 74, 79, 80, 82, 83, 85, 86, 87, 88, 89, 90, 91, 92, 93, 94, 95, 96, 97, 98, 99, 100, 101, 102, 103, 104, 105, 106, 107, 108, 109, 110, 111, 112, 113, 114, 115, 116, 117, 118, 119, 120, 121, 122, 123, 124, 125, 126, 127, 128, 129, 72, 75, 76, 77, 78, 81
colacorr	99	true	false	false	56, 61, 67, 70, 71, 74, 107, 114, 43, 44, 49, 62, 72, 73, 75, 76, 77, 78, 81
colacorr	100	false	false	false	1, 2, 3, 4, 5, 6, 7, 8, 9, 10, 11, 12, 13, 14, 15, 16, 17, 18, 19, 20, 21, 22, 23, 24, 25, 26, 27, 28, 29, 30, 31, 32, 33, 34, 35, 36, 37, 38, 39, 40, 41, 42, 43, 44, 45, 46, 47, 48, 49, 50, 51, 52, 53, 54, 55, 56, 57, 58, 59, 60, 61, 62, 63, 64, 65, 66, 67, 68, 69, 70, 71, 72, 73, 74, 75, 76, 77, 78, 79, 80, 81, 82, 83, 84, 85, 86, 87, 88, 89, 90, 91, 92, 93, 94, 95, 96, 97, 98, 99, 100, 101, 102, 103, 104, 105, 106, 107, 108, 109, 110, 111, 112, 113, 115, 116, 117, 118, 119, 120, 121, 122, 123, 124, 125, 126, 127, 128, 129, 114
colacorr	101	false	false	false	1, 2, 3, 4, 5, 6, 8, 9, 10, 11, 12, 13, 14, 15, 16, 17, 18, 19, 20, 21, 22, 23, 24, 25, 26, 27, 32, 34, 35, 36, 37, 38, 40, 42, 43, 44, 46, 47, 48, 49, 50, 51, 52, 53, 54, 56, 57, 58, 59, 60, 61, 62, 63, 65, 66, 67, 70, 71, 72, 73, 74, 79, 80, 83, 85, 86, 87, 91, 92, 93, 104, 105, 106, 107, 109, 112, 114, 115, 116, 117, 118, 120, 121, 122, 123, 124, 125, 126, 128, 129, 75, 76, 77, 78, 81
colacorr	102	false	false	false	3, 4, 8, 9, 10, 14, 15, 16, 17, 21, 22, 23, 25, 35, 36, 37, 38, 44, 57, 60, 61, 62, 63, 66, 67, 70, 71, 73, 74, 106, 107, 114, 43, 49, 72, 75, 76, 77, 78, 81
colacorr	103	false	false	false	2, 3, 4, 5, 6, 8, 9, 10, 11, 12, 14, 15, 16, 17, 18, 20, 21, 22, 23, 25, 27, 35, 36, 38, 43, 44, 48, 49, 56, 57, 60, 61, 62, 63, 66, 67, 70, 71, 73, 74, 79, 106, 107, 112, 114, 116, 123, 124, 129, 72, 75, 76, 77, 78, 81
colacorr	104	false	true	false	1, 2, 3, 4, 5, 6, 8, 9, 10, 11, 12, 13, 14, 15, 16, 17, 18, 19, 20, 21, 22, 23, 24, 25, 26, 27, 32, 33, 34, 35, 36, 37, 38, 40, 42, 43, 44, 45, 46, 47, 48, 49, 50, 51, 52, 53, 54, 56, 57, 58, 59, 60, 61, 62, 63, 66, 67, 70, 71, 73, 74, 79, 80, 85, 86, 87, 91, 93, 104, 106, 107, 108, 109, 110, 111, 112, 113, 114, 115, 116, 117, 118, 120, 121, 122, 123, 124, 125, 126, 127, 128, 129
colacorr	105	false	false	false	1, 2, 3, 4, 5, 6, 8, 9, 10, 11, 12, 13, 14, 15, 16, 17, 18, 19, 20, 21, 22, 23, 24, 25, 26, 27, 32, 33, 35, 36, 37, 38, 40, 42, 43, 44, 46, 48, 49, 51, 56, 57, 60, 61, 62, 63, 66, 67, 70, 71, 73, 74, 79, 80, 86, 104, 106, 107, 112, 114, 115, 116, 117, 118, 120, 121, 122, 123, 124, 125, 126, 128, 129, 72, 75, 76, 77, 78, 81
colacorr	106	false	false	false	1, 2, 3, 4, 5, 6, 8, 9, 10, 11, 12, 13, 14, 15, 16, 17, 18, 19, 20, 21, 22, 23, 24, 25, 26, 27, 32, 33, 34, 35, 36, 37, 38, 40, 42, 43, 44, 45, 46, 47, 48, 49, 50, 51, 52, 53, 54, 55, 56, 57, 58, 59, 60, 61, 62, 63, 64, 65, 66, 67, 69, 70, 71, 73, 74, 79, 80, 82, 83, 85, 86, 87, 88, 90, 91, 92, 93, 95, 96, 98, 99, 100, 101, 102, 104, 106, 107, 108, 109, 110, 111, 112, 113, 114, 115, 116, 117, 118, 120, 121, 122, 123, 124, 125, 126, 127, 128, 129, 72, 75, 76, 77, 78, 81
colacorr	107	false	false	false	1, 2, 3, 4, 5, 6, 7, 8, 9, 10, 11, 12, 14, 15, 16, 17, 18, 20, 21, 22, 23, 25, 26, 27, 32, 35, 36, 37, 38, 42, 43, 44, 48, 49, 51, 54, 55, 56, 57, 60, 61, 62, 63, 66, 67, 70, 71, 73, 74, 79, 85, 86, 87, 93, 104, 106, 107, 112, 114, 115, 116, 118, 121, 122, 123, 124, 128, 129, 72, 75, 76, 77, 78, 81
colacorr	108	true	false	false	35, 36, 44, 57, 60, 61, 62, 63, 66, 67, 70, 71, 73, 74, 106, 107, 114, 43, 49, 72, 75, 76, 77, 78, 81
colacorr	109	false	true	false	1, 2, 3, 4, 5, 6, 7, 8, 9, 10, 11, 12, 13, 14, 15, 16, 17, 18, 19, 20, 21, 22, 23, 24, 25, 26, 27, 32, 33, 34, 35, 36, 37, 38, 39, 40, 42, 43, 44, 45, 46, 47, 48, 49, 50, 51, 52, 53, 54, 56, 57, 58, 59, 60, 61, 62, 63, 64, 65, 66, 67, 69, 70, 71, 73, 74, 79, 80, 82, 83, 85, 86, 87, 88, 89, 90, 91, 92, 93, 94, 95, 96, 98, 99, 101, 102, 103, 104, 106, 107, 108, 109, 112, 113, 114, 115, 116, 117, 118, 120, 121, 122, 123, 124, 125, 126, 127, 128, 129
colacorr	110	false	true	false	3, 7, 8, 9, 10, 14, 15, 16, 17, 18, 21, 22, 25, 35, 36, 37, 38, 40, 44, 57, 60, 61, 62, 63, 66, 67, 70, 71, 73, 74, 106, 107, 114
colacorr	111	false	true	false	1, 2, 3, 4, 5, 6, 7, 8, 9, 10, 11, 12, 13, 14, 15, 16, 17, 18, 19, 20, 21, 22, 23, 24, 25, 26, 27, 28, 29, 30, 31, 32, 33, 34, 35, 36, 37, 38, 39, 40, 41, 42, 43, 44, 45, 46, 47, 48, 49, 50, 51, 52, 53, 54, 55, 56, 57, 58, 59, 60, 61, 62, 63, 64, 65, 66, 67, 68, 69, 70, 71, 73, 74, 79, 80, 82, 83, 85, 86, 87, 88, 89, 90, 91, 92, 93, 94, 95, 96, 98, 99, 100, 101, 102, 103, 104, 105, 106, 107, 108, 109, 110, 111, 112, 113, 114, 115, 116, 117, 118, 119, 120, 121, 122, 123, 124, 125, 126, 127, 128, 129
colacorr	112	false	true	false	1, 2, 3, 4, 5, 6, 8, 9, 10, 11, 12, 13, 14, 15, 16, 17, 18, 19, 20, 21, 22, 23, 24, 25, 26, 27, 32, 33, 34, 35, 36, 38, 42, 43, 44, 46, 47, 48, 49, 51, 54, 56, 57, 60, 61, 62, 63, 66, 67, 70, 71, 73, 74, 80, 87, 93, 104, 106, 107, 112, 114, 115, 116, 117, 118, 120, 121, 122, 123, 124, 125, 127, 128, 129
colacorr	113	false	true	false	44, 60, 61, 62, 63, 67, 70, 71, 73, 74, 107, 114
colacorr	114	false	true	true	1, 2, 3, 4, 5, 6, 7, 8, 9, 10, 11, 12, 13, 14, 15, 16, 17, 18, 19, 20, 21, 22, 23, 24, 25, 26, 27, 28, 29, 30, 31, 32, 33, 34, 35, 36, 37, 38, 39, 40, 41, 42, 43, 44, 45, 46, 47, 48, 49, 50, 51, 52, 53, 54, 55, 56, 57, 58, 59, 60, 61, 62, 63, 64, 65, 66, 67, 68, 69, 70, 71, 73, 74, 78, 79, 80, 82, 83, 84, 85, 86, 87, 88, 89, 90, 91, 92, 93, 94, 95, 96, 97, 98, 99, 100, 101, 102, 103, 104, 105, 106, 107, 108, 109, 110, 111, 112, 113, 114, 115, 116, 117, 118, 119, 120, 121, 122, 123, 124, 125, 126, 127, 128, 129
colacorr	115	false	true	false	1, 2, 3, 4, 5, 6, 7, 8, 9, 10, 11, 12, 13, 14, 15, 16, 17, 18, 19, 20, 21, 22, 23, 24, 25, 26, 27, 32, 33, 34, 35, 36, 37, 38, 39, 40, 41, 42, 43, 44, 45, 46, 47, 48, 49, 50, 51, 52, 53, 54, 56, 57, 58, 59, 60, 61, 62, 63, 64, 65, 66, 67, 69, 70, 71, 73, 74, 79, 80, 82, 83, 85, 86, 87, 88, 90, 91, 93, 101, 104, 106, 107, 108, 109, 111, 112, 113, 114, 115, 116, 117, 118, 120, 121, 122, 123, 124, 125, 126, 127, 128, 129
colacorr	116	true	false	false	35, 62, 114, 43, 44, 49, 61, 67, 70, 71, 72, 73, 74, 75, 76, 77, 78, 81, 107
colacorr	117	true	false	false	61, 62, 67, 70, 71, 74, 114, 43, 44, 49, 72, 73, 75, 76, 77, 78, 81, 107
colacorr	118	true	false	false	35, 36, 44, 57, 60, 61, 62, 63, 66, 67, 70, 71, 73, 74, 106, 107, 114, 43, 49, 72, 75, 76, 77, 78, 81
colacorr	119	true	false	false	61, 62, 67, 70, 71, 74, 114, 43, 44, 49, 72, 73, 75, 76, 77, 78, 81, 107
colacorr	120	false	true	false	1, 2, 3, 4, 5, 6, 7, 8, 9, 10, 11, 12, 13, 14, 15, 16, 17, 18, 19, 20, 21, 22, 23, 24, 25, 26, 27, 28, 29, 30, 31, 32, 33, 34, 35, 36, 37, 38, 39, 40, 41, 42, 43, 44, 45, 46, 47, 48, 49, 50, 51, 52, 53, 54, 55, 56, 57, 58, 59, 60, 61, 62, 63, 64, 65, 66, 67, 68, 69, 70, 71, 73, 74, 78, 79, 80, 82, 83, 84, 85, 86, 87, 88, 89, 90, 91, 92, 93, 94, 95, 96, 97, 98, 99, 100, 101, 102, 103, 104, 105, 106, 107, 108, 109, 110, 111, 112, 113, 114, 115, 116, 117, 118, 119, 120, 121, 122, 123, 124, 125, 126, 127, 128, 129
colacorr	121	false	true	true	14, 25, 62, 66, 114
colacorr	122	false	true	false	1, 2, 3, 4, 5, 6, 7, 8, 9, 10, 11, 12, 13, 14, 15, 16, 17, 18, 19, 20, 21, 22, 23, 24, 25, 26, 27, 28, 29, 30, 31, 32, 33, 34, 35, 36, 37, 38, 39, 40, 41, 42, 43, 44, 45, 46, 47, 48, 49, 50, 51, 52, 53, 54, 55, 56, 57, 58, 59, 60, 61, 62, 63, 64, 65, 66, 67, 68, 69, 70, 71, 73, 74, 78, 79, 80, 82, 83, 84, 85, 86, 87, 88, 89, 90, 91, 92, 93, 94, 95, 96, 97, 98, 99, 100, 101, 102, 103, 104, 105, 106, 107, 108, 109, 110, 111, 112, 113, 114, 115, 116, 117, 118, 119, 120, 121, 122, 123, 124, 125, 126, 127, 128, 129
inlacorr	1	false	true	true
inlacorr	2	false	true	true	14
inlacorr	3	true	false	false	43, 44, 49, 61, 62, 67, 70, 71, 72, 73, 74, 75, 76, 77, 78, 81, 107, 114
inlacorr	4	false	true	true
inlacorr	5	false	true	true
inlacorr	6	false	true	true
inlacorr	7	false	true	true
inlacorr	8	false	true	true	8, 61, 62, 67, 70, 71, 72, 73, 74, 75, 76, 77, 81
inlacorr	9	false	true	true	8, 61, 62, 67, 70, 71, 72, 73, 74, 75, 76, 77, 78, 81
inlacorr	10	true	false	false	43, 44, 49, 61, 62, 67, 70, 71, 72, 73, 74, 75, 76, 77, 78, 81, 107, 114
inlacorr	11	true	false	false	43, 44, 49, 61, 62, 67, 70, 71, 72, 73, 74, 75, 76, 77, 78, 81, 107, 114
inlacorr	12	false	true	true	32, 38, 55, 61, 62, 67, 70, 71, 72, 73, 74, 75, 76, 77, 78, 81, 127, 128
inlacorr	13	false	true	true
inlacorr	14	false	true	true	61, 62, 67, 70, 71, 72, 73, 74
inlacorr	15	false	true	true
inlacorr	16	true	false	false	43, 44, 49, 61, 62, 67, 70, 71, 72, 73, 74, 75, 76, 77, 78, 81, 107, 114
inlacorr	17	true	false	false	43, 44, 49, 61, 62, 67, 70, 71, 72, 73, 74, 75, 76, 77, 78, 81, 107, 114
inlacorr	18	true	false	false	61, 62, 67, 70, 71, 72, 73, 74, 43, 44, 49, 75, 76, 77, 78, 81, 107, 114
inlacorr	19	true	false	false	43, 44, 49, 61, 62, 67, 70, 71, 72, 73, 74, 75, 76, 77, 78, 81, 107, 114
inlacorr	20	true	false	false	61, 62, 67, 70, 71, 72, 73, 74, 75, 43, 44, 49, 76, 77, 78, 81, 107, 114
inlacorr	21	true	false	false	43, 44, 49, 61, 62, 67, 70, 71, 72, 73, 74, 75, 76, 77, 78, 81, 107, 114
inlacorr	22	false	true	false	8, 14
inlacorr	23	true	false	false	43, 44, 49, 61, 62, 67, 70, 71, 72, 73, 74, 75, 76, 77, 78, 81, 107, 114
inlacorr	24	true	false	false	43, 44, 49, 61, 62, 67, 70, 71, 72, 73, 74, 75, 76, 77, 78, 81, 107, 114
inlacorr	25	false	true	false
inlacorr	26	true	false	false	43, 44, 49, 61, 62, 67, 70, 71, 72, 73, 74, 75, 76, 77, 78, 81, 107, 114
inlacorr	27	true	false	false	61, 62, 67, 70, 71, 72, 73, 74, 75, 76, 77, 78, 81, 43, 44, 49, 107, 114
inlacorr	28	true	false	false	61, 62, 67, 70, 71, 72, 73, 74, 75, 76, 77, 78, 81, 43, 44, 49, 107, 114
inlacorr	29	true	false	false	61, 62, 67, 70, 71, 72, 73, 74, 75, 76, 77, 78, 81, 43, 44, 49, 107, 114
inlacorr	30	true	false	false	55, 61, 62, 67, 70, 71, 72, 73, 74, 75, 76, 77, 78, 81, 43, 44, 49, 107, 114
inlacorr	31	true	false	false	55, 61, 62, 67, 70, 71, 72, 73, 74, 75, 76, 77, 78, 81, 114, 43, 44, 49, 107
inlacorr	32	true	false	false	61, 62, 67, 70, 71, 72, 73, 74, 75, 76, 77, 78, 81, 43, 44, 49, 107, 114
inlacorr	33	true	false	false	61, 62, 67, 70, 71, 72, 73, 74, 75, 76, 77, 78, 81, 43, 44, 49, 107, 114
inlacorr	34	true	false	false	43, 44, 49, 61, 62, 67, 70, 71, 72, 73, 74, 75, 76, 77, 78, 81, 107, 114
inlacorr	35	true	false	false	55, 61, 62, 67, 70, 71, 72, 73, 74, 75, 76, 77, 78, 81, 43, 44, 49, 107, 114
inlacorr	36	true	false	false	61, 62, 67, 70, 71, 72, 73, 74, 75, 76, 77, 78, 81, 114, 43, 44, 49, 107
inlacorr	37	true	false	false	55, 61, 62, 67, 70, 71, 72, 73, 74, 75, 76, 77, 78, 81, 114, 43, 44, 49, 107
inlacorr	38	true	false	false	55, 61, 62, 67, 70, 71, 72, 73, 74, 75, 76, 77, 78, 81, 43, 44, 49, 107, 114
inlacorr	39	true	false	false	61, 62, 67, 70, 71, 72, 73, 74, 75, 76, 77, 78, 81, 43, 44, 49, 107, 114
inlacorr	40	true	false	false	55, 61, 62, 67, 70, 71, 72, 73, 74, 75, 76, 77, 78, 81, 114, 43, 44, 49, 107
inlacorr	41	true	false	false	55, 61, 62, 67, 70, 71, 72, 73, 74, 75, 76, 77, 78, 81, 107, 114, 43, 44, 49
inlacorr	42	true	false	false	61, 62, 67, 70, 71, 72, 73, 74, 75, 76, 77, 78, 81, 114, 43, 44, 49, 107
inlacorr	43	true	false	false	43, 55, 61, 62, 67, 70, 71, 72, 73, 74, 75, 76, 77, 78, 81, 107, 114, 44, 49
inlacorr	44	true	false	false	43, 44, 49, 61, 62, 67, 70, 71, 72, 73, 74, 75, 76, 77, 78, 81, 107, 114
inlacorr	45	true	false	false	61, 62, 67, 70, 71, 72, 73, 74, 75, 76, 77, 78, 81, 114, 43, 44, 49, 107
inlacorr	46	true	false	false	43, 61, 62, 67, 70, 71, 72, 73, 74, 75, 76, 77, 78, 81, 107, 114, 44, 49
inlacorr	47	true	false	false	43, 61, 62, 67, 70, 71, 72, 73, 74, 75, 76, 77, 78, 81, 107, 114, 44, 49
inlacorr	48	true	false	false	114, 43, 44, 49, 61, 62, 67, 70, 71, 72, 73, 74, 75, 76, 77, 78, 81, 107
inlacorr	49	false	true	false	3, 8, 9, 10, 14, 15, 16, 17, 19, 21, 22, 25, 43, 55, 61, 62, 67, 70, 71, 72, 73, 74, 75, 76, 77, 78, 81, 107
inlacorr	50	true	false	false	43, 55, 61, 62, 67, 70, 71, 72, 73, 74, 75, 76, 77, 78, 81, 107, 44, 49, 114
inlacorr	51	true	false	false	43, 49, 55, 61, 62, 67, 70, 71, 72, 73, 74, 75, 76, 77, 78, 81, 107, 44, 114
inlacorr	52	true	false	false	43, 55, 61, 62, 67, 70, 71, 72, 73, 74, 75, 76, 77, 78, 81, 107, 44, 49, 114
inlacorr	53	true	false	false	43, 44, 49, 55, 61, 62, 67, 70, 71, 72, 73, 74, 75, 76, 77, 78, 81, 107, 114
inlacorr	54	true	false	false	43, 44, 49, 61, 62, 67, 70, 71, 72, 73, 74, 75, 76, 77, 78, 81, 107, 114
inlacorr	55	true	false	false	43, 44, 55, 61, 62, 67, 70, 71, 72, 73, 74, 75, 76, 77, 78, 81, 107, 49, 114
inlacorr	56	true	false	false	43, 44, 55, 61, 62, 67, 70, 71, 72, 73, 74, 75, 76, 77, 78, 81, 107, 49, 114
inlacorr	57	true	false	false	43, 61, 62, 67, 70, 71, 72, 73, 74, 44, 49, 75, 76, 77, 78, 81, 107, 114
inlacorr	58	true	false	false	43, 44, 49, 61, 62, 67, 70, 71, 72, 73, 74, 75, 76, 77, 78, 81, 107, 114
inlacorr	59	true	false	false	43, 44, 49, 61, 62, 67, 70, 71, 72, 73, 74, 75, 76, 77, 78, 81, 107, 114
inlacorr	60	true	false	false	43, 61, 62, 67, 70, 71, 72, 73, 74, 107, 44, 49, 75, 76, 77, 78, 81, 114
inlacorr	61	true	false	false	43, 61, 62, 67, 70, 71, 72, 73, 74, 75, 76, 77, 78, 81, 107, 44, 49, 114
inlacorr	62	true	false	false	43, 61, 62, 67, 70, 71, 72, 73, 74, 75, 76, 77, 81, 107, 44, 49, 78, 114
inlacorr	63	true	false	false	43, 44, 49, 55, 61, 62, 67, 70, 71, 72, 73, 74, 75, 76, 77, 78, 81, 107, 114
inlacorr	64	true	false	false	43, 44, 49, 61, 62, 67, 70, 71, 72, 73, 74, 75, 76, 77, 78, 81, 107, 114
inlacorr	65	true	false	false	43, 44, 55, 61, 62, 67, 70, 71, 72, 73, 74, 75, 76, 77, 78, 81, 107, 49, 114
inlacorr	66	false	true	false	8, 9, 10, 14, 15, 16, 17, 18, 19, 21, 22, 23, 25, 43, 44, 55, 61, 62, 67, 70, 71, 72, 73, 74, 75, 76, 77, 78, 81, 107
inlacorr	67	false	true	false	43, 44, 55, 61, 62, 67, 70, 71, 72, 73, 74, 75, 76, 77, 78, 81, 107, 126
inlacorr	68	false	true	false	43, 44, 49, 61, 62, 67, 70, 71, 72, 73, 74, 75, 76, 77, 78, 81, 107
inlacorr	69	true	false	false	43, 44, 61, 62, 67, 70, 71, 72, 73, 74, 75, 76, 77, 78, 81, 107, 49, 114
inlacorr	70	true	false	false	43, 61, 62, 67, 70, 71, 72, 73, 74, 107, 44, 49, 75, 76, 77, 78, 81, 114
inlacorr	71	true	false	false	43, 61, 67, 70, 74, 44, 49, 62, 71, 72, 73, 75, 76, 77, 78, 81, 107, 114
inlacorr	72	false	false	false	2, 3, 4, 5, 8, 9, 10, 11, 12, 14, 15, 16, 17, 18, 19, 21, 22, 23, 25, 26, 27, 43, 44, 49, 55, 56, 61, 62, 67, 70, 71, 72, 73, 74, 75, 76, 77, 78, 81, 107, 114, 124
inlacorr	73	true	false	false	43, 44, 49, 55, 56, 61, 62, 67, 70, 71, 72, 73, 74, 75, 76, 77, 78, 81, 107, 114
inlacorr	74	true	false	false	8, 9, 14, 15, 17, 21, 22, 25, 38, 43, 44, 49, 55, 56, 61, 62, 67, 70, 71, 72, 73, 74, 75, 76, 77, 78, 81, 107, 114, 120
inlacorr	75	true	false	false	35, 36, 37, 38, 43, 44, 49, 56, 61, 62, 67, 70, 71, 72, 73, 74, 75, 76, 77, 78, 81, 107, 114
inlacorr	76	false	true	false	1, 2, 3, 4, 5, 6, 7, 8, 9, 10, 11, 12, 13, 14, 15, 16, 17, 18, 19, 20, 21, 22, 23, 24, 25, 26, 27, 28, 29, 30, 31, 32, 33, 34, 35, 36, 37, 38, 39, 40, 41, 42, 43, 44, 45, 46, 47, 48, 49, 50, 51, 52, 53, 54, 56, 57, 58, 59, 60, 61, 62, 63, 64, 65, 66, 67, 68, 69, 70, 71, 72, 73, 74, 75, 76, 77, 78, 79, 80, 81, 82, 83, 85, 86, 87, 88, 89, 90, 91, 92, 93, 94, 95, 96, 97, 98, 99, 100, 101, 102, 103, 104, 105, 106, 107, 108, 109, 110, 111, 112, 113, 114, 115, 116, 117, 118, 119, 120, 121, 122, 123, 124, 125, 126, 127, 128, 129
inlacorr	77	true	false	false	43, 44, 49, 56, 60, 61, 62, 67, 70, 71, 72, 73, 74, 75, 76, 77, 78, 81, 107, 114
inlacorr	78	true	false	false	43, 49, 61, 67, 70, 71, 73, 74, 107, 44, 62, 72, 75, 76, 77, 78, 81, 114
inlacorr	79	false	true	false	43, 49
inlacorr	80	true	false	false	35, 36, 37, 43, 49, 44, 61, 62, 67, 70, 71, 72, 73, 74, 75, 76, 77, 78, 81, 107, 114
inlacorr	81	true	false	false	35, 36, 38, 40, 44, 49, 56, 60, 61, 62, 67, 70, 71, 72, 73, 74, 75, 76, 77, 81, 92, 97, 103, 107, 114, 43, 78
inlacorr	82	false	true	false	49
inlacorr	83	true	false	false	49, 61, 67, 74, 43, 44, 62, 70, 71, 72, 73, 75, 76, 77, 78, 81, 107, 114
inlacorr	84	false	true	false	1, 2, 3, 4, 5, 6, 7, 8, 9, 10, 11, 12, 13, 14, 15, 16, 17, 18, 19, 20, 21, 22, 23, 24, 25, 26, 27, 28, 29, 30, 31, 32, 33, 34, 35, 36, 37, 38, 39, 40, 41, 42, 43, 44, 45, 46, 47, 48, 49, 50, 51, 52, 53, 54, 55, 56, 57, 58, 59, 60, 61, 62, 64, 65, 67, 69, 70, 71, 72, 73, 74, 75, 76, 77, 78, 79, 80, 81, 82, 83, 85, 86, 87, 88, 90, 91, 92, 93, 95, 96, 97, 98, 99, 100, 101, 102, 103, 104, 105, 106, 107, 108, 109, 110, 111, 112, 113, 114, 115, 116, 117, 118, 119, 120, 121, 122, 123, 124, 125, 126, 127, 128, 129
inlacorr	85	false	false	false	2, 3, 4, 8, 9, 10, 11, 14, 15, 16, 17, 18, 21, 22, 23, 25, 26, 35, 36, 37, 38, 40, 44, 49, 56, 60, 61, 62, 63, 67, 70, 71, 72, 73, 74, 75, 76, 77, 81, 89, 94, 106, 107, 114, 43, 78
inlacorr	86	true	false	false	35, 36, 38, 44, 49, 56, 60, 61, 62, 67, 70, 71, 72, 73, 74, 107, 114, 43, 75, 76, 77, 78, 81
inlacorr	87	true	false	false	35, 36, 37, 38, 39, 40, 44, 49, 56, 57, 60, 61, 62, 63, 67, 70, 71, 72, 73, 74, 106, 107, 114, 120, 126, 127, 128, 43, 75, 76, 77, 78, 81
inlacorr	88	true	false	false	49, 56, 114, 43, 44, 61, 62, 67, 70, 71, 72, 73, 74, 75, 76, 77, 78, 81, 107
inlacorr	89	true	false	false	35, 36, 37, 38, 40, 44, 49, 56, 57, 60, 61, 62, 63, 67, 70, 71, 72, 73, 74, 106, 107, 114, 43, 75, 76, 77, 78, 81
inlacorr	90	true	false	false	35, 36, 38, 40, 44, 49, 56, 57, 60, 61, 62, 63, 67, 70, 71, 72, 73, 74, 106, 107, 114, 116, 43, 75, 76, 77, 78, 81
inlacorr	91	false	true	false	35, 36, 38, 40, 44, 49, 56, 57, 60, 61, 63, 67, 70, 71, 73, 74, 106, 107, 114, 127
inlacorr	92	true	false	false	44, 49, 56, 61, 67, 70, 71, 73, 74, 114, 43, 62, 72, 75, 76, 77, 78, 81, 107
inlacorr	93	false	true	false	1, 2, 3, 4, 5, 6, 7, 8, 9, 10, 11, 12, 13, 14, 15, 16, 17, 18, 19, 20, 21, 22, 23, 24, 25, 26, 27, 28, 29, 30, 31, 32, 33, 34, 35, 36, 38, 39, 40, 41, 42, 43, 44, 45, 46, 47, 48, 49, 50, 51, 52, 53, 54, 55, 56, 57, 58, 59, 60, 61, 62, 63, 64, 65, 67, 68, 69, 70, 71, 72, 73, 74, 79, 80, 82, 83, 85, 86, 87, 88, 89, 90, 91, 92, 93, 94, 95, 96, 97, 98, 99, 100, 101, 102, 103, 104, 105, 106, 107, 108, 109, 110, 111, 112, 113, 114, 115, 116, 117, 118, 119, 120, 121, 122, 123, 124, 125, 126, 127, 128, 129
inlacorr	94	false	false	false	1, 2, 3, 4, 5, 6, 7, 8, 9, 10, 11, 12, 13, 14, 15, 16, 17, 18, 19, 20, 21, 22, 23, 24, 25, 26, 27, 28, 29, 30, 31, 32, 33, 34, 35, 36, 37, 38, 39, 40, 41, 42, 43, 44, 45, 46, 47, 48, 49, 50, 51, 52, 53, 54, 55, 56, 57, 58, 59, 60, 61, 62, 63, 64, 65, 67, 68, 69, 70, 71, 72, 73, 74, 79, 80, 82, 83, 84, 85, 86, 87, 88, 89, 90, 91, 92, 93, 94, 95, 96, 97, 98, 99, 100, 101, 102, 103, 104, 105, 106, 107, 108, 109, 110, 111, 112, 113, 114, 115, 116, 117, 118, 119, 120, 121, 122, 123, 124, 125, 126, 127, 128, 129, 75, 76, 77, 78, 81
inlacorr	95	true	false	false	61, 67, 70, 74, 114, 43, 44, 49, 62, 71, 72, 73, 75, 76, 77, 78, 81, 107
inlacorr	96	false	true	true	8, 9, 14, 21, 25, 38, 56, 61, 67, 70, 71, 73, 74, 107, 114, 126
inlacorr	97	false	true	false	1, 2, 3, 4, 5, 6, 8, 9, 10, 11, 12, 13, 14, 15, 16, 17, 18, 19, 20, 21, 22, 23, 24, 25, 26, 27, 28, 29, 30, 31, 32, 33, 34, 35, 36, 37, 38, 39, 40, 41, 42, 43, 44, 45, 46, 47, 48, 49, 50, 51, 52, 53, 54, 55, 56, 57, 58, 59, 60, 61, 62, 63, 64, 65, 66, 67, 68, 69, 70, 71, 73, 74, 79, 80, 82, 83, 84, 85, 86, 87, 88, 89, 90, 91, 92, 93, 94, 95, 96, 97, 98, 99, 100, 101, 102, 103, 104, 105, 106, 107, 108, 109, 110, 111, 112, 113, 114, 115, 116, 117, 118, 119, 120, 121, 122, 123, 124, 125, 126, 127, 128, 129
inlacorr	98	true	false	false	44, 56, 61, 67, 70, 71, 74, 107, 114, 43, 49, 62, 72, 73, 75, 76, 77, 78, 81
inlacorr	99	false	false	false	1, 2, 3, 4, 5, 6, 7, 8, 9, 10, 11, 12, 13, 14, 15, 16, 17, 18, 19, 20, 21, 22, 23, 24, 25, 26, 27, 28, 29, 30, 31, 32, 33, 34, 35, 36, 37, 38, 39, 40, 41, 42, 43, 44, 45, 46, 47, 48, 49, 50, 51, 52, 53, 54, 55, 56, 57, 58, 59, 60, 61, 62, 63, 64, 65, 66, 67, 68, 69, 70, 71, 73, 74, 79, 80, 82, 83, 85, 86, 87, 88, 89, 90, 91, 92, 93, 94, 95, 96, 97, 98, 99, 100, 101, 102, 103, 104, 105, 106, 107, 108, 109, 110, 111, 112, 113, 114, 115, 116, 117, 118, 119, 120, 121, 122, 123, 124, 125, 126, 127, 128, 129, 72, 75, 76, 77, 78, 81
inlacorr	100	true	false	false	35, 36, 38, 44, 57, 60, 61, 62, 63, 66, 67, 70, 71, 73, 74, 106, 107, 114, 43, 49, 72, 75, 76, 77, 78, 81
inlacorr	101	false	true	false	1, 2, 3, 4, 5, 6, 7, 8, 9, 10, 11, 12, 13, 14, 15, 16, 17, 18, 19, 20, 21, 22, 23, 24, 25, 26, 27, 28, 29, 30, 31, 32, 33, 34, 35, 36, 37, 38, 39, 40, 41, 42, 43, 44, 45, 46, 47, 48, 49, 50, 51, 52, 53, 54, 55, 56, 57, 58, 59, 60, 61, 62, 63, 64, 65, 66, 67, 68, 69, 70, 71, 73, 74, 79, 80, 82, 83, 84, 85, 86, 87, 88, 89, 90, 91, 92, 93, 94, 95, 96, 97, 98, 99, 100, 101, 102, 103, 104, 105, 106, 107, 108, 109, 110, 111, 112, 113, 114, 115, 116, 117, 118, 119, 120, 121, 122, 123, 124, 125, 126, 127, 128, 129
inlacorr	102	false	false	false	1, 2, 3, 4, 5, 6, 7, 8, 9, 10, 11, 12, 13, 14, 15, 16, 17, 18, 19, 20, 21, 22, 23, 24, 25, 26, 27, 28, 29, 30, 31, 32, 33, 34, 35, 36, 37, 38, 39, 40, 41, 42, 43, 44, 45, 46, 47, 48, 49, 50, 51, 52, 53, 54, 56, 57, 58, 59, 60, 61, 62, 63, 64, 65, 66, 67, 68, 69, 70, 71, 73, 74, 79, 80, 82, 83, 85, 86, 87, 88, 89, 90, 91, 92, 93, 94, 95, 96, 97, 98, 99, 100, 101, 102, 103, 104, 105, 106, 107, 108, 109, 110, 111, 112, 113, 114, 115, 116, 117, 118, 119, 120, 121, 122, 123, 124, 125, 126, 127, 128, 129, 72, 75, 76, 77, 78, 81
inlacorr	103	false	false	false	1, 2, 3, 4, 5, 6, 7, 8, 9, 10, 11, 12, 14, 15, 16, 17, 18, 20, 21, 22, 23, 25, 26, 27, 32, 35, 36, 37, 38, 40, 42, 43, 44, 46, 48, 49, 51, 56, 57, 58, 59, 60, 61, 62, 63, 65, 66, 67, 70, 71, 73, 74, 79, 80, 85, 86, 87, 93, 104, 106, 107, 112, 114, 115, 116, 117, 118, 120, 121, 122, 123, 124, 125, 126, 128, 129, 72, 75, 76, 77, 78, 81
inlacorr	104	true	false	false	42, 61, 67, 70, 71, 74, 114, 43, 44, 49, 62, 72, 73, 75, 76, 77, 78, 81, 107
inlacorr	105	true	false	false	44, 55, 61, 62, 67, 70, 71, 73, 74, 107, 114, 43, 49, 72, 75, 76, 77, 78, 81
inlacorr	106	false	false	false	1, 2, 3, 4, 5, 6, 7, 8, 9, 10, 11, 12, 13, 14, 15, 16, 17, 18, 19, 20, 21, 22, 23, 24, 25, 26, 27, 28, 30, 31, 32, 33, 34, 35, 36, 37, 38, 39, 40, 41, 42, 43, 44, 45, 46, 47, 48, 49, 50, 51, 52, 53, 54, 55, 56, 57, 58, 59, 60, 61, 62, 63, 64, 65, 66, 67, 68, 69, 70, 71, 73, 74, 79, 80, 82, 83, 85, 86, 87, 88, 89, 90, 91, 92, 93, 94, 95, 96, 97, 98, 99, 100, 101, 102, 103, 104, 105, 106, 107, 108, 109, 110, 111, 112, 113, 114, 115, 116, 117, 118, 119, 120, 121, 122, 123, 124, 125, 126, 127, 128, 129, 72, 75, 76, 77, 78, 81
inlacorr	107	false	false	false	1, 2, 3, 4, 5, 6, 7, 8, 9, 10, 11, 12, 13, 14, 15, 16, 17, 18, 19, 20, 21, 22, 23, 24, 25, 26, 27, 28, 29, 30, 31, 32, 33, 34, 35, 36, 37, 38, 39, 40, 41, 42, 43, 44, 45, 46, 47, 48, 49, 50, 51, 52, 53, 54, 55, 56, 57, 58, 59, 60, 61, 62, 63, 64, 65, 66, 67, 68, 69, 70, 71, 73, 74, 79, 80, 82, 83, 85, 86, 87, 88, 89, 90, 91, 92, 93, 94, 95, 96, 97, 99, 100, 101, 102, 103, 104, 105, 106, 107, 108, 109, 110, 111, 112, 113, 114, 115, 116, 117, 118, 119, 120, 121, 122, 123, 124, 125, 126, 127, 128, 129, 72, 75, 76, 77, 78, 81
inlacorr	108	true	false	false	35, 36, 38, 44, 57, 60, 61, 62, 63, 66, 67, 70, 71, 73, 74, 106, 107, 114, 43, 49, 72, 75, 76, 77, 78, 81
inlacorr	109	false	false	false	1, 2, 3, 4, 5, 6, 7, 8, 9, 10, 11, 12, 13, 14, 15, 16, 17, 18, 19, 20, 21, 22, 23, 24, 25, 26, 27, 28, 31, 32, 33, 34, 35, 36, 37, 38, 39, 40, 41, 42, 43, 44, 45, 46, 47, 48, 49, 50, 51, 52, 53, 54, 55, 56, 57, 58, 59, 60, 61, 62, 63, 64, 65, 66, 67, 68, 69, 70, 71, 73, 74, 79, 80, 82, 83, 85, 86, 87, 88, 90, 91, 92, 93, 95, 96, 97, 99, 100, 101, 102, 103, 104, 105, 106, 107, 108, 109, 110, 111, 112, 113, 114, 115, 116, 117, 118, 119, 120, 121, 122, 123, 124, 125, 126, 127, 128, 129, 72, 75, 76, 77, 78, 81
inlacorr	110	false	false	false	1, 2, 3, 4, 5, 8, 9, 10, 11, 12, 14, 15, 16, 17, 18, 20, 21, 22, 23, 25, 26, 27, 32, 35, 36, 38, 44, 51, 55, 57, 58, 60, 61, 62, 63, 64, 65, 66, 67, 69, 70, 71, 73, 74, 82, 88, 96, 100, 101, 106, 107, 108, 112, 113, 114, 115, 116, 120, 121, 122, 123, 124, 125, 126, 127, 128, 43, 49, 72, 75, 76, 77, 78, 81
inlacorr	111	false	true	false	1, 2, 3, 4, 5, 6, 7, 8, 9, 10, 11, 12, 13, 14, 15, 16, 17, 18, 19, 20, 21, 22, 23, 24, 25, 26, 27, 28, 29, 30, 31, 32, 33, 34, 35, 36, 37, 38, 39, 40, 41, 42, 43, 44, 45, 46, 47, 48, 49, 50, 51, 52, 53, 54, 55, 56, 57, 58, 59, 60, 61, 62, 63, 64, 65, 66, 67, 68, 69, 70, 71, 73, 74, 78, 79, 80, 82, 83, 84, 85, 86, 87, 88, 89, 90, 91, 92, 93, 94, 95, 96, 97, 98, 99, 100, 101, 102, 103, 104, 105, 106, 107, 108, 109, 110, 111, 112, 113, 114, 115, 116, 117, 118, 119, 120, 121, 122, 123, 124, 125, 126, 127, 128, 129
inlacorr	112	true	false	false	35, 36, 38, 44, 57, 60, 61, 62, 63, 66, 67, 70, 71, 72, 73, 74, 106, 107, 114, 43, 49, 75, 76, 77, 78, 81
inlacorr	113	false	true	false	1, 2, 3, 4, 5, 6, 7, 8, 9, 10, 11, 12, 13, 14, 15, 16, 17, 18, 19, 20, 21, 22, 23, 24, 25, 26, 27, 28, 29, 30, 31, 32, 33, 34, 35, 36, 37, 38, 39, 40, 41, 42, 43, 44, 45, 46, 47, 48, 49, 50, 51, 52, 53, 54, 55, 56, 57, 58, 59, 60, 61, 62, 63, 64, 65, 66, 67, 68, 69, 70, 71, 73, 74, 78, 79, 80, 82, 83, 84, 85, 86, 87, 88, 89, 90, 91, 92, 93, 94, 95, 96, 97, 98, 99, 100, 101, 102, 103, 104, 105, 106, 107, 108, 109, 110, 111, 112, 113, 114, 115, 116, 117, 118, 119, 120, 121, 122, 123, 124, 125, 126, 127, 128, 129
inlacorr	114	false	true	false	1, 2, 3, 4, 5, 6, 7, 8, 9, 10, 11, 12, 13, 14, 15, 16, 17, 18, 19, 20, 21, 22, 23, 24, 25, 26, 27, 28, 29, 30, 31, 32, 33, 34, 35, 36, 37, 38, 39, 40, 41, 42, 43, 44, 45, 46, 47, 48, 49, 50, 51, 52, 53, 54, 55, 56, 57, 58, 59, 60, 61, 62, 63, 64, 65, 66, 67, 68, 69, 70, 71, 73, 74, 78, 79, 80, 82, 83, 84, 85, 86, 87, 88, 89, 90, 91, 92, 93, 94, 95, 96, 97, 98, 99, 100, 101, 102, 103, 104, 105, 106, 107, 108, 109, 110, 111, 112, 113, 114, 115, 116, 117, 118, 119, 120, 121, 122, 123, 124, 125, 126, 127, 128, 129
inlacorr	115	true	false	false	44, 62, 107, 114, 43, 49, 61, 67, 70, 71, 72, 73, 74, 75, 76, 77, 78, 81
inlacorr	116	false	true	false	1, 2, 3, 4, 5, 6, 7, 8, 9, 10, 11, 12, 13, 14, 15, 16, 17, 18, 19, 20, 21, 22, 23, 24, 25, 26, 27, 28, 29, 30, 31, 32, 33, 34, 35, 36, 37, 38, 39, 40, 41, 42, 43, 44, 45, 46, 47, 48, 49, 50, 51, 52, 53, 54, 55, 56, 57, 58, 59, 60, 61, 62, 63, 64, 65, 66, 67, 68, 69, 70, 71, 72, 73, 74, 75, 76, 77, 78, 79, 80, 81, 82, 83, 84, 85, 86, 87, 88, 89, 90, 91, 92, 93, 94, 95, 96, 97, 98, 99, 100, 101, 102, 103, 104, 105, 106, 107, 108, 109, 110, 111, 112, 113, 114, 115, 116, 117, 118, 119, 120, 121, 122, 123, 124, 125, 126, 127, 128, 129
inlacorr	117	true	false	false	35, 36, 38, 43, 44, 48, 49, 56, 57, 60, 61, 62, 63, 66, 67, 70, 71, 72, 73, 74, 106, 107, 114, 75, 76, 77, 78, 81
inlacorr	118	false	true	false	1, 2, 3, 4, 5, 6, 7, 8, 9, 10, 11, 12, 13, 14, 15, 16, 17, 18, 19, 20, 21, 22, 23, 24, 25, 26, 27, 28, 29, 30, 31, 32, 33, 34, 35, 36, 37, 38, 39, 40, 41, 42, 43, 44, 45, 46, 47, 48, 49, 50, 51, 52, 53, 54, 55, 56, 57, 58, 59, 60, 61, 62, 63, 64, 65, 66, 67, 68, 69, 70, 71, 73, 74, 78, 79, 80, 82, 83, 84, 85, 86, 87, 88, 89, 90, 91, 92, 93, 94, 95, 96, 97, 98, 99, 100, 101, 102, 103, 104, 105, 106, 107, 108, 109, 110, 111, 112, 113, 114, 115, 116, 117, 118, 119, 120, 121, 122, 123, 124, 125, 126, 127, 128, 129
inlacorr	119	false	true	false	1, 2, 3, 4, 5, 6, 7, 8, 9, 10, 11, 12, 13, 14, 15, 16, 17, 18, 19, 20, 21, 22, 23, 24, 25, 26, 27, 28, 29, 30, 31, 32, 33, 34, 35, 36, 37, 38, 39, 40, 41, 42, 43, 44, 45, 46, 47, 48, 49, 50, 51, 52, 53, 54, 55, 56, 57, 58, 59, 60, 61, 62, 63, 64, 65, 66, 67, 68, 69, 70, 71, 73, 74, 78, 79, 80, 82, 83, 85, 86, 87, 88, 89, 90, 91, 92, 93, 94, 95, 96, 97, 98, 99, 100, 101, 102, 103, 104, 105, 106, 107, 108, 109, 110, 111, 112, 113, 114, 115, 116, 117, 118, 119, 120, 121, 122, 123, 124, 125, 126, 127, 128, 129
insocorr	1	true	false	false	43, 44, 49, 61, 62, 67, 70, 71, 72, 73, 74, 75, 76, 77, 78, 81, 107, 114
insocorr	2	true	false	false	43, 44, 49, 61, 62, 67, 70, 71, 72, 73, 74, 75, 76, 77, 78, 81, 107, 114
insocorr	3	true	false	false	43, 44, 49, 61, 62, 67, 70, 71, 72, 73, 74, 75, 76, 77, 78, 81, 107, 114
insocorr	4	false	true	true
insocorr	5	false	true	true	55, 61, 62, 67, 70, 71, 72, 73, 74, 75, 76, 77, 78, 81, 127
insocorr	6	false	true	true
insocorr	7	true	false	false	43, 44, 49, 61, 62, 67, 70, 71, 72, 73, 74, 75, 76, 77, 78, 81, 107, 114
insocorr	8	false	true	true	61, 67, 70, 71, 73, 74
insocorr	9	false	true	true	61, 62, 67, 70, 71, 72, 73, 74, 75, 76, 77, 78, 81
insocorr	10	false	true	false
insocorr	11	true	false	false	43, 44, 49, 61, 62, 67, 70, 71, 72, 73, 74, 75, 76, 77, 78, 81, 107, 114
insocorr	12	false	true	true
insocorr	13	false	true	true
insocorr	14	false	true	true	8, 14, 21
insocorr	15	false	true	true
insocorr	16	true	false	false	61, 67, 70, 71, 73, 74, 43, 44, 49, 62, 72, 75, 76, 77, 78, 81, 107, 114
insocorr	17	true	false	false	43, 44, 49, 61, 62, 67, 70, 71, 72, 73, 74, 75, 76, 77, 78, 81, 107, 114
insocorr	18	true	false	false	61, 62, 67, 70, 71, 73, 74, 43, 44, 49, 72, 75, 76, 77, 78, 81, 107, 114
insocorr	19	true	false	false	43, 44, 49, 61, 62, 67, 70, 71, 72, 73, 74, 75, 76, 77, 78, 81, 107, 114
insocorr	20	true	false	false	43, 44, 49, 61, 62, 67, 70, 71, 72, 73, 74, 75, 76, 77, 78, 81, 107, 114
insocorr	21	true	false	false	43, 44, 49, 61, 62, 67, 70, 71, 72, 73, 74, 75, 76, 77, 78, 81, 107, 114
insocorr	22	true	false	false	43, 44, 49, 61, 62, 67, 70, 71, 72, 73, 74, 75, 76, 77, 78, 81, 107, 114
insocorr	23	true	false	false	43, 44, 49, 61, 62, 67, 70, 71, 72, 73, 74, 75, 76, 77, 78, 81, 107, 114
insocorr	24	true	false	false	43, 44, 49, 61, 62, 67, 70, 71, 72, 73, 74, 75, 76, 77, 78, 81, 107, 114
insocorr	25	true	false	false	61, 62, 67, 70, 71, 72, 73, 74, 75, 76, 77, 81, 43, 44, 49, 78, 107, 114
insocorr	26	true	false	false	43, 44, 49, 61, 62, 67, 70, 71, 72, 73, 74, 75, 76, 77, 78, 81, 107, 114
insocorr	27	true	false	false	61, 62, 67, 70, 71, 72, 73, 74, 75, 76, 77, 78, 81, 43, 44, 49, 107, 114
insocorr	28	false	true	false
insocorr	29	true	false	false	61, 62, 67, 70, 71, 72, 73, 74, 75, 76, 77, 78, 81, 43, 44, 49, 107, 114
insocorr	30	true	false	false	61, 62, 67, 70, 71, 72, 73, 74, 75, 76, 77, 78, 81, 43, 44, 49, 107, 114
insocorr	31	true	false	false	43, 44, 49, 61, 62, 67, 70, 71, 72, 73, 74, 75, 76, 77, 78, 81, 107, 114
insocorr	32	true	false	false	43, 44, 49, 61, 62, 67, 70, 71, 72, 73, 74, 75, 76, 77, 78, 81, 107, 114
insocorr	33	true	false	false	61, 62, 67, 70, 71, 72, 73, 74, 75, 76, 77, 78, 81, 43, 44, 49, 107, 114
insocorr	34	true	false	false	61, 62, 67, 70, 71, 72, 73, 74, 75, 76, 77, 78, 81, 43, 44, 49, 107, 114
insocorr	35	true	false	false	43, 44, 49, 61, 62, 67, 70, 71, 72, 73, 74, 75, 76, 77, 78, 81, 107, 114
insocorr	36	true	false	false	55, 61, 62, 67, 70, 71, 72, 73, 74, 75, 76, 77, 78, 81, 43, 44, 49, 107, 114
insocorr	37	true	false	false	43, 44, 49, 61, 62, 67, 70, 71, 72, 73, 74, 75, 76, 77, 78, 81, 107, 114
insocorr	38	true	false	false	61, 62, 67, 70, 71, 72, 73, 74, 75, 76, 77, 78, 81, 43, 44, 49, 107, 114
insocorr	39	true	false	false	114, 43, 44, 49, 61, 62, 67, 70, 71, 72, 73, 74, 75, 76, 77, 78, 81, 107
insocorr	40	true	false	false	55, 61, 62, 67, 70, 71, 72, 73, 74, 75, 76, 77, 78, 81, 114, 43, 44, 49, 107
insocorr	41	true	false	false	43, 55, 61, 62, 67, 70, 71, 72, 73, 74, 75, 76, 77, 78, 81, 107, 114, 44, 49
insocorr	42	true	false	false	43, 44, 49, 61, 62, 67, 70, 71, 72, 73, 74, 75, 76, 77, 78, 81, 107, 114
insocorr	43	true	false	false	43, 44, 49, 61, 62, 67, 70, 71, 72, 73, 74, 75, 76, 77, 78, 81, 107, 114
insocorr	44	true	false	false	61, 62, 67, 70, 71, 72, 73, 74, 75, 76, 77, 78, 81, 114, 43, 44, 49, 107
insocorr	45	true	false	false	43, 61, 62, 67, 70, 71, 72, 73, 74, 75, 76, 77, 78, 81, 107, 114, 44, 49
insocorr	46	true	false	false	43, 61, 62, 67, 70, 71, 72, 73, 74, 75, 76, 77, 78, 81, 114, 44, 49, 107
insocorr	47	true	false	false	43, 61, 62, 67, 70, 71, 72, 73, 74, 75, 76, 77, 78, 81, 114, 44, 49, 107
insocorr	48	true	false	false	43, 55, 61, 62, 67, 70, 71, 72, 73, 74, 75, 76, 77, 78, 81, 107, 114, 44, 49
insocorr	49	true	false	false	43, 44, 49, 61, 62, 67, 70, 71, 72, 73, 74, 75, 76, 77, 78, 81, 107, 114
insocorr	50	true	false	false	43, 44, 49, 61, 62, 67, 70, 71, 72, 73, 74, 75, 76, 77, 78, 81, 107, 114
insocorr	51	true	false	false	43, 55, 61, 62, 67, 70, 71, 72, 73, 74, 75, 76, 77, 78, 81, 107, 44, 49, 114
insocorr	52	false	false	false	8, 9, 10, 14, 15, 16, 17, 18, 19, 21, 22, 25, 43, 55, 61, 62, 67, 70, 71, 72, 73, 74, 75, 76, 77, 78, 81, 107, 44, 49, 114
insocorr	53	true	false	false	43, 44, 49, 61, 62, 67, 70, 71, 72, 73, 74, 75, 76, 77, 78, 81, 107, 114
insocorr	54	true	false	false	43, 44, 49, 61, 62, 67, 70, 71, 72, 73, 74, 75, 76, 77, 78, 81, 107, 114
insocorr	55	true	false	false	43, 44, 49, 61, 62, 67, 70, 71, 72, 73, 74, 75, 76, 77, 78, 81, 107, 114
insocorr	56	true	false	false	43, 44, 49, 61, 62, 67, 70, 71, 72, 73, 74, 75, 76, 77, 78, 81, 107, 114
insocorr	57	true	false	false	43, 44, 55, 61, 62, 67, 70, 71, 72, 73, 74, 75, 76, 77, 78, 81, 107, 49, 114
insocorr	58	true	false	false	43, 107, 44, 49, 61, 62, 67, 70, 71, 72, 73, 74, 75, 76, 77, 78, 81, 114
insocorr	59	true	false	false	43, 44, 55, 61, 62, 67, 70, 71, 72, 73, 74, 75, 76, 77, 78, 81, 107, 49, 114
insocorr	60	true	false	false	43, 61, 62, 67, 70, 71, 72, 73, 74, 75, 76, 77, 81, 107, 44, 49, 78, 114
insocorr	61	true	false	false	43, 44, 55, 61, 62, 67, 70, 71, 72, 73, 74, 75, 76, 77, 78, 81, 107, 49, 114
insocorr	62	true	false	false	43, 44, 55, 61, 62, 67, 70, 71, 72, 73, 74, 75, 76, 77, 78, 81, 107, 49, 114
insocorr	63	false	true	false	107
insocorr	64	true	false	false	43, 44, 49, 61, 62, 67, 70, 71, 72, 73, 74, 75, 76, 77, 78, 81, 107, 114
insocorr	65	true	false	false	43, 44, 49, 61, 62, 67, 70, 71, 72, 73, 74, 75, 76, 77, 78, 81, 107, 114
insocorr	66	false	true	false	8, 9, 14, 15, 17, 21, 22, 25, 43, 44, 55, 61, 62, 67, 70, 71, 72, 73, 74, 75, 76, 77, 78, 81, 107
insocorr	67	true	false	false	43, 44, 55, 61, 62, 67, 70, 71, 72, 73, 74, 75, 76, 77, 78, 81, 107, 49, 114
insocorr	68	false	true	false	8, 9, 14, 17, 21, 22, 25, 38, 43, 44, 49, 55, 61, 62, 67, 70, 71, 72, 73, 74, 75, 76, 77, 78, 81, 107, 114
insocorr	69	true	false	false	43, 44, 49, 61, 62, 67, 70, 71, 72, 73, 74, 75, 76, 77, 78, 81, 107, 114
insocorr	70	true	false	false	9, 14, 21, 25, 43, 44, 49, 55, 61, 62, 67, 70, 71, 72, 73, 74, 75, 76, 77, 78, 81, 107, 114
insocorr	71	true	false	false	43, 44, 49, 55, 61, 62, 67, 70, 71, 72, 73, 74, 75, 76, 77, 78, 81, 107, 114
insocorr	72	true	false	false	43, 44, 49, 55, 61, 62, 67, 70, 71, 72, 73, 74, 75, 76, 77, 78, 81, 107, 114
insocorr	73	true	false	false	43, 61, 67, 70, 71, 73, 74, 44, 49, 62, 72, 75, 76, 77, 78, 81, 107, 114
insocorr	74	true	false	false	35, 36, 43, 44, 55, 61, 62, 67, 70, 71, 72, 73, 74, 75, 76, 77, 78, 81, 107, 49, 114
insocorr	75	true	false	false	43, 44, 49, 55, 56, 61, 62, 67, 70, 71, 72, 73, 74, 75, 76, 77, 78, 81, 107, 114
insocorr	76	false	false	false	1, 2, 3, 4, 5, 6, 7, 8, 9, 10, 11, 12, 13, 14, 15, 16, 17, 18, 19, 20, 21, 22, 23, 24, 25, 26, 27, 28, 29, 32, 33, 34, 35, 38, 42, 43, 44, 45, 46, 47, 48, 49, 50, 51, 52, 54, 56, 57, 58, 59, 61, 62, 64, 65, 67, 70, 71, 72, 73, 74, 75, 76, 77, 78, 79, 80, 81, 82, 83, 85, 86, 87, 88, 90, 91, 92, 93, 95, 96, 98, 99, 100, 101, 102, 104, 105, 107, 108, 109, 110, 111, 112, 113, 114, 115, 116, 117, 118, 120, 121, 122, 123, 124, 125, 126, 127, 128, 129
insocorr	77	false	true	false	1, 2, 3, 4, 5, 6, 7, 8, 9, 10, 11, 12, 13, 14, 15, 16, 17, 18, 19, 20, 21, 22, 23, 24, 25, 26, 27, 28, 29, 30, 32, 33, 34, 35, 36, 37, 38, 39, 40, 41, 42, 43, 44, 45, 46, 47, 48, 49, 50, 51, 52, 53, 54, 55, 56, 57, 58, 59, 61, 62, 64, 65, 67, 69, 70, 71, 72, 73, 74, 75, 76, 77, 78, 79, 80, 81, 82, 83, 85, 86, 87, 88, 90, 91, 92, 93, 95, 96, 97, 98, 99, 100, 101, 102, 103, 104, 105, 106, 107, 108, 109, 110, 111, 112, 113, 114, 115, 116, 117, 118, 119, 120, 121, 122, 123, 124, 125, 126, 127, 128, 129
insocorr	78	true	false	false	38, 43, 44, 49, 56, 61, 62, 67, 70, 71, 72, 73, 74, 75, 76, 77, 78, 81, 107, 114
insocorr	79	true	false	false	43, 44, 49, 61, 62, 67, 70, 71, 72, 73, 74, 75, 76, 77, 78, 81, 107, 114
insocorr	80	true	false	false	43, 49, 44, 61, 62, 67, 70, 71, 72, 73, 74, 75, 76, 77, 78, 81, 107, 114
insocorr	81	false	true	false	43, 44, 49
insocorr	82	true	false	false	43, 44, 49, 56, 61, 62, 67, 70, 71, 72, 73, 74, 75, 76, 77, 81, 107, 114, 78
insocorr	83	false	false	false	1, 2, 3, 4, 5, 6, 7, 8, 9, 10, 11, 12, 13, 14, 15, 16, 17, 18, 19, 20, 21, 22, 23, 24, 25, 26, 27, 28, 29, 30, 31, 32, 33, 34, 35, 36, 37, 38, 39, 40, 41, 42, 43, 44, 45, 46, 47, 48, 49, 50, 51, 52, 53, 54, 55, 56, 57, 58, 59, 60, 61, 62, 63, 64, 65, 66, 67, 68, 69, 70, 71, 72, 73, 74, 75, 76, 77, 78, 79, 80, 81, 82, 83, 84, 85, 86, 87, 88, 89, 90, 91, 92, 93, 94, 95, 96, 97, 98, 99, 100, 101, 102, 103, 104, 105, 106, 107, 108, 109, 110, 111, 112, 113, 114, 115, 116, 117, 118, 119, 120, 121, 122, 123, 124, 125, 126, 127, 128, 129
insocorr	84	true	false	false	35, 36, 38, 44, 49, 56, 60, 61, 62, 67, 70, 71, 72, 73, 74, 75, 76, 77, 81, 107, 114, 43, 78
insocorr	85	false	true	false	49
insocorr	86	true	false	false	49, 56, 43, 44, 61, 62, 67, 70, 71, 72, 73, 74, 75, 76, 77, 78, 81, 107, 114
insocorr	87	false	true	false	35, 61, 67, 70, 71, 73, 74
insocorr	88	true	false	false	49, 56, 71, 114, 43, 44, 61, 62, 67, 70, 72, 73, 74, 75, 76, 77, 78, 81, 107
insocorr	89	true	false	false	49, 43, 44, 61, 62, 67, 70, 71, 72, 73, 74, 75, 76, 77, 78, 81, 107, 114
insocorr	90	true	false	false	44, 49, 56, 61, 67, 70, 71, 73, 74, 114, 43, 62, 72, 75, 76, 77, 78, 81, 107
insocorr	91	false	false	false	1, 2, 3, 4, 5, 6, 8, 9, 10, 11, 12, 13, 14, 15, 16, 17, 18, 19, 20, 21, 22, 23, 24, 25, 26, 27, 32, 33, 35, 36, 37, 38, 40, 44, 49, 56, 57, 60, 61, 62, 63, 67, 70, 71, 72, 73, 74, 75, 76, 77, 79, 81, 106, 107, 112, 114, 115, 116, 118, 120, 121, 122, 123, 124, 125, 126, 127, 128, 43, 78
insocorr	92	false	false	false	1, 2, 3, 4, 5, 6, 8, 9, 10, 11, 12, 14, 15, 16, 17, 18, 19, 20, 21, 22, 23, 25, 26, 27, 32, 35, 36, 37, 38, 40, 42, 43, 44, 46, 48, 49, 56, 57, 60, 61, 62, 63, 67, 70, 71, 72, 73, 74, 83, 89, 94, 104, 106, 107, 112, 114, 115, 116, 117, 118, 120, 121, 122, 123, 124, 125, 126, 127, 128, 129, 75, 76, 77, 78, 81
insocorr	93	true	false	false	49, 43, 44, 61, 62, 67, 70, 71, 72, 73, 74, 75, 76, 77, 78, 81, 107, 114
insocorr	94	false	false	false	35, 36, 37, 38, 39, 40, 44, 49, 56, 57, 60, 61, 62, 63, 67, 68, 69, 70, 71, 72, 73, 74, 82, 88, 90, 95, 96, 99, 106, 107, 114, 43, 75, 76, 77, 78, 81
insocorr	95	true	false	false	49, 43, 44, 61, 62, 67, 70, 71, 72, 73, 74, 75, 76, 77, 78, 81, 107, 114
insocorr	96	true	false	false	44, 49, 56, 61, 67, 70, 73, 74, 43, 62, 71, 72, 75, 76, 77, 78, 81, 107, 114
insocorr	97	false	false	false	2, 3, 4, 8, 9, 10, 11, 14, 15, 16, 17, 18, 21, 22, 23, 25, 26, 35, 36, 37, 38, 40, 44, 49, 56, 57, 60, 61, 62, 63, 67, 70, 71, 73, 74, 106, 107, 114, 124, 43, 72, 75, 76, 77, 78, 81
insocorr	98	false	true	false	44, 49
insocorr	99	false	true	false	1, 2, 3, 4, 5, 6, 7, 8, 9, 10, 11, 12, 13, 14, 15, 16, 17, 18, 19, 20, 21, 22, 23, 24, 25, 26, 27, 28, 29, 30, 31, 32, 33, 34, 35, 36, 38, 39, 40, 41, 42, 43, 44, 45, 46, 47, 48, 49, 50, 51, 52, 53, 54, 55, 56, 57, 58, 59, 60, 61, 62, 63, 64, 65, 67, 68, 69, 70, 71, 72, 73, 74, 79, 80, 82, 83, 84, 85, 86, 87, 88, 89, 90, 91, 92, 93, 94, 95, 96, 97, 98, 99, 100, 101, 102, 103, 104, 105, 106, 107, 108, 109, 110, 111, 112, 113, 114, 115, 116, 117, 118, 119, 120, 121, 122, 123, 124, 125, 126, 127, 128, 129
insocorr	100	true	false	false	56, 43, 44, 49, 61, 62, 67, 70, 71, 72, 73, 74, 75, 76, 77, 78, 81, 107, 114
insocorr	101	false	false	false	1, 2, 3, 4, 5, 6, 8, 9, 10, 11, 12, 13, 14, 15, 16, 17, 18, 19, 20, 21, 22, 23, 24, 25, 26, 27, 32, 33, 34, 35, 36, 37, 38, 40, 42, 43, 44, 45, 46, 47, 48, 49, 50, 51, 52, 53, 54, 56, 57, 58, 59, 60, 61, 62, 63, 64, 65, 66, 67, 69, 70, 71, 73, 74, 79, 80, 82, 83, 85, 86, 87, 88, 90, 91, 93, 95, 98, 99, 100, 101, 102, 104, 106, 107, 108, 109, 112, 113, 114, 115, 116, 117, 118, 120, 121, 122, 123, 124, 125, 126, 127, 128, 129, 72, 75, 76, 77, 78, 81
insocorr	102	true	false	false	35, 36, 37, 38, 40, 44, 56, 57, 60, 61, 62, 63, 66, 67, 70, 71, 73, 74, 106, 107, 114, 43, 49, 72, 75, 76, 77, 78, 81
insocorr	103	false	false	false	1, 2, 3, 4, 5, 6, 7, 8, 9, 10, 11, 12, 13, 14, 15, 16, 17, 18, 19, 20, 21, 22, 23, 24, 25, 26, 27, 28, 29, 30, 31, 32, 33, 34, 35, 36, 37, 38, 39, 40, 41, 42, 43, 44, 45, 46, 47, 48, 49, 50, 51, 52, 53, 54, 55, 56, 57, 58, 59, 60, 61, 62, 63, 64, 65, 66, 67, 68, 69, 70, 71, 73, 74, 79, 80, 82, 83, 84, 85, 86, 87, 88, 89, 90, 91, 92, 93, 94, 95, 96, 97, 98, 99, 100, 101, 102, 103, 104, 105, 106, 107, 108, 109, 110, 111, 112, 113, 114, 115, 116, 117, 118, 119, 120, 121, 122, 123, 124, 125, 126, 127, 128, 129, 72, 75, 76, 77, 78, 81
insocorr	104	true	false	false	35, 36, 38, 44, 56, 60, 61, 62, 63, 67, 70, 71, 73, 74, 107, 114, 43, 49, 72, 75, 76, 77, 78, 81
insocorr	105	true	false	false	7, 35, 36, 37, 38, 40, 44, 56, 57, 60, 61, 62, 63, 66, 67, 70, 71, 73, 74, 106, 107, 114, 126, 43, 49, 72, 75, 76, 77, 78, 81
insocorr	106	false	true	false	1, 2, 3, 4, 5, 6, 7, 8, 9, 10, 11, 12, 13, 14, 15, 16, 17, 18, 19, 20, 21, 22, 23, 24, 25, 26, 27, 28, 29, 30, 31, 32, 33, 34, 35, 36, 37, 38, 39, 40, 41, 42, 43, 44, 45, 46, 47, 48, 49, 50, 51, 52, 53, 54, 55, 56, 57, 58, 59, 60, 61, 62, 63, 64, 65, 66, 67, 68, 69, 70, 71, 73, 74, 79, 80, 82, 83, 84, 85, 86, 87, 88, 89, 90, 91, 92, 93, 94, 95, 96, 97, 98, 99, 100, 101, 102, 103, 104, 105, 106, 107, 108, 109, 110, 111, 112, 113, 114, 115, 116, 117, 118, 119, 120, 121, 122, 123, 124, 125, 126, 127, 128, 129
insocorr	107	false	true	false	1, 2, 3, 4, 5, 6, 7, 8, 9, 10, 11, 12, 13, 14, 15, 16, 17, 18, 19, 20, 21, 22, 23, 24, 25, 26, 27, 28, 29, 30, 31, 32, 33, 34, 35, 36, 37, 38, 39, 40, 41, 42, 43, 44, 45, 46, 47, 48, 49, 50, 51, 52, 53, 54, 55, 56, 57, 58, 59, 60, 61, 62, 63, 64, 65, 66, 67, 68, 69, 70, 71, 73, 74, 79, 80, 82, 83, 84, 85, 86, 87, 88, 89, 90, 91, 92, 93, 94, 95, 96, 97, 98, 99, 100, 101, 102, 103, 104, 105, 106, 107, 108, 109, 110, 111, 112, 113, 114, 115, 116, 117, 118, 119, 120, 121, 122, 123, 124, 125, 126, 127, 128, 129
insocorr	108	true	false	false	35, 44, 55, 60, 61, 62, 63, 66, 67, 70, 71, 73, 74, 107, 114, 43, 49, 72, 75, 76, 77, 78, 81
insocorr	109	true	false	false	42, 44, 61, 62, 63, 67, 70, 71, 73, 74, 107, 114, 43, 49, 72, 75, 76, 77, 78, 81
insocorr	110	true	false	false	44, 57, 60, 61, 62, 63, 66, 67, 70, 71, 73, 74, 106, 107, 114, 43, 49, 72, 75, 76, 77, 78, 81
insocorr	111	true	false	false	61, 62, 67, 70, 71, 74, 43, 44, 49, 72, 73, 75, 76, 77, 78, 81, 107, 114
insocorr	112	true	false	false	61, 62, 67, 70, 71, 73, 74, 43, 44, 49, 72, 75, 76, 77, 78, 81, 107, 114
insocorr	113	true	false	false	61, 62, 67, 70, 71, 73, 74, 114, 43, 44, 49, 72, 75, 76, 77, 78, 81, 107
insocorr	114	true	false	false	35, 61, 62, 67, 70, 71, 73, 74, 107, 114, 43, 44, 49, 72, 75, 76, 77, 78, 81
insocorr	115	true	false	false	44, 61, 62, 67, 70, 71, 73, 74, 107, 114, 43, 49, 72, 75, 76, 77, 78, 81
insocorr	116	true	false	false	35, 36, 38, 44, 57, 60, 61, 62, 63, 66, 67, 70, 71, 73, 74, 106, 107, 114, 43, 49, 72, 75, 76, 77, 78, 81
insocorr	117	true	false	false	61, 62, 67, 70, 71, 74, 107, 114, 43, 44, 49, 72, 73, 75, 76, 77, 78, 81
insocorr	118	true	false	false	7, 35, 36, 38, 44, 57, 60, 61, 62, 63, 66, 67, 70, 71, 73, 74, 106, 107, 114, 43, 49, 72, 75, 76, 77, 78, 81
insocorr	119	true	false	false	7, 35, 36, 37, 38, 40, 44, 57, 60, 61, 62, 63, 66, 67, 70, 71, 73, 74, 106, 107, 114, 43, 49, 72, 75, 76, 77, 78, 81
insocorr	120	true	false	false	43, 48, 49, 56, 61, 62, 67, 70, 71, 74, 107, 114, 44, 72, 73, 75, 76, 77, 78, 81
insocorr	121	false	false	false	1, 2, 3, 4, 5, 6, 7, 8, 9, 10, 11, 12, 13, 14, 15, 16, 17, 18, 19, 20, 21, 22, 23, 24, 25, 26, 27, 32, 33, 34, 35, 36, 37, 38, 40, 42, 43, 44, 45, 46, 47, 48, 49, 50, 51, 52, 53, 54, 55, 56, 57, 58, 59, 60, 61, 62, 63, 64, 65, 66, 67, 68, 69, 70, 71, 72, 73, 74, 79, 80, 82, 83, 85, 86, 87, 88, 90, 91, 93, 95, 96, 99, 100, 101, 102, 104, 106, 107, 108, 109, 111, 112, 113, 114, 115, 116, 117, 118, 119, 120, 121, 122, 123, 124, 125, 126, 127, 128, 129, 75, 76, 77, 78, 81
insocorr	122	true	false	false	7, 35, 36, 38, 44, 57, 60, 61, 62, 63, 66, 67, 70, 71, 72, 73, 74, 106, 114, 43, 49, 75, 76, 77, 78, 81, 107
insocorr	123	false	false	false	4, 6, 7, 11, 12, 20, 35, 36, 37, 38, 40, 42, 43, 44, 48, 49, 56, 57, 60, 61, 62, 63, 66, 67, 70, 71, 73, 74, 79, 106, 107, 112, 114, 115, 129, 72, 75, 76, 77, 78, 81
insocorr	124	true	false	false	7, 62, 43, 44, 49, 61, 67, 70, 71, 72, 73, 74, 75, 76, 77, 78, 81, 107, 114
insocorr	125	true	false	false	35, 62, 70, 72, 74, 43, 44, 49, 61, 67, 71, 73, 75, 76, 77, 78, 81, 107, 114
