Category	Segment number	Segment Good	Eye Blinks	Eye Movements	Bad Channels
cosocorr	1	true	false	false
cosocorr	2	true	false	false
cosocorr	3	true	false	false
cosocorr	4	true	false	false
cosocorr	5	true	false	false
cosocorr	6	true	false	false
cosocorr	7	true	false	false
cosocorr	8	true	false	false
cosocorr	9	true	false	false
cosocorr	10	true	false	false
cosocorr	11	true	false	false
cosocorr	12	true	false	false
cosocorr	13	true	false	false
cosocorr	14	true	false	false
cosocorr	15	true	false	false
cosocorr	16	true	false	false
cosocorr	17	true	false	false
cosocorr	18	false	true	false	127
cosocorr	19	false	false	true
cosocorr	20	true	false	false
cosocorr	21	true	false	false
cosocorr	22	true	false	false
cosocorr	23	true	false	false
cosocorr	24	true	false	false
cosocorr	25	true	false	false
cosocorr	26	true	false	false
cosocorr	27	true	false	false
cosocorr	28	true	false	false
cosocorr	29	true	false	false
cosocorr	30	true	false	false
cosocorr	31	false	false	true
cosocorr	32	true	false	false
cosocorr	33	true	false	false
cosocorr	34	true	false	false
cosocorr	35	true	false	false
cosocorr	36	true	false	false
cosocorr	37	true	false	false
cosocorr	38	true	false	false
cosocorr	39	true	false	false
cosocorr	40	true	false	false
cosocorr	41	true	false	false
cosocorr	42	true	false	false
cosocorr	43	true	false	false
cosocorr	44	true	false	false
cosocorr	45	true	false	false
cosocorr	46	true	false	false
cosocorr	47	true	false	false
cosocorr	48	true	false	false
cosocorr	49	true	false	false
cosocorr	50	true	false	false
cosocorr	51	true	false	false
cosocorr	52	true	false	false
cosocorr	53	true	false	false
cosocorr	54	true	false	false
cosocorr	55	true	false	false
cosocorr	56	true	false	false
cosocorr	57	true	false	false
cosocorr	58	true	false	false
cosocorr	59	true	false	false
cosocorr	60	true	false	false
cosocorr	61	true	false	false
cosocorr	62	true	false	false
cosocorr	63	true	false	false
cosocorr	64	true	false	false
cosocorr	65	true	false	false
cosocorr	66	true	false	false
cosocorr	67	true	false	false
cosocorr	68	true	false	false
cosocorr	69	true	false	false
cosocorr	70	true	false	false
cosocorr	71	true	false	false
cosocorr	72	true	false	false
cosocorr	73	true	false	false
cosocorr	74	true	false	false
cosocorr	75	true	false	false
cosocorr	76	true	false	false
cosocorr	77	true	false	false
cosocorr	78	true	false	false
cosocorr	79	true	false	false
cosocorr	80	true	false	false
cosocorr	81	true	false	false
cosocorr	82	true	false	false
cosocorr	83	true	false	false
cosocorr	84	true	false	false
cosocorr	85	true	false	false
cosocorr	86	true	false	false
cosocorr	87	true	false	false
cosocorr	88	true	false	false
cosocorr	89	true	false	false
cosocorr	90	true	false	false
cosocorr	91	true	false	false
cosocorr	92	true	false	false
cosocorr	93	true	false	false
cosocorr	94	true	false	false
cosocorr	95	true	false	false
cosocorr	96	true	false	false
cosocorr	97	true	false	false
cosocorr	98	true	false	false
cosocorr	99	true	false	false
cosocorr	100	true	false	false
cosocorr	101	true	false	false
cosocorr	102	true	false	false
cosocorr	103	true	false	false
cosocorr	104	true	false	false
cosocorr	105	true	false	false
cosocorr	106	true	false	false
cosocorr	107	true	false	false
cosocorr	108	true	false	false
cosocorr	109	true	false	false
cosocorr	110	true	false	false
cosocorr	111	true	false	false
cosocorr	112	true	false	false
cosocorr	113	true	false	false
cosocorr	114	true	false	false
cosocorr	115	true	false	false
cosocorr	116	true	false	false
cosocorr	117	true	false	false
cosocorr	118	true	false	false
cosocorr	119	true	false	false
cosocorr	120	true	false	false
cosocorr	121	true	false	false
cosocorr	122	true	false	false
colacorr	1	true	false	false
colacorr	2	true	false	false
colacorr	3	true	false	false
colacorr	4	true	false	false
colacorr	5	true	false	false
colacorr	6	true	false	false
colacorr	7	true	false	false
colacorr	8	true	false	false
colacorr	9	true	false	false
colacorr	10	true	false	false
colacorr	11	true	false	false
colacorr	12	true	false	false
colacorr	13	false	false	true
colacorr	14	false	true	false	127
colacorr	15	true	false	false
colacorr	16	true	false	false
colacorr	17	true	false	false
colacorr	18	true	false	false
colacorr	19	true	false	false
colacorr	20	true	false	false
colacorr	21	true	false	false
colacorr	22	true	false	false
colacorr	23	false	false	true
colacorr	24	false	false	true
colacorr	25	true	false	false
colacorr	26	true	false	false
colacorr	27	true	false	false
colacorr	28	true	false	false
colacorr	29	true	false	false
colacorr	30	false	true	false
colacorr	31	true	false	false
colacorr	32	true	false	false
colacorr	33	true	false	false
colacorr	34	true	false	false
colacorr	35	true	false	false
colacorr	36	true	false	false
colacorr	37	true	false	false
colacorr	38	true	false	false
colacorr	39	true	false	false
colacorr	40	true	false	false
colacorr	41	true	false	false
colacorr	42	true	false	false
colacorr	43	true	false	false
colacorr	44	true	false	false
colacorr	45	true	false	false
colacorr	46	true	false	false
colacorr	47	true	false	false
colacorr	48	true	false	false
colacorr	49	true	false	false
colacorr	50	true	false	false
colacorr	51	true	false	false
colacorr	52	true	false	false
colacorr	53	true	false	false
colacorr	54	true	false	false
colacorr	55	true	false	false
colacorr	56	true	false	false
colacorr	57	true	false	false
colacorr	58	true	false	false
colacorr	59	true	false	false
colacorr	60	true	false	false
colacorr	61	true	false	false
colacorr	62	true	false	false
colacorr	63	true	false	false
colacorr	64	true	false	false
colacorr	65	true	false	false
colacorr	66	true	false	false
colacorr	67	true	false	false
colacorr	68	true	false	false
colacorr	69	true	false	false
colacorr	70	true	false	false
colacorr	71	true	false	false
colacorr	72	true	false	false
colacorr	73	true	false	false
colacorr	74	true	false	false
colacorr	75	true	false	false
colacorr	76	true	false	false
colacorr	77	true	false	false
colacorr	78	true	false	false
colacorr	79	true	false	false
colacorr	80	true	false	false
colacorr	81	true	false	false
colacorr	82	true	false	false
colacorr	83	true	false	false
colacorr	84	true	false	false
colacorr	85	true	false	false
colacorr	86	true	false	false
colacorr	87	true	false	false
colacorr	88	true	false	false
colacorr	89	true	false	false
colacorr	90	true	false	false
colacorr	91	true	false	false
colacorr	92	true	false	false
colacorr	93	true	false	false
colacorr	94	true	false	false
colacorr	95	true	false	false
colacorr	96	true	false	false
colacorr	97	true	false	false
colacorr	98	true	false	false
colacorr	99	true	false	false
colacorr	100	true	false	false
colacorr	101	true	false	false
colacorr	102	true	false	false
colacorr	103	true	false	false
colacorr	104	true	false	false
colacorr	105	true	false	false
colacorr	106	true	false	false
colacorr	107	true	false	false
colacorr	108	true	false	false
colacorr	109	true	false	false
colacorr	110	true	false	false
colacorr	111	true	false	false
colacorr	112	true	false	false
colacorr	113	true	false	false
colacorr	114	true	false	false
colacorr	115	true	false	false
colacorr	116	true	false	false
colacorr	117	true	false	false
colacorr	118	true	false	false
colacorr	119	true	false	false
colacorr	120	true	false	false
colacorr	121	true	false	false
colacorr	122	true	false	false
colacorr	123	true	false	false
colacorr	124	true	false	false
colacorr	125	true	false	false
inlacorr	1	true	false	false
inlacorr	2	true	false	false
inlacorr	3	true	false	false
inlacorr	4	true	false	false
inlacorr	5	true	false	false
inlacorr	6	true	false	false
inlacorr	7	true	false	false
inlacorr	8	true	false	false
inlacorr	9	true	false	false
inlacorr	10	false	false	true
inlacorr	11	true	false	false
inlacorr	12	true	false	false
inlacorr	13	true	false	false
inlacorr	14	true	false	false
inlacorr	15	true	false	false
inlacorr	16	false	true	false
inlacorr	17	true	false	false
inlacorr	18	true	false	false
inlacorr	19	true	false	false
inlacorr	20	true	false	false
inlacorr	21	true	false	false
inlacorr	22	true	false	false
inlacorr	23	true	false	false
inlacorr	24	true	false	false
inlacorr	25	true	false	false
inlacorr	26	true	false	false
inlacorr	27	true	false	false
inlacorr	28	false	false	true
inlacorr	29	true	false	false
inlacorr	30	true	false	false
inlacorr	31	false	false	true
inlacorr	32	true	false	false
inlacorr	33	true	false	false
inlacorr	34	true	false	false
inlacorr	35	true	false	false
inlacorr	36	true	false	false
inlacorr	37	true	false	false
inlacorr	38	true	false	false
inlacorr	39	true	false	false
inlacorr	40	true	false	false
inlacorr	41	true	false	false
inlacorr	42	true	false	false
inlacorr	43	true	false	false
inlacorr	44	true	false	false
inlacorr	45	true	false	false
inlacorr	46	true	false	false
inlacorr	47	true	false	false
inlacorr	48	true	false	false
inlacorr	49	true	false	false
inlacorr	50	true	false	false
inlacorr	51	true	false	false
inlacorr	52	true	false	false
inlacorr	53	true	false	false
inlacorr	54	true	false	false
inlacorr	55	true	false	false
inlacorr	56	true	false	false
inlacorr	57	true	false	false
inlacorr	58	true	false	false
inlacorr	59	true	false	false
inlacorr	60	true	false	false
inlacorr	61	false	false	true
inlacorr	62	true	false	false
inlacorr	63	true	false	false
inlacorr	64	true	false	false
inlacorr	65	true	false	false
inlacorr	66	true	false	false
inlacorr	67	true	false	false
inlacorr	68	true	false	false
inlacorr	69	true	false	false
inlacorr	70	true	false	false
inlacorr	71	true	false	false
inlacorr	72	true	false	false
inlacorr	73	true	false	false
inlacorr	74	true	false	false
inlacorr	75	true	false	false
inlacorr	76	true	false	false
inlacorr	77	true	false	false
inlacorr	78	true	false	false
inlacorr	79	true	false	false
inlacorr	80	true	false	false
inlacorr	81	true	false	false
inlacorr	82	true	false	false
inlacorr	83	true	false	false
inlacorr	84	true	false	false
inlacorr	85	true	false	false
inlacorr	86	true	false	false
inlacorr	87	true	false	false
inlacorr	88	true	false	false
inlacorr	89	true	false	false
inlacorr	90	true	false	false
inlacorr	91	true	false	false
inlacorr	92	true	false	false
inlacorr	93	true	false	false
inlacorr	94	true	false	false
inlacorr	95	false	false	true
inlacorr	96	true	false	false
inlacorr	97	true	false	false
inlacorr	98	true	false	false
inlacorr	99	true	false	false
inlacorr	100	true	false	false
inlacorr	101	true	false	false
inlacorr	102	true	false	false
inlacorr	103	true	false	false
inlacorr	104	true	false	false
inlacorr	105	true	false	false
inlacorr	106	true	false	false
inlacorr	107	true	false	false
inlacorr	108	true	false	false
inlacorr	109	true	false	false
inlacorr	110	true	false	false
inlacorr	111	true	false	false	23
inlacorr	112	true	false	false
inlacorr	113	true	false	false
inlacorr	114	true	false	false
inlacorr	115	true	false	false
inlacorr	116	true	false	false
inlacorr	117	true	false	false
inlacorr	118	true	false	false
inlacorr	119	true	false	false
inlacorr	120	true	false	false
inlacorr	121	true	false	false
inlacorr	122	true	false	false
inlacorr	123	true	false	false
inlacorr	124	true	false	false
insocorr	1	true	false	false
insocorr	2	true	false	false
insocorr	3	true	false	false
insocorr	4	true	false	false
insocorr	5	true	false	false
insocorr	6	true	false	false
insocorr	7	true	false	false
insocorr	8	true	false	false
insocorr	9	true	false	false
insocorr	10	true	false	false
insocorr	11	true	false	false
insocorr	12	true	false	false
insocorr	13	true	false	false
insocorr	14	true	false	false
insocorr	15	true	false	false
insocorr	16	true	false	false
insocorr	17	true	false	false
insocorr	18	true	false	false
insocorr	19	true	false	false
insocorr	20	true	false	false
insocorr	21	true	false	false
insocorr	22	true	false	false
insocorr	23	true	false	false
insocorr	24	true	false	false
insocorr	25	true	false	false
insocorr	26	true	false	false
insocorr	27	true	false	false
insocorr	28	true	false	false
insocorr	29	true	false	false
insocorr	30	true	false	false
insocorr	31	true	false	false
insocorr	32	true	false	false
insocorr	33	true	false	false
insocorr	34	true	false	false
insocorr	35	true	false	false
insocorr	36	true	false	false
insocorr	37	true	false	false
insocorr	38	true	false	false
insocorr	39	true	false	false
insocorr	40	true	false	false
insocorr	41	true	false	false
insocorr	42	true	false	false
insocorr	43	true	false	false
insocorr	44	true	false	false
insocorr	45	true	false	false
insocorr	46	true	false	false
insocorr	47	true	false	false
insocorr	48	true	false	false
insocorr	49	true	false	false
insocorr	50	true	false	false
insocorr	51	true	false	false
insocorr	52	true	false	false
insocorr	53	true	false	false
insocorr	54	true	false	false
insocorr	55	true	false	false
insocorr	56	true	false	false
insocorr	57	true	false	false
insocorr	58	true	false	false
insocorr	59	true	false	false
insocorr	60	true	false	false
insocorr	61	true	false	false
insocorr	62	true	false	false
insocorr	63	true	false	false
insocorr	64	true	false	false
insocorr	65	true	false	false
insocorr	66	true	false	false
insocorr	67	true	false	false
insocorr	68	true	false	false
insocorr	69	true	false	false
insocorr	70	true	false	false
insocorr	71	true	false	false
insocorr	72	true	false	false
insocorr	73	true	false	false
insocorr	74	true	false	false
insocorr	75	true	false	false
insocorr	76	true	false	false
insocorr	77	true	false	false
insocorr	78	true	false	false
insocorr	79	true	false	false
insocorr	80	true	false	false
insocorr	81	true	false	false
insocorr	82	true	false	false
insocorr	83	true	false	false
insocorr	84	true	false	false
insocorr	85	true	false	false
insocorr	86	true	false	false
insocorr	87	true	false	false
insocorr	88	true	false	false
insocorr	89	true	false	false
insocorr	90	true	false	false
insocorr	91	true	false	false
insocorr	92	true	false	false
insocorr	93	true	false	false
insocorr	94	true	false	false
insocorr	95	true	false	false
insocorr	96	true	false	false
insocorr	97	true	false	false
insocorr	98	true	false	false
insocorr	99	true	false	false
insocorr	100	true	false	false
insocorr	101	true	false	false
insocorr	102	true	false	false
insocorr	103	true	false	false
insocorr	104	true	false	false
insocorr	105	true	false	false
insocorr	106	true	false	false
insocorr	107	true	false	false
insocorr	108	true	false	false
insocorr	109	true	false	false
insocorr	110	true	false	false
insocorr	111	true	false	false
insocorr	112	true	false	false
insocorr	113	true	false	false
insocorr	114	true	false	false
insocorr	115	true	false	false
insocorr	116	true	false	false
insocorr	117	true	false	false
insocorr	118	true	false	false
insocorr	119	true	false	false
insocorr	120	true	false	false
insocorr	121	true	false	false
insocorr	122	true	false	false
insocorr	123	true	false	false
insocorr	124	true	false	false
