Category	Segment number	Segment Good	Eye Blinks	Eye Movements	Bad Channels
cosocorr	1	false	true	true	32, 127, 128
cosocorr	2	false	true	false
cosocorr	3	false	true	true	63, 127
cosocorr	4	false	true	true	63, 73, 127
cosocorr	5	false	true	true	17, 63, 73, 127
cosocorr	6	false	true	true	127, 128
cosocorr	7	false	true	true	127
cosocorr	8	false	true	false	14, 17, 21, 25, 63, 73
cosocorr	9	false	true	true	17, 127
cosocorr	10	false	true	true	127
cosocorr	11	false	true	true	127, 128
cosocorr	12	false	true	false	17, 88
cosocorr	13	true	false	false	33, 39, 63, 81
cosocorr	14	false	true	true	73
cosocorr	15	false	true	true	14, 17, 73, 127
cosocorr	16	false	true	true	127
cosocorr	17	false	true	false	17
cosocorr	18	false	true	true	8, 14, 17, 127
cosocorr	19	false	true	true	17, 63, 73, 127
cosocorr	20	false	false	true
cosocorr	21	false	true	true	73
cosocorr	22	false	true	false
cosocorr	23	false	true	false
cosocorr	24	false	true	true	73, 127
cosocorr	25	true	false	false	73, 33, 39, 63, 81
cosocorr	26	false	true	false
cosocorr	27	true	false	false	33, 39, 63, 81
cosocorr	28	true	false	false	33, 39, 63, 81
cosocorr	29	true	false	false	63, 33, 39, 81
cosocorr	30	false	true	true	63
cosocorr	31	true	false	false	33, 39, 63, 81
cosocorr	32	true	false	false	33, 39, 63, 81
cosocorr	33	false	false	true
cosocorr	34	true	false	false	33, 39, 63, 81
cosocorr	35	true	false	false	73, 76, 81, 88, 99, 33, 39, 63
cosocorr	36	false	true	true	25, 32, 81, 125, 126, 127
cosocorr	37	true	false	false	63, 33, 39, 81
cosocorr	38	true	false	false	33, 39, 63, 81
cosocorr	39	false	true	false
cosocorr	40	false	false	true
cosocorr	41	true	false	false	33, 39, 63, 81
cosocorr	42	false	true	true	8, 32, 127, 128
cosocorr	43	true	false	false	33, 39, 63, 81
cosocorr	44	true	false	false	33, 39, 63, 81
cosocorr	45	false	true	true
cosocorr	46	false	true	true
cosocorr	47	true	false	false	33, 39, 63, 81
cosocorr	48	false	true	false
cosocorr	49	true	false	false	63, 33, 39, 81
cosocorr	50	false	true	true
cosocorr	51	false	true	true	14, 17, 56, 63, 68, 73, 81, 94, 99, 107, 114, 127, 128
cosocorr	52	false	true	true	81
cosocorr	53	true	false	false	56, 81, 33, 39, 63
cosocorr	54	true	false	false	81, 33, 39, 63
cosocorr	55	false	false	false	1, 2, 3, 4, 5, 6, 7, 8, 9, 10, 11, 12, 13, 14, 15, 16, 17, 18, 19, 20, 21, 22, 23, 24, 25, 26, 27, 28, 29, 30, 31, 32, 33, 35, 36, 37, 38, 39, 40, 41, 43, 44, 45, 46, 47, 48, 50, 51, 52, 53, 54, 55, 56, 57, 59, 60, 61, 62, 63, 64, 66, 67, 69, 71, 72, 73, 74, 75, 76, 77, 78, 79, 80, 81, 83, 84, 85, 87, 89, 90, 91, 94, 95, 96, 97, 98, 99, 100, 102, 103, 104, 105, 106, 107, 108, 109, 110, 111, 112, 114, 115, 116, 117, 118, 119, 120, 121, 122, 123, 124, 125, 126, 127, 129
cosocorr	56	false	true	false	56, 63, 73, 81, 94
cosocorr	57	false	true	false
cosocorr	58	true	false	false	33, 39, 63, 81
cosocorr	59	true	false	false	33, 39, 63, 81
cosocorr	60	false	true	false	63, 81, 94, 99, 107
cosocorr	61	true	false	false	33, 39, 63, 81
cosocorr	62	true	false	false	63, 33, 39, 81
cosocorr	63	true	false	false	33, 39, 63, 81
cosocorr	64	true	false	false	63, 81, 99, 33, 39
cosocorr	65	true	false	false	81, 33, 39, 63
cosocorr	66	false	true	true	81, 126
cosocorr	67	true	false	false	63, 81, 33, 39
cosocorr	68	true	false	false	63, 81, 33, 39
cosocorr	69	true	false	false	63, 68, 73, 81, 94, 33, 39
cosocorr	70	false	false	true	81
cosocorr	71	true	false	false	63, 81, 33, 39
cosocorr	72	true	false	false	33, 39, 63, 81
cosocorr	73	true	false	false	63, 73, 81, 94, 33, 39
cosocorr	74	false	false	true	63, 81
cosocorr	75	false	true	true	17, 81, 127
cosocorr	76	false	false	true	63, 81, 100
cosocorr	77	true	false	false	63, 81, 33, 39
cosocorr	78	true	false	false	63, 81, 33, 39
cosocorr	79	false	false	false	1, 2, 3, 4, 5, 6, 7, 8, 9, 10, 11, 12, 13, 14, 15, 16, 17, 18, 19, 20, 21, 22, 23, 24, 25, 26, 27, 28, 29, 30, 31, 32, 33, 34, 35, 36, 37, 38, 39, 40, 41, 42, 43, 44, 45, 46, 47, 48, 49, 50, 51, 52, 53, 54, 55, 56, 57, 58, 59, 60, 61, 62, 63, 64, 65, 66, 67, 68, 69, 70, 71, 72, 73, 74, 75, 76, 77, 78, 79, 80, 81, 82, 83, 84, 85, 86, 87, 88, 89, 90, 91, 92, 93, 94, 95, 96, 97, 98, 99, 100, 101, 102, 103, 104, 105, 106, 107, 108, 109, 110, 111, 112, 113, 114, 115, 116, 117, 118, 119, 120, 121, 122, 123, 124, 125, 126, 127, 128, 129
cosocorr	80	true	false	false	33, 39, 63, 81
cosocorr	81	true	false	false	33, 39, 63, 81
cosocorr	82	false	true	true	8, 14, 17, 32, 63, 127, 128
cosocorr	83	true	false	false	33, 39, 63, 81, 99
cosocorr	84	false	false	true	33, 39, 81
cosocorr	85	true	false	false	33, 81, 39, 63
cosocorr	86	true	false	false	33, 39, 63, 73, 81, 99, 107
cosocorr	87	false	true	true	33, 39, 63, 81
cosocorr	88	true	false	false	33, 63, 81, 39
cosocorr	89	true	false	false	33, 81, 99, 39, 63
cosocorr	90	true	false	false	33, 39, 81, 63
cosocorr	91	true	false	false	33, 39, 81, 63
cosocorr	92	false	true	true	1, 2, 3, 4, 5, 6, 7, 8, 9, 10, 11, 12, 13, 14, 15, 16, 17, 18, 19, 20, 21, 22, 23, 24, 25, 27, 28, 29, 30, 31, 33, 35, 36, 37, 39, 41, 42, 45, 47, 50, 51, 52, 53, 54, 55, 57, 58, 59, 60, 61, 62, 63, 64, 65, 66, 67, 69, 70, 71, 72, 73, 75, 76, 77, 78, 79, 80, 81, 82, 83, 84, 85, 86, 87, 88, 89, 90, 91, 92, 93, 94, 95, 96, 97, 98, 99, 100, 101, 102, 103, 104, 105, 106, 107, 108, 109, 110, 111, 112, 113, 114, 115, 116, 117, 118, 119, 120, 121, 122, 123, 124, 125, 126, 129
cosocorr	93	false	true	true	1, 33, 39, 63, 81, 99, 121, 125, 126
cosocorr	94	true	false	false	33, 39, 81, 63
cosocorr	95	true	false	false	33, 39, 81, 63
cosocorr	96	false	false	false	1, 2, 3, 4, 5, 6, 7, 8, 9, 10, 11, 12, 13, 14, 15, 16, 17, 18, 19, 20, 21, 22, 23, 24, 25, 26, 27, 28, 29, 30, 31, 32, 33, 34, 35, 36, 37, 38, 39, 40, 41, 42, 43, 44, 45, 46, 47, 48, 49, 50, 51, 52, 53, 54, 55, 56, 57, 58, 59, 60, 61, 62, 63, 64, 65, 66, 67, 68, 69, 70, 71, 72, 73, 74, 75, 76, 77, 78, 79, 80, 81, 82, 83, 84, 85, 86, 87, 88, 89, 90, 91, 92, 93, 94, 95, 96, 97, 98, 99, 100, 101, 102, 103, 104, 105, 106, 107, 108, 109, 110, 111, 112, 113, 114, 115, 116, 117, 118, 119, 120, 121, 122, 123, 124, 125, 126, 127, 128, 129
cosocorr	97	true	false	false	33, 39, 62, 81, 63
cosocorr	98	true	false	false	33, 39, 63, 81
cosocorr	99	false	true	true	25, 33, 39, 63, 81, 94, 126
cosocorr	100	false	false	true	33, 63
cosocorr	101	true	false	false	33, 34, 39, 46, 56, 63, 73, 74, 92, 99, 107, 81
cosocorr	102	true	false	false	33, 34, 39, 63, 73, 94, 99, 107, 81
cosocorr	103	true	false	false	63, 33, 39, 81
cosocorr	104	false	true	true	33, 39, 63, 81
cosocorr	105	false	true	true	8, 14, 17, 21, 25, 33, 34, 39, 56, 63, 74, 81, 99, 102
cosocorr	106	true	false	false	33, 63, 81, 99, 39
cosocorr	107	true	false	false	33, 63, 81, 99, 39
cosocorr	108	true	false	false	33, 39, 63, 81
cosocorr	109	false	false	true	2, 33, 63, 81
cosocorr	110	true	false	false	33, 34, 39, 63, 81, 99
cosocorr	111	true	false	false	33, 34, 39, 63, 81, 99
cosocorr	112	true	false	false	33, 39, 63, 81, 99
cosocorr	113	true	false	false	33, 39, 63, 81, 99
cosocorr	114	true	false	false	33, 39, 63, 73, 81, 99, 121
cosocorr	115	true	false	false	33, 81, 39, 63
cosocorr	116	true	false	false	33, 39, 63, 81, 99
cosocorr	117	true	false	false	33, 34, 39, 63, 73, 81, 99
cosocorr	118	true	false	false	33, 39, 63, 81, 99
cosocorr	119	true	false	false	33, 39, 63, 81, 99
cosocorr	120	false	false	true	1, 2, 3, 4, 5, 6, 7, 8, 9, 10, 11, 12, 13, 14, 15, 16, 17, 18, 19, 20, 21, 22, 23, 24, 25, 26, 27, 28, 29, 30, 31, 32, 33, 34, 35, 36, 37, 38, 39, 40, 41, 42, 43, 44, 45, 46, 47, 48, 49, 50, 51, 52, 53, 54, 55, 56, 57, 58, 59, 60, 61, 62, 63, 64, 65, 66, 67, 68, 69, 70, 71, 72, 73, 75, 76, 77, 78, 79, 80, 81, 82, 83, 84, 85, 86, 87, 88, 89, 90, 91, 92, 93, 94, 95, 96, 97, 98, 99, 100, 101, 102, 103, 104, 105, 106, 107, 108, 109, 110, 111, 112, 113, 114, 115, 116, 117, 118, 119, 120, 121, 122, 123, 124, 125, 126, 127, 128, 129
cosocorr	121	false	false	true	33, 34, 39, 63, 73, 74, 81, 99
colacorr	1	false	true	true	127
colacorr	2	false	true	true
colacorr	3	false	true	true	127
colacorr	4	false	true	true	127
colacorr	5	false	true	true	127
colacorr	6	false	true	true	127
colacorr	7	false	true	true	127
colacorr	8	true	false	false	33, 39, 63, 81
colacorr	9	false	true	true	127
colacorr	10	false	true	true	127
colacorr	11	false	true	true	63, 68, 73, 88, 113, 114, 127
colacorr	12	true	false	false	33, 39, 63, 81
colacorr	13	false	true	true	73
colacorr	14	true	false	false	73, 33, 39, 63, 81
colacorr	15	false	true	false
colacorr	16	false	true	true	127
colacorr	17	false	true	false
colacorr	18	false	true	true	14, 17, 127
colacorr	19	false	true	true	8, 14, 17, 21, 55, 62, 63, 67, 71, 72, 73, 81, 88
colacorr	20	false	true	true
colacorr	21	false	true	true	73, 127
colacorr	22	true	false	false	73, 33, 39, 63, 81
colacorr	23	true	false	false	73, 33, 39, 63, 81
colacorr	24	true	false	false	73, 33, 39, 63, 81
colacorr	25	true	false	false	33, 39, 63, 81
colacorr	26	true	false	false	63, 33, 39, 81
colacorr	27	true	false	false	63, 33, 39, 81
colacorr	28	true	false	false	33, 39, 63, 81
colacorr	29	true	false	false	33, 39, 63, 81
colacorr	30	false	true	true
colacorr	31	true	false	false	33, 39, 63, 81
colacorr	32	true	false	false	35, 40, 63, 73, 81, 88, 94, 33, 39
colacorr	33	true	false	false	33, 39, 63, 81
colacorr	34	true	false	false	63, 94, 33, 39, 81
colacorr	35	false	true	false	14, 15, 17, 21, 63, 81
colacorr	36	true	false	false	63, 33, 39, 81
colacorr	37	true	false	false	56, 63, 81, 99, 33, 39
colacorr	38	true	false	false	33, 39, 63, 81
colacorr	39	true	false	false	33, 39, 63, 81
colacorr	40	true	false	false	33, 39, 63, 81
colacorr	41	true	false	false	81, 33, 39, 63
colacorr	42	true	false	false	33, 39, 63, 81
colacorr	43	false	false	true	56, 63, 73, 81, 94, 114
colacorr	44	false	true	false
colacorr	45	true	false	false	33, 39, 63, 81
colacorr	46	true	false	false	63, 73, 81, 94, 33, 39
colacorr	47	true	false	false	56, 63, 73, 81, 88, 94, 99, 33, 39
colacorr	48	true	false	false	81, 88, 33, 39, 63
colacorr	49	true	false	false	73, 81, 33, 39, 63
colacorr	50	true	false	false	63, 81, 33, 39
colacorr	51	true	false	false	63, 81, 33, 39
colacorr	52	false	false	false	1, 2, 3, 4, 5, 6, 8, 9, 10, 11, 12, 14, 15, 16, 17, 18, 19, 20, 21, 22, 23, 24, 25, 26, 27, 29, 30, 31, 32, 33, 34, 35, 36, 37, 38, 39, 40, 41, 42, 43, 44, 45, 46, 47, 48, 49, 50, 51, 52, 53, 54, 55, 57, 58, 59, 60, 61, 62, 63, 64, 65, 66, 67, 68, 69, 70, 71, 72, 73, 74, 75, 77, 78, 79, 80, 81, 82, 83, 84, 85, 86, 87, 88, 90, 91, 92, 93, 94, 95, 96, 97, 98, 100, 101, 102, 103, 104, 105, 106, 107, 108, 109, 110, 111, 112, 113, 114, 115, 116, 117, 118, 119, 120, 121, 122, 123, 124, 125, 126, 127, 128, 129
colacorr	53	true	false	false	63, 81, 114, 33, 39
colacorr	54	true	false	false	56, 73, 81, 33, 39, 63
colacorr	55	false	true	true	56, 63, 81, 99
colacorr	56	true	false	false	33, 39, 63, 81
colacorr	57	true	false	false	33, 39, 63, 81
colacorr	58	false	true	false
colacorr	59	true	false	false	26, 33, 39, 63, 81
colacorr	60	true	false	false	33, 39, 63, 81
colacorr	61	true	false	false	63, 33, 39, 81
colacorr	62	false	false	true	56, 63, 73, 81, 87, 88, 94
colacorr	63	false	true	true	87, 127
colacorr	64	true	false	false	81, 33, 39, 63
colacorr	65	true	false	false	40, 48, 56, 63, 68, 73, 74, 81, 85, 89, 94, 99, 107, 33, 39
colacorr	66	true	false	false	33, 39, 63, 81
colacorr	67	true	false	false	63, 73, 74, 81, 99, 33, 39
colacorr	68	false	true	true	63, 81, 127
colacorr	69	true	false	false	81, 33, 39, 63
colacorr	70	true	false	false	81, 33, 39, 63
colacorr	71	false	false	false	1, 2, 3, 4, 5, 6, 7, 8, 9, 10, 11, 12, 13, 14, 15, 16, 17, 18, 19, 20, 21, 22, 23, 24, 25, 26, 27, 28, 29, 30, 31, 32, 33, 34, 35, 36, 37, 38, 39, 40, 41, 42, 43, 44, 45, 46, 47, 48, 49, 50, 51, 52, 53, 54, 55, 56, 57, 58, 59, 60, 61, 62, 63, 64, 65, 66, 67, 68, 69, 70, 71, 72, 73, 74, 75, 76, 77, 78, 79, 80, 81, 82, 83, 84, 85, 86, 87, 88, 89, 91, 92, 93, 94, 95, 96, 97, 98, 99, 100, 101, 102, 103, 104, 105, 106, 107, 108, 109, 110, 111, 112, 113, 114, 115, 116, 117, 118, 119, 120, 121, 122, 123, 124, 125, 126, 127, 128, 129
colacorr	72	false	true	true	14, 17, 21, 24, 25, 33, 34, 39, 40, 44, 46, 49, 56, 58, 59, 62, 63, 67, 68, 73, 74, 81, 84, 88, 89, 94, 99, 107, 114, 121, 127
colacorr	73	false	true	false	68, 81
colacorr	74	false	true	true	32, 56, 63, 81, 94, 107, 122, 127, 128
colacorr	75	true	false	false	81, 33, 39, 63
colacorr	76	true	false	false	63, 74, 81, 33, 39
colacorr	77	false	true	true	8, 63, 81, 127
colacorr	78	false	true	false	63, 81
colacorr	79	true	false	false	33, 39, 63, 81
colacorr	80	false	true	true	8, 14, 15, 17, 21, 25, 33
colacorr	81	false	false	false	1, 2, 3, 4, 5, 6, 7, 8, 9, 10, 11, 12, 13, 14, 15, 16, 17, 18, 19, 20, 21, 22, 23, 24, 25, 26, 27, 28, 29, 30, 31, 32, 33, 34, 35, 36, 37, 38, 39, 40, 41, 42, 43, 44, 45, 46, 47, 48, 49, 50, 51, 52, 53, 54, 55, 56, 57, 58, 59, 60, 61, 62, 63, 64, 65, 66, 67, 68, 69, 70, 71, 72, 73, 74, 75, 76, 77, 78, 79, 80, 81, 82, 83, 84, 85, 86, 87, 88, 89, 90, 91, 92, 93, 94, 95, 96, 97, 98, 99, 100, 101, 102, 103, 104, 105, 106, 107, 108, 109, 110, 111, 112, 113, 114, 115, 116, 117, 118, 119, 120, 121, 122, 123, 124, 125, 126, 127, 128, 129
colacorr	82	true	false	false	33, 63, 39, 81
colacorr	83	true	false	false	33, 39, 81, 99, 63
colacorr	84	true	false	false	33, 39, 63, 81
colacorr	85	true	false	false	33, 39, 63, 81
colacorr	86	false	true	true	33, 39, 63, 126
colacorr	87	false	true	true	8, 14, 17, 21, 25, 33, 34, 39, 40, 52, 63, 68, 73, 74, 81, 84, 85, 88, 91, 94, 99, 102, 107, 108
colacorr	88	true	false	false	33, 39, 81, 99, 63
colacorr	89	false	false	true	1, 24, 33, 34, 39, 40, 46, 56, 62, 63, 68, 73, 74, 78, 81, 83, 84, 85, 94, 99, 107, 121, 126, 127
colacorr	90	false	true	false	33, 81
colacorr	91	true	false	false	33, 39, 63, 73, 81
colacorr	92	true	false	false	33, 39, 63, 81
colacorr	93	true	false	false	1, 33, 34, 39, 48, 56, 62, 63, 73, 74, 81, 85, 94, 107, 114, 117, 118
colacorr	94	true	false	false	33, 39, 63, 81
colacorr	95	true	false	false	33, 39, 63, 81
colacorr	96	true	false	false	33, 39, 81, 107, 63
colacorr	97	false	false	false	1, 2, 3, 4, 5, 6, 7, 8, 9, 10, 11, 12, 13, 14, 15, 16, 17, 18, 19, 20, 21, 22, 23, 24, 25, 26, 27, 28, 29, 30, 31, 32, 33, 34, 35, 36, 37, 38, 39, 40, 41, 42, 43, 44, 45, 46, 47, 48, 49, 50, 51, 52, 53, 54, 55, 56, 57, 58, 59, 60, 61, 62, 63, 64, 65, 66, 67, 68, 69, 70, 71, 72, 73, 74, 75, 76, 77, 78, 79, 80, 81, 82, 83, 84, 85, 86, 87, 88, 89, 90, 91, 92, 93, 94, 95, 96, 97, 98, 99, 100, 101, 102, 103, 104, 105, 106, 107, 108, 109, 110, 111, 112, 113, 114, 115, 116, 117, 118, 119, 120, 121, 122, 123, 124, 125, 126, 127, 128, 129
colacorr	98	true	false	false	33, 81, 39, 63
colacorr	99	true	false	false	63, 81, 33, 39
colacorr	100	true	false	false	33, 39, 63, 73, 81, 99
colacorr	101	true	false	false	33, 39, 63, 81
colacorr	102	true	false	false	33, 39, 63, 73, 81
colacorr	103	true	false	false	19, 33, 39, 63, 73, 81
colacorr	104	true	false	false	63, 33, 39, 81
colacorr	105	true	false	false	33, 39, 63, 74, 94, 81
colacorr	106	false	false	false	1, 2, 3, 4, 5, 6, 7, 8, 9, 10, 11, 12, 13, 14, 15, 16, 17, 18, 19, 20, 21, 22, 23, 24, 25, 26, 27, 28, 29, 30, 31, 32, 33, 34, 35, 36, 37, 38, 39, 40, 41, 42, 43, 44, 45, 46, 47, 48, 49, 50, 51, 52, 53, 54, 55, 56, 57, 58, 59, 60, 61, 62, 63, 64, 65, 66, 67, 68, 69, 70, 71, 72, 73, 74, 75, 76, 77, 78, 79, 80, 81, 82, 83, 84, 85, 86, 87, 88, 89, 90, 91, 92, 93, 94, 95, 96, 97, 98, 99, 100, 101, 102, 103, 104, 105, 106, 107, 108, 109, 110, 111, 112, 113, 114, 115, 116, 117, 118, 119, 120, 121, 122, 123, 124, 125, 126, 127, 128, 129
colacorr	107	true	false	false	33, 39, 63, 81, 99
colacorr	108	true	false	false	33, 39, 63, 73, 81, 99
colacorr	109	false	false	false	1, 2, 3, 4, 5, 6, 7, 8, 9, 10, 11, 12, 13, 14, 15, 16, 17, 18, 19, 20, 21, 22, 23, 24, 25, 26, 27, 28, 29, 30, 31, 32, 33, 34, 35, 36, 37, 38, 39, 40, 41, 42, 43, 44, 45, 46, 47, 48, 49, 50, 51, 52, 53, 54, 55, 56, 57, 58, 59, 60, 61, 62, 63, 64, 65, 66, 67, 69, 70, 71, 72, 73, 74, 75, 76, 77, 78, 79, 80, 81, 82, 83, 84, 85, 86, 87, 88, 89, 90, 91, 92, 93, 94, 95, 96, 97, 98, 99, 100, 101, 102, 103, 104, 105, 106, 107, 108, 109, 110, 111, 112, 113, 114, 115, 116, 117, 119, 120, 121, 122, 123, 124, 125, 126, 127, 128, 129
colacorr	110	true	false	false	33, 39, 63, 73, 81
colacorr	111	true	false	false	33, 39, 63, 81, 107, 117
colacorr	112	false	true	true	33, 39, 63, 81, 99
colacorr	113	false	false	true	33, 63, 81
colacorr	114	true	false	false	33, 39, 63, 81
colacorr	115	true	false	false	33, 39, 63, 81
colacorr	116	true	false	false	33, 81, 39, 63
colacorr	117	false	true	true	1, 2, 3, 6, 7, 8, 9, 10, 11, 12, 14, 15, 16, 17, 18, 19, 21, 22, 23, 25, 26, 27, 28, 29, 30, 31, 32, 33, 34, 39, 40, 46, 54, 56, 59, 62, 63, 67, 68, 73, 74, 78, 81, 84, 85, 91, 92, 94, 99, 101, 102, 103, 104, 107, 111, 117, 118, 121, 123, 124
colacorr	118	true	false	false	33, 81, 99, 39, 63
colacorr	119	true	false	false	33, 39, 63, 73, 81, 99
colacorr	120	false	false	false	1, 2, 3, 4, 5, 6, 7, 8, 9, 10, 11, 12, 13, 14, 15, 16, 17, 18, 19, 20, 21, 22, 23, 24, 25, 26, 27, 28, 29, 30, 31, 32, 33, 34, 35, 36, 37, 38, 39, 40, 41, 42, 43, 44, 45, 46, 47, 48, 49, 50, 51, 52, 53, 54, 55, 56, 57, 58, 59, 60, 61, 62, 63, 64, 65, 66, 67, 68, 69, 70, 71, 72, 73, 74, 75, 76, 77, 78, 79, 80, 81, 82, 83, 84, 85, 86, 87, 88, 89, 90, 91, 92, 93, 94, 95, 96, 97, 98, 99, 100, 101, 102, 103, 104, 105, 106, 107, 108, 109, 110, 111, 112, 113, 114, 115, 116, 117, 118, 119, 120, 121, 122, 123, 124, 125, 126, 127, 128, 129
colacorr	121	true	false	false	33, 34, 39, 63, 73, 81, 85, 99, 121
colacorr	122	true	false	false	33, 39, 63, 81, 99
inlacorr	1	false	true	true	127
inlacorr	2	false	true	true	73
inlacorr	3	false	true	true	73
inlacorr	4	false	true	true	63, 73
inlacorr	5	false	true	true	127
inlacorr	6	true	false	false	33, 39, 63, 81
inlacorr	7	false	true	true	127
inlacorr	8	false	true	true	73
inlacorr	9	false	true	true	73
inlacorr	10	false	true	false
inlacorr	11	false	true	true
inlacorr	12	false	true	true	127
inlacorr	13	false	true	false	63
inlacorr	14	false	true	false	73
inlacorr	15	true	false	false	33, 39, 63, 81
inlacorr	16	true	false	false	33, 39, 63, 81
inlacorr	17	false	true	false	63, 73
inlacorr	18	false	true	true
inlacorr	19	true	false	false	33, 39, 63, 81
inlacorr	20	true	false	false	63, 73, 33, 39, 81
inlacorr	21	true	false	false	33, 39, 63, 81
inlacorr	22	true	false	false	73, 33, 39, 63, 81
inlacorr	23	true	false	false	73, 33, 39, 63, 81
inlacorr	24	true	false	false	73, 33, 39, 63, 81
inlacorr	25	true	false	false	63, 73, 33, 39, 81
inlacorr	26	false	false	true	63, 73, 81
inlacorr	27	false	false	true	73, 81
inlacorr	28	true	false	false	81, 33, 39, 63
inlacorr	29	false	false	true	81
inlacorr	30	false	false	true
inlacorr	31	true	false	false	33, 39, 63, 81
inlacorr	32	true	false	false	33, 39, 63, 81
inlacorr	33	true	false	false	33, 39, 63, 81
inlacorr	34	false	true	false	25, 127
inlacorr	35	true	false	false	33, 39, 63, 81
inlacorr	36	true	false	false	63, 68, 73, 81, 96, 99, 107, 33, 39
inlacorr	37	false	false	true	73
inlacorr	38	true	false	false	33, 39, 63, 81
inlacorr	39	false	false	true	63, 73, 81, 114, 121
inlacorr	40	true	false	false	81, 33, 39, 63
inlacorr	41	true	false	false	33, 39, 63, 81
inlacorr	42	false	false	false	1, 2, 3, 4, 5, 6, 7, 8, 9, 10, 11, 12, 13, 14, 15, 16, 17, 18, 19, 20, 21, 22, 23, 24, 25, 26, 27, 28, 29, 30, 31, 32, 33, 34, 35, 36, 37, 38, 39, 40, 41, 42, 43, 44, 45, 46, 47, 48, 49, 50, 51, 52, 53, 54, 55, 56, 58, 59, 60, 61, 62, 63, 64, 65, 66, 67, 68, 69, 70, 71, 72, 73, 74, 75, 76, 78, 79, 80, 81, 82, 83, 84, 85, 86, 87, 88, 89, 90, 91, 92, 93, 94, 95, 96, 97, 98, 99, 100, 101, 102, 103, 104, 105, 106, 107, 108, 109, 110, 111, 112, 113, 114, 115, 116, 117, 118, 119, 120, 121, 122, 123, 124, 125, 126, 127, 128, 129
inlacorr	43	false	true	false	14, 17, 25, 48, 63, 73, 81, 94, 96, 99, 107, 113, 114
inlacorr	44	true	false	false	63, 81, 88, 94, 99, 114, 33, 39
inlacorr	45	true	false	false	63, 33, 39, 81
inlacorr	46	true	false	false	33, 39, 63, 81
inlacorr	47	false	true	true	127
inlacorr	48	true	false	false	76, 33, 39, 63, 81
inlacorr	49	true	false	false	81, 33, 39, 63
inlacorr	50	true	false	false	81, 33, 39, 63
inlacorr	51	true	false	false	81, 33, 39, 63
inlacorr	52	false	false	true	81
inlacorr	53	true	false	false	81, 33, 39, 63
inlacorr	54	true	false	false	63, 81, 33, 39
inlacorr	55	true	false	false	81, 33, 39, 63
inlacorr	56	true	false	false	63, 81, 33, 39
inlacorr	57	true	false	false	81, 33, 39, 63
inlacorr	58	true	false	false	63, 81, 98, 33, 39
inlacorr	59	false	true	false
inlacorr	60	true	false	false	33, 39, 63, 81
inlacorr	61	true	false	false	33, 39, 63, 81
inlacorr	62	true	false	false	63, 33, 39, 81
inlacorr	63	true	false	false	33, 39, 63, 81
inlacorr	64	true	false	false	33, 39, 63, 81
inlacorr	65	false	true	false	63
inlacorr	66	false	false	true	1, 2, 3, 4, 5, 6, 7, 8, 9, 10, 11, 12, 13, 14, 15, 16, 17, 18, 19, 20, 21, 22, 23, 24, 25, 26, 27, 28, 29, 30, 31, 32, 33, 34, 35, 36, 37, 38, 39, 40, 41, 42, 43, 44, 45, 46, 47, 48, 49, 50, 51, 52, 53, 54, 55, 56, 57, 58, 59, 60, 61, 62, 63, 64, 65, 66, 67, 68, 69, 70, 71, 72, 73, 74, 75, 76, 77, 78, 79, 80, 81, 82, 83, 84, 85, 86, 87, 88, 89, 90, 91, 92, 93, 94, 95, 96, 97, 98, 99, 100, 101, 102, 103, 104, 105, 106, 107, 108, 109, 110, 111, 112, 113, 114, 115, 116, 117, 118, 119, 120, 121, 122, 123, 124, 125, 126, 127, 128, 129
inlacorr	67	true	false	false	81, 33, 39, 63
inlacorr	68	true	false	false	63, 81, 33, 39
inlacorr	69	false	true	true	17, 25, 63, 81, 126
inlacorr	70	true	false	false	63, 73, 81, 33, 39
inlacorr	71	true	false	false	81, 33, 39, 63
inlacorr	72	false	true	true	1, 3, 4, 5, 7, 8, 9, 10, 11, 12, 13, 14, 15, 16, 17, 18, 19, 20, 21, 22, 23, 24, 25, 27, 28, 29, 30, 31, 33, 34, 35, 36, 37, 38, 39, 40, 41, 42, 45, 47, 48, 50, 53, 54, 55, 59, 61, 62, 63, 64, 67, 73, 76, 77, 78, 79, 81, 82, 93, 94, 99, 103, 104, 106, 107, 108, 109, 110, 111, 112, 116, 117, 118, 119, 120, 121, 122, 123, 124, 125, 126, 129
inlacorr	73	false	true	false	63, 81, 89, 107, 119, 126
inlacorr	74	true	false	false	81, 33, 39, 63
inlacorr	75	false	false	true	81
inlacorr	76	true	false	false	81, 94, 99, 107, 33, 39, 63
inlacorr	77	true	false	false	81, 33, 39, 63
inlacorr	78	false	true	false	81
inlacorr	79	false	true	true	63, 81
inlacorr	80	true	false	false	63, 33, 39, 81
inlacorr	81	true	false	false	63, 81, 33, 39
inlacorr	82	true	false	false	81, 33, 39, 63
inlacorr	83	true	false	false	33, 63, 39, 81
inlacorr	84	true	false	false	63, 81, 33, 39
inlacorr	85	true	false	false	33, 39, 63, 81
inlacorr	86	true	false	false	33, 63, 81, 39
inlacorr	87	true	false	false	33, 63, 81, 39
inlacorr	88	true	false	false	33, 39, 81, 63
inlacorr	89	false	false	false	1, 2, 3, 4, 5, 6, 7, 8, 9, 10, 11, 12, 13, 14, 15, 16, 17, 18, 19, 20, 21, 22, 23, 25, 26, 27, 28, 29, 30, 31, 32, 33, 34, 35, 36, 37, 38, 39, 40, 41, 42, 43, 44, 45, 46, 47, 48, 49, 50, 51, 52, 53, 54, 55, 56, 57, 58, 59, 60, 61, 62, 63, 64, 65, 66, 67, 69, 70, 71, 72, 73, 75, 76, 77, 78, 79, 80, 81, 82, 83, 84, 85, 86, 87, 89, 90, 91, 92, 93, 95, 96, 97, 98, 101, 102, 103, 104, 105, 106, 107, 108, 109, 110, 111, 112, 113, 114, 115, 116, 117, 118, 119, 120, 121, 122, 123, 124, 125, 126, 127, 128
inlacorr	90	false	true	true	33, 39, 63, 81
inlacorr	91	true	false	false	33, 39, 63, 73, 81
inlacorr	92	true	false	false	33, 39, 81, 63
inlacorr	93	true	false	false	33, 39, 81, 63
inlacorr	94	false	true	false	17, 25, 33, 81
inlacorr	95	true	false	false	33, 39, 81, 63
inlacorr	96	true	false	false	33, 34, 39, 63, 73, 81, 107
inlacorr	97	false	true	true	8, 33, 39, 63, 74, 81, 99, 127, 128
inlacorr	98	false	true	false	33, 81
inlacorr	99	false	true	true	14, 15, 17, 21, 22, 25, 26, 33, 56, 63, 68, 81, 88, 94, 126
inlacorr	100	false	false	true	1, 2, 3, 4, 5, 6, 7, 8, 9, 10, 11, 12, 13, 14, 15, 16, 17, 18, 19, 20, 21, 22, 23, 24, 25, 26, 27, 28, 29, 30, 31, 32, 33, 34, 35, 36, 37, 38, 39, 40, 41, 42, 43, 44, 45, 46, 47, 48, 49, 50, 51, 52, 53, 54, 55, 57, 58, 59, 60, 61, 62, 63, 64, 65, 66, 67, 68, 69, 70, 71, 72, 73, 74, 75, 76, 77, 78, 79, 80, 81, 83, 84, 85, 86, 87, 88, 90, 91, 92, 93, 95, 96, 97, 98, 99, 100, 101, 102, 103, 104, 105, 106, 107, 108, 109, 110, 111, 112, 113, 114, 115, 116, 117, 118, 119, 120, 121, 122, 123, 124, 125, 126, 127, 128, 129
inlacorr	101	true	false	false	33, 39, 63, 99, 107, 81
inlacorr	102	true	false	false	33, 63, 39, 81
inlacorr	103	true	false	false	33, 39, 63, 73, 81
inlacorr	104	true	false	false	63, 81, 33, 39
inlacorr	105	true	false	false	33, 34, 39, 63, 81
inlacorr	106	false	true	true	25, 39, 81, 126
inlacorr	107	false	true	false	8, 14, 17, 21, 25, 33, 39, 63, 81, 99
inlacorr	108	true	false	false	33, 39, 63, 81, 99
inlacorr	109	true	false	false	33, 39, 63, 81, 99
inlacorr	110	true	false	false	33, 63, 81, 99, 39
inlacorr	111	true	false	false	33, 39, 63, 81, 99
inlacorr	112	true	false	false	63, 81, 33, 39
inlacorr	113	true	false	false	33, 34, 39, 63, 73, 81, 94, 99
inlacorr	114	false	false	false	1, 4, 6, 11, 13, 14, 16, 17, 18, 21, 22, 23, 25, 26, 27, 31, 32, 33, 34, 37, 38, 39, 41, 42, 43, 44, 45, 46, 47, 49, 50, 51, 52, 53, 54, 55, 57, 58, 59, 60, 61, 62, 63, 64, 65, 66, 68, 69, 70, 71, 72, 73, 75, 76, 78, 79, 80, 81, 83, 85, 86, 87, 88, 89, 90, 92, 94, 95, 96, 97, 98, 99, 100, 101, 102, 103, 104, 105, 106, 107, 108, 109, 110, 112, 113, 114, 115, 116, 119, 120, 121, 123, 125, 126, 127, 128, 129
inlacorr	115	true	false	false	1, 24, 33, 34, 39, 40, 63, 67, 78, 81, 88, 94, 99, 107, 121
inlacorr	116	true	false	false	33, 34, 39, 56, 63, 73, 81, 99
inlacorr	117	true	false	false	63, 81, 33, 39
inlacorr	118	true	false	false	33, 34, 39, 63, 73, 81, 85, 99, 121
inlacorr	119	true	false	false	33, 39, 63, 81, 99
inlacorr	120	false	false	false	1, 2, 3, 4, 5, 6, 7, 8, 9, 10, 11, 12, 13, 14, 15, 16, 17, 18, 19, 20, 21, 22, 23, 24, 25, 26, 27, 28, 29, 30, 31, 32, 33, 34, 35, 36, 37, 38, 39, 40, 41, 42, 43, 44, 45, 46, 47, 48, 49, 50, 51, 52, 53, 54, 55, 56, 57, 58, 59, 60, 61, 62, 63, 64, 65, 66, 67, 68, 69, 70, 71, 72, 73, 74, 75, 76, 77, 78, 79, 80, 81, 82, 83, 84, 85, 86, 87, 88, 89, 90, 91, 92, 93, 94, 95, 96, 97, 98, 99, 100, 101, 102, 103, 104, 105, 106, 107, 108, 109, 110, 111, 112, 113, 114, 115, 116, 117, 118, 119, 120, 121, 122, 123, 124, 125, 126, 127, 128, 129
inlacorr	121	true	false	false	33, 34, 39, 63, 73, 81, 85, 99, 121
inlacorr	122	true	false	false	1, 33, 34, 39, 63, 73, 74, 81, 94, 99, 121
inlacorr	123	false	true	false	8, 9, 14, 15, 17, 21, 22, 25, 33, 34, 39, 63, 73, 74, 81, 85, 94, 99, 107, 121
insocorr	1	false	true	true	68, 73
insocorr	2	false	true	true	63, 127
insocorr	3	false	true	true
insocorr	4	true	false	false	33, 39, 63, 81
insocorr	5	false	true	true	127
insocorr	6	false	true	true	127
insocorr	7	true	false	false	33, 39, 63, 81
insocorr	8	false	true	true
insocorr	9	false	true	true
insocorr	10	false	true	true	127
insocorr	11	false	true	true
insocorr	12	false	true	true	73, 127
insocorr	13	false	true	false	73
insocorr	14	false	true	true	127
insocorr	15	false	true	true	73
insocorr	16	false	false	true
insocorr	17	false	true	false	17
insocorr	18	false	true	false	25
insocorr	19	false	true	false	73
insocorr	20	false	true	true	73, 127
insocorr	21	false	true	true	127
insocorr	22	true	false	false	73, 33, 39, 63, 81
insocorr	23	true	false	false	33, 39, 63, 81
insocorr	24	true	false	false	73, 33, 39, 63, 81
insocorr	25	true	false	false	63, 81, 114, 33, 39
insocorr	26	true	false	false	63, 68, 73, 94, 99, 107, 33, 39, 81
insocorr	27	true	false	false	33, 39, 63, 81
insocorr	28	true	false	false	63, 73, 81, 33, 39
insocorr	29	true	false	false	63, 33, 39, 81
insocorr	30	false	false	true	63, 73
insocorr	31	true	false	false	33, 39, 63, 81
insocorr	32	true	false	false	33, 39, 63, 81
insocorr	33	true	false	false	81, 33, 39, 63
insocorr	34	true	false	false	33, 39, 63, 81
insocorr	35	false	false	true	48, 55, 56, 62, 63, 73, 81, 88, 94
insocorr	36	true	false	false	33, 39, 63, 81
insocorr	37	true	false	false	81, 33, 39, 63
insocorr	38	true	false	false	33, 39, 63, 81
insocorr	39	true	false	false	33, 39, 63, 81
insocorr	40	true	false	false	81, 33, 39, 63
insocorr	41	true	false	false	33, 39, 63, 81
insocorr	42	true	false	false	33, 39, 63, 81
insocorr	43	true	false	false	33, 39, 63, 81
insocorr	44	true	false	false	33, 39, 63, 81
insocorr	45	true	false	false	33, 39, 63, 81
insocorr	46	true	false	false	33, 39, 63, 81
insocorr	47	true	false	false	81, 33, 39, 63
insocorr	48	false	true	true	14, 17, 21, 56, 63, 73, 74, 81, 107
insocorr	49	true	false	false	63, 81, 33, 39
insocorr	50	true	false	false	81, 33, 39, 63
insocorr	51	true	false	false	81, 33, 39, 63
insocorr	52	true	false	false	63, 81, 33, 39
insocorr	53	false	true	true	1, 2, 3, 4, 5, 6, 7, 8, 9, 10, 11, 12, 13, 14, 15, 16, 17, 18, 19, 20, 21, 22, 23, 24, 25, 26, 27, 28, 29, 30, 31, 33, 34, 35, 36, 37, 39, 40, 41, 42, 45, 47, 50, 51, 52, 53, 54, 55, 56, 57, 58, 59, 60, 61, 62, 63, 64, 65, 66, 68, 69, 70, 72, 73, 74, 75, 77, 78, 79, 80, 81, 82, 83, 84, 85, 86, 87, 88, 89, 90, 91, 92, 93, 94, 95, 96, 97, 98, 99, 100, 101, 102, 103, 104, 105, 106, 107, 108, 109, 110, 111, 112, 113, 114, 115, 116, 117, 118, 119, 120, 121, 123, 124, 129
insocorr	54	true	false	false	68, 81, 33, 39, 63
insocorr	55	true	false	false	26, 63, 33, 39, 81
insocorr	56	false	true	true	126
insocorr	57	false	true	true
insocorr	58	true	false	false	56, 63, 73, 81, 94, 99, 107, 33, 39
insocorr	59	false	true	true	25
insocorr	60	true	false	false	63, 33, 39, 81
insocorr	61	true	false	false	63, 33, 39, 81
insocorr	62	true	false	false	56, 63, 73, 81, 84, 85, 94, 99, 33, 39
insocorr	63	true	false	false	63, 81, 33, 39
insocorr	64	true	false	false	63, 73, 74, 81, 94, 99, 33, 39
insocorr	65	false	true	true	17, 21, 25, 81, 126
insocorr	66	false	true	true	17, 63, 81, 127
insocorr	67	true	false	false	63, 73, 81, 33, 39
insocorr	68	true	false	false	81, 33, 39, 63
insocorr	69	false	true	true	1, 2, 3, 5, 8, 9, 13, 14, 15, 17, 19, 20, 21, 22, 25, 26, 28, 29, 33, 34, 35, 39, 40, 46, 52, 56, 59, 63, 67, 71, 73, 74, 76, 78, 81, 84, 85, 93, 94, 96, 99, 101, 107, 111, 118, 121, 123, 124
insocorr	70	false	true	true	1, 2, 3, 4, 5, 6, 7, 8, 9, 10, 11, 12, 13, 14, 15, 16, 17, 18, 19, 20, 21, 22, 23, 25, 26, 27, 28, 29, 30, 31, 32, 33, 34, 35, 36, 37, 38, 39, 40, 41, 42, 43, 44, 45, 46, 47, 50, 51, 52, 53, 54, 55, 56, 57, 58, 59, 60, 61, 62, 63, 64, 65, 66, 67, 68, 69, 70, 71, 72, 73, 74, 75, 76, 77, 78, 79, 80, 81, 82, 83, 84, 85, 86, 87, 88, 89, 90, 91, 92, 93, 94, 95, 96, 97, 98, 99, 100, 101, 102, 103, 104, 105, 106, 107, 108, 109, 110, 111, 112, 114, 115, 116, 117, 118, 120, 121, 122, 123, 124, 125, 128, 129
insocorr	71	false	true	false	81
insocorr	72	false	true	true	8, 17, 63, 68, 74, 81, 91, 94, 99, 107
insocorr	73	true	false	false	63, 81, 33, 39
insocorr	74	true	false	false	63, 33, 39, 81
insocorr	75	false	true	true	25, 63, 125, 126
insocorr	76	true	false	false	33, 39, 63, 81
insocorr	77	true	false	false	33, 39, 63, 81
insocorr	78	false	true	false
insocorr	79	true	false	false	33, 39, 63, 81
insocorr	80	true	false	false	33, 39, 63, 81
insocorr	81	true	false	false	33, 39, 68, 81, 63
insocorr	82	true	false	false	33, 39, 63, 81
insocorr	83	true	false	false	33, 39, 63, 74, 81, 94, 107
insocorr	84	false	false	true	33, 81
insocorr	85	false	true	false	25, 33, 81
insocorr	86	false	true	true	33, 39, 63, 81
insocorr	87	true	false	false	33, 39, 81, 63
insocorr	88	false	true	false	1, 2, 3, 4, 5, 6, 7, 8, 9, 10, 11, 12, 13, 14, 15, 16, 17, 18, 19, 20, 21, 22, 23, 24, 25, 26, 27, 28, 29, 30, 31, 32, 33, 34, 35, 36, 37, 38, 39, 40, 41, 42, 43, 44, 45, 46, 47, 48, 49, 50, 51, 52, 53, 54, 55, 56, 57, 58, 59, 60, 61, 62, 63, 64, 65, 66, 67, 68, 69, 70, 71, 72, 73, 74, 75, 76, 77, 78, 79, 80, 81, 82, 83, 84, 85, 86, 87, 88, 89, 90, 91, 92, 93, 94, 95, 96, 97, 98, 99, 100, 101, 102, 103, 104, 105, 106, 107, 108, 109, 110, 111, 112, 113, 114, 115, 116, 117, 118, 119, 120, 121, 122, 123, 124, 125, 126, 127, 128, 129
insocorr	89	false	true	true	5, 12, 13, 20, 25, 26, 27, 28, 29, 30, 31, 32, 33, 34, 38, 39, 42, 43, 44, 45, 46, 47, 48, 49, 51, 52, 54, 56, 57, 58, 59, 60, 61, 63, 64, 65, 66, 67, 69, 70, 71, 72, 73, 74, 77, 78, 81, 82, 84, 85, 86, 90, 91, 92, 93, 94, 95, 96, 97, 98, 99, 100, 107, 108, 109, 112, 113, 114, 115, 118, 119, 120, 122, 123, 124, 125, 126, 127, 128, 129
insocorr	90	false	true	true	17, 21, 25, 26, 33, 39, 63, 81
insocorr	91	true	false	false	33, 39, 63, 81
insocorr	92	true	false	false	28, 33, 39, 81, 99, 63
insocorr	93	true	false	false	33, 81, 39, 63
insocorr	94	true	false	false	33, 39, 74, 81, 63
insocorr	95	true	false	false	33, 39, 81, 63
insocorr	96	true	false	false	33, 39, 63, 81, 99
insocorr	97	true	false	false	33, 34, 39, 63, 73, 81, 107
insocorr	98	false	false	false	1, 2, 3, 4, 5, 6, 7, 8, 9, 10, 11, 12, 13, 14, 15, 16, 17, 18, 19, 20, 21, 22, 23, 24, 25, 26, 27, 28, 29, 30, 31, 32, 33, 34, 35, 36, 37, 38, 39, 40, 41, 42, 43, 44, 45, 46, 47, 48, 49, 50, 51, 52, 53, 54, 55, 56, 57, 58, 59, 60, 61, 62, 63, 64, 65, 66, 67, 68, 69, 70, 71, 72, 73, 74, 75, 76, 77, 78, 79, 80, 81, 82, 83, 84, 85, 86, 87, 88, 89, 90, 91, 92, 93, 94, 95, 96, 97, 98, 99, 100, 101, 102, 103, 104, 105, 106, 107, 108, 109, 110, 111, 112, 113, 114, 115, 116, 117, 118, 119, 120, 121, 122, 123, 124, 125, 126, 127, 128, 129
insocorr	99	true	false	false	33, 34, 39, 63, 73, 99, 107, 81
insocorr	100	false	false	true	63
insocorr	101	true	false	false	33, 34, 39, 63, 73, 107, 81
insocorr	102	true	false	false	33, 34, 39, 63, 73, 74, 99, 81
insocorr	103	false	true	true	8, 14, 17, 21, 25, 33, 39, 56, 63, 81, 99
insocorr	104	false	true	true	17, 33, 34, 39, 63, 81, 99
insocorr	105	true	false	false	33, 39, 63, 81
insocorr	106	false	false	true	33, 39, 63, 81
insocorr	107	false	true	true	33, 81
insocorr	108	true	false	false	33, 39, 63, 81
insocorr	109	true	false	false	33, 63, 81, 39
insocorr	110	true	false	false	33, 34, 39, 63, 73, 81, 99
insocorr	111	true	false	false	33, 34, 39, 63, 73, 81, 99
insocorr	112	false	true	false	8, 14, 17, 25, 33, 39, 63, 81, 99
insocorr	113	true	false	false	33, 39, 81, 99, 63
insocorr	114	false	false	false	1, 2, 3, 8, 9, 10, 14, 15, 17, 18, 19, 21, 22, 25, 26, 28, 29, 30, 31, 32, 33, 34, 35, 37, 38, 39, 40, 42, 43, 45, 46, 49, 50, 51, 52, 53, 54, 55, 56, 57, 58, 59, 60, 61, 62, 63, 64, 65, 66, 67, 68, 69, 70, 71, 72, 73, 74, 75, 76, 77, 78, 79, 80, 81, 82, 83, 86, 87, 89, 90, 91, 92, 93, 94, 95, 96, 97, 98, 99, 100, 101, 102, 103, 104, 105, 107, 109, 111, 113, 114, 115, 116, 117, 118, 119, 120, 121, 122, 123, 124, 125, 126, 127, 128, 129
insocorr	115	true	false	false	33, 39, 63, 81, 99
insocorr	116	true	false	false	33, 34, 39, 63, 73, 81, 99
insocorr	117	true	false	false	33, 39, 63, 81, 99
insocorr	118	true	false	false	33, 39, 81, 99, 63
