Category	Segment number	Segment Good	Eye Blinks	Eye Movements	Bad Channels
cosocorr	1	false	true	false
cosocorr	2	false	true	true
cosocorr	3	true	false	false
cosocorr	4	true	false	false
cosocorr	5	true	false	false
cosocorr	6	true	false	false
cosocorr	7	true	false	false
cosocorr	8	true	false	false
cosocorr	9	true	false	false
cosocorr	10	true	false	false
cosocorr	11	true	false	false
cosocorr	12	true	false	false
cosocorr	13	true	false	false
cosocorr	14	true	false	false
cosocorr	15	true	false	false
cosocorr	16	true	false	false
cosocorr	17	true	false	false
cosocorr	18	true	false	false
cosocorr	19	true	false	false
cosocorr	20	true	false	false
cosocorr	21	false	true	true	17, 25, 48, 68, 73, 126, 127
cosocorr	22	false	true	true	8, 62, 68, 71, 73
cosocorr	23	true	false	false
cosocorr	24	true	false	false
cosocorr	25	true	false	false
cosocorr	26	true	false	false
cosocorr	27	true	false	false
cosocorr	28	true	false	false
cosocorr	29	true	false	false
cosocorr	30	true	false	false
cosocorr	31	true	false	false
cosocorr	32	true	false	false
cosocorr	33	true	false	false
cosocorr	34	true	false	false
cosocorr	35	true	false	false
cosocorr	36	true	false	false
cosocorr	37	true	false	false
cosocorr	38	true	false	false
cosocorr	39	true	false	false
cosocorr	40	true	false	false
cosocorr	41	true	false	false
cosocorr	42	true	false	false
cosocorr	43	false	true	false	127
cosocorr	44	true	false	false
cosocorr	45	true	false	false
cosocorr	46	true	false	false
cosocorr	47	true	false	false
cosocorr	48	false	true	false
cosocorr	49	false	true	false	127
cosocorr	50	true	false	false
cosocorr	51	false	true	false
cosocorr	52	true	false	false
cosocorr	53	false	true	false	127
cosocorr	54	true	false	false
cosocorr	55	true	false	false
cosocorr	56	true	false	false
cosocorr	57	true	false	false
cosocorr	58	true	false	false
cosocorr	59	true	false	false
cosocorr	60	true	false	false
cosocorr	61	true	false	false
cosocorr	62	false	true	false	25
cosocorr	63	false	true	false
cosocorr	64	true	false	false
cosocorr	65	false	true	false	127
cosocorr	66	false	true	false	62, 73, 127
cosocorr	67	true	false	false
cosocorr	68	false	true	false	62, 127
cosocorr	69	false	true	false	127
cosocorr	70	false	true	true	1, 2, 3, 4, 5, 6, 7, 8, 9, 10, 11, 12, 13, 14, 15, 16, 17, 18, 19, 20, 21, 22, 23, 24, 25, 26, 27, 28, 29, 30, 31, 32, 33, 34, 35, 36, 37, 38, 39, 40, 41, 42, 43, 44, 45, 46, 47, 48, 49, 50, 51, 52, 53, 54, 55, 56, 57, 58, 59, 60, 61, 62, 63, 64, 65, 66, 67, 68, 69, 70, 71, 72, 74, 75, 76, 77, 78, 79, 80, 81, 82, 83, 84, 85, 86, 87, 88, 89, 90, 91, 92, 93, 94, 95, 96, 97, 98, 99, 100, 101, 102, 103, 104, 105, 106, 107, 108, 109, 110, 111, 112, 113, 114, 115, 116, 117, 118, 119, 120, 121, 122, 123, 124, 125, 126, 127, 128, 129
cosocorr	71	false	true	true	17, 125, 127
cosocorr	72	false	true	false	127
cosocorr	73	false	true	false
cosocorr	74	false	true	false	25, 127
cosocorr	75	false	true	false
cosocorr	76	false	true	false	127
cosocorr	77	false	true	false	127
cosocorr	78	false	true	false	127
cosocorr	79	false	true	false	127
cosocorr	80	false	true	true	8, 17, 25, 127
cosocorr	81	false	true	false	1, 2, 3, 4, 5, 6, 7, 8, 9, 10, 11, 12, 13, 14, 15, 16, 17, 18, 19, 20, 21, 22, 23, 24, 25, 26, 27, 28, 29, 30, 31, 32, 33, 34, 35, 36, 37, 38, 39, 40, 41, 42, 43, 44, 45, 46, 47, 48, 49, 50, 51, 52, 53, 54, 55, 56, 57, 58, 59, 60, 61, 62, 63, 64, 65, 66, 67, 68, 69, 70, 71, 72, 75, 76, 77, 78, 79, 80, 82, 83, 84, 85, 86, 87, 88, 89, 90, 91, 92, 93, 95, 96, 97, 98, 99, 100, 101, 102, 103, 104, 105, 106, 107, 108, 109, 110, 111, 112, 113, 114, 116, 117, 119, 121, 122, 123, 124, 125, 126, 127, 128, 129
cosocorr	82	false	true	false	127
cosocorr	83	false	true	false
cosocorr	84	false	true	true	127
cosocorr	85	false	true	false	17, 21, 25, 127
cosocorr	86	false	true	false	120, 127
cosocorr	87	false	true	false	25, 127
cosocorr	88	false	true	false	14, 17, 21, 25, 127
cosocorr	89	false	true	false	113
cosocorr	90	false	true	false	127
cosocorr	91	false	true	false	127
cosocorr	92	false	true	false	127
cosocorr	93	false	true	false	127
cosocorr	94	false	true	false	127
cosocorr	95	false	true	false	127
cosocorr	96	false	true	false	127
cosocorr	97	false	true	false	127
cosocorr	98	false	true	false	127
cosocorr	99	false	true	false	127
cosocorr	100	false	true	false	127
cosocorr	101	false	true	false	127
cosocorr	102	false	true	false	127
cosocorr	103	false	true	false	14, 25, 127
cosocorr	104	false	true	false	127
cosocorr	105	false	true	false	127
cosocorr	106	false	true	false	127
cosocorr	107	false	true	false	127
cosocorr	108	false	true	false
cosocorr	109	false	true	false	127
cosocorr	110	false	true	false	127
cosocorr	111	false	true	false	127
cosocorr	112	false	true	false	127
cosocorr	113	false	true	false	25, 127
cosocorr	114	false	true	false	113, 127
cosocorr	115	false	true	false	127
cosocorr	116	false	true	false	113, 127
cosocorr	117	false	true	false	14, 17, 21, 25, 127
cosocorr	118	false	true	false	127
cosocorr	119	false	true	true	73, 99, 120
cosocorr	120	false	true	false	63, 122, 127
cosocorr	121	false	true	false	107, 127
cosocorr	122	false	true	false	8, 14, 17, 21, 22, 25, 62, 74, 77, 83, 99, 100, 114, 117, 122, 127
colacorr	1	false	false	true
colacorr	2	true	false	false
colacorr	3	true	false	false
colacorr	4	true	false	false
colacorr	5	true	false	false
colacorr	6	true	false	false
colacorr	7	true	false	false
colacorr	8	true	false	false
colacorr	9	false	true	false	25
colacorr	10	true	false	false
colacorr	11	true	false	false
colacorr	12	true	false	false	68
colacorr	13	true	false	false
colacorr	14	true	false	false
colacorr	15	true	false	false
colacorr	16	true	false	false
colacorr	17	true	false	false
colacorr	18	true	false	false
colacorr	19	true	false	false
colacorr	20	true	false	false
colacorr	21	true	false	false
colacorr	22	true	false	false
colacorr	23	true	false	false
colacorr	24	true	false	false
colacorr	25	true	false	false
colacorr	26	true	false	false
colacorr	27	true	false	false
colacorr	28	true	false	false
colacorr	29	true	false	false
colacorr	30	true	false	false
colacorr	31	true	false	false
colacorr	32	true	false	false
colacorr	33	true	false	false
colacorr	34	true	false	false
colacorr	35	true	false	false
colacorr	36	true	false	false
colacorr	37	true	false	false
colacorr	38	false	true	false
colacorr	39	true	false	false
colacorr	40	false	true	false	120, 127
colacorr	41	true	false	false
colacorr	42	true	false	false
colacorr	43	true	false	false
colacorr	44	true	false	false
colacorr	45	true	false	false
colacorr	46	true	false	false
colacorr	47	true	false	false
colacorr	48	true	false	false
colacorr	49	true	false	false
colacorr	50	false	true	false	127
colacorr	51	true	false	false	62
colacorr	52	true	false	false
colacorr	53	true	false	false
colacorr	54	true	false	false
colacorr	55	true	false	false
colacorr	56	true	false	false
colacorr	57	true	false	false
colacorr	58	false	true	false	17, 21, 25, 56, 113, 120, 123, 127
colacorr	59	false	true	false
colacorr	60	false	true	true	62
colacorr	61	false	true	false	25
colacorr	62	true	false	false
colacorr	63	true	false	false
colacorr	64	false	true	false	127
colacorr	65	false	true	false	25, 127
colacorr	66	true	false	false
colacorr	67	false	true	true	8, 14, 25, 32, 38, 62, 125, 126, 127, 128
colacorr	68	false	true	false	127
colacorr	69	false	true	false	127
colacorr	70	false	true	false	127
colacorr	71	false	true	false	127
colacorr	72	false	true	false	25, 127
colacorr	73	false	true	false	127
colacorr	74	false	true	false	25
colacorr	75	false	true	false	127
colacorr	76	false	true	false	9, 14, 15, 17, 21, 22, 25, 34, 62, 127
colacorr	77	false	true	false	127
colacorr	78	false	true	false	17, 21, 25, 127
colacorr	79	false	true	false	127
colacorr	80	false	true	false	17, 127
colacorr	81	false	true	false	25, 127
colacorr	82	false	true	false	127
colacorr	83	false	true	true	25, 62, 68, 73, 77, 78, 81, 99, 107, 113, 114, 120, 122, 126, 127
colacorr	84	true	false	false
colacorr	85	false	true	false
colacorr	86	false	true	false	25, 127
colacorr	87	false	true	false	25, 127
colacorr	88	false	true	false	127
colacorr	89	false	true	false	113, 127
colacorr	90	false	true	false	21, 25, 127
colacorr	91	false	true	false	127
colacorr	92	false	true	false	127
colacorr	93	false	true	false	8, 9, 14, 15, 17, 21, 22, 25, 26, 33, 39, 44, 45, 127
colacorr	94	false	true	false	127
colacorr	95	false	true	false	25, 127
colacorr	96	false	true	false	127
colacorr	97	false	true	false	127
colacorr	98	false	true	false	127
colacorr	99	false	true	false	127
colacorr	100	false	true	false	127
colacorr	101	false	true	false	127
colacorr	102	false	true	false	73, 74, 81, 114, 122, 127
colacorr	103	false	true	false	127
colacorr	104	false	true	false	29, 127
colacorr	105	false	true	false	127
colacorr	106	false	true	false	127
colacorr	107	false	true	false	127
colacorr	108	false	true	false	1, 2, 3, 4, 5, 6, 7, 8, 9, 10, 11, 12, 13, 14, 15, 16, 17, 18, 19, 20, 21, 22, 23, 24, 25, 26, 27, 28, 29, 30, 31, 32, 33, 34, 35, 36, 37, 38, 39, 40, 41, 42, 43, 44, 45, 46, 47, 48, 49, 50, 51, 52, 53, 54, 55, 56, 57, 58, 59, 60, 61, 62, 63, 64, 65, 66, 67, 68, 69, 70, 71, 72, 73, 74, 75, 76, 77, 78, 79, 80, 81, 82, 83, 84, 85, 86, 87, 88, 89, 90, 91, 92, 93, 94, 95, 96, 97, 98, 100, 101, 102, 103, 104, 105, 106, 107, 108, 109, 110, 111, 112, 113, 114, 115, 116, 117, 118, 119, 120, 121, 122, 123, 124, 125, 126, 127, 128, 129
colacorr	109	true	false	false
colacorr	110	true	false	false
colacorr	111	true	false	false	99
colacorr	112	false	true	false	113, 127
colacorr	113	false	true	false	21, 25, 127
colacorr	114	false	true	false	127
colacorr	115	false	true	true	1, 3, 4, 5, 6, 7, 8, 9, 10, 11, 12, 13, 14, 15, 16, 17, 18, 19, 20, 21, 22, 23, 25, 26, 27, 28, 29, 30, 31, 32, 33, 34, 35, 36, 37, 38, 39, 40, 41, 42, 43, 45, 47, 48, 49, 50, 53, 55, 57, 64, 68, 73, 77, 80, 81, 83, 84, 85, 87, 91, 93, 97, 98, 99, 102, 103, 104, 105, 106, 108, 109, 111, 112, 113, 114, 115, 116, 118, 120, 121, 122, 123, 124, 125, 126, 127, 128, 129
colacorr	116	false	true	false	25, 127
colacorr	117	false	true	false	25, 127
colacorr	118	false	true	false	113, 127
colacorr	119	false	true	false	113, 127
colacorr	120	false	true	false	127
colacorr	121	false	true	false	14, 17, 21, 25, 99, 100, 113, 122, 127
colacorr	122	false	true	true	2, 8, 9, 11, 14, 15, 16, 17, 18, 19, 21, 22, 23, 24, 25, 26, 27, 28, 29, 30, 34, 35, 42, 45, 46, 50, 52, 56, 57, 61, 63, 64, 68, 72, 73, 74, 77, 78, 81, 88, 99, 100, 101, 106, 109, 111, 113, 115, 116, 122, 123, 124, 126, 127
colacorr	123	false	true	true	4, 5, 6, 7, 17, 25, 32, 33, 35, 40, 49, 56, 62, 63, 68, 69, 72, 73, 77, 78, 81, 84, 90, 91, 97, 99, 100, 101, 105, 111, 112, 113, 114, 117, 118, 122, 123, 124, 126, 127, 128
inlacorr	1	false	true	true
inlacorr	2	true	false	false
inlacorr	3	true	false	false
inlacorr	4	true	false	false
inlacorr	5	true	false	false
inlacorr	6	true	false	false
inlacorr	7	true	false	false
inlacorr	8	true	false	false
inlacorr	9	true	false	false
inlacorr	10	true	false	false
inlacorr	11	false	true	false	25, 126, 127
inlacorr	12	true	false	false
inlacorr	13	true	false	false
inlacorr	14	true	false	false
inlacorr	15	true	false	false
inlacorr	16	true	false	false
inlacorr	17	true	false	false
inlacorr	18	true	false	false
inlacorr	19	true	false	false
inlacorr	20	true	false	false
inlacorr	21	true	false	false
inlacorr	22	true	false	false
inlacorr	23	true	false	false
inlacorr	24	false	true	false	126, 127
inlacorr	25	true	false	false
inlacorr	26	true	false	false
inlacorr	27	true	false	false
inlacorr	28	true	false	false
inlacorr	29	true	false	false
inlacorr	30	true	false	false
inlacorr	31	true	false	false
inlacorr	32	true	false	false
inlacorr	33	true	false	false
inlacorr	34	true	false	false
inlacorr	35	true	false	false
inlacorr	36	false	true	false	49, 73, 113
inlacorr	37	true	false	false
inlacorr	38	true	false	false
inlacorr	39	true	false	false
inlacorr	40	true	false	false
inlacorr	41	false	true	false	17, 21, 56, 120
inlacorr	42	false	true	false
inlacorr	43	true	false	false
inlacorr	44	true	false	false
inlacorr	45	true	false	false
inlacorr	46	false	true	false	62, 127
inlacorr	47	true	false	false
inlacorr	48	true	false	false
inlacorr	49	true	false	false
inlacorr	50	true	false	false
inlacorr	51	true	false	false	54, 62
inlacorr	52	true	false	false
inlacorr	53	true	false	false
inlacorr	54	true	false	false
inlacorr	55	true	false	false
inlacorr	56	true	false	false
inlacorr	57	true	false	false
inlacorr	58	false	true	false	127
inlacorr	59	true	false	false
inlacorr	60	true	false	false
inlacorr	61	false	true	false	127
inlacorr	62	false	true	false
inlacorr	63	false	true	false	62, 127
inlacorr	64	false	true	false	62, 127
inlacorr	65	false	true	false	62, 127
inlacorr	66	false	true	false	127
inlacorr	67	false	true	true	14, 127
inlacorr	68	false	true	false	25, 127
inlacorr	69	false	true	false	127
inlacorr	70	false	true	false	127
inlacorr	71	false	true	false	127
inlacorr	72	false	true	true	1, 2, 3, 4, 5, 6, 7, 8, 9, 10, 11, 12, 13, 14, 15, 16, 17, 18, 19, 20, 21, 22, 23, 24, 25, 26, 27, 28, 29, 30, 31, 32, 34, 35, 36, 38, 40, 41, 44, 48, 54, 55, 58, 59, 61, 62, 63, 64, 68, 69, 72, 73, 76, 78, 79, 80, 82, 84, 85, 86, 87, 88, 89, 90, 91, 92, 93, 94, 95, 96, 97, 98, 99, 102, 103, 104, 105, 106, 108, 109, 110, 111, 112, 115, 116, 117, 118, 120, 121, 122, 123, 124, 125, 126, 127, 128, 129
inlacorr	73	true	false	false
inlacorr	74	false	true	false	127
inlacorr	75	false	true	false	127
inlacorr	76	false	true	false	21, 127
inlacorr	77	false	true	false	25, 62, 127
inlacorr	78	false	true	false	25, 127
inlacorr	79	false	true	false	25, 127
inlacorr	80	false	true	false	127
inlacorr	81	false	true	false	127
inlacorr	82	false	true	false	127
inlacorr	83	false	true	false	25, 62, 113, 127
inlacorr	84	false	true	false	127
inlacorr	85	false	true	false	25, 127
inlacorr	86	false	true	false	25, 62, 127
inlacorr	87	false	true	false	17, 21, 25, 127
inlacorr	88	false	true	false	17, 25, 127
inlacorr	89	false	true	false	127
inlacorr	90	false	true	false	25, 113, 127
inlacorr	91	false	true	false	25, 99, 127
inlacorr	92	false	true	true	8, 14, 17, 25, 44, 126, 127, 128
inlacorr	93	false	true	false	127
inlacorr	94	false	true	true	1, 2, 3, 4, 5, 6, 7, 8, 9, 10, 11, 12, 13, 14, 15, 16, 17, 18, 19, 20, 21, 22, 23, 24, 25, 26, 27, 28, 29, 30, 31, 32, 33, 34, 35, 36, 37, 38, 39, 40, 41, 42, 43, 44, 45, 46, 47, 48, 49, 50, 51, 52, 53, 54, 55, 56, 57, 58, 59, 60, 61, 62, 63, 64, 65, 66, 67, 68, 69, 70, 71, 72, 73, 74, 75, 76, 77, 78, 79, 80, 81, 82, 83, 84, 85, 86, 87, 88, 89, 90, 91, 92, 93, 94, 95, 96, 97, 98, 99, 100, 101, 102, 103, 104, 105, 106, 107, 108, 109, 110, 111, 112, 113, 114, 115, 116, 117, 118, 119, 120, 121, 122, 123, 124, 125, 126, 127, 128, 129
inlacorr	95	false	true	false	127
inlacorr	96	false	true	false	17, 21, 25, 127
inlacorr	97	false	true	false	127
inlacorr	98	false	true	false	25, 127
inlacorr	99	false	true	false	127
inlacorr	100	false	true	false	1, 2, 3, 4, 5, 6, 7, 8, 9, 10, 11, 12, 13, 14, 15, 16, 17, 18, 19, 20, 21, 22, 23, 24, 25, 26, 27, 28, 29, 30, 31, 32, 33, 34, 35, 36, 37, 38, 39, 40, 41, 42, 43, 44, 45, 46, 47, 48, 49, 50, 51, 52, 53, 54, 55, 56, 57, 58, 59, 60, 61, 62, 63, 64, 65, 66, 67, 68, 69, 70, 71, 72, 73, 74, 75, 76, 77, 78, 79, 80, 81, 82, 83, 84, 85, 86, 87, 88, 89, 90, 91, 92, 93, 94, 95, 96, 97, 98, 99, 100, 101, 102, 103, 104, 105, 106, 107, 108, 109, 110, 111, 112, 113, 114, 115, 116, 117, 118, 119, 120, 121, 122, 123, 124, 125, 126, 127, 128, 129
inlacorr	101	false	true	false	127
inlacorr	102	false	true	false	127
inlacorr	103	false	true	false	127
inlacorr	104	false	true	false	127
inlacorr	105	false	true	false	127
inlacorr	106	false	true	false	127
inlacorr	107	false	true	false	25, 127
inlacorr	108	false	true	false	113, 122, 127
inlacorr	109	false	true	false	1, 2, 3, 4, 5, 6, 7, 8, 9, 10, 11, 12, 13, 14, 15, 16, 17, 18, 19, 20, 21, 22, 23, 24, 25, 26, 27, 28, 29, 30, 31, 32, 33, 34, 35, 36, 37, 38, 39, 40, 41, 42, 43, 44, 45, 46, 47, 48, 49, 50, 51, 52, 53, 54, 55, 56, 57, 58, 59, 60, 61, 62, 63, 64, 65, 66, 67, 68, 69, 70, 71, 72, 73, 74, 75, 76, 77, 78, 79, 80, 81, 82, 83, 84, 85, 86, 87, 88, 89, 90, 91, 92, 93, 94, 95, 96, 97, 98, 99, 100, 101, 102, 103, 104, 105, 106, 107, 108, 109, 110, 111, 112, 113, 114, 115, 116, 117, 118, 119, 120, 121, 122, 123, 124, 125, 126, 127, 128, 129
inlacorr	110	false	true	false	127
inlacorr	111	false	true	false	1, 2, 3, 4, 5, 6, 7, 8, 9, 10, 11, 12, 13, 14, 15, 16, 17, 18, 19, 20, 21, 22, 23, 24, 25, 26, 27, 28, 29, 30, 31, 32, 33, 34, 35, 36, 37, 38, 39, 40, 41, 42, 43, 44, 45, 46, 47, 48, 49, 50, 51, 52, 53, 54, 55, 56, 57, 58, 59, 60, 61, 62, 63, 64, 65, 66, 67, 68, 69, 70, 71, 72, 73, 74, 75, 76, 77, 78, 79, 80, 81, 82, 83, 84, 85, 86, 87, 88, 89, 90, 91, 92, 93, 94, 95, 96, 97, 98, 99, 100, 101, 102, 103, 104, 105, 106, 107, 108, 109, 110, 111, 112, 113, 114, 115, 116, 117, 118, 119, 120, 121, 122, 123, 124, 125, 126, 127, 128, 129
inlacorr	112	false	true	false	1, 2, 3, 4, 5, 6, 7, 8, 9, 10, 11, 12, 13, 14, 15, 16, 17, 18, 19, 20, 21, 22, 23, 24, 25, 26, 27, 28, 29, 30, 31, 32, 33, 34, 35, 36, 37, 38, 39, 40, 41, 42, 43, 44, 45, 46, 47, 48, 49, 50, 51, 52, 53, 54, 55, 56, 57, 58, 59, 60, 61, 62, 63, 64, 65, 66, 67, 68, 69, 70, 71, 72, 73, 74, 75, 76, 77, 78, 79, 80, 81, 82, 83, 84, 85, 86, 87, 88, 89, 90, 91, 92, 93, 94, 95, 96, 97, 98, 99, 100, 101, 102, 103, 104, 105, 106, 107, 108, 109, 110, 111, 112, 113, 114, 115, 116, 117, 118, 119, 120, 121, 122, 123, 124, 125, 126, 127, 128, 129
inlacorr	113	false	true	false	122, 127
inlacorr	114	false	true	false	127
inlacorr	115	true	false	false
inlacorr	116	true	false	false
inlacorr	117	true	false	false
inlacorr	118	true	false	false
inlacorr	119	false	true	false	1, 2, 3, 4, 5, 6, 7, 8, 9, 10, 11, 12, 13, 14, 15, 16, 17, 18, 19, 20, 21, 22, 23, 24, 25, 26, 27, 28, 29, 30, 31, 32, 33, 34, 35, 36, 37, 38, 39, 40, 41, 42, 43, 44, 45, 46, 47, 48, 49, 50, 51, 52, 53, 54, 55, 56, 57, 58, 59, 60, 61, 62, 63, 64, 65, 66, 67, 68, 69, 70, 71, 72, 73, 74, 75, 76, 77, 78, 79, 80, 81, 82, 83, 84, 85, 86, 87, 88, 89, 90, 91, 92, 93, 94, 95, 96, 97, 98, 99, 100, 101, 102, 103, 104, 105, 106, 107, 108, 109, 110, 111, 112, 113, 114, 115, 116, 117, 118, 119, 120, 121, 122, 123, 124, 125, 126, 127, 128, 129
inlacorr	120	false	true	false	7, 28, 30, 99, 117, 127
inlacorr	121	false	true	false	127
inlacorr	122	false	true	false	113, 127
inlacorr	123	false	true	false	99, 127
inlacorr	124	false	true	false	127
inlacorr	125	false	true	true	8, 9, 14, 15, 16, 17, 18, 19, 20, 21, 22, 23, 25, 26, 29, 32, 44, 51, 68, 77, 79, 87, 99, 100, 109, 113, 114, 115, 117, 118, 122, 127
insocorr	1	true	false	false
insocorr	2	true	false	false
insocorr	3	true	false	false
insocorr	4	true	false	false
insocorr	5	true	false	false
insocorr	6	true	false	false
insocorr	7	true	false	false
insocorr	8	true	false	false
insocorr	9	true	false	false
insocorr	10	true	false	false
insocorr	11	false	true	true	17, 25, 63, 68, 73, 126, 127
insocorr	12	false	true	false	127
insocorr	13	true	false	false
insocorr	14	true	false	false
insocorr	15	true	false	false
insocorr	16	true	false	false
insocorr	17	true	false	false
insocorr	18	true	false	false
insocorr	19	true	false	false
insocorr	20	true	false	false
insocorr	21	true	false	false
insocorr	22	true	false	false
insocorr	23	true	false	false
insocorr	24	true	false	false
insocorr	25	true	false	false	56
insocorr	26	true	false	false
insocorr	27	true	false	false
insocorr	28	true	false	false
insocorr	29	true	false	false
insocorr	30	true	false	false
insocorr	31	false	true	false
insocorr	32	false	true	true	8, 14, 17, 25, 63, 68, 73, 77, 94, 107, 109, 120, 126, 127
insocorr	33	true	false	false
insocorr	34	true	false	false
insocorr	35	true	false	false
insocorr	36	true	false	false
insocorr	37	true	false	false
insocorr	38	true	false	false
insocorr	39	true	false	false
insocorr	40	true	false	false
insocorr	41	false	true	true	127
insocorr	42	true	false	false
insocorr	43	true	false	false
insocorr	44	true	false	false
insocorr	45	true	false	false
insocorr	46	true	false	false
insocorr	47	true	false	false
insocorr	48	true	false	false
insocorr	49	true	false	false
insocorr	50	true	false	false
insocorr	51	true	false	false
insocorr	52	true	false	false
insocorr	53	true	false	false
insocorr	54	true	false	false
insocorr	55	false	true	false
insocorr	56	true	false	false
insocorr	57	true	false	false
insocorr	58	false	true	false	68, 127
insocorr	59	true	false	false
insocorr	60	true	false	false
insocorr	61	true	false	false
insocorr	62	true	false	false
insocorr	63	false	true	false	25, 120, 127
insocorr	64	false	true	false	127
insocorr	65	false	true	false	62, 63, 68, 73, 74, 81, 89, 94, 98, 127, 129
insocorr	66	false	true	true	127
insocorr	67	false	true	true	73, 126, 127
insocorr	68	false	true	true	127
insocorr	69	false	true	false
insocorr	70	false	true	false	127
insocorr	71	false	true	false	127
insocorr	72	false	true	false	1, 2, 3, 4, 5, 6, 7, 8, 9, 10, 11, 12, 13, 14, 15, 16, 17, 18, 19, 20, 21, 22, 23, 24, 25, 26, 27, 28, 29, 30, 31, 32, 33, 34, 35, 36, 37, 38, 39, 40, 41, 42, 43, 44, 45, 46, 47, 48, 49, 50, 51, 52, 53, 54, 55, 56, 57, 58, 59, 60, 61, 62, 63, 64, 65, 66, 67, 68, 69, 70, 71, 72, 73, 74, 75, 76, 77, 78, 79, 80, 81, 82, 83, 84, 85, 86, 87, 88, 89, 90, 91, 92, 93, 94, 95, 96, 97, 98, 99, 100, 101, 102, 103, 104, 105, 106, 107, 108, 109, 110, 111, 112, 113, 114, 115, 116, 117, 118, 119, 120, 121, 122, 123, 124, 125, 126, 127, 128, 129
insocorr	73	false	true	false	127
insocorr	74	false	true	false	127
insocorr	75	true	false	false
insocorr	76	false	true	false	127
insocorr	77	true	false	false
insocorr	78	false	true	false	25, 127
insocorr	79	false	true	false	17, 25, 62, 127
insocorr	80	false	true	false	17, 25, 62, 127
insocorr	81	false	true	false	127
insocorr	82	false	true	false	127
insocorr	83	false	true	false	25, 127
insocorr	84	false	true	true	8, 14, 17, 21, 25, 29, 32, 34, 37, 38, 43, 45, 48, 49, 50, 57, 58, 62, 63, 68, 71, 72, 75, 76, 77, 78, 81, 82, 83, 84, 85, 88, 89, 99, 100, 107, 113, 120, 127, 128
insocorr	85	true	false	false
insocorr	86	false	true	false	127
insocorr	87	false	true	false	25, 127
insocorr	88	false	true	false	127
insocorr	89	false	true	false	127
insocorr	90	false	true	false	127
insocorr	91	false	true	false	25, 63, 127
insocorr	92	false	true	false	127
insocorr	93	false	true	false	25, 127
insocorr	94	false	true	false	14, 17, 25, 127
insocorr	95	false	true	false	127
insocorr	96	false	true	false	127
insocorr	97	false	true	false	127
insocorr	98	false	true	false	8, 48, 63, 73, 99, 107, 119, 127
insocorr	99	false	true	false	127
insocorr	100	false	true	false	127
insocorr	101	false	true	false	127
insocorr	102	false	true	false	127
insocorr	103	false	true	true	1, 2, 3, 4, 5, 6, 7, 8, 9, 10, 11, 12, 13, 14, 15, 16, 17, 18, 19, 20, 21, 22, 23, 24, 25, 26, 27, 28, 29, 30, 31, 32, 33, 34, 35, 36, 37, 38, 39, 40, 41, 42, 43, 44, 45, 46, 47, 48, 49, 50, 51, 52, 53, 54, 55, 56, 57, 58, 59, 60, 61, 62, 63, 64, 65, 66, 67, 68, 69, 70, 71, 72, 73, 74, 75, 76, 77, 78, 79, 80, 81, 82, 83, 84, 85, 86, 87, 88, 89, 90, 91, 92, 93, 94, 95, 96, 97, 98, 99, 100, 101, 102, 103, 104, 105, 106, 107, 108, 109, 110, 111, 112, 113, 114, 115, 116, 117, 118, 119, 120, 121, 122, 123, 124, 125, 126, 127, 128, 129
insocorr	104	false	true	false	8, 14, 17, 21, 25, 127
insocorr	105	false	true	false	127
insocorr	106	false	true	false	127
insocorr	107	false	true	false	127
insocorr	108	false	true	false	127
insocorr	109	false	true	false	1, 2, 3, 4, 5, 6, 7, 8, 9, 10, 11, 12, 13, 14, 15, 16, 17, 18, 19, 20, 21, 22, 23, 24, 25, 26, 27, 28, 29, 30, 31, 32, 33, 34, 35, 36, 37, 38, 39, 40, 41, 42, 43, 44, 45, 46, 47, 48, 49, 50, 51, 52, 53, 54, 55, 56, 57, 58, 59, 60, 61, 62, 63, 64, 65, 66, 67, 68, 69, 70, 71, 72, 73, 74, 75, 76, 77, 78, 79, 80, 81, 82, 83, 84, 85, 86, 87, 88, 89, 90, 91, 92, 93, 94, 95, 96, 97, 98, 99, 100, 101, 102, 103, 104, 105, 106, 107, 108, 109, 110, 111, 112, 113, 114, 115, 116, 117, 118, 119, 120, 121, 122, 123, 124, 125, 126, 127, 128, 129
insocorr	110	false	true	false	127
insocorr	111	false	true	false	25
insocorr	112	true	false	false
insocorr	113	false	true	false	5, 6, 7, 40, 46, 73, 74, 78, 81, 99, 100, 113, 114, 117, 118, 122
insocorr	114	true	false	false
insocorr	115	false	true	false	73, 100, 127
insocorr	116	false	true	false	1, 2, 3, 4, 5, 6, 7, 8, 9, 10, 11, 12, 13, 14, 15, 16, 17, 18, 19, 20, 21, 22, 23, 24, 25, 26, 27, 28, 29, 30, 31, 32, 33, 34, 35, 36, 37, 38, 39, 40, 41, 42, 43, 44, 45, 46, 47, 48, 49, 50, 51, 52, 53, 54, 55, 56, 57, 58, 59, 60, 61, 62, 63, 64, 65, 66, 67, 68, 69, 70, 71, 72, 73, 74, 75, 76, 77, 78, 79, 80, 81, 82, 83, 84, 85, 86, 87, 88, 89, 90, 91, 92, 93, 94, 95, 96, 97, 98, 99, 100, 101, 102, 103, 104, 105, 106, 107, 108, 109, 110, 111, 112, 113, 114, 115, 116, 117, 118, 119, 120, 121, 122, 123, 124, 125, 126, 127, 128, 129
insocorr	117	false	true	false	127
insocorr	118	false	true	false	113, 127
insocorr	119	false	true	false	113, 127
insocorr	120	false	true	false	127
insocorr	121	false	true	false	122, 127
