Category	Segment number	Segment Good	Eye Blinks	Eye Movements	Bad Channels
cosocorr	1	true	false	false	107, 38, 40, 43, 48, 55, 62, 63, 67, 71, 72, 73, 74, 81, 113, 114
cosocorr	2	true	false	false	107, 38, 40, 43, 48, 55, 62, 63, 67, 71, 72, 73, 74, 81, 113, 114
cosocorr	3	true	false	false	107, 38, 40, 43, 48, 55, 62, 63, 67, 71, 72, 73, 74, 81, 113, 114
cosocorr	4	true	false	false	107, 38, 40, 43, 48, 55, 62, 63, 67, 71, 72, 73, 74, 81, 113, 114
cosocorr	5	false	true	false	14, 17, 21, 48, 107
cosocorr	6	true	false	false	107, 38, 40, 43, 48, 55, 62, 63, 67, 71, 72, 73, 74, 81, 113, 114
cosocorr	7	true	false	false	107, 38, 40, 43, 48, 55, 62, 63, 67, 71, 72, 73, 74, 81, 113, 114
cosocorr	8	true	false	false	43, 107, 38, 40, 48, 55, 62, 63, 67, 71, 72, 73, 74, 81, 113, 114
cosocorr	9	true	false	false	107, 38, 40, 43, 48, 55, 62, 63, 67, 71, 72, 73, 74, 81, 113, 114
cosocorr	10	true	false	false	107, 38, 40, 43, 48, 55, 62, 63, 67, 71, 72, 73, 74, 81, 113, 114
cosocorr	11	true	false	false	107, 38, 40, 43, 48, 55, 62, 63, 67, 71, 72, 73, 74, 81, 113, 114
cosocorr	12	true	false	false	107, 38, 40, 43, 48, 55, 62, 63, 67, 71, 72, 73, 74, 81, 113, 114
cosocorr	13	true	false	false	107, 38, 40, 43, 48, 55, 62, 63, 67, 71, 72, 73, 74, 81, 113, 114
cosocorr	14	true	false	false	48, 107, 38, 40, 43, 55, 62, 63, 67, 71, 72, 73, 74, 81, 113, 114
cosocorr	15	true	false	false	48, 107, 38, 40, 43, 55, 62, 63, 67, 71, 72, 73, 74, 81, 113, 114
cosocorr	16	true	false	false	48, 107, 38, 40, 43, 55, 62, 63, 67, 71, 72, 73, 74, 81, 113, 114
cosocorr	17	true	false	false	107, 38, 40, 43, 48, 55, 62, 63, 67, 71, 72, 73, 74, 81, 113, 114
cosocorr	18	true	false	false	48, 107, 38, 40, 43, 55, 62, 63, 67, 71, 72, 73, 74, 81, 113, 114
cosocorr	19	true	false	false	48, 107, 38, 40, 43, 55, 62, 63, 67, 71, 72, 73, 74, 81, 113, 114
cosocorr	20	true	false	false	48, 107, 114, 38, 40, 43, 55, 62, 63, 67, 71, 72, 73, 74, 81, 113
cosocorr	21	true	false	false	48, 107, 38, 40, 43, 55, 62, 63, 67, 71, 72, 73, 74, 81, 113, 114
cosocorr	22	true	false	false	107, 38, 40, 43, 48, 55, 62, 63, 67, 71, 72, 73, 74, 81, 113, 114
cosocorr	23	true	false	false	48, 107, 38, 40, 43, 55, 62, 63, 67, 71, 72, 73, 74, 81, 113, 114
cosocorr	24	true	false	false	48, 107, 38, 40, 43, 55, 62, 63, 67, 71, 72, 73, 74, 81, 113, 114
cosocorr	25	true	false	false	107, 114, 38, 40, 43, 48, 55, 62, 63, 67, 71, 72, 73, 74, 81, 113
cosocorr	26	true	false	false	38, 48, 107, 114, 40, 43, 55, 62, 63, 67, 71, 72, 73, 74, 81, 113
cosocorr	27	false	true	false	8, 21, 48, 107
cosocorr	28	true	false	false	38, 43, 48, 54, 55, 62, 63, 67, 71, 72, 73, 74, 80, 99, 107, 114, 40, 81, 113
cosocorr	29	true	false	false	38, 107, 114, 40, 43, 48, 55, 62, 63, 67, 71, 72, 73, 74, 81, 113
cosocorr	30	true	false	false	38, 43, 48, 107, 40, 55, 62, 63, 67, 71, 72, 73, 74, 81, 113, 114
cosocorr	31	true	false	false	38, 107, 114, 40, 43, 48, 55, 62, 63, 67, 71, 72, 73, 74, 81, 113
cosocorr	32	true	false	false	38, 107, 40, 43, 48, 55, 62, 63, 67, 71, 72, 73, 74, 81, 113, 114
cosocorr	33	true	false	false	48, 107, 114, 38, 40, 43, 55, 62, 63, 67, 71, 72, 73, 74, 81, 113
cosocorr	34	false	true	false	6, 8, 9, 11, 14, 15, 16, 17, 18, 21, 22, 25, 38, 43, 48, 55, 62, 63, 67, 71, 72, 73, 74, 107, 114
cosocorr	35	true	false	false	38, 48, 56, 62, 63, 67, 71, 72, 73, 107, 114, 40, 43, 55, 74, 81, 113
cosocorr	36	true	false	false	38, 107, 40, 43, 48, 55, 62, 63, 67, 71, 72, 73, 74, 81, 113, 114
cosocorr	37	true	false	false	38, 48, 56, 107, 40, 43, 55, 62, 63, 67, 71, 72, 73, 74, 81, 113, 114
cosocorr	38	true	false	false	38, 48, 62, 63, 67, 71, 72, 107, 114, 40, 43, 55, 73, 74, 81, 113
cosocorr	39	true	false	false	38, 48, 73, 107, 40, 43, 55, 62, 63, 67, 71, 72, 74, 81, 113, 114
cosocorr	40	true	false	false	38, 48, 73, 107, 114, 40, 43, 55, 62, 63, 67, 71, 72, 74, 81, 113
cosocorr	41	true	false	false	38, 48, 107, 40, 43, 55, 62, 63, 67, 71, 72, 73, 74, 81, 113, 114
cosocorr	42	true	false	false	38, 43, 48, 63, 107, 114, 40, 55, 62, 67, 71, 72, 73, 74, 81, 113
cosocorr	43	true	false	false	38, 48, 62, 63, 67, 71, 72, 73, 107, 40, 43, 55, 74, 81, 113, 114
cosocorr	44	true	false	false	38, 48, 107, 40, 43, 55, 62, 63, 67, 71, 72, 73, 74, 81, 113, 114
cosocorr	45	true	false	false	9, 14, 15, 16, 21, 38, 43, 48, 55, 62, 63, 67, 71, 72, 73, 74, 80, 107, 114, 40, 81, 113
cosocorr	46	true	false	false	38, 48, 107, 40, 43, 55, 62, 63, 67, 71, 72, 73, 74, 81, 113, 114
cosocorr	47	true	false	false	38, 48, 55, 62, 63, 67, 71, 72, 73, 107, 114, 40, 43, 74, 81, 113
cosocorr	48	true	false	false	38, 48, 107, 114, 40, 43, 55, 62, 63, 67, 71, 72, 73, 74, 81, 113
cosocorr	49	true	false	false	38, 43, 48, 55, 62, 63, 67, 71, 72, 73, 74, 107, 114, 40, 81, 113
cosocorr	50	true	false	false	38, 43, 48, 55, 62, 63, 67, 71, 72, 73, 74, 107, 114, 40, 81, 113
cosocorr	51	true	false	false	38, 55, 62, 63, 67, 71, 72, 73, 107, 114, 40, 43, 48, 74, 81, 113
cosocorr	52	true	false	false	38, 48, 55, 62, 63, 67, 71, 72, 74, 107, 113, 114, 40, 43, 73, 81
cosocorr	53	true	false	false	38, 48, 107, 114, 40, 43, 55, 62, 63, 67, 71, 72, 73, 74, 81, 113
cosocorr	54	true	false	false	38, 48, 107, 40, 43, 55, 62, 63, 67, 71, 72, 73, 74, 81, 113, 114
cosocorr	55	true	false	false	38, 48, 63, 107, 114, 40, 43, 55, 62, 67, 71, 72, 73, 74, 81, 113
cosocorr	56	true	false	false	38, 43, 48, 55, 62, 63, 67, 71, 72, 73, 74, 107, 114, 40, 81, 113
cosocorr	57	true	false	false	38, 43, 48, 55, 62, 63, 67, 71, 72, 73, 74, 107, 114, 40, 81, 113
cosocorr	58	true	false	false	38, 48, 62, 63, 71, 72, 73, 107, 114, 40, 43, 55, 67, 74, 81, 113
cosocorr	59	true	false	false	38, 48, 107, 114, 40, 43, 55, 62, 63, 67, 71, 72, 73, 74, 81, 113
cosocorr	60	false	false	false	2, 9, 12, 14, 15, 16, 18, 22, 25, 26, 31, 32, 38, 39, 43, 48, 49, 54, 55, 62, 63, 67, 70, 71, 72, 73, 74, 80, 83, 107, 114, 119, 120, 121, 126, 127, 128, 40, 81, 113
cosocorr	61	false	false	true	38, 43, 48, 55, 62, 63, 67, 71, 72, 73, 74, 107, 114
cosocorr	62	true	false	false	48, 107, 114, 38, 40, 43, 55, 62, 63, 67, 71, 72, 73, 74, 81, 113
cosocorr	63	true	false	false	38, 48, 107, 114, 40, 43, 55, 62, 63, 67, 71, 72, 73, 74, 81, 113
cosocorr	64	true	false	false	12, 38, 43, 48, 63, 107, 40, 55, 62, 67, 71, 72, 73, 74, 81, 113, 114
cosocorr	65	true	false	false	38, 43, 48, 55, 62, 63, 67, 71, 72, 73, 74, 107, 114, 40, 81, 113
cosocorr	66	true	false	false	38, 43, 48, 63, 73, 107, 114, 40, 55, 62, 67, 71, 72, 74, 81, 113
cosocorr	67	true	false	false	38, 43, 48, 63, 73, 107, 114, 40, 55, 62, 67, 71, 72, 74, 81, 113
cosocorr	68	true	false	false	38, 43, 48, 55, 62, 63, 67, 71, 72, 73, 74, 107, 114, 40, 81, 113
cosocorr	69	false	false	false	1, 2, 3, 4, 5, 6, 7, 8, 9, 10, 11, 12, 13, 14, 15, 16, 17, 18, 19, 20, 21, 22, 23, 24, 25, 26, 27, 28, 29, 30, 31, 32, 33, 34, 35, 36, 37, 38, 39, 40, 41, 42, 43, 44, 45, 46, 47, 48, 49, 50, 51, 52, 54, 55, 56, 57, 59, 60, 62, 63, 64, 65, 66, 67, 69, 70, 71, 72, 73, 74, 75, 76, 77, 78, 79, 80, 81, 82, 83, 84, 85, 86, 88, 89, 90, 91, 92, 94, 95, 96, 97, 99, 100, 102, 103, 104, 105, 106, 107, 108, 111, 113, 114, 115, 116, 119, 120, 121, 122, 123, 124, 125, 126, 127, 128, 129
cosocorr	70	false	false	false	1, 2, 3, 4, 5, 6, 7, 8, 9, 10, 11, 12, 13, 14, 15, 16, 17, 18, 19, 20, 21, 22, 23, 24, 25, 26, 27, 28, 29, 30, 31, 32, 33, 34, 35, 36, 37, 38, 39, 40, 41, 42, 43, 44, 45, 46, 47, 48, 49, 50, 51, 52, 54, 55, 56, 57, 59, 60, 62, 63, 64, 65, 66, 67, 69, 70, 71, 72, 73, 74, 75, 76, 77, 78, 79, 80, 81, 82, 83, 84, 85, 86, 88, 89, 90, 91, 92, 94, 95, 96, 97, 99, 102, 103, 104, 105, 107, 108, 113, 114, 115, 116, 119, 120, 121, 122, 123, 124, 125, 126, 127, 128, 129
cosocorr	71	true	false	false	12, 38, 43, 48, 63, 73, 107, 114, 40, 55, 62, 67, 71, 72, 74, 81, 113
cosocorr	72	true	false	false	38, 43, 48, 73, 114, 40, 55, 62, 63, 67, 71, 72, 74, 81, 107, 113
cosocorr	73	true	false	false	12, 38, 40, 43, 48, 55, 62, 63, 67, 71, 72, 73, 114, 74, 81, 107, 113
cosocorr	74	true	false	false	12, 38, 40, 43, 48, 55, 62, 63, 67, 71, 72, 73, 74, 81, 114, 107, 113
cosocorr	75	false	true	true	12, 14, 17, 21, 35, 38, 40, 41, 43, 44, 48, 49, 55, 56, 58, 62, 63, 67, 69, 71, 72, 73, 74, 77, 78, 79, 81, 92, 113, 114, 120, 124, 126, 127
cosocorr	76	false	false	false	1, 2, 3, 4, 6, 7, 8, 9, 10, 11, 12, 13, 14, 15, 16, 17, 18, 19, 20, 21, 22, 23, 24, 25, 26, 27, 28, 29, 30, 31, 32, 33, 34, 35, 36, 37, 38, 39, 40, 41, 42, 43, 44, 45, 46, 47, 48, 49, 50, 51, 52, 54, 55, 56, 57, 59, 60, 62, 63, 64, 65, 66, 67, 68, 69, 70, 71, 72, 73, 74, 75, 76, 77, 78, 79, 81, 82, 83, 84, 85, 86, 88, 89, 90, 91, 92, 94, 95, 96, 97, 100, 101, 105, 106, 107, 108, 111, 112, 113, 114, 115, 116, 117, 118, 119, 120, 121, 122, 123, 124, 125, 126, 127, 128, 129
cosocorr	77	true	false	false	38, 43, 48, 55, 62, 63, 67, 71, 72, 73, 74, 114, 40, 81, 107, 113
cosocorr	78	true	false	false	38, 43, 48, 55, 62, 63, 67, 71, 72, 73, 74, 81, 114, 40, 107, 113
cosocorr	79	false	false	true	1, 2, 3, 4, 6, 7, 8, 9, 10, 11, 12, 13, 14, 15, 16, 17, 18, 19, 20, 21, 22, 23, 24, 25, 26, 27, 28, 29, 30, 32, 33, 34, 35, 36, 37, 38, 39, 40, 41, 42, 43, 44, 45, 48, 49, 50, 51, 52, 53, 55, 56, 57, 58, 59, 61, 62, 63, 64, 65, 66, 67, 68, 69, 70, 71, 72, 73, 74, 75, 76, 78, 79, 80, 81, 82, 83, 84, 85, 86, 88, 89, 90, 91, 92, 94, 95, 96, 97, 99, 100, 102, 103, 104, 105, 107, 108, 109, 110, 111, 112, 113, 114, 115, 116, 117, 118, 119, 120, 121, 122, 123, 124, 125, 126, 127, 128, 129
cosocorr	80	true	false	false	12, 38, 40, 41, 43, 48, 55, 62, 63, 67, 71, 72, 73, 81, 114, 74, 107, 113
cosocorr	81	false	false	false	2, 4, 8, 9, 10, 12, 13, 14, 15, 16, 17, 18, 19, 20, 21, 22, 23, 24, 25, 26, 27, 28, 32, 33, 34, 35, 37, 38, 39, 40, 41, 43, 48, 49, 55, 56, 62, 63, 67, 68, 71, 72, 73, 74, 77, 81, 88, 92, 96, 106, 107, 113, 114, 115, 116, 119, 120, 121, 122, 124, 125, 126, 127, 128, 129
cosocorr	82	false	false	false	1, 2, 3, 4, 7, 8, 9, 10, 12, 13, 14, 15, 16, 17, 18, 19, 20, 21, 22, 23, 24, 25, 26, 27, 28, 29, 30, 32, 33, 34, 35, 37, 38, 39, 40, 41, 42, 43, 44, 48, 49, 55, 62, 63, 65, 67, 68, 69, 71, 72, 73, 74, 77, 78, 81, 88, 92, 106, 107, 113, 114, 115, 119, 120, 121, 122, 124, 125, 126, 127, 128, 129
cosocorr	83	false	true	false	1, 2, 3, 4, 5, 6, 7, 8, 9, 10, 11, 12, 13, 14, 15, 16, 17, 18, 19, 20, 21, 22, 23, 24, 25, 26, 27, 28, 29, 30, 31, 32, 33, 34, 35, 36, 37, 38, 39, 40, 41, 42, 43, 44, 45, 46, 47, 48, 49, 50, 51, 52, 53, 54, 55, 56, 57, 58, 59, 60, 61, 62, 63, 64, 65, 66, 67, 68, 69, 70, 71, 72, 73, 74, 75, 76, 77, 78, 79, 80, 81, 82, 83, 84, 85, 86, 87, 88, 89, 90, 91, 92, 93, 94, 95, 96, 97, 98, 99, 100, 101, 102, 103, 104, 105, 106, 107, 108, 109, 110, 111, 112, 113, 114, 115, 116, 117, 118, 119, 120, 121, 122, 123, 124, 125, 126, 127, 128, 129
cosocorr	84	true	false	false	12, 38, 40, 43, 48, 55, 62, 63, 67, 71, 72, 73, 74, 81, 114, 107, 113
cosocorr	85	false	false	false	2, 4, 7, 8, 9, 12, 14, 15, 16, 17, 18, 19, 20, 21, 22, 23, 24, 25, 26, 27, 28, 30, 31, 32, 33, 34, 35, 37, 38, 39, 40, 41, 42, 43, 48, 49, 55, 59, 61, 62, 63, 65, 67, 68, 69, 70, 71, 72, 73, 74, 77, 81, 83, 88, 90, 92, 94, 95, 104, 106, 107, 114, 115, 119, 120, 121, 122, 124, 125, 126, 127, 128, 129, 113
cosocorr	86	true	false	false	38, 40, 43, 48, 55, 62, 63, 67, 71, 72, 81, 114, 73, 74, 107, 113
cosocorr	87	true	false	false	38, 43, 48, 55, 62, 63, 67, 71, 72, 73, 81, 99, 100, 101, 40, 74, 107, 113, 114
cosocorr	88	true	false	false	35, 38, 40, 41, 43, 44, 48, 55, 62, 63, 67, 71, 72, 73, 74, 77, 81, 92, 94, 106, 113, 114, 107
cosocorr	89	false	false	true	1, 2, 3, 4, 5, 6, 7, 8, 9, 10, 11, 12, 13, 14, 15, 16, 17, 18, 19, 20, 21, 22, 23, 24, 25, 26, 27, 28, 29, 30, 31, 32, 33, 34, 35, 36, 37, 38, 39, 40, 41, 42, 43, 44, 45, 46, 47, 48, 49, 50, 51, 52, 53, 54, 55, 56, 57, 58, 59, 60, 61, 62, 63, 64, 65, 66, 67, 68, 69, 70, 71, 72, 73, 74, 75, 76, 77, 78, 79, 80, 81, 82, 83, 84, 85, 86, 87, 88, 89, 90, 91, 92, 93, 94, 95, 96, 97, 98, 99, 100, 101, 102, 103, 104, 105, 106, 107, 108, 109, 110, 111, 112, 113, 114, 115, 116, 117, 118, 119, 120, 121, 122, 123, 124, 125, 126, 127, 128, 129
cosocorr	90	false	false	true	1, 2, 3, 4, 5, 6, 7, 8, 9, 10, 11, 12, 13, 14, 15, 16, 17, 18, 19, 20, 21, 22, 23, 24, 25, 26, 27, 28, 29, 30, 31, 32, 33, 34, 35, 36, 37, 38, 39, 40, 41, 42, 43, 44, 45, 46, 47, 48, 49, 50, 51, 52, 53, 54, 55, 56, 57, 58, 59, 60, 61, 62, 63, 64, 65, 66, 67, 68, 69, 70, 71, 72, 73, 74, 75, 76, 77, 78, 79, 80, 81, 82, 83, 84, 85, 86, 87, 88, 89, 90, 91, 92, 93, 94, 95, 96, 97, 98, 99, 100, 101, 102, 103, 104, 105, 106, 107, 108, 109, 110, 111, 112, 113, 114, 115, 116, 117, 118, 119, 120, 121, 122, 123, 124, 125, 126, 127, 128, 129
cosocorr	91	false	false	false	1, 2, 3, 4, 5, 6, 7, 8, 9, 10, 11, 12, 13, 14, 15, 16, 17, 18, 19, 20, 21, 22, 23, 24, 25, 26, 27, 28, 29, 30, 31, 32, 33, 34, 35, 36, 37, 38, 39, 40, 41, 42, 43, 44, 45, 46, 47, 48, 49, 50, 51, 52, 53, 54, 55, 56, 57, 58, 59, 60, 61, 62, 63, 64, 65, 66, 67, 68, 69, 70, 71, 72, 73, 74, 75, 76, 77, 78, 79, 80, 81, 82, 83, 84, 85, 86, 87, 88, 89, 90, 91, 92, 93, 94, 95, 96, 97, 98, 99, 100, 101, 102, 103, 104, 105, 106, 107, 108, 109, 110, 111, 112, 113, 114, 115, 116, 117, 118, 119, 120, 121, 122, 123, 124, 125, 126, 127, 128, 129
cosocorr	92	false	false	false	1, 2, 4, 8, 9, 10, 12, 14, 15, 16, 17, 18, 21, 22, 38, 40, 43, 48, 55, 62, 63, 67, 71, 72, 73, 74, 77, 81, 92, 102, 103, 104, 109, 113, 114, 125, 107
cosocorr	93	true	false	false	38, 40, 43, 48, 55, 62, 63, 66, 67, 71, 72, 73, 74, 81, 92, 106, 113, 114, 107
cosocorr	94	false	false	false	1, 2, 3, 4, 7, 8, 9, 10, 11, 12, 13, 14, 15, 16, 17, 18, 19, 20, 21, 22, 23, 24, 25, 26, 27, 28, 30, 31, 32, 33, 34, 37, 38, 39, 40, 41, 42, 43, 44, 45, 48, 49, 51, 52, 55, 56, 57, 59, 61, 62, 63, 64, 65, 66, 67, 68, 69, 70, 71, 72, 73, 74, 75, 76, 77, 78, 79, 81, 82, 83, 84, 85, 88, 89, 90, 91, 92, 94, 95, 96, 97, 99, 102, 103, 104, 106, 107, 108, 109, 110, 111, 112, 113, 114, 115, 116, 117, 118, 119, 120, 121, 122, 123, 124, 125, 126, 127, 128, 129
cosocorr	95	true	false	false	12, 38, 40, 43, 48, 55, 62, 63, 67, 71, 72, 73, 74, 77, 81, 92, 102, 103, 106, 109, 113, 114, 107
cosocorr	96	false	false	true	12, 38, 40, 43, 48, 55, 62, 63, 67, 71, 72, 73, 74, 81, 92, 113, 114
cosocorr	97	false	true	true	1, 2, 3, 4, 5, 6, 7, 8, 9, 10, 11, 12, 13, 14, 15, 16, 17, 18, 19, 20, 21, 22, 23, 24, 25, 26, 27, 28, 29, 30, 31, 32, 33, 34, 35, 36, 37, 38, 39, 40, 41, 42, 43, 44, 45, 46, 47, 48, 49, 50, 51, 52, 53, 54, 55, 56, 57, 58, 59, 60, 61, 62, 63, 64, 65, 66, 67, 68, 69, 70, 71, 72, 73, 74, 75, 76, 77, 78, 79, 80, 81, 82, 83, 84, 85, 86, 87, 88, 89, 90, 91, 92, 93, 94, 95, 96, 97, 98, 99, 100, 101, 102, 103, 104, 105, 106, 107, 108, 109, 110, 111, 112, 113, 114, 115, 116, 117, 118, 119, 120, 121, 122, 123, 124, 125, 126, 127, 128, 129
cosocorr	98	false	false	false	1, 2, 3, 4, 6, 7, 8, 9, 10, 11, 12, 13, 14, 15, 16, 17, 18, 19, 20, 21, 22, 23, 24, 25, 26, 27, 28, 29, 30, 31, 32, 33, 34, 35, 36, 37, 38, 39, 40, 41, 42, 43, 44, 45, 46, 47, 48, 49, 50, 51, 52, 53, 54, 55, 56, 57, 58, 59, 60, 61, 62, 63, 64, 65, 66, 67, 68, 69, 70, 71, 72, 73, 74, 75, 76, 77, 78, 79, 80, 81, 82, 83, 84, 85, 86, 87, 88, 89, 90, 91, 92, 93, 94, 95, 96, 97, 98, 99, 100, 101, 102, 103, 104, 105, 106, 107, 108, 109, 110, 111, 112, 113, 114, 115, 116, 117, 118, 119, 120, 121, 122, 123, 124, 125, 126, 127, 128, 129
cosocorr	99	false	false	false	1, 2, 3, 4, 5, 6, 7, 8, 9, 10, 11, 12, 13, 14, 15, 16, 17, 18, 19, 20, 21, 22, 23, 24, 25, 26, 27, 28, 29, 30, 31, 32, 33, 34, 35, 36, 37, 38, 39, 40, 41, 42, 43, 44, 45, 46, 47, 48, 49, 50, 51, 52, 53, 54, 55, 56, 57, 59, 60, 61, 62, 63, 64, 65, 66, 67, 68, 69, 70, 71, 72, 73, 74, 75, 76, 77, 78, 79, 80, 81, 82, 83, 84, 85, 86, 87, 88, 89, 90, 91, 92, 93, 94, 95, 96, 97, 98, 99, 100, 101, 102, 103, 104, 105, 106, 107, 108, 109, 110, 111, 112, 113, 114, 115, 116, 117, 118, 119, 120, 121, 122, 123, 124, 125, 126, 127, 128, 129
cosocorr	100	false	false	false	1, 2, 3, 4, 7, 8, 9, 10, 11, 12, 13, 14, 15, 16, 17, 18, 19, 20, 21, 22, 23, 24, 25, 26, 27, 28, 29, 30, 31, 32, 33, 34, 37, 38, 39, 40, 41, 42, 43, 44, 45, 46, 47, 48, 49, 50, 51, 52, 54, 55, 56, 57, 59, 60, 61, 62, 63, 64, 65, 66, 67, 68, 69, 70, 71, 72, 73, 74, 75, 76, 77, 78, 80, 81, 82, 83, 84, 85, 88, 89, 90, 91, 92, 93, 94, 95, 97, 98, 102, 103, 104, 105, 106, 107, 108, 109, 110, 111, 112, 113, 114, 115, 117, 118, 119, 120, 121, 122, 123, 124, 125, 126, 127, 128, 129
cosocorr	101	false	false	true	1, 2, 3, 4, 5, 6, 7, 8, 9, 10, 11, 12, 13, 14, 15, 16, 17, 18, 19, 20, 21, 22, 23, 24, 25, 26, 27, 28, 29, 30, 31, 32, 33, 34, 35, 36, 37, 38, 39, 40, 41, 42, 43, 44, 45, 46, 47, 48, 49, 50, 51, 52, 53, 54, 55, 56, 57, 58, 59, 60, 61, 62, 63, 64, 65, 66, 67, 68, 69, 70, 71, 72, 73, 74, 75, 76, 77, 78, 79, 80, 81, 82, 83, 84, 85, 86, 87, 88, 89, 90, 91, 92, 93, 94, 95, 96, 97, 98, 99, 100, 101, 102, 103, 104, 105, 106, 107, 108, 109, 110, 111, 112, 113, 114, 115, 116, 117, 118, 119, 120, 121, 122, 123, 124, 125, 126, 127, 128, 129
cosocorr	102	false	false	false	38, 40, 43, 46, 47, 48, 55, 62, 63, 67, 69, 71, 72, 73, 77, 81, 92, 96, 99, 101, 102, 103, 104, 109, 110, 113, 114, 74, 107
cosocorr	103	true	false	false	38, 43, 48, 55, 62, 63, 67, 71, 72, 73, 81, 92, 114, 40, 74, 107, 113
cosocorr	104	false	false	false	2, 4, 7, 8, 9, 10, 11, 12, 13, 14, 15, 16, 17, 18, 19, 20, 21, 22, 23, 24, 26, 27, 28, 31, 32, 34, 37, 38, 40, 43, 45, 48, 49, 55, 59, 62, 63, 65, 67, 71, 72, 73, 76, 77, 81, 83, 88, 90, 98, 102, 103, 104, 106, 107, 109, 110, 112, 113, 114, 115, 119, 120, 121, 122, 124, 125, 126, 127, 129, 74
cosocorr	105	false	false	false	9, 14, 15, 17, 21, 22, 25, 26, 32, 38, 40, 43, 45, 46, 48, 55, 62, 63, 67, 71, 72, 73, 77, 81, 92, 98, 102, 103, 104, 106, 109, 110, 112, 113, 114, 127, 74, 107
cosocorr	106	false	false	false	1, 2, 3, 4, 7, 8, 9, 10, 11, 13, 14, 15, 16, 17, 18, 19, 20, 21, 22, 23, 24, 25, 26, 27, 28, 29, 30, 31, 32, 33, 34, 37, 38, 39, 40, 42, 43, 45, 46, 48, 49, 50, 51, 52, 53, 54, 55, 56, 57, 59, 61, 62, 63, 64, 65, 66, 67, 68, 69, 70, 71, 72, 73, 74, 75, 76, 77, 78, 79, 81, 82, 83, 84, 85, 86, 88, 89, 90, 91, 92, 94, 95, 97, 98, 99, 100, 102, 103, 104, 107, 108, 109, 110, 111, 112, 113, 114, 115, 116, 117, 118, 119, 120, 121, 122, 123, 124, 125, 126, 127, 128, 129
cosocorr	107	false	false	false	2, 4, 8, 9, 14, 15, 16, 17, 18, 21, 22, 25, 26, 27, 32, 34, 38, 40, 43, 45, 46, 48, 49, 55, 62, 63, 67, 71, 72, 73, 77, 81, 92, 98, 102, 103, 104, 109, 110, 112, 113, 114, 119, 124, 126, 127, 74, 107
cosocorr	108	true	false	false	12, 38, 40, 43, 48, 55, 62, 63, 67, 71, 72, 73, 77, 81, 104, 110, 113, 114, 74, 107
cosocorr	109	false	false	false	1, 2, 4, 7, 8, 9, 10, 12, 14, 15, 16, 17, 18, 19, 21, 22, 23, 25, 26, 27, 31, 32, 34, 35, 37, 38, 39, 40, 41, 42, 43, 44, 45, 46, 48, 49, 54, 55, 59, 62, 63, 65, 67, 68, 69, 70, 71, 72, 73, 77, 81, 83, 88, 89, 92, 93, 94, 95, 96, 98, 99, 101, 102, 103, 104, 106, 107, 109, 110, 111, 112, 113, 114, 115, 117, 118, 119, 120, 121, 122, 124, 125, 126, 127, 128, 129, 74
cosocorr	110	false	false	false	1, 2, 3, 4, 7, 8, 9, 10, 11, 13, 14, 15, 16, 17, 18, 19, 20, 21, 22, 23, 24, 25, 26, 27, 28, 30, 31, 32, 33, 34, 37, 38, 39, 40, 42, 43, 45, 46, 48, 49, 51, 52, 54, 55, 56, 57, 59, 61, 62, 63, 64, 65, 66, 67, 68, 69, 70, 71, 72, 73, 75, 76, 77, 78, 79, 81, 82, 83, 84, 85, 88, 89, 90, 91, 92, 94, 95, 97, 98, 99, 102, 103, 104, 105, 106, 107, 108, 109, 110, 111, 112, 113, 114, 115, 116, 117, 118, 119, 120, 121, 122, 123, 124, 125, 126, 127, 128, 129, 74
cosocorr	111	true	false	false	38, 40, 43, 48, 55, 62, 63, 67, 71, 72, 73, 77, 81, 102, 103, 106, 112, 114, 74, 107, 113
cosocorr	112	false	false	true	38, 40, 43, 48, 55, 62, 63, 67, 71, 72, 114
cosocorr	113	false	false	false	1, 2, 3, 4, 7, 8, 9, 10, 11, 13, 14, 15, 16, 17, 18, 19, 20, 21, 22, 23, 24, 25, 26, 27, 28, 30, 31, 32, 33, 34, 37, 38, 39, 40, 42, 43, 44, 45, 46, 48, 49, 51, 52, 54, 55, 56, 57, 59, 61, 62, 63, 64, 65, 66, 67, 68, 69, 70, 71, 72, 73, 75, 76, 77, 78, 79, 81, 82, 83, 84, 85, 88, 89, 90, 91, 92, 94, 95, 96, 97, 98, 99, 100, 101, 102, 103, 104, 105, 106, 107, 108, 109, 110, 111, 112, 113, 114, 115, 117, 118, 119, 120, 121, 122, 123, 124, 125, 126, 127, 128, 129, 74
cosocorr	114	true	false	false	38, 40, 43, 48, 55, 62, 63, 67, 71, 72, 81, 113, 114, 73, 74, 107
cosocorr	115	false	false	true	1, 2, 3, 4, 5, 6, 7, 8, 9, 10, 11, 12, 13, 14, 15, 16, 17, 18, 19, 20, 21, 22, 23, 24, 25, 26, 27, 28, 29, 30, 31, 32, 33, 34, 35, 36, 37, 38, 39, 40, 41, 42, 43, 44, 45, 46, 47, 48, 49, 50, 51, 52, 53, 54, 55, 56, 57, 58, 59, 60, 61, 62, 63, 64, 65, 66, 67, 68, 69, 70, 71, 72, 73, 74, 75, 76, 77, 78, 79, 80, 81, 82, 83, 84, 85, 86, 87, 88, 89, 90, 91, 92, 93, 94, 95, 96, 97, 98, 99, 100, 101, 102, 103, 104, 105, 106, 107, 108, 109, 110, 111, 112, 113, 114, 115, 116, 117, 118, 119, 120, 121, 122, 123, 124, 125, 126, 127, 128, 129
cosocorr	116	true	false	false	38, 43, 48, 55, 62, 63, 71, 72, 81, 113, 114, 40, 67, 73, 74, 107
cosocorr	117	true	false	false	38, 40, 43, 48, 55, 62, 63, 71, 72, 81, 113, 114, 67, 73, 74, 107
cosocorr	118	false	false	false	1, 2, 4, 9, 14, 15, 16, 17, 18, 19, 21, 22, 23, 26, 27, 29, 31, 32, 34, 37, 38, 40, 43, 48, 49, 54, 55, 56, 62, 63, 64, 65, 67, 68, 69, 70, 71, 72, 73, 77, 81, 82, 88, 89, 94, 95, 102, 103, 104, 106, 107, 109, 112, 113, 114, 119, 120, 121, 122, 124, 126, 127, 128, 129, 74
cosocorr	119	false	false	true	1, 2, 3, 4, 5, 6, 7, 8, 9, 10, 11, 12, 13, 14, 15, 16, 17, 18, 19, 20, 21, 22, 23, 24, 25, 26, 27, 28, 29, 30, 31, 32, 33, 34, 35, 36, 37, 38, 39, 40, 41, 42, 43, 44, 45, 46, 47, 48, 49, 50, 51, 52, 53, 54, 55, 56, 57, 58, 59, 60, 61, 62, 63, 64, 65, 66, 67, 68, 69, 70, 71, 72, 73, 74, 75, 76, 77, 78, 79, 81, 82, 83, 84, 85, 86, 87, 88, 89, 90, 91, 92, 93, 94, 95, 96, 97, 98, 99, 100, 101, 102, 103, 104, 105, 106, 107, 108, 109, 110, 111, 112, 113, 114, 115, 116, 117, 118, 119, 120, 121, 122, 123, 124, 125, 126, 127, 128, 129
cosocorr	120	false	false	false	9, 11, 12, 16, 18, 22, 23, 27, 40, 41, 43, 44, 46, 48, 55, 62, 63, 67, 71, 72, 73, 77, 81, 86, 92, 96, 98, 101, 102, 103, 104, 105, 109, 110, 111, 112, 113, 114, 117, 118, 38, 74, 107
colacorr	1	true	false	false	107, 38, 40, 43, 48, 55, 62, 63, 67, 71, 72, 73, 74, 81, 113, 114
colacorr	2	true	false	false	107, 38, 40, 43, 48, 55, 62, 63, 67, 71, 72, 73, 74, 81, 113, 114
colacorr	3	true	false	false	107, 38, 40, 43, 48, 55, 62, 63, 67, 71, 72, 73, 74, 81, 113, 114
colacorr	4	true	false	false	48, 107, 38, 40, 43, 55, 62, 63, 67, 71, 72, 73, 74, 81, 113, 114
colacorr	5	true	false	false	107, 38, 40, 43, 48, 55, 62, 63, 67, 71, 72, 73, 74, 81, 113, 114
colacorr	6	true	false	false	43, 107, 38, 40, 48, 55, 62, 63, 67, 71, 72, 73, 74, 81, 113, 114
colacorr	7	true	false	false	107, 38, 40, 43, 48, 55, 62, 63, 67, 71, 72, 73, 74, 81, 113, 114
colacorr	8	true	false	false	107, 38, 40, 43, 48, 55, 62, 63, 67, 71, 72, 73, 74, 81, 113, 114
colacorr	9	true	false	false	107, 38, 40, 43, 48, 55, 62, 63, 67, 71, 72, 73, 74, 81, 113, 114
colacorr	10	true	false	false	107, 38, 40, 43, 48, 55, 62, 63, 67, 71, 72, 73, 74, 81, 113, 114
colacorr	11	true	false	false	43, 107, 38, 40, 48, 55, 62, 63, 67, 71, 72, 73, 74, 81, 113, 114
colacorr	12	true	false	false	107, 38, 40, 43, 48, 55, 62, 63, 67, 71, 72, 73, 74, 81, 113, 114
colacorr	13	true	false	false	55, 62, 63, 67, 71, 72, 74, 107, 38, 40, 43, 48, 73, 81, 113, 114
colacorr	14	true	false	false	43, 48, 107, 38, 40, 55, 62, 63, 67, 71, 72, 73, 74, 81, 113, 114
colacorr	15	true	false	false	107, 38, 40, 43, 48, 55, 62, 63, 67, 71, 72, 73, 74, 81, 113, 114
colacorr	16	true	false	false	48, 107, 38, 40, 43, 55, 62, 63, 67, 71, 72, 73, 74, 81, 113, 114
colacorr	17	true	false	false	48, 107, 38, 40, 43, 55, 62, 63, 67, 71, 72, 73, 74, 81, 113, 114
colacorr	18	true	false	false	48, 107, 38, 40, 43, 55, 62, 63, 67, 71, 72, 73, 74, 81, 113, 114
colacorr	19	true	false	false	48, 107, 38, 40, 43, 55, 62, 63, 67, 71, 72, 73, 74, 81, 113, 114
colacorr	20	true	false	false	107, 38, 40, 43, 48, 55, 62, 63, 67, 71, 72, 73, 74, 81, 113, 114
colacorr	21	true	false	false	107, 38, 40, 43, 48, 55, 62, 63, 67, 71, 72, 73, 74, 81, 113, 114
colacorr	22	true	false	false	48, 107, 38, 40, 43, 55, 62, 63, 67, 71, 72, 73, 74, 81, 113, 114
colacorr	23	false	true	false	8, 21, 48, 107
colacorr	24	false	false	true	38, 48, 107
colacorr	25	true	false	false	38, 48, 107, 40, 43, 55, 62, 63, 67, 71, 72, 73, 74, 81, 113, 114
colacorr	26	true	false	false	38, 48, 107, 40, 43, 55, 62, 63, 67, 71, 72, 73, 74, 81, 113, 114
colacorr	27	true	false	false	38, 48, 107, 40, 43, 55, 62, 63, 67, 71, 72, 73, 74, 81, 113, 114
colacorr	28	true	false	false	38, 48, 107, 114, 40, 43, 55, 62, 63, 67, 71, 72, 73, 74, 81, 113
colacorr	29	true	false	false	38, 48, 107, 40, 43, 55, 62, 63, 67, 71, 72, 73, 74, 81, 113, 114
colacorr	30	true	false	false	38, 107, 40, 43, 48, 55, 62, 63, 67, 71, 72, 73, 74, 81, 113, 114
colacorr	31	true	false	false	38, 107, 40, 43, 48, 55, 62, 63, 67, 71, 72, 73, 74, 81, 113, 114
colacorr	32	true	false	false	38, 48, 63, 73, 107, 40, 43, 55, 62, 67, 71, 72, 74, 81, 113, 114
colacorr	33	true	false	false	38, 48, 107, 40, 43, 55, 62, 63, 67, 71, 72, 73, 74, 81, 113, 114
colacorr	34	true	false	false	38, 48, 107, 40, 43, 55, 62, 63, 67, 71, 72, 73, 74, 81, 113, 114
colacorr	35	true	false	false	38, 43, 48, 55, 62, 67, 71, 72, 73, 74, 107, 114, 40, 63, 81, 113
colacorr	36	true	false	false	38, 48, 107, 114, 40, 43, 55, 62, 63, 67, 71, 72, 73, 74, 81, 113
colacorr	37	true	false	false	38, 43, 48, 55, 62, 63, 67, 71, 72, 73, 74, 107, 114, 40, 81, 113
colacorr	38	true	false	false	48, 107, 38, 40, 43, 55, 62, 63, 67, 71, 72, 73, 74, 81, 113, 114
colacorr	39	true	false	false	38, 43, 48, 55, 62, 63, 67, 71, 72, 73, 74, 107, 114, 40, 81, 113
colacorr	40	true	false	false	38, 48, 107, 114, 40, 43, 55, 62, 63, 67, 71, 72, 73, 74, 81, 113
colacorr	41	true	false	false	38, 48, 55, 62, 63, 67, 71, 72, 73, 107, 114, 40, 43, 74, 81, 113
colacorr	42	true	false	false	38, 43, 48, 55, 62, 63, 67, 71, 72, 73, 74, 107, 114, 40, 81, 113
colacorr	43	true	false	false	38, 48, 107, 114, 40, 43, 55, 62, 63, 67, 71, 72, 73, 74, 81, 113
colacorr	44	true	false	false	38, 48, 107, 40, 43, 55, 62, 63, 67, 71, 72, 73, 74, 81, 113, 114
colacorr	45	true	false	false	38, 48, 107, 40, 43, 55, 62, 63, 67, 71, 72, 73, 74, 81, 113, 114
colacorr	46	true	false	false	38, 48, 63, 73, 107, 114, 40, 43, 55, 62, 67, 71, 72, 74, 81, 113
colacorr	47	true	false	false	38, 48, 107, 113, 40, 43, 55, 62, 63, 67, 71, 72, 73, 74, 81, 114
colacorr	48	false	true	false	8, 17, 21, 38, 48, 55, 62, 63, 67, 71, 72, 73, 74, 107, 114
colacorr	49	false	true	false	8, 21, 38, 48, 63, 73, 107, 114
colacorr	50	true	false	false	38, 43, 48, 55, 62, 63, 67, 71, 72, 73, 74, 107, 114, 40, 81, 113
colacorr	51	true	false	false	38, 48, 55, 62, 63, 67, 71, 72, 73, 74, 107, 114, 40, 43, 81, 113
colacorr	52	true	false	false	38, 48, 107, 114, 40, 43, 55, 62, 63, 67, 71, 72, 73, 74, 81, 113
colacorr	53	true	false	false	38, 43, 48, 55, 62, 63, 67, 71, 72, 73, 107, 114, 40, 74, 81, 113
colacorr	54	true	false	false	38, 48, 107, 114, 40, 43, 55, 62, 63, 67, 71, 72, 73, 74, 81, 113
colacorr	55	true	false	false	38, 43, 48, 55, 62, 63, 67, 71, 72, 73, 107, 114, 40, 74, 81, 113
colacorr	56	true	false	false	38, 43, 48, 107, 40, 55, 62, 63, 67, 71, 72, 73, 74, 81, 113, 114
colacorr	57	true	false	false	38, 43, 48, 107, 40, 55, 62, 63, 67, 71, 72, 73, 74, 81, 113, 114
colacorr	58	true	false	false	38, 43, 48, 55, 62, 63, 67, 71, 72, 73, 74, 107, 113, 114, 40, 81
colacorr	59	false	true	false	1, 2, 3, 4, 5, 6, 7, 8, 9, 10, 11, 12, 13, 14, 15, 16, 17, 18, 19, 20, 21, 22, 23, 24, 25, 26, 27, 28, 29, 30, 31, 32, 33, 34, 35, 36, 37, 38, 39, 40, 41, 42, 43, 44, 45, 46, 47, 48, 49, 50, 51, 52, 53, 54, 55, 56, 57, 59, 60, 61, 62, 63, 64, 65, 67, 68, 69, 70, 71, 72, 73, 74, 75, 76, 77, 78, 79, 80, 81, 82, 83, 84, 87, 88, 89, 90, 91, 92, 93, 94, 95, 96, 97, 98, 99, 100, 101, 102, 103, 104, 105, 106, 107, 108, 109, 110, 111, 112, 113, 114, 115, 116, 117, 118, 119, 120, 121, 122, 123, 124, 125, 126, 127, 128, 129
colacorr	60	true	false	false	12, 38, 43, 48, 55, 62, 63, 67, 71, 72, 73, 81, 107, 114, 40, 74, 113
colacorr	61	false	false	true	1, 2, 3, 4, 5, 6, 7, 8, 9, 10, 11, 12, 13, 14, 15, 16, 17, 18, 19, 20, 21, 22, 23, 24, 25, 26, 27, 28, 29, 30, 31, 32, 33, 34, 35, 36, 37, 38, 39, 40, 41, 42, 43, 44, 45, 46, 47, 48, 49, 50, 51, 52, 53, 54, 55, 56, 57, 58, 59, 60, 61, 62, 63, 64, 65, 66, 67, 68, 69, 70, 71, 72, 73, 74, 75, 76, 77, 78, 79, 80, 81, 82, 83, 84, 85, 86, 87, 88, 89, 90, 91, 92, 93, 94, 95, 96, 97, 98, 99, 100, 101, 102, 103, 104, 105, 106, 107, 108, 109, 110, 111, 112, 113, 114, 115, 116, 117, 118, 119, 120, 121, 122, 123, 124, 125, 126, 127, 128, 129
colacorr	62	true	false	false	12, 38, 43, 48, 55, 62, 67, 71, 72, 73, 81, 107, 113, 114, 40, 63, 74
colacorr	63	true	false	false	12, 38, 40, 43, 48, 55, 62, 63, 67, 71, 72, 73, 74, 81, 107, 114, 113
colacorr	64	false	false	false	1, 2, 3, 4, 5, 6, 7, 8, 9, 10, 11, 12, 13, 14, 15, 16, 17, 18, 19, 20, 21, 22, 23, 24, 25, 26, 27, 28, 29, 30, 31, 32, 33, 34, 35, 36, 37, 38, 39, 40, 41, 42, 43, 44, 45, 46, 47, 48, 49, 50, 51, 52, 54, 55, 56, 57, 59, 62, 63, 64, 65, 66, 67, 69, 70, 71, 72, 73, 74, 75, 76, 77, 78, 79, 80, 81, 82, 83, 84, 85, 88, 89, 90, 91, 92, 94, 95, 96, 97, 103, 104, 105, 107, 108, 113, 114, 115, 116, 119, 120, 121, 122, 123, 124, 125, 126, 127, 128, 129
colacorr	65	true	false	false	12, 38, 43, 48, 55, 62, 63, 67, 71, 72, 73, 81, 92, 98, 99, 100, 101, 106, 107, 113, 114, 40, 74
colacorr	66	true	false	false	38, 40, 43, 48, 55, 62, 63, 67, 71, 72, 73, 74, 107, 114, 81, 113
colacorr	67	false	false	false	1, 2, 3, 4, 5, 6, 7, 8, 9, 10, 11, 12, 13, 14, 15, 16, 17, 18, 19, 20, 21, 22, 23, 24, 25, 26, 27, 28, 29, 30, 31, 32, 33, 34, 35, 36, 37, 38, 39, 40, 41, 42, 43, 44, 45, 46, 47, 48, 49, 50, 51, 52, 53, 54, 55, 56, 57, 58, 59, 60, 61, 62, 63, 64, 65, 66, 67, 68, 69, 70, 71, 72, 73, 74, 75, 76, 77, 78, 79, 80, 81, 82, 83, 84, 85, 86, 87, 88, 89, 90, 91, 92, 93, 94, 95, 96, 97, 98, 99, 100, 101, 102, 103, 104, 105, 106, 107, 108, 109, 110, 111, 112, 113, 114, 115, 116, 117, 118, 119, 120, 121, 122, 123, 124, 125, 126, 127, 128, 129
colacorr	68	false	false	true	12, 38, 43, 48, 55, 62, 63, 67, 71, 72, 73, 74, 107, 113, 114
colacorr	69	true	false	false	12, 38, 40, 43, 48, 55, 62, 63, 67, 71, 72, 73, 81, 114, 74, 107, 113
colacorr	70	true	false	false	12, 38, 40, 43, 48, 55, 62, 63, 67, 71, 72, 73, 74, 81, 113, 114, 107
colacorr	71	true	false	false	38, 48, 55, 62, 63, 71, 72, 114, 40, 43, 67, 73, 74, 81, 107, 113
colacorr	72	true	false	false	38, 43, 48, 55, 62, 63, 67, 71, 72, 114, 40, 73, 74, 81, 107, 113
colacorr	73	true	false	false	38, 43, 48, 55, 62, 63, 67, 71, 72, 73, 74, 81, 87, 114, 40, 107, 113
colacorr	74	true	false	false	38, 43, 48, 55, 62, 63, 67, 71, 72, 73, 74, 81, 114, 40, 107, 113
colacorr	75	false	false	true	1, 2, 3, 4, 5, 6, 7, 8, 9, 10, 11, 12, 13, 14, 15, 16, 17, 18, 19, 20, 21, 22, 23, 24, 25, 26, 27, 28, 29, 30, 32, 33, 34, 35, 36, 37, 38, 39, 40, 41, 42, 43, 44, 48, 49, 50, 51, 52, 53, 55, 56, 57, 58, 59, 61, 62, 63, 64, 65, 66, 67, 68, 69, 70, 71, 72, 73, 74, 75, 76, 77, 78, 79, 81, 82, 83, 84, 85, 86, 88, 89, 90, 91, 92, 93, 94, 95, 96, 97, 98, 99, 100, 101, 105, 106, 107, 108, 111, 112, 113, 114, 115, 116, 117, 118, 119, 120, 121, 122, 123, 124, 125, 126, 127, 128, 129
colacorr	76	true	false	false	38, 40, 48, 55, 62, 63, 71, 72, 73, 114, 43, 67, 74, 81, 107, 113
colacorr	77	true	false	false	3, 38, 40, 43, 48, 55, 62, 63, 67, 71, 72, 73, 74, 114, 81, 107, 113
colacorr	78	true	false	false	12, 35, 38, 40, 41, 43, 48, 55, 62, 63, 67, 71, 72, 73, 74, 81, 106, 113, 114, 107
colacorr	79	false	false	true	1, 2, 3, 4, 5, 6, 7, 8, 9, 10, 11, 12, 13, 14, 15, 16, 17, 18, 19, 20, 21, 22, 23, 24, 25, 26, 27, 28, 29, 30, 31, 32, 33, 34, 35, 36, 37, 38, 39, 40, 41, 42, 43, 44, 45, 46, 47, 48, 49, 50, 51, 52, 53, 54, 55, 56, 57, 58, 59, 60, 61, 62, 63, 64, 65, 66, 67, 68, 69, 70, 71, 72, 73, 74, 75, 76, 77, 78, 79, 80, 81, 82, 83, 84, 85, 86, 87, 88, 89, 90, 91, 92, 93, 94, 95, 96, 97, 98, 99, 100, 101, 102, 103, 104, 105, 106, 107, 108, 109, 110, 111, 112, 113, 114, 115, 116, 117, 118, 119, 120, 121, 122, 123, 124, 125, 126, 127, 128, 129
colacorr	80	true	false	false	38, 43, 55, 62, 63, 67, 71, 72, 73, 74, 81, 114, 40, 48, 107, 113
colacorr	81	false	true	true	1, 2, 3, 4, 5, 6, 7, 8, 9, 10, 11, 12, 13, 14, 15, 16, 17, 18, 19, 20, 21, 22, 23, 24, 25, 26, 27, 28, 29, 30, 31, 32, 33, 34, 35, 36, 37, 38, 39, 40, 41, 42, 43, 44, 45, 46, 47, 48, 49, 50, 51, 52, 53, 54, 55, 56, 57, 58, 59, 60, 61, 62, 63, 64, 65, 66, 67, 68, 69, 70, 71, 72, 73, 74, 75, 76, 77, 78, 79, 80, 81, 82, 83, 84, 85, 86, 87, 88, 89, 90, 91, 92, 93, 94, 95, 96, 97, 98, 99, 100, 101, 102, 103, 104, 105, 106, 107, 108, 109, 110, 111, 112, 113, 114, 115, 116, 117, 118, 119, 120, 121, 122, 123, 124, 125, 126, 127, 128, 129
colacorr	82	true	false	false	38, 40, 43, 48, 55, 62, 63, 67, 71, 72, 73, 81, 114, 74, 107, 113
colacorr	83	false	false	false	1, 2, 3, 4, 6, 7, 8, 9, 10, 11, 12, 13, 14, 15, 16, 17, 18, 19, 20, 21, 22, 23, 24, 25, 26, 27, 28, 29, 30, 32, 33, 34, 35, 36, 37, 38, 39, 40, 41, 42, 43, 44, 47, 48, 49, 50, 51, 52, 53, 55, 56, 57, 59, 61, 62, 63, 64, 65, 66, 67, 68, 69, 70, 71, 72, 73, 74, 75, 76, 77, 78, 79, 81, 82, 83, 84, 85, 86, 88, 89, 90, 91, 92, 94, 95, 96, 97, 99, 100, 103, 104, 106, 107, 108, 109, 113, 114, 115, 116, 119, 120, 121, 122, 123, 124, 125, 126, 127, 128, 129
colacorr	84	false	false	true	1, 2, 3, 4, 5, 6, 7, 8, 9, 10, 11, 12, 13, 14, 15, 16, 17, 18, 19, 20, 21, 22, 23, 24, 25, 26, 27, 28, 29, 30, 31, 32, 33, 34, 35, 36, 37, 38, 39, 40, 41, 42, 43, 44, 45, 46, 47, 48, 49, 50, 51, 52, 53, 54, 55, 56, 57, 58, 59, 60, 61, 62, 63, 64, 65, 66, 67, 68, 69, 70, 71, 72, 73, 74, 75, 76, 77, 78, 79, 80, 81, 82, 83, 84, 85, 86, 87, 88, 89, 90, 91, 92, 93, 94, 95, 96, 97, 98, 99, 100, 101, 102, 103, 104, 105, 106, 107, 108, 109, 110, 111, 112, 113, 114, 115, 116, 117, 118, 119, 120, 121, 122, 123, 124, 125, 126, 127, 128, 129
colacorr	85	false	true	true	1, 2, 3, 4, 5, 6, 7, 8, 9, 10, 11, 12, 13, 14, 15, 16, 17, 18, 19, 20, 21, 22, 23, 24, 25, 26, 27, 28, 29, 30, 31, 32, 33, 34, 35, 36, 37, 38, 39, 40, 41, 42, 43, 44, 45, 46, 47, 48, 49, 50, 51, 52, 53, 54, 55, 56, 57, 58, 59, 60, 61, 62, 63, 64, 65, 66, 67, 68, 69, 70, 71, 72, 73, 74, 75, 76, 77, 78, 79, 80, 81, 82, 83, 84, 85, 86, 87, 88, 89, 90, 91, 92, 93, 94, 95, 96, 97, 98, 99, 100, 101, 102, 103, 104, 105, 106, 107, 108, 109, 110, 111, 112, 113, 114, 115, 116, 117, 118, 119, 120, 121, 122, 123, 124, 125, 126, 127, 128, 129
colacorr	86	false	true	true	1, 2, 3, 4, 5, 6, 7, 8, 9, 10, 11, 12, 13, 14, 15, 16, 17, 18, 19, 20, 21, 22, 23, 25, 26, 27, 28, 29, 30, 31, 32, 33, 34, 35, 36, 37, 38, 39, 40, 41, 42, 43, 44, 45, 46, 47, 48, 49, 50, 51, 52, 53, 54, 55, 56, 57, 58, 59, 60, 61, 62, 63, 64, 65, 66, 67, 68, 70, 71, 72, 73, 74, 75, 76, 77, 78, 79, 80, 81, 82, 83, 84, 85, 86, 87, 88, 89, 90, 91, 92, 93, 94, 95, 96, 97, 98, 99, 100, 101, 102, 103, 104, 105, 106, 107, 108, 109, 110, 111, 112, 113, 114, 115, 116, 117, 118, 119, 120, 121, 122, 123, 124, 125, 126, 127, 128, 129
colacorr	87	false	true	true	1, 2, 3, 4, 5, 6, 7, 8, 9, 10, 11, 12, 13, 14, 15, 16, 17, 18, 19, 20, 21, 22, 23, 24, 25, 26, 27, 28, 29, 30, 31, 32, 33, 34, 35, 36, 37, 38, 39, 40, 41, 42, 43, 44, 45, 46, 47, 48, 49, 50, 51, 52, 53, 54, 55, 56, 57, 58, 59, 61, 62, 63, 64, 65, 66, 67, 68, 69, 70, 71, 72, 73, 74, 75, 76, 77, 78, 79, 80, 81, 82, 83, 84, 85, 86, 87, 88, 89, 90, 91, 92, 93, 94, 95, 96, 97, 98, 99, 100, 101, 102, 103, 104, 105, 106, 107, 108, 109, 110, 111, 112, 113, 114, 115, 116, 117, 118, 119, 120, 121, 122, 123, 124, 125, 126, 127, 128, 129
colacorr	88	false	false	false	1, 2, 3, 4, 5, 6, 7, 8, 9, 10, 11, 12, 13, 14, 15, 16, 17, 18, 19, 20, 21, 22, 23, 24, 25, 26, 27, 28, 29, 30, 31, 32, 33, 34, 35, 36, 37, 38, 39, 40, 41, 42, 43, 44, 45, 46, 47, 48, 49, 50, 51, 52, 53, 54, 55, 56, 57, 58, 59, 60, 61, 62, 63, 64, 65, 66, 67, 68, 69, 70, 71, 72, 73, 74, 75, 76, 77, 78, 79, 80, 81, 82, 83, 84, 85, 86, 87, 88, 89, 90, 91, 92, 93, 94, 95, 96, 97, 98, 99, 100, 101, 102, 103, 104, 105, 106, 107, 108, 109, 110, 111, 112, 113, 114, 115, 116, 117, 118, 119, 120, 121, 122, 123, 124, 125, 126, 127, 128, 129
colacorr	89	true	false	false	38, 40, 48, 55, 62, 63, 67, 71, 72, 73, 81, 114, 43, 74, 107, 113
colacorr	90	true	false	false	12, 35, 38, 40, 41, 43, 48, 55, 62, 63, 71, 72, 73, 77, 81, 106, 114, 67, 74, 107, 113
colacorr	91	true	false	false	38, 40, 43, 63, 73, 81, 114, 48, 55, 62, 67, 71, 72, 74, 107, 113
colacorr	92	false	false	false	1, 2, 3, 4, 5, 6, 7, 8, 9, 10, 11, 12, 13, 14, 15, 16, 17, 18, 19, 20, 21, 22, 23, 24, 25, 26, 27, 28, 30, 31, 32, 33, 34, 35, 37, 38, 39, 40, 41, 42, 43, 45, 46, 47, 48, 49, 50, 51, 52, 53, 54, 55, 56, 57, 59, 60, 61, 62, 63, 64, 65, 66, 67, 68, 69, 70, 71, 72, 73, 74, 75, 76, 77, 78, 79, 81, 82, 83, 84, 85, 86, 88, 89, 90, 91, 92, 94, 95, 96, 97, 100, 103, 104, 105, 106, 107, 108, 109, 110, 111, 112, 113, 114, 115, 117, 118, 119, 120, 121, 122, 123, 124, 125, 126, 127, 128, 129
colacorr	93	true	false	false	38, 40, 43, 48, 55, 62, 63, 71, 72, 81, 104, 114, 67, 73, 74, 107, 113
colacorr	94	true	false	false	12, 38, 40, 43, 48, 55, 62, 63, 67, 71, 72, 73, 81, 114, 74, 107, 113
colacorr	95	false	false	true	38, 40, 43, 48, 55, 62, 63, 67, 71, 72, 73, 81, 113, 114
colacorr	96	false	false	true	1, 2, 3, 4, 5, 6, 7, 8, 9, 10, 11, 12, 13, 14, 15, 16, 17, 18, 19, 20, 21, 22, 23, 24, 25, 26, 27, 28, 29, 30, 31, 32, 33, 34, 35, 36, 37, 38, 39, 40, 41, 42, 43, 45, 46, 47, 48, 49, 50, 51, 52, 53, 54, 55, 56, 57, 58, 59, 60, 61, 62, 63, 64, 65, 66, 67, 68, 69, 70, 71, 72, 73, 74, 75, 76, 77, 78, 79, 80, 81, 82, 83, 84, 85, 86, 87, 88, 89, 90, 91, 92, 93, 94, 95, 96, 97, 98, 99, 100, 101, 102, 103, 104, 105, 106, 107, 108, 109, 110, 111, 112, 113, 114, 115, 116, 117, 118, 119, 120, 121, 122, 123, 124, 125, 126, 127, 128, 129
colacorr	97	false	true	false	1, 2, 3, 4, 6, 7, 8, 9, 10, 11, 12, 13, 14, 15, 16, 17, 18, 19, 20, 21, 22, 23, 24, 25, 26, 27, 28, 29, 30, 31, 32, 33, 34, 35, 37, 38, 39, 40, 41, 42, 43, 44, 45, 46, 47, 48, 49, 50, 51, 52, 53, 54, 55, 56, 57, 59, 60, 61, 62, 63, 64, 65, 66, 67, 68, 69, 70, 71, 72, 73, 74, 75, 76, 77, 78, 79, 80, 81, 82, 83, 84, 85, 86, 88, 89, 90, 91, 92, 93, 94, 95, 96, 97, 98, 99, 100, 101, 102, 103, 104, 105, 106, 107, 108, 109, 110, 111, 112, 113, 114, 115, 116, 117, 118, 119, 120, 121, 122, 123, 124, 125, 126, 127, 128, 129
colacorr	98	false	false	false	1, 2, 3, 4, 5, 6, 7, 8, 9, 10, 11, 12, 13, 14, 15, 16, 17, 18, 19, 20, 21, 22, 23, 24, 25, 26, 27, 28, 29, 30, 31, 32, 33, 34, 35, 36, 37, 38, 39, 40, 41, 42, 43, 44, 45, 46, 47, 48, 49, 50, 51, 52, 53, 54, 55, 56, 57, 59, 60, 61, 62, 63, 64, 65, 66, 67, 68, 69, 70, 71, 72, 73, 74, 75, 76, 77, 78, 79, 80, 81, 82, 83, 84, 85, 86, 88, 89, 90, 91, 92, 93, 94, 95, 96, 97, 98, 99, 100, 101, 102, 103, 104, 105, 106, 107, 108, 109, 110, 111, 112, 113, 114, 115, 116, 117, 118, 119, 120, 121, 122, 123, 124, 125, 126, 127, 128, 129
colacorr	99	false	false	false	2, 4, 7, 8, 9, 12, 14, 15, 16, 17, 18, 19, 21, 22, 23, 25, 26, 27, 30, 31, 32, 34, 37, 38, 39, 40, 41, 42, 43, 46, 48, 49, 54, 55, 59, 62, 63, 65, 67, 68, 69, 70, 71, 72, 73, 74, 77, 81, 82, 83, 88, 89, 90, 92, 94, 95, 98, 102, 103, 104, 106, 107, 109, 110, 112, 113, 114, 115, 117, 119, 120, 121, 122, 124, 125, 126, 127, 129
colacorr	100	false	false	false	14, 15, 16, 18, 21, 22, 23, 25, 26, 38, 40, 43, 48, 55, 62, 63, 67, 71, 72, 73, 77, 81, 92, 96, 102, 103, 104, 105, 106, 109, 110, 111, 112, 113, 114, 117, 118, 74, 107
colacorr	101	false	false	false	1, 2, 3, 4, 5, 6, 7, 8, 9, 10, 11, 12, 13, 14, 15, 16, 17, 18, 19, 20, 21, 22, 23, 24, 25, 26, 27, 28, 29, 30, 31, 32, 33, 34, 35, 36, 37, 38, 39, 40, 41, 42, 43, 44, 45, 46, 47, 48, 49, 50, 51, 52, 53, 54, 55, 56, 57, 58, 59, 60, 61, 62, 63, 64, 65, 66, 67, 68, 69, 70, 71, 72, 73, 74, 75, 76, 77, 78, 79, 81, 82, 83, 84, 85, 86, 87, 88, 89, 90, 91, 92, 93, 94, 95, 96, 97, 98, 99, 100, 101, 102, 103, 104, 105, 106, 107, 108, 109, 110, 111, 112, 113, 114, 115, 116, 117, 118, 119, 120, 121, 122, 123, 124, 125, 126, 127, 128, 129
colacorr	102	false	false	false	1, 2, 3, 4, 6, 7, 8, 9, 10, 11, 12, 13, 14, 15, 16, 17, 18, 19, 20, 21, 22, 23, 24, 25, 26, 27, 28, 29, 30, 31, 32, 33, 34, 35, 37, 38, 39, 40, 41, 42, 43, 44, 45, 46, 47, 48, 49, 50, 51, 52, 53, 54, 55, 56, 57, 58, 59, 60, 61, 62, 63, 64, 65, 66, 67, 68, 69, 70, 71, 72, 73, 74, 75, 76, 77, 78, 79, 81, 82, 83, 84, 85, 86, 87, 88, 89, 90, 91, 92, 94, 95, 96, 97, 99, 102, 103, 104, 106, 107, 108, 109, 110, 111, 112, 113, 114, 115, 117, 118, 119, 120, 121, 122, 123, 124, 125, 126, 127, 128, 129
colacorr	103	false	false	false	2, 4, 8, 9, 10, 12, 14, 15, 16, 17, 18, 21, 22, 25, 26, 32, 38, 40, 43, 48, 49, 55, 59, 62, 63, 67, 68, 70, 71, 72, 73, 77, 81, 83, 88, 95, 103, 104, 106, 109, 110, 111, 112, 113, 114, 115, 119, 120, 124, 127, 74, 107
colacorr	104	false	false	false	1, 2, 3, 4, 6, 7, 8, 9, 10, 11, 12, 13, 14, 15, 16, 17, 18, 19, 20, 21, 22, 23, 24, 25, 26, 27, 28, 29, 30, 31, 32, 33, 34, 35, 37, 38, 39, 40, 41, 42, 43, 44, 45, 48, 49, 50, 51, 52, 53, 54, 55, 56, 57, 59, 60, 61, 62, 63, 64, 65, 66, 67, 68, 69, 70, 71, 72, 73, 74, 75, 76, 77, 78, 79, 81, 82, 83, 84, 85, 88, 89, 90, 91, 92, 94, 95, 97, 101, 102, 103, 104, 106, 107, 109, 110, 112, 113, 114, 115, 117, 118, 119, 120, 121, 122, 123, 124, 125, 126, 127, 128, 129
colacorr	105	false	false	true	1, 2, 3, 4, 5, 6, 7, 8, 9, 10, 11, 12, 13, 14, 15, 16, 17, 18, 19, 20, 21, 22, 23, 24, 25, 26, 27, 28, 29, 30, 31, 32, 33, 34, 35, 36, 37, 38, 39, 40, 41, 42, 43, 44, 45, 46, 47, 48, 49, 50, 51, 52, 53, 54, 55, 56, 57, 58, 59, 60, 61, 62, 63, 64, 65, 66, 67, 68, 69, 70, 71, 72, 73, 74, 75, 76, 77, 78, 79, 80, 81, 82, 83, 84, 85, 86, 87, 88, 89, 90, 91, 92, 93, 94, 95, 96, 97, 98, 99, 100, 101, 102, 103, 104, 105, 106, 107, 108, 109, 110, 111, 112, 113, 114, 115, 116, 117, 118, 119, 120, 121, 122, 123, 124, 125, 126, 127, 128, 129
colacorr	106	false	true	true	1, 2, 3, 4, 5, 6, 7, 8, 9, 10, 11, 12, 13, 14, 15, 16, 17, 18, 19, 20, 21, 22, 23, 24, 25, 26, 27, 28, 29, 30, 31, 32, 33, 34, 35, 36, 37, 38, 39, 40, 41, 42, 43, 44, 45, 46, 47, 48, 49, 50, 51, 52, 53, 54, 55, 56, 57, 58, 59, 60, 61, 62, 63, 64, 65, 66, 67, 68, 69, 70, 71, 72, 73, 74, 75, 76, 77, 78, 79, 80, 81, 82, 83, 84, 85, 86, 87, 88, 89, 90, 91, 92, 93, 94, 95, 96, 97, 98, 99, 100, 101, 102, 103, 104, 105, 106, 107, 108, 109, 110, 111, 112, 113, 114, 115, 116, 117, 118, 119, 120, 121, 122, 123, 124, 125, 126, 127, 128, 129
colacorr	107	false	false	false	1, 2, 3, 4, 7, 8, 9, 10, 11, 12, 13, 14, 15, 16, 17, 18, 19, 20, 21, 22, 23, 24, 25, 26, 27, 28, 29, 30, 31, 32, 33, 34, 37, 38, 39, 40, 42, 43, 45, 46, 48, 49, 51, 52, 54, 55, 56, 57, 59, 61, 62, 63, 64, 65, 66, 67, 68, 69, 70, 71, 72, 73, 76, 77, 81, 82, 83, 84, 88, 89, 90, 91, 94, 95, 98, 102, 103, 104, 107, 109, 110, 112, 113, 114, 115, 117, 118, 119, 120, 121, 122, 124, 125, 126, 127, 128, 129, 74
colacorr	108	false	false	false	1, 2, 4, 8, 9, 14, 15, 16, 17, 18, 19, 21, 22, 23, 25, 26, 27, 32, 38, 40, 43, 45, 46, 48, 49, 55, 56, 59, 62, 63, 65, 67, 68, 69, 70, 71, 72, 73, 77, 80, 81, 83, 84, 88, 89, 90, 92, 94, 95, 98, 102, 103, 104, 105, 109, 110, 111, 112, 113, 114, 117, 118, 119, 120, 121, 122, 124, 126, 127, 128, 74, 107
colacorr	109	true	false	false	8, 25, 38, 40, 43, 48, 55, 62, 63, 67, 71, 72, 73, 77, 81, 102, 103, 104, 109, 110, 112, 113, 114, 74, 107
colacorr	110	false	false	true	1, 2, 3, 4, 5, 6, 7, 8, 9, 10, 11, 12, 13, 14, 15, 16, 17, 18, 19, 20, 21, 22, 23, 24, 25, 26, 27, 28, 29, 30, 31, 32, 33, 34, 35, 36, 37, 38, 39, 40, 41, 42, 43, 44, 45, 46, 47, 48, 49, 50, 51, 52, 53, 54, 55, 56, 57, 58, 59, 60, 61, 62, 63, 64, 65, 66, 67, 68, 69, 70, 71, 72, 73, 74, 75, 76, 77, 78, 79, 80, 81, 82, 83, 84, 85, 86, 87, 88, 89, 90, 91, 92, 93, 94, 95, 96, 97, 98, 99, 100, 101, 102, 103, 104, 105, 106, 107, 108, 109, 110, 111, 112, 113, 114, 115, 116, 117, 118, 119, 120, 121, 122, 123, 124, 125, 126, 127, 128, 129
colacorr	111	true	false	false	29, 38, 40, 43, 48, 55, 62, 63, 67, 71, 72, 73, 81, 113, 114, 74, 107
colacorr	112	false	false	false	14, 21, 22, 25, 32, 38, 40, 43, 48, 55, 62, 63, 67, 70, 71, 72, 73, 77, 81, 102, 103, 104, 109, 110, 112, 113, 114, 118, 127, 74, 107
colacorr	113	false	false	false	12, 38, 40, 43, 45, 48, 49, 55, 62, 63, 65, 67, 68, 69, 70, 71, 72, 73, 77, 81, 82, 83, 88, 89, 90, 95, 98, 102, 103, 104, 106, 109, 110, 112, 113, 114, 117, 118, 127, 74, 107
colacorr	114	true	false	false	38, 40, 43, 48, 55, 62, 63, 67, 71, 72, 73, 81, 102, 103, 109, 113, 114, 74, 107
colacorr	115	false	true	false	1, 2, 3, 4, 7, 8, 9, 10, 11, 12, 13, 14, 15, 16, 17, 18, 19, 20, 21, 22, 23, 24, 25, 26, 27, 28, 30, 31, 32, 33, 34, 35, 37, 38, 39, 40, 41, 42, 43, 44, 45, 46, 47, 48, 49, 50, 51, 52, 53, 54, 55, 56, 57, 59, 60, 61, 62, 63, 64, 65, 66, 67, 68, 69, 70, 71, 72, 73, 75, 76, 77, 78, 79, 80, 81, 82, 83, 84, 85, 86, 87, 88, 89, 90, 91, 92, 93, 94, 95, 97, 98, 99, 101, 102, 103, 104, 105, 106, 107, 109, 110, 111, 112, 113, 114, 115, 117, 118, 119, 120, 121, 122, 123, 124, 125, 126, 127, 128, 129
colacorr	116	false	false	false	1, 2, 3, 4, 5, 6, 7, 8, 9, 10, 11, 12, 13, 14, 15, 16, 17, 18, 19, 20, 21, 22, 23, 24, 25, 26, 27, 28, 29, 30, 31, 32, 33, 34, 35, 36, 37, 38, 39, 40, 41, 42, 43, 44, 45, 46, 47, 48, 49, 50, 51, 52, 53, 54, 55, 56, 57, 58, 59, 60, 61, 62, 63, 64, 65, 66, 67, 68, 69, 70, 71, 72, 73, 74, 75, 76, 77, 78, 79, 81, 82, 83, 84, 85, 86, 87, 88, 89, 90, 91, 92, 93, 94, 95, 96, 97, 98, 99, 100, 101, 102, 103, 104, 105, 106, 107, 108, 109, 110, 111, 112, 113, 114, 115, 116, 117, 118, 119, 120, 121, 122, 123, 124, 125, 126, 127, 128, 129
colacorr	117	true	false	false	38, 40, 43, 48, 55, 62, 63, 67, 71, 72, 73, 81, 113, 114, 74, 107
colacorr	118	true	false	false	38, 40, 43, 48, 55, 62, 63, 67, 71, 72, 73, 81, 114, 74, 107, 113
colacorr	119	false	false	false	1, 2, 3, 4, 5, 6, 7, 8, 9, 10, 11, 12, 13, 14, 15, 16, 17, 18, 19, 20, 21, 22, 23, 24, 25, 26, 27, 28, 29, 30, 31, 32, 33, 34, 35, 36, 37, 38, 39, 40, 41, 42, 43, 44, 45, 46, 47, 48, 49, 50, 51, 52, 53, 54, 55, 56, 57, 58, 59, 60, 61, 62, 63, 64, 65, 66, 68, 69, 70, 71, 72, 74, 75, 76, 77, 78, 79, 80, 81, 82, 83, 84, 85, 86, 87, 88, 89, 90, 91, 92, 93, 94, 95, 96, 97, 98, 99, 100, 101, 102, 103, 104, 105, 106, 107, 108, 109, 111, 112, 113, 114, 115, 116, 117, 118, 119, 120, 121, 122, 123, 124, 125, 126, 127, 128, 129, 67, 73
colacorr	120	false	false	false	1, 2, 3, 4, 6, 7, 8, 9, 10, 11, 12, 13, 14, 15, 16, 17, 18, 19, 20, 21, 22, 23, 24, 25, 26, 27, 28, 29, 30, 31, 32, 33, 34, 36, 37, 38, 39, 40, 42, 43, 45, 46, 48, 49, 51, 52, 53, 54, 55, 56, 57, 59, 60, 61, 62, 63, 64, 65, 66, 67, 68, 69, 70, 71, 72, 73, 75, 76, 77, 78, 79, 81, 82, 83, 84, 85, 86, 87, 88, 89, 90, 91, 92, 93, 94, 95, 97, 98, 99, 101, 102, 103, 104, 105, 106, 107, 108, 109, 110, 111, 112, 113, 114, 115, 116, 117, 118, 119, 120, 121, 122, 123, 124, 125, 126, 127, 128, 129, 74
inlacorr	1	true	false	false	107, 38, 40, 43, 48, 55, 62, 63, 67, 71, 72, 73, 74, 81, 113, 114
inlacorr	2	true	false	false	107, 38, 40, 43, 48, 55, 62, 63, 67, 71, 72, 73, 74, 81, 113, 114
inlacorr	3	true	false	false	107, 38, 40, 43, 48, 55, 62, 63, 67, 71, 72, 73, 74, 81, 113, 114
inlacorr	4	true	false	false	107, 38, 40, 43, 48, 55, 62, 63, 67, 71, 72, 73, 74, 81, 113, 114
inlacorr	5	true	false	false	56, 107, 38, 40, 43, 48, 55, 62, 63, 67, 71, 72, 73, 74, 81, 113, 114
inlacorr	6	true	false	false	107, 38, 40, 43, 48, 55, 62, 63, 67, 71, 72, 73, 74, 81, 113, 114
inlacorr	7	true	false	false	107, 38, 40, 43, 48, 55, 62, 63, 67, 71, 72, 73, 74, 81, 113, 114
inlacorr	8	true	false	false	107, 38, 40, 43, 48, 55, 62, 63, 67, 71, 72, 73, 74, 81, 113, 114
inlacorr	9	true	false	false	107, 38, 40, 43, 48, 55, 62, 63, 67, 71, 72, 73, 74, 81, 113, 114
inlacorr	10	true	false	false	107, 38, 40, 43, 48, 55, 62, 63, 67, 71, 72, 73, 74, 81, 113, 114
inlacorr	11	true	false	false	107, 38, 40, 43, 48, 55, 62, 63, 67, 71, 72, 73, 74, 81, 113, 114
inlacorr	12	true	false	false	107, 38, 40, 43, 48, 55, 62, 63, 67, 71, 72, 73, 74, 81, 113, 114
inlacorr	13	true	false	false	107, 38, 40, 43, 48, 55, 62, 63, 67, 71, 72, 73, 74, 81, 113, 114
inlacorr	14	false	true	false	48, 107
inlacorr	15	true	false	false	48, 107, 38, 40, 43, 55, 62, 63, 67, 71, 72, 73, 74, 81, 113, 114
inlacorr	16	true	false	false	38, 43, 48, 55, 62, 63, 67, 71, 72, 74, 80, 107, 114, 40, 73, 81, 113
inlacorr	17	true	false	false	48, 107, 38, 40, 43, 55, 62, 63, 67, 71, 72, 73, 74, 81, 113, 114
inlacorr	18	true	false	false	107, 38, 40, 43, 48, 55, 62, 63, 67, 71, 72, 73, 74, 81, 113, 114
inlacorr	19	true	false	false	107, 38, 40, 43, 48, 55, 62, 63, 67, 71, 72, 73, 74, 81, 113, 114
inlacorr	20	true	false	false	48, 107, 38, 40, 43, 55, 62, 63, 67, 71, 72, 73, 74, 81, 113, 114
inlacorr	21	true	false	false	48, 107, 38, 40, 43, 55, 62, 63, 67, 71, 72, 73, 74, 81, 113, 114
inlacorr	22	true	false	false	48, 107, 38, 40, 43, 55, 62, 63, 67, 71, 72, 73, 74, 81, 113, 114
inlacorr	23	true	false	false	107, 38, 40, 43, 48, 55, 62, 63, 67, 71, 72, 73, 74, 81, 113, 114
inlacorr	24	true	false	false	38, 43, 48, 55, 62, 63, 67, 71, 72, 74, 107, 114, 40, 73, 81, 113
inlacorr	25	true	false	false	48, 107, 38, 40, 43, 55, 62, 63, 67, 71, 72, 73, 74, 81, 113, 114
inlacorr	26	true	false	false	38, 48, 107, 114, 40, 43, 55, 62, 63, 67, 71, 72, 73, 74, 81, 113
inlacorr	27	true	false	false	38, 48, 107, 40, 43, 55, 62, 63, 67, 71, 72, 73, 74, 81, 113, 114
inlacorr	28	true	false	false	48, 107, 114, 38, 40, 43, 55, 62, 63, 67, 71, 72, 73, 74, 81, 113
inlacorr	29	true	false	false	38, 107, 40, 43, 48, 55, 62, 63, 67, 71, 72, 73, 74, 81, 113, 114
inlacorr	30	true	false	false	38, 107, 40, 43, 48, 55, 62, 63, 67, 71, 72, 73, 74, 81, 113, 114
inlacorr	31	true	false	false	38, 107, 40, 43, 48, 55, 62, 63, 67, 71, 72, 73, 74, 81, 113, 114
inlacorr	32	false	true	false	38, 43, 48, 55, 62, 63, 67, 71, 72, 73, 74, 107, 114
inlacorr	33	true	false	false	38, 48, 63, 107, 40, 43, 55, 62, 67, 71, 72, 73, 74, 81, 113, 114
inlacorr	34	true	false	false	38, 107, 114, 40, 43, 48, 55, 62, 63, 67, 71, 72, 73, 74, 81, 113
inlacorr	35	true	false	false	38, 48, 107, 114, 40, 43, 55, 62, 63, 67, 71, 72, 73, 74, 81, 113
inlacorr	36	true	false	false	38, 48, 63, 73, 107, 40, 43, 55, 62, 67, 71, 72, 74, 81, 113, 114
inlacorr	37	true	false	false	38, 107, 40, 43, 48, 55, 62, 63, 67, 71, 72, 73, 74, 81, 113, 114
inlacorr	38	true	false	false	38, 107, 40, 43, 48, 55, 62, 63, 67, 71, 72, 73, 74, 81, 113, 114
inlacorr	39	true	false	false	38, 48, 107, 40, 43, 55, 62, 63, 67, 71, 72, 73, 74, 81, 113, 114
inlacorr	40	true	false	false	38, 43, 48, 55, 62, 63, 67, 71, 72, 73, 74, 80, 107, 114, 40, 81, 113
inlacorr	41	true	false	false	38, 107, 40, 43, 48, 55, 62, 63, 67, 71, 72, 73, 74, 81, 113, 114
inlacorr	42	true	false	false	38, 48, 107, 40, 43, 55, 62, 63, 67, 71, 72, 73, 74, 81, 113, 114
inlacorr	43	true	false	false	38, 48, 107, 40, 43, 55, 62, 63, 67, 71, 72, 73, 74, 81, 113, 114
inlacorr	44	true	false	false	38, 48, 63, 73, 107, 40, 43, 55, 62, 67, 71, 72, 74, 81, 113, 114
inlacorr	45	true	false	false	48, 73, 107, 114, 38, 40, 43, 55, 62, 63, 67, 71, 72, 74, 81, 113
inlacorr	46	true	false	false	38, 48, 107, 40, 43, 55, 62, 63, 67, 71, 72, 73, 74, 81, 113, 114
inlacorr	47	true	false	false	38, 43, 48, 55, 62, 63, 67, 71, 72, 73, 74, 107, 114, 40, 81, 113
inlacorr	48	true	false	false	38, 43, 48, 55, 62, 63, 67, 71, 72, 73, 74, 107, 114, 40, 81, 113
inlacorr	49	true	false	false	38, 43, 48, 55, 62, 63, 67, 71, 72, 73, 74, 107, 114, 40, 81, 113
inlacorr	50	true	false	false	38, 43, 48, 55, 62, 63, 67, 71, 72, 73, 107, 114, 40, 74, 81, 113
inlacorr	51	true	false	false	38, 48, 55, 62, 63, 67, 71, 72, 73, 74, 107, 114, 40, 43, 81, 113
inlacorr	52	true	false	false	38, 48, 63, 73, 107, 114, 40, 43, 55, 62, 67, 71, 72, 74, 81, 113
inlacorr	53	true	false	false	38, 43, 48, 63, 107, 114, 40, 55, 62, 67, 71, 72, 73, 74, 81, 113
inlacorr	54	true	false	false	38, 43, 48, 107, 114, 40, 55, 62, 63, 67, 71, 72, 73, 74, 81, 113
inlacorr	55	true	false	false	38, 48, 62, 63, 71, 72, 73, 107, 114, 40, 43, 55, 67, 74, 81, 113
inlacorr	56	true	false	false	38, 43, 48, 55, 62, 63, 67, 71, 72, 73, 74, 107, 114, 40, 81, 113
inlacorr	57	true	false	false	38, 48, 107, 40, 43, 55, 62, 63, 67, 71, 72, 73, 74, 81, 113, 114
inlacorr	58	true	false	false	38, 43, 48, 62, 63, 71, 72, 73, 107, 40, 55, 67, 74, 81, 113, 114
inlacorr	59	true	false	false	38, 43, 48, 63, 107, 40, 55, 62, 67, 71, 72, 73, 74, 81, 113, 114
inlacorr	60	true	false	false	38, 43, 48, 63, 107, 114, 40, 55, 62, 67, 71, 72, 73, 74, 81, 113
inlacorr	61	true	false	false	38, 43, 48, 55, 62, 63, 67, 71, 72, 73, 74, 107, 114, 40, 81, 113
inlacorr	62	true	false	false	12, 38, 40, 43, 48, 55, 62, 63, 67, 71, 72, 73, 74, 107, 114, 81, 113
inlacorr	63	true	false	false	12, 38, 43, 48, 55, 62, 63, 67, 71, 72, 73, 107, 114, 40, 74, 81, 113
inlacorr	64	true	false	false	38, 43, 48, 55, 62, 63, 67, 71, 72, 73, 107, 114, 40, 74, 81, 113
inlacorr	65	true	false	false	38, 43, 48, 55, 62, 63, 67, 71, 72, 73, 107, 114, 40, 74, 81, 113
inlacorr	66	true	false	false	38, 43, 48, 63, 73, 107, 114, 40, 55, 62, 67, 71, 72, 74, 81, 113
inlacorr	67	true	false	false	38, 43, 48, 63, 114, 40, 55, 62, 67, 71, 72, 73, 74, 81, 107, 113
inlacorr	68	true	false	false	38, 43, 48, 62, 73, 114, 40, 55, 63, 67, 71, 72, 74, 81, 107, 113
inlacorr	69	true	false	false	38, 40, 43, 48, 55, 62, 63, 67, 71, 72, 73, 114, 74, 81, 107, 113
inlacorr	70	false	true	false	1, 2, 4, 5, 6, 7, 8, 9, 10, 11, 12, 13, 14, 15, 16, 17, 18, 19, 20, 21, 22, 23, 24, 25, 26, 27, 28, 29, 31, 34, 37, 38, 40, 41, 42, 43, 48, 54, 55, 62, 63, 67, 71, 72, 73, 74, 81, 92, 106, 107, 113, 114, 124
inlacorr	71	true	false	false	38, 43, 48, 55, 62, 63, 67, 71, 72, 73, 74, 81, 114, 40, 107, 113
inlacorr	72	true	false	false	12, 38, 40, 43, 48, 55, 56, 62, 63, 67, 71, 72, 73, 74, 81, 92, 114, 107, 113
inlacorr	73	true	false	false	38, 40, 43, 48, 55, 62, 63, 71, 72, 73, 81, 114, 67, 74, 107, 113
inlacorr	74	true	false	false	38, 40, 43, 48, 55, 62, 63, 67, 71, 72, 73, 74, 81, 114, 107, 113
inlacorr	75	true	false	false	38, 40, 43, 48, 55, 62, 63, 67, 71, 72, 73, 74, 81, 114, 107, 113
inlacorr	76	false	false	false	1, 2, 3, 4, 5, 6, 7, 8, 9, 10, 11, 12, 13, 14, 15, 16, 17, 18, 19, 20, 21, 22, 23, 24, 25, 26, 27, 28, 29, 30, 32, 33, 34, 36, 37, 38, 39, 40, 41, 42, 43, 44, 45, 46, 47, 48, 49, 50, 51, 52, 53, 55, 56, 57, 59, 60, 61, 62, 63, 64, 65, 66, 67, 68, 69, 70, 71, 72, 73, 74, 75, 76, 78, 79, 81, 82, 83, 84, 85, 86, 88, 89, 90, 91, 92, 94, 95, 96, 97, 99, 100, 104, 106, 107, 108, 113, 114, 115, 116, 119, 120, 121, 122, 123, 124, 125, 126, 127, 128, 129
inlacorr	77	true	false	false	12, 38, 40, 43, 48, 55, 62, 63, 67, 71, 72, 73, 74, 81, 114, 107, 113
inlacorr	78	true	false	false	38, 40, 43, 48, 55, 62, 63, 67, 71, 72, 73, 74, 81, 114, 107, 113
inlacorr	79	false	true	true	1, 2, 3, 4, 5, 6, 7, 8, 9, 10, 11, 12, 13, 14, 15, 16, 17, 18, 19, 20, 21, 22, 23, 24, 25, 26, 27, 28, 29, 30, 31, 32, 33, 34, 35, 36, 37, 38, 39, 40, 41, 42, 43, 44, 45, 46, 47, 48, 49, 50, 51, 52, 53, 54, 55, 56, 57, 58, 59, 60, 61, 62, 63, 64, 65, 66, 67, 68, 69, 70, 71, 72, 73, 74, 75, 76, 77, 78, 79, 80, 81, 82, 83, 84, 85, 86, 87, 88, 89, 90, 91, 92, 93, 94, 95, 96, 97, 98, 99, 100, 101, 102, 103, 104, 105, 106, 107, 108, 109, 110, 111, 112, 113, 114, 115, 116, 117, 118, 119, 120, 121, 122, 123, 124, 125, 126, 127, 128, 129
inlacorr	80	true	false	false	38, 40, 43, 48, 55, 62, 63, 67, 71, 72, 73, 74, 81, 113, 114, 107
inlacorr	81	true	false	false	38, 41, 43, 44, 48, 55, 62, 63, 67, 71, 72, 73, 81, 114, 40, 74, 107, 113
inlacorr	82	true	false	false	12, 38, 48, 63, 73, 81, 114, 40, 43, 55, 62, 67, 71, 72, 74, 107, 113
inlacorr	83	false	false	false	1, 2, 3, 4, 5, 6, 7, 8, 9, 10, 11, 12, 13, 14, 15, 16, 17, 18, 19, 20, 21, 22, 23, 24, 25, 26, 27, 28, 29, 30, 31, 32, 33, 34, 35, 36, 37, 38, 39, 40, 41, 42, 43, 44, 45, 47, 48, 49, 50, 51, 52, 53, 55, 56, 57, 58, 59, 60, 61, 62, 63, 64, 65, 66, 67, 68, 69, 70, 71, 72, 73, 74, 75, 76, 77, 78, 79, 80, 81, 82, 83, 84, 85, 86, 88, 89, 90, 91, 92, 94, 95, 96, 97, 98, 100, 102, 103, 104, 105, 106, 107, 108, 109, 110, 111, 112, 113, 114, 115, 116, 117, 118, 119, 120, 121, 122, 123, 124, 125, 126, 127, 128, 129
inlacorr	84	true	false	false	38, 40, 43, 48, 55, 62, 63, 67, 71, 72, 73, 81, 114, 74, 107, 113
inlacorr	85	true	false	false	12, 38, 40, 41, 43, 48, 55, 62, 63, 67, 71, 72, 73, 74, 81, 104, 106, 113, 114, 107
inlacorr	86	true	false	false	38, 43, 48, 81, 114, 40, 55, 62, 63, 67, 71, 72, 73, 74, 107, 113
inlacorr	87	false	true	true	1, 2, 3, 4, 5, 6, 7, 8, 9, 10, 11, 12, 13, 14, 15, 16, 17, 18, 19, 20, 21, 22, 23, 24, 25, 26, 27, 28, 29, 30, 31, 32, 33, 34, 35, 36, 37, 38, 39, 40, 41, 42, 43, 44, 45, 46, 47, 48, 49, 50, 51, 52, 53, 54, 55, 56, 57, 58, 59, 60, 61, 62, 63, 64, 65, 66, 67, 68, 69, 70, 71, 72, 73, 74, 75, 76, 77, 78, 79, 80, 81, 82, 83, 84, 85, 86, 87, 88, 89, 90, 91, 92, 93, 94, 95, 96, 97, 98, 99, 100, 101, 102, 103, 104, 105, 106, 107, 108, 109, 110, 111, 112, 113, 114, 115, 116, 117, 118, 119, 120, 121, 122, 123, 124, 125, 126, 127, 128, 129
inlacorr	88	false	false	false	1, 2, 3, 4, 5, 6, 7, 8, 9, 10, 11, 12, 13, 14, 15, 16, 17, 18, 19, 20, 21, 22, 23, 24, 25, 26, 27, 28, 29, 30, 31, 32, 33, 34, 35, 36, 37, 38, 39, 40, 41, 42, 43, 44, 45, 46, 47, 48, 49, 50, 51, 52, 53, 54, 55, 56, 57, 58, 59, 60, 61, 62, 63, 64, 65, 66, 67, 68, 69, 70, 71, 72, 73, 74, 75, 76, 77, 78, 79, 80, 81, 82, 83, 84, 85, 86, 87, 88, 89, 90, 91, 92, 93, 94, 95, 96, 97, 98, 99, 100, 101, 102, 103, 104, 105, 106, 107, 108, 109, 110, 111, 112, 113, 114, 115, 116, 117, 118, 119, 120, 121, 122, 123, 124, 125, 126, 127, 128, 129
inlacorr	89	true	false	false	25, 32, 38, 40, 43, 48, 55, 62, 63, 67, 71, 72, 73, 74, 81, 92, 109, 113, 114, 119, 126, 127, 107
inlacorr	90	true	false	false	38, 40, 43, 48, 55, 62, 63, 67, 71, 72, 73, 74, 77, 81, 92, 102, 103, 106, 109, 110, 113, 114, 117, 107
inlacorr	91	true	false	false	8, 25, 32, 38, 40, 43, 48, 55, 62, 63, 67, 71, 72, 73, 74, 81, 104, 112, 113, 114, 107
inlacorr	92	true	false	false	38, 40, 43, 48, 55, 62, 63, 67, 71, 72, 73, 81, 92, 113, 114, 74, 107
inlacorr	93	false	false	false	12, 38, 40, 41, 43, 45, 48, 55, 62, 63, 67, 68, 71, 72, 73, 77, 81, 92, 96, 102, 103, 104, 109, 113, 114, 117, 74, 107
inlacorr	94	false	false	false	1, 2, 3, 4, 5, 6, 7, 8, 9, 10, 11, 12, 13, 14, 15, 16, 17, 18, 19, 20, 21, 22, 23, 24, 25, 26, 27, 28, 29, 30, 31, 32, 33, 34, 35, 36, 37, 38, 39, 40, 41, 42, 43, 44, 45, 46, 47, 48, 49, 50, 51, 52, 54, 55, 56, 57, 59, 60, 61, 62, 63, 64, 65, 66, 67, 68, 69, 70, 71, 72, 73, 74, 75, 76, 77, 78, 79, 80, 81, 82, 83, 84, 85, 86, 87, 88, 89, 90, 91, 92, 93, 94, 95, 96, 97, 98, 99, 100, 101, 102, 103, 104, 105, 106, 107, 108, 109, 110, 111, 112, 113, 114, 115, 116, 117, 118, 119, 120, 121, 122, 123, 124, 125, 126, 127, 128, 129
inlacorr	95	true	false	false	12, 38, 40, 43, 48, 55, 62, 63, 67, 71, 72, 73, 77, 81, 104, 106, 113, 114, 74, 107
inlacorr	96	true	false	false	38, 40, 43, 45, 47, 48, 55, 62, 63, 67, 71, 72, 73, 77, 81, 98, 102, 109, 113, 114, 74, 107
inlacorr	97	false	false	false	2, 9, 14, 15, 16, 17, 21, 22, 25, 32, 38, 40, 43, 45, 48, 49, 55, 62, 63, 67, 68, 69, 70, 71, 72, 73, 77, 81, 88, 92, 98, 102, 103, 104, 107, 109, 110, 112, 113, 114, 115, 117, 118, 119, 120, 121, 127, 129, 74
inlacorr	98	true	false	false	12, 35, 38, 40, 41, 43, 48, 55, 62, 63, 67, 71, 72, 73, 77, 81, 92, 113, 114, 74, 107
inlacorr	99	true	false	false	38, 40, 43, 48, 55, 62, 63, 67, 71, 72, 73, 81, 92, 113, 114, 74, 107
inlacorr	100	true	false	false	12, 35, 38, 40, 41, 43, 48, 55, 62, 63, 67, 71, 72, 73, 77, 81, 92, 106, 113, 114, 74, 107
inlacorr	101	false	false	false	1, 2, 3, 4, 7, 8, 9, 10, 11, 12, 13, 14, 15, 16, 17, 18, 19, 20, 21, 22, 23, 24, 25, 26, 27, 28, 30, 31, 32, 33, 34, 35, 37, 38, 39, 40, 41, 42, 43, 44, 45, 46, 48, 49, 54, 55, 57, 59, 62, 63, 65, 67, 68, 69, 70, 71, 72, 73, 77, 81, 82, 83, 84, 88, 89, 90, 92, 94, 95, 98, 101, 102, 103, 104, 105, 106, 107, 109, 110, 111, 112, 113, 114, 115, 117, 118, 119, 120, 121, 122, 124, 125, 126, 127, 128, 129, 74
inlacorr	102	true	false	false	38, 40, 43, 46, 48, 55, 62, 63, 67, 71, 72, 73, 81, 113, 114, 74, 107
inlacorr	103	true	false	false	38, 40, 43, 48, 55, 62, 63, 67, 71, 72, 73, 81, 94, 102, 103, 104, 109, 110, 113, 114, 74, 107
inlacorr	104	false	false	false	1, 2, 3, 4, 5, 6, 7, 8, 9, 10, 11, 12, 13, 14, 15, 16, 17, 18, 19, 20, 21, 22, 23, 24, 25, 26, 27, 28, 29, 30, 31, 32, 33, 34, 35, 36, 37, 38, 39, 40, 41, 42, 43, 44, 45, 46, 47, 48, 49, 50, 51, 52, 53, 54, 55, 56, 57, 58, 59, 60, 61, 62, 63, 64, 65, 66, 67, 68, 69, 70, 71, 72, 73, 74, 75, 76, 77, 78, 79, 80, 81, 82, 83, 84, 85, 86, 87, 88, 89, 90, 91, 92, 93, 94, 95, 96, 97, 98, 99, 100, 101, 102, 103, 104, 105, 106, 107, 108, 109, 110, 111, 112, 113, 114, 115, 116, 117, 118, 119, 120, 121, 122, 123, 124, 125, 126, 127, 128, 129
inlacorr	105	false	false	false	1, 2, 4, 8, 9, 14, 15, 16, 17, 18, 19, 21, 22, 23, 25, 26, 27, 31, 32, 34, 37, 38, 39, 40, 43, 44, 45, 48, 49, 55, 59, 62, 63, 65, 67, 68, 69, 70, 71, 72, 73, 77, 81, 82, 83, 88, 92, 98, 102, 103, 104, 107, 109, 110, 112, 113, 114, 115, 117, 119, 120, 121, 122, 124, 125, 126, 127, 128, 129, 74
inlacorr	106	false	true	false	38, 40, 43, 48, 55, 62, 63, 71, 72, 73, 114
inlacorr	107	false	false	false	38, 40, 43, 44, 45, 46, 48, 55, 62, 63, 67, 71, 72, 73, 77, 81, 98, 101, 102, 103, 104, 105, 106, 109, 110, 112, 113, 114, 117, 74, 107
inlacorr	108	true	false	false	38, 43, 44, 48, 55, 62, 63, 67, 71, 72, 73, 81, 113, 114, 40, 74, 107
inlacorr	109	true	false	false	12, 29, 38, 40, 43, 48, 55, 62, 63, 67, 71, 72, 73, 77, 81, 83, 96, 102, 103, 109, 110, 112, 113, 114, 74, 107
inlacorr	110	false	false	false	1, 2, 4, 8, 9, 11, 12, 13, 14, 15, 16, 17, 18, 19, 21, 22, 25, 26, 27, 29, 32, 38, 39, 40, 41, 43, 44, 45, 46, 48, 49, 55, 62, 63, 65, 67, 68, 69, 70, 71, 72, 73, 77, 80, 81, 82, 83, 86, 87, 88, 89, 90, 92, 93, 94, 95, 96, 98, 101, 102, 103, 104, 105, 106, 107, 109, 110, 111, 112, 113, 114, 115, 117, 118, 119, 120, 121, 122, 124, 126, 127, 129, 74
inlacorr	111	true	false	false	38, 40, 43, 48, 55, 62, 63, 67, 71, 72, 73, 80, 81, 105, 113, 114, 74, 107
inlacorr	112	false	false	false	12, 38, 40, 43, 45, 46, 48, 55, 56, 62, 63, 67, 71, 72, 73, 77, 81, 98, 101, 102, 103, 104, 106, 109, 110, 111, 112, 113, 114, 117, 74, 107
inlacorr	113	false	false	false	1, 2, 14, 15, 17, 19, 21, 22, 25, 26, 38, 40, 43, 46, 48, 49, 55, 62, 63, 67, 71, 72, 73, 77, 81, 83, 88, 89, 90, 95, 98, 101, 102, 103, 104, 106, 109, 110, 112, 113, 114, 117, 126, 127, 74, 107
inlacorr	114	false	false	true	5, 8, 12, 38, 40, 43, 44, 45, 46, 47, 48, 50, 55, 56, 62, 63, 67, 71, 72, 73, 74, 77, 80, 81, 86, 92, 93, 96, 98, 99, 100, 101, 102, 103, 104, 106, 109, 110, 111, 112, 113, 114, 115, 116, 117, 118, 122, 123, 125
inlacorr	115	false	false	true	38, 40, 43, 48, 55, 62, 63, 71, 72, 73, 96, 104, 114
inlacorr	116	false	true	false	38, 40, 43, 48, 55, 62, 63, 71, 72, 73, 77, 81, 96, 114
insocorr	1	true	false	false	107, 38, 40, 43, 48, 55, 62, 63, 67, 71, 72, 73, 74, 81, 113, 114
insocorr	2	true	false	false	107, 38, 40, 43, 48, 55, 62, 63, 67, 71, 72, 73, 74, 81, 113, 114
insocorr	3	true	false	false	107, 38, 40, 43, 48, 55, 62, 63, 67, 71, 72, 73, 74, 81, 113, 114
insocorr	4	true	false	false	107, 38, 40, 43, 48, 55, 62, 63, 67, 71, 72, 73, 74, 81, 113, 114
insocorr	5	true	false	false	107, 38, 40, 43, 48, 55, 62, 63, 67, 71, 72, 73, 74, 81, 113, 114
insocorr	6	true	false	false	107, 38, 40, 43, 48, 55, 62, 63, 67, 71, 72, 73, 74, 81, 113, 114
insocorr	7	true	false	false	107, 38, 40, 43, 48, 55, 62, 63, 67, 71, 72, 73, 74, 81, 113, 114
insocorr	8	true	false	false	107, 38, 40, 43, 48, 55, 62, 63, 67, 71, 72, 73, 74, 81, 113, 114
insocorr	9	true	false	false	107, 38, 40, 43, 48, 55, 62, 63, 67, 71, 72, 73, 74, 81, 113, 114
insocorr	10	true	false	false	48, 107, 38, 40, 43, 55, 62, 63, 67, 71, 72, 73, 74, 81, 113, 114
insocorr	11	true	false	false	107, 38, 40, 43, 48, 55, 62, 63, 67, 71, 72, 73, 74, 81, 113, 114
insocorr	12	true	false	false	48, 107, 38, 40, 43, 55, 62, 63, 67, 71, 72, 73, 74, 81, 113, 114
insocorr	13	true	false	false	48, 107, 38, 40, 43, 55, 62, 63, 67, 71, 72, 73, 74, 81, 113, 114
insocorr	14	true	false	false	107, 38, 40, 43, 48, 55, 62, 63, 67, 71, 72, 73, 74, 81, 113, 114
insocorr	15	true	false	false	48, 107, 38, 40, 43, 55, 62, 63, 67, 71, 72, 73, 74, 81, 113, 114
insocorr	16	true	false	false	48, 107, 38, 40, 43, 55, 62, 63, 67, 71, 72, 73, 74, 81, 113, 114
insocorr	17	true	false	false	107, 38, 40, 43, 48, 55, 62, 63, 67, 71, 72, 73, 74, 81, 113, 114
insocorr	18	true	false	false	48, 107, 38, 40, 43, 55, 62, 63, 67, 71, 72, 73, 74, 81, 113, 114
insocorr	19	true	false	false	48, 107, 114, 38, 40, 43, 55, 62, 63, 67, 71, 72, 73, 74, 81, 113
insocorr	20	true	false	false	48, 107, 38, 40, 43, 55, 62, 63, 67, 71, 72, 73, 74, 81, 113, 114
insocorr	21	true	false	false	48, 107, 38, 40, 43, 55, 62, 63, 67, 71, 72, 73, 74, 81, 113, 114
insocorr	22	true	false	false	107, 38, 40, 43, 48, 55, 62, 63, 67, 71, 72, 73, 74, 81, 113, 114
insocorr	23	true	false	false	48, 107, 38, 40, 43, 55, 62, 63, 67, 71, 72, 73, 74, 81, 113, 114
insocorr	24	true	false	false	107, 38, 40, 43, 48, 55, 62, 63, 67, 71, 72, 73, 74, 81, 113, 114
insocorr	25	true	false	false	38, 48, 62, 71, 72, 107, 40, 43, 55, 63, 67, 73, 74, 81, 113, 114
insocorr	26	true	false	false	38, 48, 107, 114, 40, 43, 55, 62, 63, 67, 71, 72, 73, 74, 81, 113
insocorr	27	false	true	false	8, 14, 17, 21, 38, 99, 107
insocorr	28	true	false	false	38, 48, 107, 40, 43, 55, 62, 63, 67, 71, 72, 73, 74, 81, 113, 114
insocorr	29	true	false	false	38, 48, 107, 40, 43, 55, 62, 63, 67, 71, 72, 73, 74, 81, 113, 114
insocorr	30	true	false	false	38, 43, 48, 107, 40, 55, 62, 63, 67, 71, 72, 73, 74, 81, 113, 114
insocorr	31	true	false	false	38, 48, 107, 40, 43, 55, 62, 63, 67, 71, 72, 73, 74, 81, 113, 114
insocorr	32	true	false	false	48, 107, 114, 38, 40, 43, 55, 62, 63, 67, 71, 72, 73, 74, 81, 113
insocorr	33	true	false	false	107, 38, 40, 43, 48, 55, 62, 63, 67, 71, 72, 73, 74, 81, 113, 114
insocorr	34	true	false	false	38, 48, 107, 40, 43, 55, 62, 63, 67, 71, 72, 73, 74, 81, 113, 114
insocorr	35	true	false	false	48, 107, 38, 40, 43, 55, 62, 63, 67, 71, 72, 73, 74, 81, 113, 114
insocorr	36	true	false	false	38, 48, 107, 40, 43, 55, 62, 63, 67, 71, 72, 73, 74, 81, 113, 114
insocorr	37	true	false	false	38, 48, 107, 40, 43, 55, 62, 63, 67, 71, 72, 73, 74, 81, 113, 114
insocorr	38	true	false	false	38, 48, 63, 73, 107, 114, 40, 43, 55, 62, 67, 71, 72, 74, 81, 113
insocorr	39	false	false	false	1, 5, 9, 14, 15, 17, 21, 25, 26, 31, 38, 43, 48, 53, 54, 55, 60, 61, 62, 63, 67, 68, 69, 71, 72, 73, 74, 78, 79, 80, 86, 87, 94, 100, 101, 102, 103, 104, 105, 107, 113, 114, 119, 120, 121, 125, 126, 40, 81
insocorr	40	true	false	false	38, 48, 73, 107, 40, 43, 55, 62, 63, 67, 71, 72, 74, 81, 113, 114
insocorr	41	true	false	false	38, 48, 55, 62, 63, 67, 71, 72, 73, 74, 107, 40, 43, 81, 113, 114
insocorr	42	true	false	false	38, 48, 63, 107, 40, 43, 55, 62, 67, 71, 72, 73, 74, 81, 113, 114
insocorr	43	true	false	false	38, 48, 73, 107, 40, 43, 55, 62, 63, 67, 71, 72, 74, 81, 113, 114
insocorr	44	true	false	false	38, 48, 107, 40, 43, 55, 62, 63, 67, 71, 72, 73, 74, 81, 113, 114
insocorr	45	true	false	false	38, 43, 48, 55, 62, 63, 67, 71, 72, 73, 74, 107, 114, 40, 81, 113
insocorr	46	true	false	false	38, 43, 48, 55, 62, 63, 67, 71, 72, 73, 74, 107, 114, 40, 81, 113
insocorr	47	true	false	false	38, 48, 107, 113, 40, 43, 55, 62, 63, 67, 71, 72, 73, 74, 81, 114
insocorr	48	true	false	false	38, 43, 48, 63, 73, 74, 107, 114, 40, 55, 62, 67, 71, 72, 81, 113
insocorr	49	true	false	false	38, 48, 55, 62, 63, 67, 71, 72, 73, 74, 107, 114, 40, 43, 81, 113
insocorr	50	true	false	false	38, 48, 55, 62, 63, 67, 71, 72, 73, 107, 114, 40, 43, 74, 81, 113
insocorr	51	false	false	false	1, 2, 3, 4, 5, 6, 7, 8, 9, 10, 11, 12, 13, 14, 15, 16, 17, 18, 19, 20, 21, 22, 23, 24, 25, 26, 27, 28, 29, 30, 31, 32, 33, 34, 35, 36, 37, 38, 39, 40, 41, 42, 43, 44, 45, 46, 47, 48, 49, 50, 51, 52, 53, 54, 55, 56, 57, 58, 59, 60, 61, 62, 63, 64, 65, 66, 67, 68, 69, 70, 71, 72, 73, 74, 75, 76, 77, 78, 80, 81, 82, 83, 84, 85, 87, 88, 89, 90, 91, 92, 94, 95, 96, 97, 99, 100, 102, 103, 104, 105, 107, 108, 111, 113, 114, 115, 116, 119, 120, 121, 122, 123, 124, 125, 126, 127, 128, 129
insocorr	52	true	false	false	38, 48, 73, 107, 114, 40, 43, 55, 62, 63, 67, 71, 72, 74, 81, 113
insocorr	53	true	false	false	38, 43, 48, 107, 114, 40, 55, 62, 63, 67, 71, 72, 73, 74, 81, 113
insocorr	54	true	false	false	38, 43, 48, 55, 62, 63, 67, 71, 72, 73, 74, 107, 114, 40, 81, 113
insocorr	55	true	false	false	38, 48, 107, 40, 43, 55, 62, 63, 67, 71, 72, 73, 74, 81, 113, 114
insocorr	56	true	false	false	38, 48, 107, 114, 40, 43, 55, 62, 63, 67, 71, 72, 73, 74, 81, 113
insocorr	57	false	false	false	1, 2, 3, 4, 5, 6, 7, 8, 9, 10, 11, 12, 13, 14, 15, 16, 17, 18, 19, 20, 21, 22, 23, 24, 25, 26, 27, 28, 29, 30, 31, 32, 33, 34, 35, 36, 37, 38, 39, 40, 41, 42, 43, 44, 45, 46, 47, 48, 49, 50, 51, 52, 53, 54, 55, 56, 57, 58, 59, 60, 61, 62, 63, 64, 65, 66, 67, 68, 69, 70, 71, 72, 73, 74, 75, 76, 77, 78, 79, 80, 81, 82, 83, 84, 85, 86, 87, 88, 89, 90, 91, 92, 93, 94, 95, 96, 97, 98, 99, 100, 101, 102, 103, 104, 105, 106, 107, 108, 109, 110, 111, 112, 113, 114, 115, 116, 117, 118, 119, 120, 121, 122, 123, 124, 125, 126, 127, 128, 129
insocorr	58	true	false	false	12, 38, 43, 48, 55, 62, 63, 67, 71, 72, 73, 74, 107, 114, 40, 81, 113
insocorr	59	false	false	false	1, 2, 3, 4, 6, 7, 8, 9, 10, 11, 12, 13, 14, 15, 16, 17, 18, 19, 20, 21, 22, 23, 24, 25, 26, 27, 28, 30, 31, 32, 33, 34, 35, 36, 37, 38, 39, 40, 42, 43, 44, 45, 47, 48, 49, 50, 51, 52, 54, 55, 56, 57, 59, 62, 63, 65, 67, 69, 70, 71, 72, 73, 74, 75, 76, 77, 80, 81, 82, 83, 84, 88, 89, 90, 91, 92, 94, 95, 96, 97, 104, 105, 106, 107, 113, 114, 115, 116, 119, 120, 121, 122, 124, 125, 126, 127, 128, 129
insocorr	60	true	false	false	12, 38, 43, 48, 55, 62, 63, 67, 71, 72, 73, 107, 114, 40, 74, 81, 113
insocorr	61	false	false	false	1, 2, 3, 4, 5, 6, 7, 8, 9, 10, 11, 12, 13, 14, 15, 16, 17, 18, 19, 20, 21, 22, 23, 24, 25, 26, 27, 28, 29, 30, 31, 32, 33, 34, 35, 36, 37, 38, 39, 40, 41, 42, 43, 44, 45, 46, 47, 48, 49, 50, 51, 52, 54, 55, 56, 57, 58, 59, 60, 62, 63, 64, 65, 66, 67, 69, 70, 71, 72, 73, 74, 75, 76, 77, 78, 79, 80, 81, 82, 83, 84, 85, 86, 87, 88, 89, 90, 91, 92, 93, 94, 95, 96, 97, 98, 99, 100, 101, 102, 103, 104, 105, 106, 107, 108, 109, 110, 111, 112, 113, 114, 115, 116, 117, 118, 119, 120, 121, 122, 123, 124, 125, 126, 127, 128, 129
insocorr	62	true	false	false	38, 43, 48, 55, 62, 63, 67, 71, 72, 73, 74, 81, 107, 114, 40, 113
insocorr	63	true	false	false	38, 43, 48, 55, 62, 63, 67, 71, 72, 73, 81, 107, 114, 40, 74, 113
insocorr	64	false	false	true	1, 2, 3, 4, 6, 7, 8, 9, 10, 11, 13, 14, 15, 16, 17, 18, 19, 20, 21, 22, 23, 24, 25, 26, 27, 28, 30, 31, 32, 33, 34, 35, 36, 37, 38, 39, 40, 41, 42, 43, 45, 46, 47, 48, 49, 50, 51, 52, 53, 54, 55, 56, 57, 58, 59, 60, 61, 62, 63, 64, 65, 66, 67, 69, 70, 71, 72, 73, 74, 75, 76, 78, 79, 80, 81, 82, 83, 84, 85, 86, 88, 89, 90, 91, 92, 94, 95, 96, 97, 98, 101, 102, 103, 104, 105, 106, 107, 108, 109, 110, 111, 112, 114, 115, 117, 118, 119, 121, 122, 123, 124, 125, 126, 127, 128, 129
insocorr	65	true	false	false	38, 43, 48, 73, 114, 40, 55, 62, 63, 67, 71, 72, 74, 81, 107, 113
insocorr	66	true	false	false	38, 43, 48, 55, 62, 63, 67, 71, 72, 73, 74, 81, 114, 40, 107, 113
insocorr	67	true	false	false	38, 40, 43, 48, 114, 55, 62, 63, 67, 71, 72, 73, 74, 81, 107, 113
insocorr	68	true	false	false	38, 40, 43, 48, 63, 81, 114, 55, 62, 67, 71, 72, 73, 74, 107, 113
insocorr	69	true	false	false	38, 43, 48, 55, 62, 63, 67, 71, 72, 73, 74, 114, 40, 81, 107, 113
insocorr	70	false	true	true	1, 2, 3, 4, 8, 9, 10, 11, 12, 14, 15, 16, 17, 18, 19, 21, 22, 23, 35, 38, 40, 41, 43, 44, 48, 55, 62, 63, 67, 71, 72, 73, 74, 81, 92, 104, 106, 107, 111, 113, 114, 116, 122, 124
insocorr	71	true	false	false	38, 43, 48, 55, 56, 62, 63, 67, 71, 72, 73, 74, 81, 113, 114, 40, 107
insocorr	72	false	true	false	8, 14, 17, 21, 38, 40, 43, 48, 63, 73, 114
insocorr	73	true	false	false	12, 38, 40, 43, 48, 55, 62, 63, 67, 71, 72, 73, 74, 114, 81, 107, 113
insocorr	74	false	false	false	1, 2, 8, 9, 10, 13, 14, 15, 16, 17, 18, 19, 20, 21, 22, 23, 24, 25, 26, 27, 28, 31, 32, 33, 34, 37, 38, 39, 40, 43, 48, 49, 55, 62, 63, 67, 70, 71, 72, 73, 74, 81, 83, 92, 104, 114, 119, 120, 121, 122, 124, 125, 126, 127, 128, 107, 113
insocorr	75	true	false	false	38, 43, 48, 55, 62, 63, 67, 71, 72, 73, 74, 81, 114, 40, 107, 113
insocorr	76	true	false	false	38, 43, 48, 63, 73, 81, 114, 40, 55, 62, 67, 71, 72, 74, 107, 113
insocorr	77	true	false	false	38, 40, 43, 48, 55, 62, 63, 67, 71, 72, 73, 74, 81, 114, 107, 113
insocorr	78	false	false	true	5, 12, 35, 38, 40, 41, 43, 48, 60, 63, 73, 74, 81, 92, 106, 113, 114
insocorr	79	false	false	false	1, 2, 3, 8, 9, 10, 11, 12, 13, 14, 15, 16, 17, 18, 19, 20, 21, 22, 23, 24, 25, 26, 27, 28, 32, 33, 34, 38, 39, 40, 41, 43, 48, 49, 55, 58, 62, 63, 67, 71, 72, 73, 74, 77, 81, 88, 101, 106, 113, 114, 119, 120, 121, 122, 124, 125, 126, 127, 128, 107
insocorr	80	true	false	false	38, 40, 43, 48, 73, 81, 55, 62, 63, 67, 71, 72, 74, 107, 113, 114
insocorr	81	true	false	false	38, 40, 48, 63, 81, 43, 55, 62, 67, 71, 72, 73, 74, 107, 113, 114
insocorr	82	true	false	false	38, 40, 43, 48, 55, 62, 63, 67, 71, 72, 73, 74, 81, 114, 107, 113
insocorr	83	false	false	false	1, 2, 3, 4, 5, 6, 7, 8, 9, 10, 11, 12, 13, 14, 15, 16, 17, 18, 19, 20, 21, 22, 23, 24, 25, 26, 27, 28, 29, 30, 31, 32, 33, 34, 35, 36, 37, 38, 39, 40, 41, 42, 43, 44, 45, 46, 47, 48, 49, 50, 51, 52, 53, 54, 55, 56, 57, 58, 59, 60, 61, 62, 63, 64, 65, 66, 67, 68, 69, 70, 71, 72, 73, 74, 75, 76, 77, 78, 79, 80, 81, 82, 83, 84, 85, 86, 87, 88, 89, 90, 91, 92, 93, 94, 95, 96, 97, 98, 99, 100, 101, 102, 103, 104, 105, 106, 107, 108, 109, 110, 111, 112, 113, 114, 115, 116, 117, 118, 119, 120, 121, 122, 123, 124, 125, 126, 127, 128, 129
insocorr	84	true	false	false	129, 38, 40, 43, 48, 55, 62, 63, 67, 71, 72, 73, 74, 81, 107, 113, 114
insocorr	85	true	false	false	12, 38, 40, 43, 48, 55, 62, 63, 67, 71, 72, 73, 81, 107, 74, 113, 114
insocorr	86	false	false	true	1, 2, 3, 4, 5, 6, 7, 8, 9, 10, 11, 12, 13, 14, 15, 16, 17, 18, 19, 20, 21, 22, 23, 24, 25, 26, 27, 28, 29, 30, 31, 32, 33, 34, 35, 36, 37, 38, 39, 40, 41, 42, 43, 44, 45, 46, 47, 48, 49, 50, 51, 52, 53, 54, 55, 56, 57, 58, 59, 60, 61, 62, 63, 64, 65, 66, 67, 68, 69, 70, 71, 72, 73, 74, 75, 76, 77, 78, 79, 80, 81, 82, 83, 84, 85, 86, 87, 88, 89, 90, 91, 92, 93, 94, 95, 96, 97, 98, 99, 100, 101, 102, 103, 104, 105, 106, 107, 108, 109, 110, 111, 112, 113, 114, 115, 116, 117, 118, 119, 120, 121, 122, 123, 124, 125, 126, 127, 128, 129
insocorr	87	false	true	true	1, 2, 3, 4, 6, 7, 8, 9, 10, 11, 12, 13, 14, 15, 16, 17, 18, 19, 20, 21, 22, 23, 24, 25, 26, 27, 28, 29, 30, 31, 32, 33, 34, 35, 36, 37, 38, 39, 40, 41, 42, 43, 44, 45, 46, 47, 48, 49, 50, 51, 52, 53, 55, 56, 57, 58, 59, 60, 61, 62, 63, 64, 65, 66, 67, 68, 69, 70, 71, 72, 73, 74, 75, 76, 77, 78, 79, 81, 82, 83, 84, 85, 86, 88, 89, 90, 91, 92, 94, 95, 96, 97, 99, 100, 104, 106, 107, 108, 113, 114, 115, 116, 119, 120, 121, 122, 123, 124, 125, 126, 127, 128, 129
insocorr	88	true	false	false	12, 38, 40, 41, 43, 48, 55, 62, 63, 67, 71, 72, 73, 77, 81, 106, 113, 114, 74, 107
insocorr	89	true	false	false	38, 40, 43, 48, 55, 62, 63, 67, 71, 72, 73, 74, 81, 112, 114, 107, 113
insocorr	90	true	false	false	12, 38, 40, 43, 48, 55, 62, 63, 67, 71, 72, 73, 81, 92, 114, 74, 107, 113
insocorr	91	true	false	false	38, 40, 43, 48, 63, 73, 81, 104, 114, 55, 62, 67, 71, 72, 74, 107, 113
insocorr	92	true	false	false	38, 40, 43, 48, 55, 62, 63, 67, 71, 72, 73, 81, 92, 113, 114, 74, 107
insocorr	93	true	false	false	12, 38, 40, 43, 48, 55, 62, 63, 67, 71, 72, 73, 81, 92, 98, 104, 113, 114, 74, 107
insocorr	94	false	false	false	1, 2, 3, 4, 5, 6, 7, 8, 9, 10, 11, 12, 13, 14, 15, 16, 17, 18, 19, 20, 21, 22, 23, 24, 25, 26, 27, 28, 29, 30, 31, 32, 33, 34, 35, 36, 37, 38, 39, 40, 41, 42, 43, 44, 45, 46, 47, 48, 49, 50, 51, 52, 53, 54, 55, 56, 57, 58, 59, 60, 61, 62, 63, 64, 65, 66, 67, 68, 69, 70, 71, 72, 73, 74, 75, 76, 77, 78, 79, 80, 81, 82, 83, 84, 85, 86, 87, 88, 89, 90, 91, 92, 93, 94, 95, 96, 97, 98, 99, 100, 101, 102, 103, 104, 105, 106, 107, 108, 109, 110, 111, 112, 113, 114, 115, 116, 117, 118, 119, 120, 121, 122, 123, 124, 125, 126, 127, 128, 129
insocorr	95	false	true	true	1, 2, 3, 4, 5, 6, 7, 8, 9, 10, 11, 12, 13, 14, 15, 16, 17, 18, 19, 20, 21, 22, 23, 24, 25, 26, 27, 28, 29, 30, 31, 32, 33, 34, 35, 36, 37, 38, 39, 40, 41, 42, 43, 44, 45, 46, 47, 48, 49, 50, 51, 52, 53, 54, 55, 56, 57, 58, 59, 60, 61, 62, 63, 64, 65, 66, 67, 68, 69, 70, 71, 72, 73, 74, 75, 76, 77, 78, 79, 80, 81, 82, 83, 84, 85, 86, 87, 88, 89, 90, 91, 92, 93, 94, 95, 96, 97, 98, 99, 100, 101, 102, 103, 104, 105, 106, 107, 108, 109, 110, 111, 112, 113, 114, 115, 116, 117, 118, 119, 120, 121, 122, 123, 124, 125, 126, 127, 128, 129
insocorr	96	false	true	true	1, 2, 3, 4, 5, 6, 7, 8, 9, 10, 11, 12, 13, 14, 15, 16, 17, 18, 19, 20, 21, 22, 23, 24, 25, 26, 27, 28, 29, 30, 31, 32, 33, 34, 35, 36, 37, 38, 39, 40, 41, 42, 43, 44, 45, 46, 47, 48, 49, 50, 51, 52, 53, 54, 55, 56, 57, 58, 59, 60, 61, 62, 63, 64, 65, 66, 67, 68, 69, 70, 71, 72, 73, 74, 75, 76, 77, 78, 79, 80, 81, 82, 83, 84, 85, 86, 87, 88, 89, 90, 91, 92, 93, 94, 95, 96, 97, 98, 99, 100, 101, 102, 103, 104, 105, 106, 107, 108, 109, 110, 111, 112, 113, 114, 115, 116, 117, 118, 119, 120, 121, 122, 123, 124, 125, 126, 127, 128, 129
insocorr	97	false	false	false	12, 38, 40, 43, 45, 48, 55, 62, 63, 67, 71, 72, 73, 77, 81, 98, 102, 103, 104, 109, 110, 112, 113, 114, 118, 74, 107
insocorr	98	false	false	false	1, 2, 4, 8, 9, 12, 14, 15, 16, 17, 18, 19, 21, 22, 23, 25, 26, 27, 32, 33, 34, 38, 39, 40, 43, 48, 49, 55, 62, 63, 67, 68, 69, 71, 72, 73, 77, 81, 88, 102, 103, 104, 109, 110, 112, 113, 114, 118, 119, 120, 121, 122, 124, 125, 126, 127, 128, 74, 107
insocorr	99	false	false	false	1, 2, 3, 4, 7, 8, 9, 10, 11, 12, 13, 14, 15, 16, 17, 18, 19, 20, 21, 22, 23, 24, 25, 26, 27, 28, 30, 31, 32, 33, 34, 35, 37, 38, 39, 40, 41, 42, 43, 45, 46, 48, 49, 51, 52, 54, 55, 56, 57, 59, 61, 62, 63, 64, 65, 66, 67, 68, 69, 70, 71, 72, 73, 75, 76, 77, 78, 79, 81, 82, 83, 84, 85, 86, 88, 89, 90, 91, 92, 94, 95, 96, 98, 101, 102, 103, 104, 105, 106, 107, 109, 110, 111, 112, 113, 114, 115, 117, 118, 119, 120, 121, 122, 124, 125, 126, 127, 128, 129, 74
insocorr	100	true	false	false	38, 40, 43, 44, 48, 55, 62, 63, 67, 71, 72, 73, 74, 77, 81, 101, 113, 114, 107
insocorr	101	false	false	false	1, 2, 3, 4, 5, 7, 8, 9, 10, 11, 12, 13, 14, 15, 16, 17, 18, 19, 20, 21, 22, 23, 24, 25, 26, 27, 28, 29, 30, 31, 32, 33, 34, 35, 37, 38, 39, 40, 41, 42, 43, 44, 45, 46, 47, 48, 49, 50, 51, 52, 54, 55, 56, 57, 59, 60, 61, 62, 63, 64, 65, 66, 67, 68, 69, 70, 71, 72, 73, 74, 75, 76, 77, 78, 79, 80, 81, 82, 83, 84, 85, 87, 88, 89, 90, 91, 92, 93, 94, 95, 96, 97, 98, 101, 102, 103, 104, 105, 106, 107, 108, 109, 110, 111, 112, 113, 114, 115, 116, 117, 118, 119, 120, 121, 122, 123, 124, 125, 126, 127, 128, 129
insocorr	102	false	false	false	1, 2, 3, 4, 5, 7, 8, 9, 10, 11, 12, 13, 14, 15, 16, 17, 18, 19, 20, 21, 22, 23, 24, 25, 26, 27, 28, 29, 30, 31, 32, 33, 34, 35, 37, 38, 39, 40, 41, 42, 43, 44, 45, 46, 47, 48, 49, 50, 51, 52, 54, 55, 56, 57, 59, 61, 62, 63, 64, 65, 66, 67, 68, 69, 70, 71, 72, 73, 75, 76, 77, 78, 79, 81, 82, 83, 84, 85, 86, 87, 88, 89, 90, 91, 92, 93, 94, 95, 96, 97, 98, 99, 100, 101, 102, 103, 104, 105, 106, 107, 108, 109, 110, 111, 112, 113, 114, 115, 116, 117, 118, 119, 120, 121, 122, 123, 124, 125, 126, 127, 128, 129, 74
insocorr	103	false	true	true	1, 2, 3, 4, 5, 6, 7, 8, 9, 10, 11, 12, 13, 14, 15, 16, 17, 18, 19, 20, 21, 22, 23, 24, 25, 26, 27, 28, 29, 30, 31, 32, 33, 34, 35, 36, 37, 38, 39, 40, 41, 42, 43, 44, 45, 46, 47, 48, 49, 50, 51, 52, 53, 54, 55, 56, 57, 58, 59, 60, 61, 62, 63, 64, 65, 66, 67, 68, 69, 70, 71, 72, 73, 74, 75, 76, 77, 78, 79, 80, 81, 82, 83, 84, 85, 86, 87, 88, 89, 90, 91, 92, 93, 94, 95, 96, 97, 98, 99, 100, 101, 102, 103, 104, 105, 106, 107, 108, 109, 110, 111, 112, 113, 114, 115, 116, 117, 118, 119, 120, 121, 122, 123, 124, 125, 126, 127, 128, 129
insocorr	104	true	false	false	38, 40, 43, 48, 55, 62, 63, 67, 71, 72, 73, 81, 104, 113, 114, 74, 107
insocorr	105	false	false	true	38, 40, 43, 48, 55, 62, 63, 67, 71, 72, 73, 77, 80, 81, 98, 102, 103, 104, 109, 113, 114
insocorr	106	false	false	false	2, 4, 7, 9, 14, 15, 16, 17, 18, 19, 21, 22, 23, 25, 26, 27, 31, 32, 34, 37, 38, 40, 42, 43, 45, 48, 49, 54, 55, 56, 59, 62, 63, 65, 67, 68, 69, 70, 71, 72, 73, 76, 77, 81, 82, 83, 84, 88, 89, 90, 95, 98, 102, 103, 104, 107, 109, 110, 112, 113, 114, 115, 117, 118, 119, 120, 121, 122, 124, 126, 127, 129, 74
insocorr	107	true	false	false	38, 40, 43, 48, 55, 62, 63, 67, 71, 72, 73, 81, 113, 114, 74, 107
insocorr	108	false	false	false	1, 2, 3, 4, 7, 8, 9, 10, 11, 13, 14, 15, 16, 17, 18, 19, 20, 21, 22, 23, 24, 25, 26, 27, 28, 30, 31, 32, 33, 34, 37, 38, 39, 40, 42, 43, 45, 46, 48, 49, 52, 54, 55, 56, 57, 59, 61, 62, 63, 64, 65, 66, 67, 68, 69, 70, 71, 72, 73, 75, 76, 77, 78, 81, 82, 83, 84, 88, 89, 90, 91, 92, 94, 95, 98, 101, 102, 103, 104, 107, 109, 110, 111, 112, 113, 114, 115, 116, 117, 118, 119, 120, 121, 122, 124, 125, 126, 127, 128, 129, 74
insocorr	109	false	false	false	1, 2, 3, 4, 7, 8, 9, 10, 11, 13, 14, 15, 16, 17, 18, 19, 20, 21, 22, 23, 24, 25, 26, 27, 28, 29, 30, 31, 32, 33, 34, 37, 38, 39, 40, 41, 42, 43, 44, 45, 46, 48, 49, 51, 52, 53, 54, 55, 56, 57, 59, 60, 61, 62, 63, 64, 65, 66, 67, 68, 69, 70, 71, 72, 73, 75, 76, 77, 78, 79, 81, 82, 83, 84, 85, 86, 87, 88, 89, 90, 91, 92, 93, 94, 95, 97, 98, 99, 101, 102, 103, 104, 105, 106, 107, 108, 109, 110, 111, 112, 113, 114, 115, 116, 117, 118, 119, 120, 121, 122, 123, 124, 125, 126, 127, 128, 129, 74
insocorr	110	false	true	false	1, 2, 3, 4, 5, 6, 7, 8, 9, 10, 11, 12, 13, 14, 15, 16, 17, 18, 19, 20, 21, 22, 23, 24, 25, 26, 27, 28, 29, 30, 31, 32, 33, 34, 35, 36, 37, 38, 39, 40, 41, 42, 43, 44, 45, 46, 47, 48, 49, 50, 51, 52, 53, 54, 55, 56, 57, 59, 60, 61, 62, 63, 64, 65, 66, 67, 68, 69, 70, 71, 72, 73, 74, 75, 76, 77, 78, 79, 80, 81, 82, 83, 84, 85, 86, 87, 88, 89, 90, 91, 92, 93, 94, 95, 96, 97, 98, 99, 100, 101, 102, 103, 104, 105, 106, 107, 108, 109, 110, 111, 112, 113, 114, 115, 116, 117, 118, 119, 120, 121, 122, 123, 124, 125, 126, 127, 128, 129
insocorr	111	true	false	false	29, 38, 40, 43, 48, 55, 62, 63, 71, 72, 80, 104, 105, 113, 114, 67, 73, 74, 81, 107
insocorr	112	true	false	false	38, 40, 43, 48, 55, 62, 63, 71, 72, 81, 89, 113, 114, 67, 73, 74, 107
insocorr	113	false	false	false	1, 2, 3, 4, 7, 8, 9, 10, 11, 14, 15, 16, 17, 18, 19, 21, 22, 23, 25, 26, 27, 31, 32, 33, 34, 37, 38, 39, 40, 41, 42, 43, 44, 45, 46, 48, 49, 54, 55, 56, 57, 59, 61, 62, 63, 64, 65, 66, 67, 68, 69, 70, 71, 72, 73, 76, 77, 81, 82, 83, 84, 86, 87, 88, 89, 90, 91, 92, 94, 95, 98, 101, 102, 103, 104, 105, 106, 107, 108, 109, 110, 111, 112, 113, 114, 115, 116, 117, 118, 119, 120, 121, 122, 124, 125, 126, 127, 128, 129, 74
insocorr	114	false	false	false	29, 38, 40, 43, 44, 45, 48, 55, 62, 63, 67, 71, 72, 73, 77, 81, 98, 101, 102, 103, 104, 106, 109, 110, 112, 113, 114, 74, 107
insocorr	115	false	false	false	1, 2, 3, 4, 5, 6, 7, 8, 9, 10, 11, 12, 13, 14, 15, 16, 17, 18, 19, 20, 21, 22, 23, 24, 25, 26, 27, 28, 29, 30, 31, 32, 33, 34, 35, 36, 37, 38, 39, 40, 41, 42, 43, 44, 45, 46, 47, 48, 49, 50, 51, 52, 53, 54, 55, 56, 57, 58, 59, 60, 61, 62, 63, 64, 65, 66, 67, 68, 69, 70, 71, 72, 73, 74, 75, 76, 77, 78, 79, 80, 81, 82, 83, 84, 85, 86, 87, 88, 89, 90, 91, 92, 93, 94, 95, 96, 97, 98, 99, 100, 101, 102, 103, 104, 105, 106, 107, 108, 109, 110, 111, 112, 113, 114, 115, 116, 117, 118, 119, 120, 121, 122, 123, 124, 125, 126, 127, 128, 129
insocorr	116	false	false	true	7, 12, 13, 26, 27, 31, 33, 40, 43, 45, 46, 48, 55, 62, 63, 67, 71, 72, 73, 77, 81, 98, 102, 106, 107, 109, 110, 112, 113, 114, 119, 128, 129
insocorr	117	true	false	false	40, 43, 44, 48, 55, 62, 63, 71, 72, 73, 81, 102, 106, 114, 38, 67, 74, 107, 113
