Category	Segment number	Segment Good	Eye Blinks	Eye Movements	Bad Channels
cosocorr	1	true	false	false	62, 72, 34, 36, 39, 44, 45, 50, 55, 56, 57, 61, 63, 78, 79, 80, 81, 100, 101, 106, 107
cosocorr	2	true	false	false	62, 72, 34, 36, 39, 44, 45, 50, 55, 56, 57, 61, 63, 78, 79, 80, 81, 100, 101, 106, 107
cosocorr	3	true	false	false	62, 72, 34, 36, 39, 44, 45, 50, 55, 56, 57, 61, 63, 78, 79, 80, 81, 100, 101, 106, 107
cosocorr	4	true	false	false	34, 36, 39, 44, 45, 50, 55, 56, 57, 61, 62, 63, 72, 78, 79, 80, 81, 100, 101, 106, 107
cosocorr	5	true	false	false	62, 72, 34, 36, 39, 44, 45, 50, 55, 56, 57, 61, 63, 78, 79, 80, 81, 100, 101, 106, 107
cosocorr	6	true	false	false	34, 36, 39, 44, 45, 50, 55, 56, 57, 61, 62, 63, 72, 78, 79, 80, 81, 100, 101, 106, 107
cosocorr	7	true	false	false	34, 36, 39, 44, 45, 50, 55, 56, 57, 61, 62, 63, 72, 78, 79, 80, 81, 100, 101, 106, 107
cosocorr	8	true	false	false	34, 36, 39, 44, 45, 50, 55, 56, 57, 61, 62, 63, 72, 78, 79, 80, 81, 100, 101, 106, 107
cosocorr	9	true	false	false	34, 36, 39, 44, 45, 50, 55, 56, 57, 61, 62, 63, 72, 78, 79, 80, 81, 100, 101, 106, 107
cosocorr	10	true	false	false	34, 36, 39, 44, 45, 50, 55, 56, 57, 61, 62, 63, 72, 78, 79, 80, 81, 100, 101, 106, 107
cosocorr	11	true	false	false	62, 34, 36, 39, 44, 45, 50, 55, 56, 57, 61, 63, 72, 78, 79, 80, 81, 100, 101, 106, 107
cosocorr	12	true	false	false	45, 62, 72, 34, 36, 39, 44, 50, 55, 56, 57, 61, 63, 78, 79, 80, 81, 100, 101, 106, 107
cosocorr	13	true	false	false	62, 72, 34, 36, 39, 44, 45, 50, 55, 56, 57, 61, 63, 78, 79, 80, 81, 100, 101, 106, 107
cosocorr	14	true	false	false	45, 62, 72, 34, 36, 39, 44, 50, 55, 56, 57, 61, 63, 78, 79, 80, 81, 100, 101, 106, 107
cosocorr	15	true	false	false	62, 72, 34, 36, 39, 44, 45, 50, 55, 56, 57, 61, 63, 78, 79, 80, 81, 100, 101, 106, 107
cosocorr	16	true	false	false	34, 36, 39, 44, 45, 50, 55, 56, 57, 61, 62, 63, 72, 78, 79, 80, 81, 100, 101, 106, 107
cosocorr	17	true	false	false	45, 62, 72, 34, 36, 39, 44, 50, 55, 56, 57, 61, 63, 78, 79, 80, 81, 100, 101, 106, 107
cosocorr	18	true	false	false	45, 62, 72, 34, 36, 39, 44, 50, 55, 56, 57, 61, 63, 78, 79, 80, 81, 100, 101, 106, 107
cosocorr	19	true	false	false	45, 62, 72, 81, 34, 36, 39, 44, 50, 55, 56, 57, 61, 63, 78, 79, 80, 100, 101, 106, 107
cosocorr	20	true	false	false	45, 62, 72, 34, 36, 39, 44, 50, 55, 56, 57, 61, 63, 78, 79, 80, 81, 100, 101, 106, 107
cosocorr	21	true	false	false	45, 62, 72, 81, 34, 36, 39, 44, 50, 55, 56, 57, 61, 63, 78, 79, 80, 100, 101, 106, 107
cosocorr	22	true	false	false	45, 62, 72, 34, 36, 39, 44, 50, 55, 56, 57, 61, 63, 78, 79, 80, 81, 100, 101, 106, 107
cosocorr	23	true	false	false	45, 62, 72, 81, 34, 36, 39, 44, 50, 55, 56, 57, 61, 63, 78, 79, 80, 100, 101, 106, 107
cosocorr	24	true	false	false	45, 62, 72, 34, 36, 39, 44, 50, 55, 56, 57, 61, 63, 78, 79, 80, 81, 100, 101, 106, 107
cosocorr	25	true	false	false	62, 72, 34, 36, 39, 44, 45, 50, 55, 56, 57, 61, 63, 78, 79, 80, 81, 100, 101, 106, 107
cosocorr	26	true	false	false	45, 62, 72, 34, 36, 39, 44, 50, 55, 56, 57, 61, 63, 78, 79, 80, 81, 100, 101, 106, 107
cosocorr	27	true	false	false	45, 34, 36, 39, 44, 50, 55, 56, 57, 61, 62, 63, 72, 78, 79, 80, 81, 100, 101, 106, 107
cosocorr	28	true	false	false	45, 34, 36, 39, 44, 50, 55, 56, 57, 61, 62, 63, 72, 78, 79, 80, 81, 100, 101, 106, 107
cosocorr	29	true	false	false	45, 62, 72, 34, 36, 39, 44, 50, 55, 56, 57, 61, 63, 78, 79, 80, 81, 100, 101, 106, 107
cosocorr	30	true	false	false	45, 62, 72, 34, 36, 39, 44, 50, 55, 56, 57, 61, 63, 78, 79, 80, 81, 100, 101, 106, 107
cosocorr	31	true	false	false	45, 62, 72, 34, 36, 39, 44, 50, 55, 56, 57, 61, 63, 78, 79, 80, 81, 100, 101, 106, 107
cosocorr	32	true	false	false	45, 62, 72, 34, 36, 39, 44, 50, 55, 56, 57, 61, 63, 78, 79, 80, 81, 100, 101, 106, 107
cosocorr	33	true	false	false	44, 45, 56, 62, 72, 34, 36, 39, 50, 55, 57, 61, 63, 78, 79, 80, 81, 100, 101, 106, 107
cosocorr	34	true	false	false	45, 62, 72, 81, 34, 36, 39, 44, 50, 55, 56, 57, 61, 63, 78, 79, 80, 100, 101, 106, 107
cosocorr	35	true	false	false	45, 62, 72, 81, 34, 36, 39, 44, 50, 55, 56, 57, 61, 63, 78, 79, 80, 100, 101, 106, 107
cosocorr	36	true	false	false	45, 57, 62, 72, 81, 34, 36, 39, 44, 50, 55, 56, 61, 63, 78, 79, 80, 100, 101, 106, 107
cosocorr	37	true	false	false	45, 62, 72, 34, 36, 39, 44, 50, 55, 56, 57, 61, 63, 78, 79, 80, 81, 100, 101, 106, 107
cosocorr	38	true	false	false	45, 34, 36, 39, 44, 50, 55, 56, 57, 61, 62, 63, 72, 78, 79, 80, 81, 100, 101, 106, 107
cosocorr	39	true	false	false	45, 57, 62, 72, 34, 36, 39, 44, 50, 55, 56, 61, 63, 78, 79, 80, 81, 100, 101, 106, 107
cosocorr	40	true	false	false	45, 34, 36, 39, 44, 50, 55, 56, 57, 61, 62, 63, 72, 78, 79, 80, 81, 100, 101, 106, 107
cosocorr	41	true	false	false	45, 57, 62, 72, 81, 34, 36, 39, 44, 50, 55, 56, 61, 63, 78, 79, 80, 100, 101, 106, 107
cosocorr	42	true	false	false	45, 57, 62, 72, 81, 34, 36, 39, 44, 50, 55, 56, 61, 63, 78, 79, 80, 100, 101, 106, 107
cosocorr	43	true	false	false	45, 34, 36, 39, 44, 50, 55, 56, 57, 61, 62, 63, 72, 78, 79, 80, 81, 100, 101, 106, 107
cosocorr	44	true	false	false	45, 57, 34, 36, 39, 44, 50, 55, 56, 61, 62, 63, 72, 78, 79, 80, 81, 100, 101, 106, 107
cosocorr	45	true	false	false	45, 57, 62, 72, 34, 36, 39, 44, 50, 55, 56, 61, 63, 78, 79, 80, 81, 100, 101, 106, 107
cosocorr	46	true	false	false	44, 45, 57, 62, 63, 72, 34, 36, 39, 50, 55, 56, 61, 78, 79, 80, 81, 100, 101, 106, 107
cosocorr	47	true	false	false	44, 45, 57, 62, 63, 72, 34, 36, 39, 50, 55, 56, 61, 78, 79, 80, 81, 100, 101, 106, 107
cosocorr	48	true	false	false	44, 45, 57, 62, 63, 72, 34, 36, 39, 50, 55, 56, 61, 78, 79, 80, 81, 100, 101, 106, 107
cosocorr	49	true	false	false	44, 45, 34, 36, 39, 50, 55, 56, 57, 61, 62, 63, 72, 78, 79, 80, 81, 100, 101, 106, 107
cosocorr	50	true	false	false	44, 45, 57, 62, 63, 72, 81, 106, 34, 36, 39, 50, 55, 56, 61, 78, 79, 80, 100, 101, 107
cosocorr	51	true	false	false	44, 45, 57, 62, 63, 72, 81, 106, 34, 36, 39, 50, 55, 56, 61, 78, 79, 80, 100, 101, 107
cosocorr	52	true	false	false	44, 45, 57, 62, 63, 72, 106, 34, 36, 39, 50, 55, 56, 61, 78, 79, 80, 81, 100, 101, 107
cosocorr	53	true	false	false	44, 45, 57, 62, 63, 72, 106, 34, 36, 39, 50, 55, 56, 61, 78, 79, 80, 81, 100, 101, 107
cosocorr	54	true	false	false	44, 45, 57, 62, 63, 72, 34, 36, 39, 50, 55, 56, 61, 78, 79, 80, 81, 100, 101, 106, 107
cosocorr	55	true	false	false	44, 45, 57, 62, 63, 72, 106, 34, 36, 39, 50, 55, 56, 61, 78, 79, 80, 81, 100, 101, 107
cosocorr	56	true	false	false	44, 45, 57, 62, 63, 72, 81, 106, 107, 34, 36, 39, 50, 55, 56, 61, 78, 79, 80, 100, 101
cosocorr	57	true	false	false	44, 45, 57, 62, 63, 72, 106, 34, 36, 39, 50, 55, 56, 61, 78, 79, 80, 81, 100, 101, 107
cosocorr	58	false	false	true	44, 45, 57, 62, 63, 72
cosocorr	59	true	false	false	44, 45, 57, 62, 63, 72, 106, 34, 36, 39, 50, 55, 56, 61, 78, 79, 80, 81, 100, 101, 107
cosocorr	60	true	false	false	44, 45, 57, 62, 63, 72, 106, 34, 36, 39, 50, 55, 56, 61, 78, 79, 80, 81, 100, 101, 107
cosocorr	61	true	false	false	44, 45, 57, 62, 63, 72, 106, 107, 34, 36, 39, 50, 55, 56, 61, 78, 79, 80, 81, 100, 101
cosocorr	62	false	true	false	8, 44, 45, 57, 62, 63, 72, 106, 107
cosocorr	63	false	true	false	8, 25, 34, 39, 44, 45, 50, 55, 56, 57, 62, 63, 72, 80, 81, 82, 106, 107
cosocorr	64	false	true	false	44, 45, 55, 57, 62, 63, 72, 80, 106, 107
cosocorr	65	true	false	false	44, 45, 57, 62, 63, 72, 106, 107, 34, 36, 39, 50, 55, 56, 61, 78, 79, 80, 81, 100, 101
cosocorr	66	true	false	false	44, 45, 57, 62, 63, 72, 106, 107, 34, 36, 39, 50, 55, 56, 61, 78, 79, 80, 81, 100, 101
cosocorr	67	true	false	false	44, 45, 57, 62, 63, 72, 106, 34, 36, 39, 50, 55, 56, 61, 78, 79, 80, 81, 100, 101, 107
cosocorr	68	true	false	false	44, 45, 57, 62, 63, 72, 106, 107, 34, 36, 39, 50, 55, 56, 61, 78, 79, 80, 81, 100, 101
cosocorr	69	false	true	false	3, 5, 8, 9, 11, 14, 15, 16, 17, 18, 21, 22, 23, 39, 44, 45, 50, 55, 57, 62, 63, 72, 106, 107, 112
cosocorr	70	false	true	true	1, 2, 3, 4, 5, 6, 7, 8, 9, 10, 11, 12, 13, 14, 15, 16, 17, 18, 19, 20, 21, 22, 23, 24, 25, 26, 27, 28, 29, 30, 31, 32, 33, 34, 35, 36, 37, 38, 39, 40, 41, 42, 43, 44, 45, 46, 47, 48, 49, 50, 51, 52, 53, 54, 55, 56, 57, 58, 59, 60, 61, 62, 63, 64, 65, 66, 67, 68, 69, 70, 71, 72, 73, 74, 75, 76, 77, 78, 79, 80, 81, 82, 83, 84, 85, 86, 87, 88, 89, 90, 91, 92, 93, 94, 95, 96, 97, 98, 99, 100, 101, 102, 103, 104, 105, 106, 107, 108, 109, 110, 111, 112, 113, 114, 115, 116, 117, 118, 119, 120, 121, 122, 123, 124, 125, 126, 127, 128, 129
cosocorr	71	true	false	false	39, 44, 45, 50, 56, 57, 62, 63, 72, 106, 107, 34, 36, 55, 61, 78, 79, 80, 81, 100, 101
cosocorr	72	true	false	false	39, 44, 45, 50, 56, 57, 62, 63, 72, 106, 107, 34, 36, 55, 61, 78, 79, 80, 81, 100, 101
cosocorr	73	false	true	false	8, 14, 25, 39, 44, 45, 50, 55, 56, 57, 62, 63, 72, 79, 80, 81, 106, 107, 129
cosocorr	74	true	false	false	39, 44, 45, 50, 55, 56, 57, 62, 63, 72, 80, 81, 106, 107, 129, 34, 36, 61, 78, 79, 100, 101
cosocorr	75	true	false	false	39, 44, 45, 55, 56, 57, 62, 63, 72, 79, 80, 81, 106, 107, 129, 34, 36, 50, 61, 78, 100, 101
cosocorr	76	true	false	false	39, 44, 45, 50, 55, 56, 57, 62, 63, 72, 80, 81, 106, 107, 34, 36, 61, 78, 79, 100, 101
cosocorr	77	true	false	false	39, 44, 45, 55, 56, 57, 62, 63, 72, 79, 80, 81, 106, 107, 129, 34, 36, 50, 61, 78, 100, 101
cosocorr	78	true	false	false	39, 44, 45, 50, 55, 56, 57, 62, 63, 72, 78, 79, 80, 81, 88, 106, 107, 129, 34, 36, 61, 100, 101
cosocorr	79	true	false	false	44, 45, 56, 57, 62, 63, 72, 106, 107, 34, 36, 39, 50, 55, 61, 78, 79, 80, 81, 100, 101
cosocorr	80	true	false	false	39, 44, 45, 50, 55, 56, 57, 62, 63, 72, 78, 79, 80, 81, 106, 107, 129, 34, 36, 61, 100, 101
cosocorr	81	false	true	false	33, 39, 44, 45, 50, 55, 56, 57, 62, 63, 72, 78, 79, 80, 81, 101, 106, 107, 109, 113, 127, 129
cosocorr	82	true	false	false	36, 39, 44, 45, 50, 55, 56, 57, 62, 63, 72, 80, 81, 106, 107, 129, 34, 61, 78, 79, 100, 101
cosocorr	83	true	false	false	34, 39, 44, 45, 50, 55, 56, 57, 61, 62, 63, 72, 78, 79, 80, 81, 96, 106, 107, 129, 36, 100, 101
cosocorr	84	false	true	false	8, 9, 14, 21, 22, 25, 39, 44, 45, 50, 55, 56, 57, 62, 63, 72, 78, 79, 80, 81, 88, 106, 107, 129
cosocorr	85	true	false	false	39, 44, 45, 50, 55, 56, 57, 61, 62, 63, 72, 78, 79, 80, 81, 106, 107, 129, 34, 36, 100, 101
cosocorr	86	true	false	false	39, 44, 45, 50, 56, 57, 62, 63, 72, 81, 107, 34, 36, 55, 61, 78, 79, 80, 100, 101, 106
cosocorr	87	true	false	false	39, 44, 45, 50, 55, 56, 57, 62, 63, 72, 78, 79, 80, 81, 107, 129, 34, 36, 61, 100, 101, 106
cosocorr	88	true	false	false	39, 44, 45, 50, 56, 57, 62, 63, 72, 73, 80, 81, 107, 34, 36, 55, 61, 78, 79, 100, 101, 106
cosocorr	89	true	false	false	34, 36, 39, 44, 45, 50, 55, 56, 57, 61, 62, 63, 72, 78, 79, 80, 81, 107, 129, 100, 101, 106
cosocorr	90	true	false	false	33, 34, 39, 44, 45, 50, 55, 56, 57, 61, 62, 63, 72, 78, 79, 80, 81, 107, 129, 36, 100, 101, 106
cosocorr	91	true	false	false	34, 36, 39, 44, 45, 50, 55, 56, 57, 61, 62, 63, 72, 77, 78, 79, 80, 81, 107, 129, 100, 101, 106
cosocorr	92	true	false	false	34, 36, 39, 44, 45, 50, 55, 56, 57, 61, 62, 63, 72, 77, 78, 79, 80, 81, 107, 109, 129, 100, 101, 106
cosocorr	93	false	false	false	1, 2, 3, 4, 8, 9, 10, 11, 14, 15, 16, 17, 18, 19, 21, 22, 23, 24, 25, 26, 27, 32, 34, 36, 38, 39, 40, 43, 44, 45, 48, 49, 50, 51, 55, 56, 57, 60, 61, 62, 63, 72, 77, 78, 79, 80, 81, 93, 100, 101, 103, 105, 107, 110, 111, 113, 114, 115, 116, 117, 118, 119, 120, 121, 122, 123, 124, 125, 126, 127, 128, 129, 106
cosocorr	94	true	false	false	28, 34, 36, 39, 44, 45, 50, 55, 56, 57, 61, 62, 63, 72, 78, 79, 80, 81, 107, 109, 129, 100, 101, 106
cosocorr	95	false	false	false	1, 2, 3, 4, 8, 9, 10, 11, 12, 14, 15, 16, 17, 18, 19, 21, 22, 23, 24, 25, 26, 27, 32, 33, 34, 36, 38, 39, 40, 43, 44, 45, 46, 48, 50, 51, 55, 56, 57, 60, 61, 62, 63, 68, 72, 73, 74, 77, 78, 79, 80, 81, 82, 84, 87, 88, 89, 90, 93, 94, 95, 98, 100, 101, 102, 103, 104, 105, 107, 110, 111, 113, 114, 115, 116, 117, 118, 119, 120, 121, 122, 123, 124, 125, 126, 127, 128, 129, 106
cosocorr	96	true	false	false	34, 36, 39, 40, 44, 45, 46, 50, 51, 55, 56, 57, 60, 61, 62, 63, 68, 72, 77, 78, 79, 80, 81, 107, 129, 100, 101, 106
cosocorr	97	false	false	false	1, 2, 3, 4, 5, 6, 8, 9, 10, 11, 12, 14, 15, 16, 17, 18, 19, 20, 21, 22, 23, 24, 25, 26, 27, 30, 32, 33, 34, 35, 36, 37, 38, 39, 40, 43, 44, 45, 46, 47, 48, 49, 50, 51, 52, 55, 56, 57, 60, 61, 62, 63, 64, 65, 67, 68, 70, 71, 72, 73, 74, 75, 77, 78, 79, 80, 81, 82, 83, 84, 85, 86, 87, 88, 89, 90, 91, 93, 94, 95, 96, 98, 99, 100, 101, 102, 103, 104, 105, 107, 108, 109, 110, 111, 112, 113, 114, 115, 116, 117, 118, 119, 120, 121, 122, 123, 124, 125, 126, 127, 128, 129, 106
cosocorr	98	true	false	false	34, 36, 39, 44, 45, 50, 55, 56, 57, 61, 62, 63, 72, 77, 78, 79, 80, 81, 107, 129, 100, 101, 106
cosocorr	99	false	false	false	1, 2, 3, 4, 5, 6, 8, 9, 10, 11, 12, 13, 14, 15, 16, 17, 18, 19, 21, 22, 23, 24, 25, 26, 27, 32, 34, 36, 38, 39, 40, 43, 44, 45, 46, 48, 49, 50, 51, 52, 55, 56, 57, 60, 61, 62, 63, 68, 70, 72, 73, 74, 77, 78, 79, 80, 81, 83, 84, 85, 86, 87, 88, 89, 90, 93, 94, 95, 96, 98, 100, 101, 102, 103, 104, 105, 107, 109, 110, 111, 112, 113, 114, 115, 116, 117, 118, 119, 120, 121, 122, 123, 124, 125, 126, 127, 128, 129, 106
cosocorr	100	false	false	false	1, 2, 3, 4, 5, 8, 9, 10, 11, 12, 14, 15, 16, 17, 18, 19, 20, 21, 22, 23, 24, 25, 26, 27, 30, 32, 33, 34, 35, 36, 38, 39, 40, 41, 42, 43, 44, 45, 46, 47, 48, 49, 50, 51, 52, 55, 56, 57, 58, 60, 61, 62, 63, 64, 68, 70, 72, 73, 74, 75, 77, 78, 79, 80, 81, 82, 83, 84, 85, 86, 87, 89, 90, 91, 93, 94, 95, 96, 98, 100, 101, 102, 103, 104, 105, 107, 110, 111, 112, 113, 114, 115, 116, 117, 118, 119, 120, 121, 122, 123, 124, 125, 126, 127, 128, 129, 106
cosocorr	101	false	false	false	1, 2, 3, 4, 5, 6, 8, 9, 10, 11, 12, 13, 14, 15, 16, 17, 18, 19, 20, 21, 22, 23, 24, 25, 26, 27, 28, 30, 32, 33, 34, 35, 36, 37, 38, 39, 40, 41, 42, 43, 44, 45, 46, 47, 48, 49, 50, 51, 52, 55, 56, 57, 58, 60, 61, 62, 63, 64, 68, 70, 72, 73, 74, 75, 78, 79, 80, 81, 82, 83, 84, 85, 86, 87, 88, 89, 90, 91, 93, 94, 95, 96, 98, 99, 100, 101, 102, 103, 104, 105, 107, 108, 110, 111, 112, 113, 114, 115, 116, 117, 118, 119, 120, 121, 122, 123, 124, 125, 126, 127, 128, 129, 106
cosocorr	102	false	false	false	1, 2, 3, 4, 8, 9, 10, 11, 14, 15, 16, 17, 18, 19, 21, 22, 23, 24, 25, 26, 27, 28, 32, 34, 36, 38, 39, 40, 43, 44, 45, 46, 48, 50, 51, 52, 55, 56, 57, 60, 61, 62, 63, 64, 68, 72, 78, 79, 80, 81, 83, 87, 93, 94, 98, 99, 100, 101, 103, 104, 105, 107, 110, 111, 113, 114, 115, 116, 117, 118, 119, 120, 121, 122, 123, 124, 125, 126, 127, 128, 129, 106
cosocorr	103	false	false	false	1, 2, 3, 4, 5, 8, 9, 10, 11, 12, 14, 15, 16, 17, 18, 19, 21, 22, 23, 24, 25, 26, 27, 32, 34, 36, 37, 38, 39, 40, 41, 43, 44, 45, 46, 48, 49, 50, 51, 52, 55, 56, 57, 58, 60, 61, 62, 63, 64, 68, 70, 72, 73, 74, 75, 78, 79, 80, 81, 83, 84, 85, 86, 87, 88, 89, 90, 91, 93, 94, 95, 96, 98, 99, 100, 101, 102, 103, 104, 105, 107, 110, 111, 112, 113, 114, 115, 116, 117, 118, 119, 120, 121, 122, 123, 124, 125, 126, 127, 128, 129, 106
cosocorr	104	false	false	false	1, 2, 3, 4, 5, 6, 8, 9, 10, 11, 12, 13, 14, 15, 16, 17, 18, 19, 20, 21, 22, 23, 24, 25, 26, 27, 28, 30, 31, 32, 33, 34, 35, 36, 37, 38, 39, 40, 41, 42, 43, 44, 45, 46, 47, 48, 49, 50, 51, 52, 55, 56, 57, 58, 60, 61, 62, 63, 64, 67, 68, 70, 72, 73, 74, 75, 78, 79, 80, 81, 82, 83, 84, 85, 86, 87, 88, 89, 90, 91, 92, 93, 94, 95, 96, 98, 99, 100, 101, 102, 103, 104, 105, 107, 108, 110, 111, 112, 113, 114, 115, 116, 117, 118, 119, 120, 121, 122, 123, 124, 125, 126, 127, 128, 129, 106
cosocorr	105	false	false	false	1, 2, 3, 4, 8, 9, 10, 11, 12, 14, 15, 16, 17, 18, 19, 21, 22, 23, 24, 25, 26, 27, 32, 34, 35, 36, 38, 39, 40, 43, 44, 45, 46, 47, 48, 49, 50, 51, 52, 55, 56, 57, 60, 61, 62, 63, 64, 68, 70, 72, 73, 74, 75, 78, 79, 80, 81, 83, 84, 85, 86, 87, 88, 89, 90, 91, 93, 94, 95, 96, 98, 99, 100, 101, 102, 103, 104, 105, 107, 110, 111, 113, 114, 115, 116, 117, 118, 119, 120, 121, 122, 123, 124, 125, 126, 127, 128, 129, 106
cosocorr	106	false	false	false	1, 2, 3, 4, 5, 6, 7, 8, 9, 10, 11, 12, 13, 14, 15, 16, 17, 18, 19, 20, 21, 22, 23, 24, 25, 26, 27, 29, 30, 31, 32, 33, 34, 35, 36, 37, 38, 39, 40, 41, 42, 43, 44, 45, 46, 47, 48, 49, 50, 51, 52, 55, 56, 57, 58, 60, 61, 62, 63, 64, 65, 67, 68, 70, 72, 73, 74, 75, 78, 79, 80, 81, 82, 83, 84, 85, 86, 87, 88, 89, 90, 91, 93, 94, 95, 96, 98, 99, 100, 101, 102, 103, 104, 105, 107, 108, 110, 111, 112, 113, 114, 115, 116, 117, 118, 119, 120, 121, 122, 123, 124, 125, 126, 127, 128, 129, 106
cosocorr	107	false	false	false	1, 2, 3, 4, 8, 9, 10, 11, 12, 14, 15, 16, 17, 18, 19, 21, 22, 23, 24, 25, 26, 27, 32, 34, 36, 38, 39, 40, 43, 44, 45, 46, 48, 49, 50, 51, 52, 55, 56, 57, 58, 60, 61, 62, 63, 64, 68, 70, 72, 73, 74, 75, 78, 79, 80, 81, 83, 84, 85, 86, 87, 88, 89, 90, 91, 93, 94, 95, 96, 98, 99, 100, 101, 102, 103, 104, 105, 107, 110, 111, 113, 114, 115, 116, 117, 118, 119, 120, 121, 122, 123, 124, 125, 126, 127, 128, 129, 106
cosocorr	108	false	false	false	1, 2, 3, 4, 5, 8, 9, 10, 11, 12, 14, 15, 16, 17, 18, 19, 21, 22, 23, 24, 25, 26, 27, 28, 30, 32, 33, 34, 36, 37, 38, 39, 40, 41, 42, 43, 44, 45, 46, 47, 48, 49, 50, 51, 52, 55, 56, 57, 58, 60, 61, 62, 63, 64, 65, 68, 70, 72, 73, 74, 75, 78, 79, 80, 81, 83, 84, 85, 86, 87, 89, 90, 91, 93, 94, 95, 96, 98, 99, 100, 101, 102, 103, 104, 105, 107, 108, 110, 111, 112, 113, 114, 115, 116, 117, 118, 119, 120, 121, 122, 123, 124, 125, 126, 127, 128, 129, 106
cosocorr	109	false	false	false	1, 2, 3, 4, 5, 6, 8, 9, 10, 11, 12, 13, 14, 15, 16, 17, 18, 19, 20, 21, 22, 23, 24, 25, 26, 27, 28, 29, 30, 31, 32, 33, 34, 35, 36, 37, 38, 39, 40, 41, 42, 43, 44, 45, 46, 47, 48, 49, 50, 51, 52, 53, 55, 56, 57, 58, 60, 61, 62, 63, 64, 65, 67, 68, 70, 72, 73, 74, 75, 78, 79, 80, 81, 82, 83, 84, 85, 86, 87, 88, 89, 90, 91, 93, 94, 95, 96, 98, 99, 100, 101, 102, 103, 104, 105, 107, 108, 110, 111, 112, 113, 114, 115, 116, 117, 118, 119, 120, 121, 122, 123, 124, 125, 126, 127, 128, 129, 106
cosocorr	110	false	false	false	1, 2, 3, 4, 8, 9, 10, 11, 12, 14, 15, 16, 17, 18, 19, 21, 22, 23, 24, 25, 26, 27, 32, 34, 36, 38, 39, 40, 43, 44, 45, 46, 48, 50, 51, 52, 55, 56, 57, 60, 61, 62, 63, 64, 68, 69, 70, 72, 74, 75, 78, 79, 80, 81, 83, 84, 85, 86, 87, 89, 90, 93, 94, 95, 96, 98, 99, 100, 101, 102, 103, 104, 105, 107, 110, 111, 113, 114, 115, 116, 117, 118, 119, 120, 121, 122, 123, 124, 125, 126, 127, 128, 129, 106
cosocorr	111	false	false	false	1, 2, 3, 4, 5, 6, 8, 9, 10, 11, 12, 13, 14, 15, 16, 17, 18, 19, 20, 21, 22, 23, 24, 25, 26, 27, 28, 30, 31, 32, 33, 34, 35, 36, 37, 38, 39, 40, 41, 42, 43, 44, 45, 46, 47, 48, 49, 50, 51, 52, 53, 54, 55, 56, 57, 58, 60, 61, 62, 63, 64, 65, 68, 70, 72, 73, 74, 75, 78, 79, 80, 81, 83, 84, 85, 86, 87, 88, 89, 90, 91, 92, 93, 94, 95, 96, 97, 98, 99, 100, 101, 102, 103, 104, 105, 107, 110, 111, 112, 113, 114, 115, 116, 117, 118, 119, 120, 121, 122, 123, 124, 125, 126, 127, 128, 129, 106
cosocorr	112	false	false	false	1, 2, 3, 4, 8, 9, 10, 11, 12, 14, 15, 16, 17, 18, 19, 21, 22, 23, 24, 25, 26, 27, 28, 30, 31, 32, 33, 34, 35, 36, 37, 38, 39, 40, 43, 44, 45, 46, 48, 49, 50, 51, 52, 55, 56, 57, 58, 60, 61, 62, 63, 64, 65, 68, 70, 72, 73, 74, 75, 78, 79, 80, 81, 82, 83, 84, 85, 86, 87, 88, 89, 90, 91, 93, 94, 95, 96, 98, 99, 100, 101, 102, 103, 104, 105, 107, 108, 110, 111, 112, 113, 114, 115, 116, 117, 118, 119, 120, 121, 122, 123, 124, 125, 126, 127, 128, 129, 106
cosocorr	113	false	false	false	1, 2, 3, 4, 5, 6, 7, 8, 9, 10, 11, 12, 13, 14, 15, 16, 17, 18, 19, 20, 21, 22, 23, 24, 25, 26, 27, 28, 29, 30, 31, 32, 33, 34, 35, 36, 37, 38, 39, 40, 41, 42, 43, 44, 45, 46, 47, 48, 49, 50, 51, 52, 53, 55, 56, 57, 58, 60, 61, 62, 63, 64, 65, 67, 68, 70, 72, 73, 74, 75, 78, 79, 80, 81, 82, 83, 84, 85, 86, 87, 88, 89, 90, 91, 92, 93, 94, 95, 96, 97, 98, 99, 100, 101, 102, 103, 104, 105, 107, 108, 110, 111, 112, 113, 114, 115, 116, 117, 118, 119, 120, 121, 122, 123, 124, 125, 126, 127, 128, 129, 106
cosocorr	114	false	false	false	1, 2, 3, 4, 5, 6, 7, 8, 9, 10, 11, 12, 13, 14, 15, 16, 17, 18, 19, 20, 21, 22, 23, 24, 25, 26, 27, 28, 29, 30, 31, 32, 33, 34, 35, 36, 37, 38, 39, 40, 41, 42, 43, 44, 45, 46, 47, 48, 49, 50, 51, 52, 53, 54, 55, 56, 57, 58, 60, 61, 62, 63, 64, 65, 66, 67, 68, 69, 70, 71, 72, 73, 74, 75, 78, 79, 80, 81, 82, 83, 84, 85, 86, 87, 88, 89, 90, 91, 92, 93, 94, 95, 96, 97, 98, 99, 100, 101, 102, 103, 104, 105, 107, 108, 109, 110, 111, 112, 113, 114, 115, 116, 117, 118, 119, 120, 121, 122, 123, 124, 125, 126, 127, 128, 129, 106
cosocorr	115	false	false	false	1, 2, 3, 4, 5, 6, 7, 8, 9, 10, 11, 12, 13, 14, 15, 16, 17, 18, 19, 20, 21, 22, 23, 24, 25, 26, 27, 28, 29, 30, 31, 32, 33, 34, 35, 36, 37, 38, 39, 40, 41, 42, 43, 44, 45, 46, 47, 48, 49, 50, 51, 52, 53, 54, 55, 56, 57, 58, 60, 61, 62, 63, 64, 65, 66, 67, 68, 70, 71, 72, 73, 74, 75, 76, 78, 79, 80, 81, 82, 83, 84, 85, 86, 87, 88, 89, 90, 91, 92, 93, 94, 95, 96, 97, 98, 99, 100, 101, 102, 103, 104, 105, 106, 107, 108, 109, 110, 111, 112, 113, 114, 115, 116, 117, 118, 119, 120, 121, 122, 123, 124, 125, 126, 127, 128, 129
cosocorr	116	false	false	false	1, 2, 3, 4, 5, 6, 7, 8, 9, 10, 11, 12, 13, 14, 15, 16, 17, 18, 19, 20, 21, 22, 23, 24, 25, 26, 27, 28, 29, 30, 31, 32, 33, 34, 35, 36, 37, 38, 39, 40, 41, 42, 43, 44, 45, 46, 47, 48, 49, 50, 51, 52, 53, 54, 55, 56, 57, 58, 59, 60, 61, 62, 63, 64, 65, 67, 68, 70, 71, 72, 73, 74, 75, 78, 79, 80, 81, 82, 83, 84, 85, 86, 87, 88, 89, 90, 91, 92, 93, 94, 95, 96, 97, 98, 99, 100, 101, 102, 103, 104, 105, 106, 107, 108, 109, 110, 111, 112, 113, 114, 115, 116, 117, 118, 119, 120, 121, 122, 123, 124, 125, 126, 127, 128, 129
cosocorr	117	true	false	false	39, 44, 45, 50, 55, 56, 57, 60, 61, 62, 63, 64, 68, 72, 81, 92, 107, 109, 129, 34, 36, 78, 79, 80, 100, 101, 106
colacorr	1	true	false	false	62, 34, 36, 39, 44, 45, 50, 55, 56, 57, 61, 63, 72, 78, 79, 80, 81, 100, 101, 106, 107
colacorr	2	true	false	false	62, 72, 34, 36, 39, 44, 45, 50, 55, 56, 57, 61, 63, 78, 79, 80, 81, 100, 101, 106, 107
colacorr	3	true	false	false	62, 72, 34, 36, 39, 44, 45, 50, 55, 56, 57, 61, 63, 78, 79, 80, 81, 100, 101, 106, 107
colacorr	4	true	false	false	34, 36, 39, 44, 45, 50, 55, 56, 57, 61, 62, 63, 72, 78, 79, 80, 81, 100, 101, 106, 107
colacorr	5	true	false	false	34, 36, 39, 44, 45, 50, 55, 56, 57, 61, 62, 63, 72, 78, 79, 80, 81, 100, 101, 106, 107
colacorr	6	true	false	false	34, 36, 39, 44, 45, 50, 55, 56, 57, 61, 62, 63, 72, 78, 79, 80, 81, 100, 101, 106, 107
colacorr	7	true	false	false	34, 36, 39, 44, 45, 50, 55, 56, 57, 61, 62, 63, 72, 78, 79, 80, 81, 100, 101, 106, 107
colacorr	8	true	false	false	44, 45, 55, 62, 72, 73, 75, 78, 79, 80, 81, 82, 106, 34, 36, 39, 50, 56, 57, 61, 63, 100, 101, 107
colacorr	9	true	false	false	34, 36, 39, 44, 45, 50, 55, 56, 57, 61, 62, 63, 72, 78, 79, 80, 81, 100, 101, 106, 107
colacorr	10	true	false	false	44, 62, 72, 34, 36, 39, 45, 50, 55, 56, 57, 61, 63, 78, 79, 80, 81, 100, 101, 106, 107
colacorr	11	true	false	false	62, 72, 34, 36, 39, 44, 45, 50, 55, 56, 57, 61, 63, 78, 79, 80, 81, 100, 101, 106, 107
colacorr	12	true	false	false	62, 72, 34, 36, 39, 44, 45, 50, 55, 56, 57, 61, 63, 78, 79, 80, 81, 100, 101, 106, 107
colacorr	13	true	false	false	62, 72, 34, 36, 39, 44, 45, 50, 55, 56, 57, 61, 63, 78, 79, 80, 81, 100, 101, 106, 107
colacorr	14	true	false	false	45, 62, 72, 34, 36, 39, 44, 50, 55, 56, 57, 61, 63, 78, 79, 80, 81, 100, 101, 106, 107
colacorr	15	true	false	false	45, 34, 36, 39, 44, 50, 55, 56, 57, 61, 62, 63, 72, 78, 79, 80, 81, 100, 101, 106, 107
colacorr	16	true	false	false	45, 34, 36, 39, 44, 50, 55, 56, 57, 61, 62, 63, 72, 78, 79, 80, 81, 100, 101, 106, 107
colacorr	17	true	false	false	45, 62, 72, 34, 36, 39, 44, 50, 55, 56, 57, 61, 63, 78, 79, 80, 81, 100, 101, 106, 107
colacorr	18	true	false	false	45, 34, 36, 39, 44, 50, 55, 56, 57, 61, 62, 63, 72, 78, 79, 80, 81, 100, 101, 106, 107
colacorr	19	true	false	false	45, 62, 72, 34, 36, 39, 44, 50, 55, 56, 57, 61, 63, 78, 79, 80, 81, 100, 101, 106, 107
colacorr	20	true	false	false	45, 62, 72, 34, 36, 39, 44, 50, 55, 56, 57, 61, 63, 78, 79, 80, 81, 100, 101, 106, 107
colacorr	21	true	false	false	45, 62, 72, 34, 36, 39, 44, 50, 55, 56, 57, 61, 63, 78, 79, 80, 81, 100, 101, 106, 107
colacorr	22	true	false	false	34, 36, 39, 44, 45, 50, 55, 56, 57, 61, 62, 63, 72, 78, 79, 80, 81, 100, 101, 106, 107
colacorr	23	true	false	false	45, 62, 72, 34, 36, 39, 44, 50, 55, 56, 57, 61, 63, 78, 79, 80, 81, 100, 101, 106, 107
colacorr	24	true	false	false	45, 62, 72, 81, 34, 36, 39, 44, 50, 55, 56, 57, 61, 63, 78, 79, 80, 100, 101, 106, 107
colacorr	25	true	false	false	45, 62, 72, 34, 36, 39, 44, 50, 55, 56, 57, 61, 63, 78, 79, 80, 81, 100, 101, 106, 107
colacorr	26	true	false	false	45, 62, 72, 75, 81, 34, 36, 39, 44, 50, 55, 56, 57, 61, 63, 78, 79, 80, 100, 101, 106, 107
colacorr	27	true	false	false	45, 62, 72, 34, 36, 39, 44, 50, 55, 56, 57, 61, 63, 78, 79, 80, 81, 100, 101, 106, 107
colacorr	28	true	false	false	45, 62, 72, 34, 36, 39, 44, 50, 55, 56, 57, 61, 63, 78, 79, 80, 81, 100, 101, 106, 107
colacorr	29	true	false	false	45, 34, 36, 39, 44, 50, 55, 56, 57, 61, 62, 63, 72, 78, 79, 80, 81, 100, 101, 106, 107
colacorr	30	true	false	false	45, 62, 72, 34, 36, 39, 44, 50, 55, 56, 57, 61, 63, 78, 79, 80, 81, 100, 101, 106, 107
colacorr	31	true	false	false	45, 62, 72, 34, 36, 39, 44, 50, 55, 56, 57, 61, 63, 78, 79, 80, 81, 100, 101, 106, 107
colacorr	32	true	false	false	45, 62, 72, 34, 36, 39, 44, 50, 55, 56, 57, 61, 63, 78, 79, 80, 81, 100, 101, 106, 107
colacorr	33	true	false	false	45, 62, 72, 34, 36, 39, 44, 50, 55, 56, 57, 61, 63, 78, 79, 80, 81, 100, 101, 106, 107
colacorr	34	true	false	false	45, 62, 72, 81, 34, 36, 39, 44, 50, 55, 56, 57, 61, 63, 78, 79, 80, 100, 101, 106, 107
colacorr	35	true	false	false	45, 62, 72, 34, 36, 39, 44, 50, 55, 56, 57, 61, 63, 78, 79, 80, 81, 100, 101, 106, 107
colacorr	36	true	false	false	45, 62, 72, 34, 36, 39, 44, 50, 55, 56, 57, 61, 63, 78, 79, 80, 81, 100, 101, 106, 107
colacorr	37	true	false	false	45, 62, 72, 34, 36, 39, 44, 50, 55, 56, 57, 61, 63, 78, 79, 80, 81, 100, 101, 106, 107
colacorr	38	true	false	false	45, 62, 72, 34, 36, 39, 44, 50, 55, 56, 57, 61, 63, 78, 79, 80, 81, 100, 101, 106, 107
colacorr	39	true	false	false	45, 62, 72, 34, 36, 39, 44, 50, 55, 56, 57, 61, 63, 78, 79, 80, 81, 100, 101, 106, 107
colacorr	40	false	true	false	14, 25, 44, 45, 62, 72
colacorr	41	true	false	false	45, 62, 72, 34, 36, 39, 44, 50, 55, 56, 57, 61, 63, 78, 79, 80, 81, 100, 101, 106, 107
colacorr	42	true	false	false	45, 62, 72, 34, 36, 39, 44, 50, 55, 56, 57, 61, 63, 78, 79, 80, 81, 100, 101, 106, 107
colacorr	43	true	false	false	45, 57, 62, 72, 34, 36, 39, 44, 50, 55, 56, 61, 63, 78, 79, 80, 81, 100, 101, 106, 107
colacorr	44	true	false	false	33, 44, 45, 34, 36, 39, 50, 55, 56, 57, 61, 62, 63, 72, 78, 79, 80, 81, 100, 101, 106, 107
colacorr	45	true	false	false	45, 57, 62, 72, 34, 36, 39, 44, 50, 55, 56, 61, 63, 78, 79, 80, 81, 100, 101, 106, 107
colacorr	46	true	false	false	45, 57, 62, 72, 81, 34, 36, 39, 44, 50, 55, 56, 61, 63, 78, 79, 80, 100, 101, 106, 107
colacorr	47	true	false	false	44, 45, 57, 62, 63, 72, 34, 36, 39, 50, 55, 56, 61, 78, 79, 80, 81, 100, 101, 106, 107
colacorr	48	false	true	false	8, 25, 44, 45, 57, 62, 63, 72
colacorr	49	true	false	false	44, 45, 57, 62, 63, 72, 81, 106, 34, 36, 39, 50, 55, 56, 61, 78, 79, 80, 100, 101, 107
colacorr	50	true	false	false	44, 45, 57, 62, 63, 72, 81, 106, 34, 36, 39, 50, 55, 56, 61, 78, 79, 80, 100, 101, 107
colacorr	51	true	false	false	44, 45, 57, 62, 63, 72, 34, 36, 39, 50, 55, 56, 61, 78, 79, 80, 81, 100, 101, 106, 107
colacorr	52	true	false	false	44, 45, 57, 62, 72, 34, 36, 39, 50, 55, 56, 61, 63, 78, 79, 80, 81, 100, 101, 106, 107
colacorr	53	true	false	false	44, 45, 57, 62, 63, 72, 106, 34, 36, 39, 50, 55, 56, 61, 78, 79, 80, 81, 100, 101, 107
colacorr	54	true	false	false	44, 45, 57, 62, 63, 72, 34, 36, 39, 50, 55, 56, 61, 78, 79, 80, 81, 100, 101, 106, 107
colacorr	55	true	false	false	44, 45, 57, 62, 63, 72, 34, 36, 39, 50, 55, 56, 61, 78, 79, 80, 81, 100, 101, 106, 107
colacorr	56	true	false	false	44, 45, 57, 62, 63, 72, 106, 34, 36, 39, 50, 55, 56, 61, 78, 79, 80, 81, 100, 101, 107
colacorr	57	false	true	false	1, 2, 8, 9, 14, 17, 21, 25, 26, 32, 33, 44, 45, 57, 62, 63, 72, 103, 122, 125, 126, 127, 128
colacorr	58	true	false	false	44, 45, 57, 62, 63, 72, 34, 36, 39, 50, 55, 56, 61, 78, 79, 80, 81, 100, 101, 106, 107
colacorr	59	true	false	false	44, 45, 62, 34, 36, 39, 50, 55, 56, 57, 61, 63, 72, 78, 79, 80, 81, 100, 101, 106, 107
colacorr	60	true	false	false	44, 45, 57, 62, 63, 72, 81, 106, 34, 36, 39, 50, 55, 56, 61, 78, 79, 80, 100, 101, 107
colacorr	61	false	true	false	8, 9, 14, 21, 25, 44, 45, 55, 57, 62, 63, 72, 80, 81, 106, 107
colacorr	62	true	false	false	44, 45, 57, 62, 63, 72, 88, 106, 107, 34, 36, 39, 50, 55, 56, 61, 78, 79, 80, 81, 100, 101
colacorr	63	true	false	false	44, 45, 50, 55, 56, 57, 62, 63, 72, 81, 88, 100, 101, 106, 107, 34, 36, 39, 61, 78, 79, 80
colacorr	64	false	true	false	14, 17, 44, 45, 57, 62, 63, 72, 107
colacorr	65	true	false	false	44, 45, 57, 62, 63, 72, 106, 107, 34, 36, 39, 50, 55, 56, 61, 78, 79, 80, 81, 100, 101
colacorr	66	false	true	false	8, 9, 14, 21, 22, 25, 44, 45, 57
colacorr	67	true	false	false	44, 45, 57, 62, 63, 72, 106, 107, 34, 36, 39, 50, 55, 56, 61, 78, 79, 80, 81, 100, 101
colacorr	68	true	false	false	44, 45, 57, 34, 36, 39, 50, 55, 56, 61, 62, 63, 72, 78, 79, 80, 81, 100, 101, 106, 107
colacorr	69	false	true	false	44, 45, 57, 62, 63, 72, 106, 107
colacorr	70	true	false	false	44, 45, 50, 56, 57, 62, 63, 72, 88, 100, 101, 106, 107, 34, 36, 39, 55, 61, 78, 79, 80, 81
colacorr	71	true	false	false	28, 39, 44, 45, 50, 55, 56, 57, 62, 63, 72, 106, 107, 129, 34, 36, 61, 78, 79, 80, 81, 100, 101
colacorr	72	true	false	false	39, 44, 45, 50, 56, 57, 62, 63, 72, 106, 107, 34, 36, 55, 61, 78, 79, 80, 81, 100, 101
colacorr	73	true	false	false	39, 44, 45, 50, 55, 56, 57, 62, 63, 72, 81, 106, 107, 34, 36, 61, 78, 79, 80, 100, 101
colacorr	74	true	false	false	39, 44, 45, 50, 55, 56, 57, 62, 63, 72, 79, 80, 81, 106, 107, 129, 34, 36, 61, 78, 100, 101
colacorr	75	true	false	false	39, 44, 45, 50, 55, 56, 57, 62, 63, 72, 79, 80, 81, 106, 107, 129, 34, 36, 61, 78, 100, 101
colacorr	76	true	false	false	44, 45, 57, 62, 63, 72, 107, 34, 36, 39, 50, 55, 56, 61, 78, 79, 80, 81, 100, 101, 106
colacorr	77	true	false	false	39, 44, 45, 50, 56, 57, 62, 63, 72, 81, 88, 106, 107, 34, 36, 55, 61, 78, 79, 80, 100, 101
colacorr	78	true	false	false	39, 44, 45, 50, 55, 56, 57, 62, 63, 72, 78, 79, 80, 81, 88, 106, 107, 129, 34, 36, 61, 100, 101
colacorr	79	true	false	false	39, 44, 45, 50, 55, 56, 57, 62, 63, 72, 78, 79, 80, 81, 106, 107, 129, 34, 36, 61, 100, 101
colacorr	80	true	false	false	39, 44, 45, 50, 55, 56, 57, 62, 63, 72, 78, 79, 80, 81, 106, 107, 109, 129, 34, 36, 61, 100, 101
colacorr	81	true	false	false	39, 44, 45, 50, 55, 56, 57, 62, 63, 72, 78, 79, 80, 81, 106, 107, 129, 34, 36, 61, 100, 101
colacorr	82	true	false	false	39, 44, 45, 50, 56, 57, 62, 63, 72, 80, 81, 106, 107, 34, 36, 55, 61, 78, 79, 100, 101
colacorr	83	true	false	false	39, 44, 45, 50, 55, 56, 57, 62, 63, 72, 78, 79, 80, 81, 106, 107, 109, 129, 34, 36, 61, 100, 101
colacorr	84	false	true	false	8, 9, 14, 15, 21, 22, 25, 33, 39, 44, 45, 50, 55, 56, 57, 61, 62, 63, 72, 78, 79, 80, 81, 106, 107, 126, 129
colacorr	85	false	true	false	21, 34, 36, 39, 44, 45, 50, 55, 56, 57, 61, 62, 63, 72, 78, 79, 80, 81, 88, 106, 107, 109, 126, 129
colacorr	86	true	false	false	17, 36, 39, 44, 45, 50, 55, 56, 57, 62, 63, 72, 78, 79, 80, 81, 107, 109, 129, 34, 61, 100, 101, 106
colacorr	87	false	true	false	15, 28, 34, 36, 39, 44, 45, 50, 55, 56, 57, 61, 62, 63, 72, 77, 78, 79, 80, 81, 88, 100, 101, 106, 107, 126, 127, 129
colacorr	88	true	false	false	34, 39, 44, 45, 50, 55, 56, 57, 61, 62, 63, 72, 78, 79, 80, 81, 107, 129, 36, 100, 101, 106
colacorr	89	true	false	false	34, 36, 39, 44, 45, 50, 55, 56, 57, 61, 62, 63, 72, 78, 79, 80, 81, 88, 107, 129, 100, 101, 106
colacorr	90	true	false	false	28, 34, 36, 39, 43, 44, 45, 48, 50, 55, 56, 57, 61, 62, 63, 72, 77, 78, 79, 80, 81, 100, 101, 107, 113, 129, 106
colacorr	91	true	false	false	34, 36, 39, 44, 45, 50, 55, 56, 57, 61, 62, 63, 72, 78, 79, 80, 81, 100, 101, 107, 129, 106
colacorr	92	true	false	false	34, 36, 39, 44, 45, 50, 55, 56, 57, 61, 62, 63, 72, 77, 78, 79, 80, 81, 107, 129, 100, 101, 106
colacorr	93	true	false	false	34, 36, 39, 44, 45, 50, 55, 56, 57, 61, 62, 63, 72, 77, 78, 79, 80, 81, 100, 101, 107, 129, 106
colacorr	94	false	false	false	2, 3, 8, 9, 10, 14, 15, 16, 17, 18, 21, 22, 25, 26, 27, 28, 32, 33, 34, 36, 38, 39, 43, 44, 45, 46, 48, 50, 51, 55, 56, 57, 60, 61, 62, 63, 65, 68, 72, 73, 77, 78, 79, 80, 81, 88, 100, 101, 107, 115, 119, 127, 128, 129, 106
colacorr	95	true	false	false	3, 10, 34, 36, 39, 40, 44, 45, 46, 50, 51, 55, 56, 57, 60, 61, 62, 63, 72, 77, 78, 79, 80, 81, 93, 107, 123, 129, 100, 101, 106
colacorr	96	false	false	false	1, 2, 3, 4, 8, 9, 10, 11, 12, 14, 15, 16, 17, 18, 19, 21, 22, 23, 24, 25, 26, 27, 28, 32, 34, 36, 38, 39, 40, 43, 44, 45, 46, 48, 49, 50, 51, 55, 56, 57, 60, 61, 62, 63, 68, 70, 72, 73, 74, 77, 78, 79, 80, 81, 83, 84, 87, 89, 90, 93, 94, 95, 98, 100, 101, 102, 103, 104, 105, 107, 110, 111, 113, 114, 115, 116, 117, 118, 119, 120, 121, 122, 123, 124, 125, 126, 127, 128, 129, 106
colacorr	97	true	false	false	28, 39, 45, 50, 55, 56, 62, 63, 72, 81, 107, 34, 36, 44, 57, 61, 78, 79, 80, 100, 101, 106
colacorr	98	true	false	false	45, 50, 63, 107, 109, 34, 36, 39, 44, 55, 56, 57, 61, 62, 72, 78, 79, 80, 81, 100, 101, 106
colacorr	99	true	false	false	34, 36, 39, 40, 44, 45, 46, 50, 51, 55, 56, 57, 60, 61, 62, 63, 68, 72, 77, 78, 79, 80, 81, 100, 101, 107, 129, 106
colacorr	100	false	false	false	1, 2, 3, 4, 5, 8, 9, 10, 11, 12, 14, 15, 16, 17, 18, 19, 20, 21, 22, 23, 24, 25, 26, 27, 28, 32, 33, 34, 36, 38, 39, 40, 42, 43, 44, 45, 46, 47, 48, 49, 50, 51, 52, 55, 56, 57, 60, 61, 62, 63, 67, 68, 70, 72, 73, 74, 75, 77, 78, 79, 80, 81, 82, 83, 84, 85, 86, 87, 88, 89, 90, 91, 92, 93, 94, 95, 96, 98, 99, 100, 101, 102, 103, 104, 105, 107, 108, 110, 111, 112, 113, 114, 115, 116, 117, 118, 119, 120, 121, 122, 123, 124, 125, 126, 127, 128, 129, 106
colacorr	101	true	false	false	34, 36, 39, 44, 45, 50, 55, 56, 57, 61, 62, 63, 68, 72, 80, 81, 107, 129, 78, 79, 100, 101, 106
colacorr	102	false	false	false	1, 2, 3, 4, 8, 9, 10, 11, 12, 14, 15, 16, 17, 18, 19, 21, 22, 23, 24, 25, 26, 27, 32, 34, 36, 38, 39, 40, 43, 44, 45, 46, 48, 50, 51, 55, 56, 57, 60, 61, 62, 63, 68, 72, 74, 77, 78, 79, 80, 81, 84, 87, 90, 93, 94, 98, 100, 101, 103, 104, 105, 107, 110, 111, 112, 113, 114, 116, 117, 118, 119, 120, 121, 122, 123, 124, 125, 126, 127, 128, 129, 106
colacorr	103	false	false	false	1, 2, 3, 4, 8, 9, 10, 11, 12, 14, 15, 16, 17, 18, 19, 21, 22, 23, 24, 25, 26, 27, 32, 34, 36, 38, 39, 40, 43, 44, 45, 46, 48, 49, 50, 51, 55, 56, 57, 60, 61, 62, 63, 68, 70, 72, 73, 74, 77, 78, 79, 80, 81, 83, 84, 85, 86, 87, 90, 93, 94, 95, 98, 99, 100, 101, 102, 103, 104, 105, 107, 110, 111, 113, 114, 116, 117, 118, 119, 120, 121, 122, 123, 124, 125, 126, 127, 128, 129, 106
colacorr	104	false	false	false	1, 2, 3, 4, 5, 8, 9, 10, 11, 12, 14, 15, 16, 17, 18, 19, 20, 21, 22, 23, 24, 25, 26, 27, 30, 32, 34, 35, 36, 38, 39, 40, 42, 43, 44, 45, 46, 47, 48, 49, 50, 51, 52, 55, 56, 57, 58, 60, 61, 62, 63, 64, 68, 70, 72, 73, 74, 75, 77, 78, 79, 80, 81, 83, 84, 85, 86, 87, 88, 89, 90, 91, 93, 94, 95, 98, 99, 100, 101, 102, 103, 104, 105, 107, 110, 111, 112, 113, 114, 115, 116, 117, 118, 119, 120, 121, 122, 123, 124, 125, 126, 127, 128, 129, 106
colacorr	105	false	false	false	1, 2, 3, 4, 5, 8, 9, 10, 11, 12, 14, 15, 16, 17, 18, 19, 21, 22, 23, 24, 25, 26, 27, 32, 34, 36, 38, 39, 40, 43, 44, 45, 47, 48, 50, 51, 55, 56, 57, 60, 61, 62, 63, 67, 68, 70, 72, 73, 74, 75, 77, 78, 79, 80, 81, 83, 84, 85, 86, 87, 88, 89, 90, 91, 93, 94, 95, 98, 100, 101, 102, 103, 104, 105, 107, 110, 111, 112, 113, 114, 115, 116, 117, 118, 119, 120, 121, 122, 123, 124, 125, 126, 127, 128, 129, 106
colacorr	106	false	false	false	1, 2, 3, 4, 5, 6, 8, 9, 10, 11, 12, 13, 14, 15, 16, 17, 18, 19, 20, 21, 22, 23, 24, 25, 26, 27, 30, 32, 33, 34, 35, 36, 37, 38, 39, 40, 41, 42, 43, 44, 45, 46, 47, 48, 49, 50, 51, 52, 55, 56, 57, 58, 60, 61, 62, 63, 64, 65, 67, 68, 70, 72, 73, 74, 75, 78, 79, 80, 81, 82, 83, 84, 85, 86, 87, 88, 89, 90, 91, 93, 94, 95, 96, 98, 99, 100, 101, 102, 103, 104, 105, 107, 108, 110, 111, 112, 113, 114, 115, 116, 117, 118, 119, 120, 121, 122, 123, 124, 125, 126, 127, 128, 129, 106
colacorr	107	true	false	false	34, 36, 39, 40, 44, 45, 50, 51, 55, 56, 57, 60, 61, 62, 63, 68, 72, 81, 107, 129, 78, 79, 80, 100, 101, 106
colacorr	108	false	false	false	1, 2, 3, 4, 5, 6, 8, 9, 10, 11, 12, 14, 15, 16, 17, 18, 19, 20, 21, 22, 23, 24, 25, 26, 27, 30, 32, 33, 34, 35, 36, 37, 38, 39, 40, 41, 42, 43, 44, 45, 46, 47, 48, 49, 50, 51, 52, 55, 56, 57, 58, 60, 61, 62, 63, 64, 67, 68, 70, 72, 73, 74, 75, 78, 79, 80, 81, 82, 83, 84, 85, 86, 87, 88, 89, 90, 91, 92, 93, 94, 95, 96, 98, 99, 100, 101, 102, 103, 104, 105, 107, 108, 110, 111, 112, 113, 114, 115, 116, 117, 118, 119, 120, 121, 122, 123, 124, 125, 126, 127, 128, 129, 106
colacorr	109	false	false	false	1, 2, 3, 4, 8, 9, 11, 12, 14, 15, 16, 17, 18, 19, 21, 22, 23, 24, 25, 26, 27, 28, 32, 34, 36, 38, 39, 40, 43, 44, 45, 46, 48, 50, 51, 52, 55, 56, 57, 58, 60, 61, 62, 63, 64, 68, 70, 72, 73, 74, 75, 78, 79, 80, 81, 83, 84, 85, 86, 87, 88, 89, 90, 91, 93, 94, 95, 96, 98, 99, 100, 101, 102, 103, 104, 105, 107, 110, 111, 113, 114, 115, 116, 117, 118, 119, 120, 121, 122, 123, 124, 125, 126, 127, 128, 129, 106
colacorr	110	false	false	false	1, 2, 3, 4, 8, 9, 10, 11, 12, 14, 15, 16, 17, 18, 19, 21, 22, 23, 24, 25, 26, 27, 28, 32, 34, 36, 38, 39, 40, 43, 44, 45, 46, 48, 49, 50, 51, 52, 55, 56, 57, 58, 60, 61, 62, 63, 64, 68, 70, 72, 73, 74, 75, 78, 79, 80, 81, 83, 84, 88, 89, 90, 93, 94, 95, 96, 99, 100, 101, 102, 103, 104, 105, 107, 110, 111, 113, 114, 115, 116, 117, 118, 119, 120, 121, 122, 123, 124, 125, 126, 127, 128, 129, 106
colacorr	111	false	false	false	1, 2, 3, 8, 9, 10, 11, 14, 15, 16, 17, 18, 21, 22, 23, 25, 26, 32, 34, 36, 39, 40, 43, 44, 45, 48, 50, 51, 55, 56, 57, 60, 61, 62, 63, 68, 72, 78, 79, 80, 81, 99, 107, 109, 113, 114, 116, 119, 120, 121, 125, 127, 128, 129, 100, 101, 106
colacorr	112	true	false	false	36, 39, 44, 45, 50, 55, 56, 57, 61, 62, 63, 72, 81, 107, 129, 34, 78, 79, 80, 100, 101, 106
colacorr	113	false	false	false	1, 2, 3, 4, 5, 6, 8, 9, 10, 11, 12, 13, 14, 15, 16, 17, 18, 19, 20, 21, 22, 23, 24, 25, 26, 27, 30, 32, 33, 34, 35, 36, 37, 38, 39, 40, 41, 42, 43, 44, 45, 46, 47, 48, 49, 50, 51, 52, 55, 56, 57, 58, 60, 61, 62, 63, 64, 65, 67, 68, 70, 72, 73, 74, 75, 78, 79, 80, 81, 82, 83, 84, 85, 86, 87, 88, 89, 90, 91, 93, 94, 95, 96, 98, 99, 100, 101, 102, 103, 104, 105, 107, 108, 110, 111, 112, 113, 114, 115, 116, 117, 118, 119, 120, 121, 122, 123, 124, 125, 126, 127, 128, 129, 106
colacorr	114	true	false	false	34, 36, 39, 40, 44, 45, 50, 51, 55, 56, 57, 60, 61, 62, 63, 64, 68, 72, 80, 81, 99, 100, 101, 107, 129, 78, 79, 106
colacorr	115	false	false	false	1, 2, 3, 4, 8, 9, 10, 11, 12, 14, 15, 16, 17, 18, 19, 21, 22, 23, 24, 25, 26, 27, 28, 30, 31, 32, 33, 34, 35, 36, 37, 38, 39, 40, 41, 43, 44, 45, 46, 47, 48, 49, 50, 51, 52, 55, 56, 57, 58, 60, 61, 62, 63, 64, 65, 68, 70, 72, 73, 74, 75, 78, 79, 80, 81, 82, 83, 84, 85, 86, 87, 88, 89, 90, 91, 93, 94, 95, 96, 98, 99, 100, 101, 102, 103, 104, 105, 107, 109, 110, 111, 112, 113, 114, 115, 116, 117, 118, 119, 120, 121, 122, 123, 124, 125, 126, 127, 128, 129, 106
colacorr	116	false	false	false	1, 2, 3, 4, 5, 6, 7, 8, 9, 10, 11, 12, 13, 14, 15, 16, 17, 18, 19, 20, 21, 22, 23, 24, 25, 26, 27, 28, 29, 30, 31, 32, 33, 34, 35, 36, 37, 38, 39, 40, 41, 42, 43, 44, 45, 46, 47, 48, 49, 50, 51, 52, 55, 56, 57, 58, 60, 61, 62, 63, 64, 65, 67, 68, 70, 72, 73, 74, 75, 78, 79, 80, 81, 82, 83, 84, 85, 86, 87, 88, 89, 90, 91, 92, 93, 94, 95, 96, 97, 98, 99, 100, 101, 102, 103, 104, 105, 107, 108, 110, 111, 112, 113, 114, 115, 116, 117, 118, 119, 120, 121, 122, 123, 124, 125, 126, 127, 128, 129, 106
colacorr	117	false	false	false	1, 2, 3, 4, 5, 6, 8, 9, 10, 11, 12, 13, 14, 15, 16, 17, 18, 19, 20, 21, 22, 23, 24, 25, 26, 27, 28, 29, 30, 31, 32, 33, 34, 35, 36, 37, 38, 39, 40, 41, 42, 43, 44, 45, 46, 47, 48, 49, 50, 51, 52, 55, 56, 57, 58, 60, 61, 62, 63, 64, 65, 67, 68, 70, 72, 73, 74, 75, 78, 79, 80, 81, 82, 83, 84, 85, 86, 87, 88, 89, 90, 91, 92, 93, 94, 95, 96, 97, 98, 99, 100, 101, 102, 103, 104, 105, 107, 108, 110, 111, 112, 113, 114, 115, 116, 117, 118, 119, 120, 121, 122, 123, 124, 125, 126, 127, 128, 129, 106
colacorr	118	false	false	false	1, 2, 3, 4, 5, 6, 7, 8, 9, 10, 11, 12, 13, 14, 15, 16, 17, 18, 19, 20, 21, 22, 23, 24, 25, 26, 27, 28, 29, 30, 31, 32, 33, 34, 35, 36, 37, 38, 39, 40, 41, 42, 43, 44, 45, 46, 47, 48, 49, 50, 51, 52, 53, 54, 55, 56, 57, 58, 59, 60, 61, 62, 63, 64, 65, 66, 67, 68, 69, 70, 71, 72, 73, 74, 75, 78, 79, 80, 81, 82, 83, 84, 85, 86, 87, 88, 89, 90, 91, 92, 93, 94, 95, 96, 97, 98, 99, 100, 101, 102, 103, 104, 105, 106, 107, 108, 109, 110, 111, 112, 113, 114, 115, 116, 117, 118, 119, 120, 121, 122, 123, 124, 125, 126, 127, 128, 129
inlacorr	1	true	false	false	62, 72, 34, 36, 39, 44, 45, 50, 55, 56, 57, 61, 63, 78, 79, 80, 81, 100, 101, 106, 107
inlacorr	2	true	false	false	34, 36, 39, 44, 45, 50, 55, 56, 57, 61, 62, 63, 72, 78, 79, 80, 81, 100, 101, 106, 107
inlacorr	3	true	false	false	34, 36, 39, 44, 45, 50, 55, 56, 57, 61, 62, 63, 72, 78, 79, 80, 81, 100, 101, 106, 107
inlacorr	4	true	false	false	34, 36, 39, 44, 45, 50, 55, 56, 57, 61, 62, 63, 72, 78, 79, 80, 81, 100, 101, 106, 107
inlacorr	5	true	false	false	62, 72, 34, 36, 39, 44, 45, 50, 55, 56, 57, 61, 63, 78, 79, 80, 81, 100, 101, 106, 107
inlacorr	6	true	false	false	62, 72, 34, 36, 39, 44, 45, 50, 55, 56, 57, 61, 63, 78, 79, 80, 81, 100, 101, 106, 107
inlacorr	7	true	false	false	45, 46, 62, 72, 34, 36, 39, 44, 50, 55, 56, 57, 61, 63, 78, 79, 80, 81, 100, 101, 106, 107
inlacorr	8	true	false	false	62, 72, 34, 36, 39, 44, 45, 50, 55, 56, 57, 61, 63, 78, 79, 80, 81, 100, 101, 106, 107
inlacorr	9	true	false	false	62, 72, 34, 36, 39, 44, 45, 50, 55, 56, 57, 61, 63, 78, 79, 80, 81, 100, 101, 106, 107
inlacorr	10	true	false	false	34, 36, 39, 44, 45, 50, 55, 56, 57, 61, 62, 63, 72, 78, 79, 80, 81, 100, 101, 106, 107
inlacorr	11	true	false	false	44, 34, 36, 39, 45, 50, 55, 56, 57, 61, 62, 63, 72, 78, 79, 80, 81, 100, 101, 106, 107
inlacorr	12	true	false	false	45, 34, 36, 39, 44, 50, 55, 56, 57, 61, 62, 63, 72, 78, 79, 80, 81, 100, 101, 106, 107
inlacorr	13	true	false	false	45, 62, 72, 34, 36, 39, 44, 50, 55, 56, 57, 61, 63, 78, 79, 80, 81, 100, 101, 106, 107
inlacorr	14	true	false	false	45, 62, 72, 34, 36, 39, 44, 50, 55, 56, 57, 61, 63, 78, 79, 80, 81, 100, 101, 106, 107
inlacorr	15	true	false	false	45, 62, 72, 34, 36, 39, 44, 50, 55, 56, 57, 61, 63, 78, 79, 80, 81, 100, 101, 106, 107
inlacorr	16	true	false	false	45, 62, 72, 34, 36, 39, 44, 50, 55, 56, 57, 61, 63, 78, 79, 80, 81, 100, 101, 106, 107
inlacorr	17	true	false	false	45, 62, 72, 34, 36, 39, 44, 50, 55, 56, 57, 61, 63, 78, 79, 80, 81, 100, 101, 106, 107
inlacorr	18	true	false	false	34, 36, 39, 44, 45, 50, 55, 56, 57, 61, 62, 63, 72, 78, 79, 80, 81, 100, 101, 106, 107
inlacorr	19	true	false	false	45, 62, 72, 34, 36, 39, 44, 50, 55, 56, 57, 61, 63, 78, 79, 80, 81, 100, 101, 106, 107
inlacorr	20	true	false	false	45, 34, 36, 39, 44, 50, 55, 56, 57, 61, 62, 63, 72, 78, 79, 80, 81, 100, 101, 106, 107
inlacorr	21	true	false	false	45, 62, 72, 34, 36, 39, 44, 50, 55, 56, 57, 61, 63, 78, 79, 80, 81, 100, 101, 106, 107
inlacorr	22	true	false	false	45, 62, 72, 34, 36, 39, 44, 50, 55, 56, 57, 61, 63, 78, 79, 80, 81, 100, 101, 106, 107
inlacorr	23	true	false	false	45, 62, 72, 34, 36, 39, 44, 50, 55, 56, 57, 61, 63, 78, 79, 80, 81, 100, 101, 106, 107
inlacorr	24	false	true	false	45, 62, 72
inlacorr	25	true	false	false	45, 62, 72, 34, 36, 39, 44, 50, 55, 56, 57, 61, 63, 78, 79, 80, 81, 100, 101, 106, 107
inlacorr	26	true	false	false	45, 34, 36, 39, 44, 50, 55, 56, 57, 61, 62, 63, 72, 78, 79, 80, 81, 100, 101, 106, 107
inlacorr	27	true	false	false	45, 62, 72, 34, 36, 39, 44, 50, 55, 56, 57, 61, 63, 78, 79, 80, 81, 100, 101, 106, 107
inlacorr	28	true	false	false	45, 62, 72, 34, 36, 39, 44, 50, 55, 56, 57, 61, 63, 78, 79, 80, 81, 100, 101, 106, 107
inlacorr	29	true	false	false	45, 62, 72, 34, 36, 39, 44, 50, 55, 56, 57, 61, 63, 78, 79, 80, 81, 100, 101, 106, 107
inlacorr	30	true	false	false	45, 62, 72, 34, 36, 39, 44, 50, 55, 56, 57, 61, 63, 78, 79, 80, 81, 100, 101, 106, 107
inlacorr	31	true	false	false	45, 62, 72, 34, 36, 39, 44, 50, 55, 56, 57, 61, 63, 78, 79, 80, 81, 100, 101, 106, 107
inlacorr	32	false	true	true	45, 62, 72, 126, 127
inlacorr	33	true	false	false	45, 57, 62, 72, 34, 36, 39, 44, 50, 55, 56, 61, 63, 78, 79, 80, 81, 100, 101, 106, 107
inlacorr	34	true	false	false	45, 62, 72, 34, 36, 39, 44, 50, 55, 56, 57, 61, 63, 78, 79, 80, 81, 100, 101, 106, 107
inlacorr	35	true	false	false	44, 45, 62, 72, 34, 36, 39, 50, 55, 56, 57, 61, 63, 78, 79, 80, 81, 100, 101, 106, 107
inlacorr	36	true	false	false	45, 34, 36, 39, 44, 50, 55, 56, 57, 61, 62, 63, 72, 78, 79, 80, 81, 100, 101, 106, 107
inlacorr	37	true	false	false	45, 62, 72, 34, 36, 39, 44, 50, 55, 56, 57, 61, 63, 78, 79, 80, 81, 100, 101, 106, 107
inlacorr	38	true	false	false	45, 62, 72, 34, 36, 39, 44, 50, 55, 56, 57, 61, 63, 78, 79, 80, 81, 100, 101, 106, 107
inlacorr	39	true	false	false	45, 62, 72, 34, 36, 39, 44, 50, 55, 56, 57, 61, 63, 78, 79, 80, 81, 100, 101, 106, 107
inlacorr	40	true	false	false	45, 34, 36, 39, 44, 50, 55, 56, 57, 61, 62, 63, 72, 78, 79, 80, 81, 100, 101, 106, 107
inlacorr	41	true	false	false	45, 62, 34, 36, 39, 44, 50, 55, 56, 57, 61, 63, 72, 78, 79, 80, 81, 100, 101, 106, 107
inlacorr	42	true	false	false	45, 57, 62, 72, 81, 34, 36, 39, 44, 50, 55, 56, 61, 63, 78, 79, 80, 100, 101, 106, 107
inlacorr	43	true	false	false	17, 44, 45, 56, 57, 73, 34, 36, 39, 50, 55, 61, 62, 63, 72, 78, 79, 80, 81, 100, 101, 106, 107
inlacorr	44	true	false	false	45, 57, 62, 72, 34, 36, 39, 44, 50, 55, 56, 61, 63, 78, 79, 80, 81, 100, 101, 106, 107
inlacorr	45	true	false	false	45, 57, 62, 72, 34, 36, 39, 44, 50, 55, 56, 61, 63, 78, 79, 80, 81, 100, 101, 106, 107
inlacorr	46	true	false	false	45, 62, 72, 81, 34, 36, 39, 44, 50, 55, 56, 57, 61, 63, 78, 79, 80, 100, 101, 106, 107
inlacorr	47	true	false	false	45, 57, 62, 72, 34, 36, 39, 44, 50, 55, 56, 61, 63, 78, 79, 80, 81, 100, 101, 106, 107
inlacorr	48	true	false	false	44, 45, 57, 62, 72, 34, 36, 39, 50, 55, 56, 61, 63, 78, 79, 80, 81, 100, 101, 106, 107
inlacorr	49	true	false	false	44, 45, 57, 62, 63, 72, 34, 36, 39, 50, 55, 56, 61, 78, 79, 80, 81, 100, 101, 106, 107
inlacorr	50	true	false	false	44, 45, 57, 62, 63, 72, 81, 34, 36, 39, 50, 55, 56, 61, 78, 79, 80, 100, 101, 106, 107
inlacorr	51	true	false	false	44, 45, 57, 62, 63, 72, 34, 36, 39, 50, 55, 56, 61, 78, 79, 80, 81, 100, 101, 106, 107
inlacorr	52	true	false	false	44, 45, 57, 62, 63, 72, 34, 36, 39, 50, 55, 56, 61, 78, 79, 80, 81, 100, 101, 106, 107
inlacorr	53	true	false	false	44, 45, 57, 62, 63, 72, 34, 36, 39, 50, 55, 56, 61, 78, 79, 80, 81, 100, 101, 106, 107
inlacorr	54	true	false	false	44, 45, 57, 62, 63, 72, 34, 36, 39, 50, 55, 56, 61, 78, 79, 80, 81, 100, 101, 106, 107
inlacorr	55	true	false	false	44, 45, 57, 62, 63, 72, 81, 106, 34, 36, 39, 50, 55, 56, 61, 78, 79, 80, 100, 101, 107
inlacorr	56	true	false	false	44, 45, 57, 62, 63, 72, 81, 106, 34, 36, 39, 50, 55, 56, 61, 78, 79, 80, 100, 101, 107
inlacorr	57	true	false	false	44, 45, 57, 62, 63, 72, 34, 36, 39, 50, 55, 56, 61, 78, 79, 80, 81, 100, 101, 106, 107
inlacorr	58	true	false	false	33, 44, 45, 57, 62, 63, 72, 81, 106, 34, 36, 39, 50, 55, 56, 61, 78, 79, 80, 100, 101, 107
inlacorr	59	true	false	false	44, 45, 57, 62, 63, 72, 106, 34, 36, 39, 50, 55, 56, 61, 78, 79, 80, 81, 100, 101, 107
inlacorr	60	true	false	false	44, 45, 57, 62, 63, 72, 107, 119, 120, 34, 36, 39, 50, 55, 56, 61, 78, 79, 80, 81, 100, 101, 106
inlacorr	61	true	false	false	39, 44, 45, 57, 62, 63, 72, 106, 34, 36, 50, 55, 56, 61, 78, 79, 80, 81, 100, 101, 107
inlacorr	62	true	false	false	44, 45, 57, 62, 63, 72, 34, 36, 39, 50, 55, 56, 61, 78, 79, 80, 81, 100, 101, 106, 107
inlacorr	63	true	false	false	44, 45, 57, 62, 63, 72, 34, 36, 39, 50, 55, 56, 61, 78, 79, 80, 81, 100, 101, 106, 107
inlacorr	64	true	false	false	39, 44, 45, 57, 62, 63, 72, 106, 107, 34, 36, 50, 55, 56, 61, 78, 79, 80, 81, 100, 101
inlacorr	65	true	false	false	44, 45, 57, 62, 63, 72, 106, 34, 36, 39, 50, 55, 56, 61, 78, 79, 80, 81, 100, 101, 107
inlacorr	66	true	false	false	44, 45, 57, 62, 63, 72, 106, 107, 34, 36, 39, 50, 55, 56, 61, 78, 79, 80, 81, 100, 101
inlacorr	67	true	false	false	44, 45, 57, 62, 63, 72, 34, 36, 39, 50, 55, 56, 61, 78, 79, 80, 81, 100, 101, 106, 107
inlacorr	68	false	true	false	8, 25, 44, 45, 57, 62, 63, 72, 81, 106, 107
inlacorr	69	true	false	false	44, 45, 55, 57, 62, 63, 72, 80, 81, 106, 107, 34, 36, 39, 50, 56, 61, 78, 79, 100, 101
inlacorr	70	true	false	false	39, 44, 45, 50, 55, 56, 57, 62, 63, 72, 80, 81, 106, 107, 34, 36, 61, 78, 79, 100, 101
inlacorr	71	true	false	false	44, 45, 55, 57, 62, 63, 72, 106, 107, 112, 34, 36, 39, 50, 56, 61, 78, 79, 80, 81, 100, 101
inlacorr	72	false	true	false	8, 14, 21, 25, 33, 39, 44, 45, 50, 55, 56, 57, 62, 63, 72, 80, 81, 106, 107, 129
inlacorr	73	true	false	false	39, 44, 45, 50, 55, 56, 57, 62, 63, 72, 73, 80, 81, 100, 101, 106, 107, 129, 34, 36, 61, 78, 79
inlacorr	74	true	false	false	39, 44, 45, 50, 55, 56, 57, 62, 63, 72, 80, 81, 100, 101, 106, 107, 129, 34, 36, 61, 78, 79
inlacorr	75	false	true	false	8, 25, 39, 44, 45, 50, 57, 62, 63, 72, 106, 107, 126
inlacorr	76	false	true	false	39, 44, 45, 50, 55, 56, 57, 62, 63, 72, 80, 81, 100, 101, 106, 107, 129
inlacorr	77	true	false	false	39, 44, 45, 50, 55, 56, 57, 62, 63, 72, 80, 81, 106, 107, 34, 36, 61, 78, 79, 100, 101
inlacorr	78	true	false	false	39, 44, 45, 50, 55, 56, 57, 62, 63, 72, 80, 81, 106, 107, 129, 34, 36, 61, 78, 79, 100, 101
inlacorr	79	true	false	false	39, 44, 45, 50, 55, 56, 57, 62, 63, 72, 80, 81, 106, 107, 34, 36, 61, 78, 79, 100, 101
inlacorr	80	true	false	false	39, 44, 45, 50, 55, 56, 57, 62, 63, 72, 80, 81, 106, 107, 129, 34, 36, 61, 78, 79, 100, 101
inlacorr	81	true	false	false	28, 34, 39, 44, 45, 50, 55, 56, 57, 62, 63, 72, 80, 81, 106, 107, 129, 36, 61, 78, 79, 100, 101
inlacorr	82	true	false	false	39, 44, 45, 50, 55, 56, 57, 62, 63, 72, 78, 79, 80, 81, 106, 107, 129, 34, 36, 61, 100, 101
inlacorr	83	true	false	false	39, 44, 45, 50, 55, 56, 57, 62, 63, 72, 78, 79, 80, 81, 100, 101, 106, 107, 114, 129, 34, 36, 61
inlacorr	84	true	false	false	39, 44, 45, 50, 55, 56, 57, 62, 63, 72, 78, 79, 80, 81, 106, 107, 129, 34, 36, 61, 100, 101
inlacorr	85	false	true	false	39, 44, 45, 50, 55, 56, 57, 61, 62, 63, 72, 78, 79, 80, 81, 100, 101, 106, 107, 126, 129
inlacorr	86	true	false	false	34, 39, 44, 45, 46, 50, 55, 56, 57, 61, 62, 63, 72, 78, 79, 80, 81, 88, 106, 107, 108, 129, 36, 100, 101
inlacorr	87	true	false	false	28, 39, 44, 45, 55, 56, 57, 61, 62, 63, 72, 78, 79, 80, 81, 106, 107, 129, 34, 36, 50, 100, 101
inlacorr	88	true	false	false	34, 39, 44, 45, 50, 55, 56, 57, 61, 62, 63, 72, 78, 79, 80, 81, 106, 107, 129, 36, 100, 101
inlacorr	89	true	false	false	34, 39, 44, 45, 50, 55, 56, 57, 61, 62, 63, 72, 78, 79, 80, 81, 100, 101, 106, 107, 129, 36
inlacorr	90	true	false	false	34, 36, 39, 44, 45, 50, 55, 56, 57, 61, 62, 63, 72, 78, 79, 80, 81, 100, 101, 106, 107, 129
inlacorr	91	false	true	true	14, 15, 16, 17, 18, 21, 26, 32, 33, 39, 44, 45, 50, 55, 56, 57, 62, 63, 72, 80, 81, 88, 107, 125, 126, 127, 128, 129
inlacorr	92	true	false	false	34, 36, 39, 44, 45, 50, 55, 56, 57, 61, 62, 63, 72, 78, 79, 80, 81, 100, 101, 106, 107, 129
inlacorr	93	true	false	false	34, 36, 39, 44, 45, 50, 55, 56, 57, 61, 62, 63, 72, 78, 79, 80, 81, 101, 107, 129, 100, 106
inlacorr	94	true	false	false	20, 28, 34, 39, 44, 45, 50, 55, 56, 57, 61, 62, 63, 72, 78, 79, 80, 81, 107, 129, 36, 100, 101, 106
inlacorr	95	true	false	false	39, 44, 45, 50, 56, 57, 62, 63, 72, 80, 81, 107, 129, 34, 36, 55, 61, 78, 79, 100, 101, 106
inlacorr	96	true	false	false	33, 34, 39, 44, 45, 50, 55, 56, 57, 61, 62, 63, 72, 78, 79, 80, 81, 99, 107, 129, 36, 100, 101, 106
inlacorr	97	false	false	false	4, 18, 22, 27, 34, 36, 39, 40, 44, 45, 46, 50, 51, 55, 56, 57, 60, 61, 62, 63, 72, 77, 78, 79, 80, 81, 87, 88, 93, 99, 100, 101, 104, 105, 107, 110, 111, 113, 118, 129, 106
inlacorr	98	false	false	false	1, 2, 3, 4, 8, 9, 10, 11, 14, 15, 16, 17, 18, 21, 22, 23, 34, 36, 39, 40, 44, 45, 46, 50, 51, 55, 56, 57, 60, 61, 62, 63, 68, 72, 77, 78, 79, 80, 81, 87, 88, 93, 100, 101, 104, 105, 107, 110, 111, 114, 118, 119, 120, 121, 122, 123, 124, 125, 126, 127, 129, 106
inlacorr	99	true	false	false	39, 44, 45, 50, 55, 56, 57, 61, 62, 63, 72, 80, 81, 107, 129, 34, 36, 78, 79, 100, 101, 106
inlacorr	100	true	false	false	39, 44, 45, 50, 55, 56, 57, 61, 62, 63, 72, 78, 79, 80, 81, 107, 129, 34, 36, 100, 101, 106
inlacorr	101	false	false	false	1, 2, 3, 4, 8, 9, 10, 11, 12, 14, 15, 16, 17, 18, 19, 21, 22, 23, 24, 25, 26, 27, 32, 34, 36, 38, 39, 40, 43, 44, 45, 46, 48, 49, 50, 51, 55, 56, 57, 60, 61, 62, 63, 68, 70, 72, 73, 74, 75, 77, 78, 79, 80, 81, 83, 84, 85, 86, 87, 89, 90, 91, 93, 94, 95, 98, 100, 101, 102, 103, 104, 105, 107, 110, 111, 112, 113, 114, 115, 116, 117, 118, 119, 120, 121, 122, 123, 124, 125, 126, 127, 128, 129, 106
inlacorr	102	false	false	false	3, 4, 9, 10, 11, 12, 16, 18, 19, 23, 24, 25, 27, 28, 33, 34, 36, 39, 40, 43, 44, 45, 46, 50, 51, 55, 56, 57, 60, 61, 62, 63, 68, 72, 77, 78, 79, 80, 81, 86, 87, 93, 94, 100, 101, 103, 104, 105, 107, 110, 111, 117, 118, 123, 124, 129, 106
inlacorr	103	false	false	false	2, 3, 4, 9, 10, 11, 14, 15, 16, 17, 18, 21, 22, 23, 26, 34, 36, 39, 40, 43, 44, 45, 46, 50, 51, 55, 56, 57, 60, 61, 62, 63, 68, 72, 77, 78, 79, 80, 81, 100, 101, 105, 107, 109, 129, 106
inlacorr	104	true	false	false	34, 36, 39, 40, 44, 45, 46, 50, 51, 55, 56, 57, 61, 62, 63, 72, 77, 78, 79, 80, 81, 99, 107, 129, 100, 101, 106
inlacorr	105	false	false	false	1, 2, 3, 4, 5, 6, 8, 9, 10, 11, 12, 13, 14, 15, 16, 17, 18, 19, 20, 21, 22, 23, 24, 25, 26, 27, 32, 34, 36, 37, 38, 39, 40, 43, 44, 45, 46, 47, 48, 49, 50, 51, 52, 55, 56, 57, 60, 61, 62, 63, 68, 70, 72, 73, 74, 75, 77, 78, 79, 80, 81, 82, 83, 84, 85, 86, 87, 88, 89, 90, 91, 92, 93, 94, 95, 96, 97, 98, 99, 100, 101, 102, 103, 104, 105, 107, 110, 111, 112, 113, 114, 116, 117, 118, 119, 120, 121, 122, 123, 124, 125, 126, 127, 128, 129, 106
inlacorr	106	true	false	false	39, 44, 45, 50, 56, 57, 62, 63, 72, 107, 109, 129, 34, 36, 55, 61, 78, 79, 80, 81, 100, 101, 106
inlacorr	107	false	false	false	1, 2, 3, 4, 8, 9, 10, 11, 12, 14, 15, 16, 17, 18, 19, 21, 22, 23, 24, 25, 26, 27, 32, 34, 36, 38, 39, 40, 43, 44, 45, 46, 48, 49, 50, 51, 55, 56, 57, 60, 61, 62, 63, 68, 70, 72, 73, 74, 75, 77, 78, 79, 80, 81, 83, 84, 85, 86, 87, 88, 89, 90, 91, 93, 94, 95, 98, 99, 100, 101, 102, 103, 104, 105, 107, 109, 110, 111, 112, 113, 114, 115, 116, 117, 118, 119, 120, 121, 122, 123, 124, 125, 126, 127, 128, 129, 106
inlacorr	108	false	false	false	1, 2, 3, 4, 8, 9, 10, 11, 14, 15, 16, 18, 22, 23, 34, 36, 38, 39, 40, 43, 44, 45, 46, 50, 51, 55, 56, 57, 60, 61, 62, 63, 68, 72, 78, 79, 80, 81, 87, 99, 100, 101, 105, 107, 111, 117, 122, 123, 124, 129, 106
inlacorr	109	true	false	false	34, 36, 39, 40, 44, 45, 50, 51, 55, 56, 57, 60, 61, 62, 63, 68, 72, 78, 79, 80, 81, 100, 101, 107, 129, 106
inlacorr	110	false	false	false	1, 2, 3, 4, 5, 6, 8, 9, 10, 11, 12, 13, 14, 15, 16, 17, 18, 19, 20, 21, 22, 23, 24, 25, 26, 27, 28, 32, 33, 34, 36, 37, 38, 39, 40, 41, 43, 44, 45, 46, 47, 48, 49, 50, 51, 52, 55, 56, 57, 60, 61, 62, 63, 68, 70, 72, 73, 74, 75, 78, 79, 80, 81, 82, 83, 84, 85, 86, 87, 89, 90, 91, 93, 94, 95, 96, 98, 99, 100, 101, 102, 103, 104, 105, 107, 108, 109, 110, 111, 112, 113, 114, 115, 116, 117, 118, 119, 120, 121, 122, 123, 124, 125, 126, 127, 128, 129, 106
inlacorr	111	false	false	false	1, 2, 3, 4, 8, 9, 10, 11, 14, 15, 16, 17, 18, 19, 21, 22, 23, 25, 26, 28, 30, 32, 34, 36, 38, 39, 40, 43, 44, 45, 46, 49, 50, 51, 52, 55, 56, 57, 58, 60, 61, 62, 63, 68, 70, 72, 73, 74, 75, 78, 79, 80, 81, 83, 84, 85, 87, 88, 89, 90, 91, 93, 94, 95, 98, 99, 100, 101, 102, 103, 104, 105, 107, 109, 110, 111, 113, 114, 116, 117, 119, 120, 121, 122, 123, 124, 125, 126, 127, 128, 129, 106
inlacorr	112	false	false	false	1, 2, 3, 4, 5, 8, 9, 10, 11, 12, 14, 15, 16, 17, 18, 19, 21, 22, 23, 24, 25, 26, 27, 30, 31, 32, 33, 34, 35, 36, 37, 38, 39, 40, 41, 43, 44, 45, 46, 48, 49, 50, 51, 52, 55, 56, 57, 58, 60, 61, 62, 63, 64, 65, 68, 70, 72, 73, 74, 75, 78, 79, 80, 81, 82, 83, 84, 85, 86, 87, 88, 90, 91, 93, 94, 95, 96, 98, 99, 100, 101, 102, 103, 104, 105, 107, 110, 111, 112, 113, 114, 115, 116, 117, 118, 119, 120, 121, 122, 123, 124, 125, 126, 127, 128, 129, 106
inlacorr	113	true	false	false	34, 39, 44, 45, 50, 55, 56, 57, 61, 62, 63, 68, 72, 77, 80, 81, 107, 129, 36, 78, 79, 100, 101, 106
inlacorr	114	false	false	false	1, 2, 3, 4, 5, 6, 8, 9, 10, 11, 12, 14, 15, 16, 17, 18, 19, 20, 21, 22, 23, 24, 25, 26, 27, 30, 32, 34, 35, 36, 37, 38, 39, 40, 41, 42, 43, 44, 45, 46, 47, 48, 49, 50, 51, 52, 55, 56, 57, 58, 60, 61, 62, 63, 64, 68, 70, 72, 73, 74, 75, 78, 79, 80, 81, 82, 83, 84, 85, 86, 87, 88, 89, 90, 91, 93, 94, 95, 96, 98, 99, 100, 101, 102, 103, 104, 105, 107, 110, 111, 112, 113, 114, 115, 116, 117, 118, 119, 120, 121, 122, 123, 124, 125, 126, 127, 128, 129, 106
inlacorr	115	true	false	false	34, 36, 39, 40, 44, 45, 50, 51, 52, 55, 56, 57, 60, 61, 62, 63, 64, 68, 72, 78, 79, 80, 81, 107, 109, 129, 100, 101, 106
inlacorr	116	false	false	false	1, 2, 3, 4, 5, 6, 8, 9, 10, 11, 12, 13, 14, 15, 16, 17, 18, 19, 20, 21, 22, 23, 24, 25, 26, 27, 28, 30, 31, 32, 33, 34, 35, 36, 37, 38, 39, 40, 41, 42, 43, 44, 45, 46, 47, 48, 49, 50, 51, 52, 55, 56, 57, 58, 60, 61, 62, 63, 64, 65, 68, 70, 72, 73, 74, 75, 78, 79, 80, 81, 82, 83, 84, 85, 86, 87, 88, 89, 90, 91, 92, 93, 94, 95, 96, 97, 98, 99, 100, 101, 102, 103, 104, 105, 107, 109, 110, 111, 112, 113, 114, 115, 116, 117, 118, 119, 120, 121, 122, 123, 124, 125, 126, 127, 128, 129, 106
inlacorr	117	false	false	false	1, 2, 3, 4, 5, 6, 7, 8, 9, 10, 11, 12, 13, 14, 15, 16, 17, 18, 19, 20, 21, 22, 23, 24, 25, 26, 27, 28, 29, 30, 31, 32, 33, 34, 35, 36, 37, 38, 39, 40, 41, 42, 43, 44, 45, 46, 47, 48, 49, 50, 51, 52, 53, 54, 55, 56, 57, 58, 59, 60, 61, 62, 63, 64, 65, 67, 68, 69, 70, 71, 72, 73, 74, 75, 78, 79, 80, 81, 82, 83, 84, 85, 86, 87, 88, 89, 90, 91, 92, 93, 94, 95, 96, 97, 98, 99, 100, 101, 102, 103, 104, 105, 106, 107, 108, 109, 110, 111, 112, 113, 114, 115, 116, 117, 118, 119, 120, 121, 122, 123, 124, 125, 126, 127, 128, 129
inlacorr	118	false	false	false	1, 2, 3, 4, 5, 6, 8, 9, 10, 11, 12, 13, 14, 15, 16, 17, 18, 19, 20, 21, 22, 23, 24, 25, 26, 27, 28, 31, 32, 33, 34, 35, 36, 37, 38, 39, 40, 41, 42, 43, 44, 45, 46, 47, 48, 49, 50, 51, 52, 55, 56, 57, 60, 61, 62, 63, 64, 67, 68, 70, 72, 73, 74, 75, 78, 79, 80, 81, 82, 83, 84, 85, 86, 87, 88, 89, 90, 91, 92, 93, 94, 95, 96, 98, 99, 100, 101, 102, 103, 104, 105, 107, 108, 109, 110, 111, 112, 113, 114, 115, 116, 117, 118, 119, 120, 121, 122, 123, 124, 125, 126, 127, 128, 129, 106
inlacorr	119	true	false	false	44, 45, 50, 57, 62, 63, 72, 107, 129, 34, 36, 39, 55, 56, 61, 78, 79, 80, 81, 100, 101, 106
inlacorr	120	true	false	false	34, 36, 39, 40, 44, 45, 50, 51, 52, 55, 56, 57, 60, 61, 62, 63, 64, 68, 72, 80, 81, 99, 107, 109, 115, 129, 78, 79, 100, 101, 106
inlacorr	121	false	false	false	1, 2, 3, 4, 5, 6, 7, 8, 9, 10, 11, 12, 13, 14, 15, 16, 17, 18, 19, 20, 21, 22, 23, 24, 25, 26, 27, 28, 29, 30, 31, 32, 33, 34, 35, 36, 37, 38, 39, 40, 41, 42, 43, 44, 45, 46, 47, 48, 49, 50, 51, 52, 53, 54, 55, 56, 57, 58, 59, 60, 61, 62, 63, 64, 65, 66, 67, 68, 69, 70, 71, 72, 73, 74, 75, 76, 78, 79, 80, 81, 82, 83, 84, 85, 86, 87, 88, 89, 90, 91, 92, 93, 94, 95, 96, 97, 98, 99, 100, 101, 102, 103, 104, 105, 106, 107, 108, 109, 110, 111, 112, 113, 114, 115, 116, 117, 118, 119, 120, 121, 122, 123, 124, 125, 126, 127, 128, 129
insocorr	1	true	false	false	62, 72, 34, 36, 39, 44, 45, 50, 55, 56, 57, 61, 63, 78, 79, 80, 81, 100, 101, 106, 107
insocorr	2	true	false	false	62, 72, 34, 36, 39, 44, 45, 50, 55, 56, 57, 61, 63, 78, 79, 80, 81, 100, 101, 106, 107
insocorr	3	true	false	false	34, 36, 39, 44, 45, 50, 55, 56, 57, 61, 62, 63, 72, 78, 79, 80, 81, 100, 101, 106, 107
insocorr	4	true	false	false	62, 72, 34, 36, 39, 44, 45, 50, 55, 56, 57, 61, 63, 78, 79, 80, 81, 100, 101, 106, 107
insocorr	5	true	false	false	62, 72, 34, 36, 39, 44, 45, 50, 55, 56, 57, 61, 63, 78, 79, 80, 81, 100, 101, 106, 107
insocorr	6	true	false	false	62, 72, 34, 36, 39, 44, 45, 50, 55, 56, 57, 61, 63, 78, 79, 80, 81, 100, 101, 106, 107
insocorr	7	true	false	false	62, 72, 34, 36, 39, 44, 45, 50, 55, 56, 57, 61, 63, 78, 79, 80, 81, 100, 101, 106, 107
insocorr	8	true	false	false	56, 34, 36, 39, 44, 45, 50, 55, 57, 61, 62, 63, 72, 78, 79, 80, 81, 100, 101, 106, 107
insocorr	9	true	false	false	34, 36, 39, 44, 45, 50, 55, 56, 57, 61, 62, 63, 72, 78, 79, 80, 81, 100, 101, 106, 107
insocorr	10	true	false	false	17, 44, 62, 72, 34, 36, 39, 45, 50, 55, 56, 57, 61, 63, 78, 79, 80, 81, 100, 101, 106, 107
insocorr	11	true	false	false	34, 36, 39, 44, 45, 50, 55, 56, 57, 61, 62, 63, 72, 78, 79, 80, 81, 100, 101, 106, 107
insocorr	12	true	false	false	44, 45, 62, 72, 34, 36, 39, 50, 55, 56, 57, 61, 63, 78, 79, 80, 81, 100, 101, 106, 107
insocorr	13	true	false	false	44, 45, 62, 72, 81, 34, 36, 39, 50, 55, 56, 57, 61, 63, 78, 79, 80, 100, 101, 106, 107
insocorr	14	true	false	false	45, 62, 72, 34, 36, 39, 44, 50, 55, 56, 57, 61, 63, 78, 79, 80, 81, 100, 101, 106, 107
insocorr	15	true	false	false	45, 62, 72, 34, 36, 39, 44, 50, 55, 56, 57, 61, 63, 78, 79, 80, 81, 100, 101, 106, 107
insocorr	16	true	false	false	45, 34, 36, 39, 44, 50, 55, 56, 57, 61, 62, 63, 72, 78, 79, 80, 81, 100, 101, 106, 107
insocorr	17	true	false	false	45, 62, 72, 34, 36, 39, 44, 50, 55, 56, 57, 61, 63, 78, 79, 80, 81, 100, 101, 106, 107
insocorr	18	true	false	false	45, 62, 72, 34, 36, 39, 44, 50, 55, 56, 57, 61, 63, 78, 79, 80, 81, 100, 101, 106, 107
insocorr	19	true	false	false	45, 62, 72, 34, 36, 39, 44, 50, 55, 56, 57, 61, 63, 78, 79, 80, 81, 100, 101, 106, 107
insocorr	20	true	false	false	45, 62, 72, 34, 36, 39, 44, 50, 55, 56, 57, 61, 63, 78, 79, 80, 81, 100, 101, 106, 107
insocorr	21	true	false	false	62, 34, 36, 39, 44, 45, 50, 55, 56, 57, 61, 63, 72, 78, 79, 80, 81, 100, 101, 106, 107
insocorr	22	true	false	false	34, 36, 39, 44, 45, 50, 55, 56, 57, 61, 62, 63, 72, 78, 79, 80, 81, 100, 101, 106, 107
insocorr	23	true	false	false	45, 62, 72, 34, 36, 39, 44, 50, 55, 56, 57, 61, 63, 78, 79, 80, 81, 100, 101, 106, 107
insocorr	24	true	false	false	45, 62, 72, 34, 36, 39, 44, 50, 55, 56, 57, 61, 63, 78, 79, 80, 81, 100, 101, 106, 107
insocorr	25	true	false	false	45, 62, 72, 34, 36, 39, 44, 50, 55, 56, 57, 61, 63, 78, 79, 80, 81, 100, 101, 106, 107
insocorr	26	true	false	false	45, 34, 36, 39, 44, 50, 55, 56, 57, 61, 62, 63, 72, 78, 79, 80, 81, 100, 101, 106, 107
insocorr	27	true	false	false	45, 62, 72, 34, 36, 39, 44, 50, 55, 56, 57, 61, 63, 78, 79, 80, 81, 100, 101, 106, 107
insocorr	28	true	false	false	45, 62, 72, 34, 36, 39, 44, 50, 55, 56, 57, 61, 63, 78, 79, 80, 81, 100, 101, 106, 107
insocorr	29	true	false	false	45, 34, 36, 39, 44, 50, 55, 56, 57, 61, 62, 63, 72, 78, 79, 80, 81, 100, 101, 106, 107
insocorr	30	true	false	false	45, 62, 72, 34, 36, 39, 44, 50, 55, 56, 57, 61, 63, 78, 79, 80, 81, 100, 101, 106, 107
insocorr	31	true	false	false	45, 62, 72, 34, 36, 39, 44, 50, 55, 56, 57, 61, 63, 78, 79, 80, 81, 100, 101, 106, 107
insocorr	32	true	false	false	45, 62, 72, 34, 36, 39, 44, 50, 55, 56, 57, 61, 63, 78, 79, 80, 81, 100, 101, 106, 107
insocorr	33	true	false	false	45, 62, 72, 34, 36, 39, 44, 50, 55, 56, 57, 61, 63, 78, 79, 80, 81, 100, 101, 106, 107
insocorr	34	true	false	false	45, 62, 34, 36, 39, 44, 50, 55, 56, 57, 61, 63, 72, 78, 79, 80, 81, 100, 101, 106, 107
insocorr	35	true	false	false	45, 62, 72, 34, 36, 39, 44, 50, 55, 56, 57, 61, 63, 78, 79, 80, 81, 100, 101, 106, 107
insocorr	36	true	false	false	45, 62, 72, 34, 36, 39, 44, 50, 55, 56, 57, 61, 63, 78, 79, 80, 81, 100, 101, 106, 107
insocorr	37	true	false	false	45, 62, 72, 34, 36, 39, 44, 50, 55, 56, 57, 61, 63, 78, 79, 80, 81, 100, 101, 106, 107
insocorr	38	true	false	false	45, 62, 72, 34, 36, 39, 44, 50, 55, 56, 57, 61, 63, 78, 79, 80, 81, 100, 101, 106, 107
insocorr	39	true	false	false	45, 62, 72, 34, 36, 39, 44, 50, 55, 56, 57, 61, 63, 78, 79, 80, 81, 100, 101, 106, 107
insocorr	40	true	false	false	45, 57, 62, 72, 34, 36, 39, 44, 50, 55, 56, 61, 63, 78, 79, 80, 81, 100, 101, 106, 107
insocorr	41	true	false	false	45, 62, 72, 34, 36, 39, 44, 50, 55, 56, 57, 61, 63, 78, 79, 80, 81, 100, 101, 106, 107
insocorr	42	true	false	false	45, 34, 36, 39, 44, 50, 55, 56, 57, 61, 62, 63, 72, 78, 79, 80, 81, 100, 101, 106, 107
insocorr	43	true	false	false	45, 57, 62, 72, 34, 36, 39, 44, 50, 55, 56, 61, 63, 78, 79, 80, 81, 100, 101, 106, 107
insocorr	44	true	false	false	45, 57, 62, 34, 36, 39, 44, 50, 55, 56, 61, 63, 72, 78, 79, 80, 81, 100, 101, 106, 107
insocorr	45	true	false	false	45, 57, 62, 72, 34, 36, 39, 44, 50, 55, 56, 61, 63, 78, 79, 80, 81, 100, 101, 106, 107
insocorr	46	true	false	false	44, 45, 57, 62, 72, 81, 34, 36, 39, 50, 55, 56, 61, 63, 78, 79, 80, 100, 101, 106, 107
insocorr	47	true	false	false	45, 57, 62, 72, 34, 36, 39, 44, 50, 55, 56, 61, 63, 78, 79, 80, 81, 100, 101, 106, 107
insocorr	48	true	false	false	45, 57, 62, 72, 34, 36, 39, 44, 50, 55, 56, 61, 63, 78, 79, 80, 81, 100, 101, 106, 107
insocorr	49	true	false	false	44, 45, 57, 62, 63, 72, 81, 106, 34, 36, 39, 50, 55, 56, 61, 78, 79, 80, 100, 101, 107
insocorr	50	true	false	false	44, 45, 57, 62, 63, 72, 81, 34, 36, 39, 50, 55, 56, 61, 78, 79, 80, 100, 101, 106, 107
insocorr	51	true	false	false	44, 45, 57, 62, 72, 34, 36, 39, 50, 55, 56, 61, 63, 78, 79, 80, 81, 100, 101, 106, 107
insocorr	52	true	false	false	44, 45, 57, 62, 63, 72, 81, 34, 36, 39, 50, 55, 56, 61, 78, 79, 80, 100, 101, 106, 107
insocorr	53	true	false	false	44, 45, 57, 62, 63, 72, 34, 36, 39, 50, 55, 56, 61, 78, 79, 80, 81, 100, 101, 106, 107
insocorr	54	true	false	false	44, 45, 57, 62, 63, 72, 81, 106, 34, 36, 39, 50, 55, 56, 61, 78, 79, 80, 100, 101, 107
insocorr	55	true	false	false	44, 45, 57, 62, 63, 72, 81, 106, 34, 36, 39, 50, 55, 56, 61, 78, 79, 80, 100, 101, 107
insocorr	56	true	false	false	44, 45, 57, 62, 63, 72, 34, 36, 39, 50, 55, 56, 61, 78, 79, 80, 81, 100, 101, 106, 107
insocorr	57	true	false	false	44, 45, 57, 62, 63, 72, 34, 36, 39, 50, 55, 56, 61, 78, 79, 80, 81, 100, 101, 106, 107
insocorr	58	true	false	false	44, 45, 57, 62, 63, 72, 106, 34, 36, 39, 50, 55, 56, 61, 78, 79, 80, 81, 100, 101, 107
insocorr	59	true	false	false	44, 45, 57, 62, 63, 72, 34, 36, 39, 50, 55, 56, 61, 78, 79, 80, 81, 100, 101, 106, 107
insocorr	60	true	false	false	44, 45, 57, 62, 63, 72, 34, 36, 39, 50, 55, 56, 61, 78, 79, 80, 81, 100, 101, 106, 107
insocorr	61	true	false	false	44, 45, 57, 34, 36, 39, 50, 55, 56, 61, 62, 63, 72, 78, 79, 80, 81, 100, 101, 106, 107
insocorr	62	true	false	false	44, 45, 57, 62, 63, 72, 34, 36, 39, 50, 55, 56, 61, 78, 79, 80, 81, 100, 101, 106, 107
insocorr	63	true	false	false	34, 36, 39, 44, 45, 57, 62, 63, 72, 81, 106, 107, 50, 55, 56, 61, 78, 79, 80, 100, 101
insocorr	64	true	false	false	39, 44, 45, 56, 57, 62, 63, 72, 81, 100, 101, 106, 107, 34, 36, 50, 55, 61, 78, 79, 80
insocorr	65	false	true	false	8, 25, 44, 45, 57, 62, 63, 72, 106, 107
insocorr	66	true	false	false	44, 45, 55, 57, 62, 63, 72, 80, 81, 106, 107, 34, 36, 39, 50, 56, 61, 78, 79, 100, 101
insocorr	67	true	false	false	44, 45, 55, 57, 62, 63, 72, 80, 81, 106, 107, 34, 36, 39, 50, 56, 61, 78, 79, 100, 101
insocorr	68	true	false	false	44, 45, 57, 62, 63, 72, 106, 107, 34, 36, 39, 50, 55, 56, 61, 78, 79, 80, 81, 100, 101
insocorr	69	false	true	false	44, 45, 50, 56, 57, 62, 63, 72, 96, 100, 101, 106, 107, 127
insocorr	70	false	true	false	8, 25, 44, 45, 57, 62, 63, 72, 106, 107
insocorr	71	true	false	false	44, 45, 57, 62, 63, 72, 106, 107, 34, 36, 39, 50, 55, 56, 61, 78, 79, 80, 81, 100, 101
insocorr	72	true	false	false	44, 45, 50, 57, 62, 63, 72, 106, 107, 34, 36, 39, 55, 56, 61, 78, 79, 80, 81, 100, 101
insocorr	73	false	true	false	44, 45, 57, 62, 63, 72, 106, 107
insocorr	74	true	false	false	36, 39, 44, 45, 50, 55, 56, 57, 62, 63, 72, 80, 81, 99, 100, 101, 106, 107, 129, 34, 61, 78, 79
insocorr	75	true	false	false	39, 44, 45, 50, 55, 56, 57, 62, 63, 72, 80, 81, 100, 101, 106, 107, 129, 34, 36, 61, 78, 79
insocorr	76	true	false	false	39, 44, 45, 50, 55, 56, 57, 62, 63, 72, 80, 81, 106, 107, 129, 34, 36, 61, 78, 79, 100, 101
insocorr	77	true	false	false	39, 44, 45, 50, 55, 56, 57, 62, 63, 72, 81, 106, 107, 129, 34, 36, 61, 78, 79, 80, 100, 101
insocorr	78	true	false	false	44, 45, 50, 57, 62, 63, 72, 106, 107, 34, 36, 39, 55, 56, 61, 78, 79, 80, 81, 100, 101
insocorr	79	true	false	false	28, 39, 44, 45, 50, 55, 56, 57, 62, 63, 72, 80, 81, 100, 101, 106, 107, 129, 34, 36, 61, 78, 79
insocorr	80	true	false	false	44, 45, 56, 57, 62, 63, 72, 88, 107, 34, 36, 39, 50, 55, 61, 78, 79, 80, 81, 100, 101, 106
insocorr	81	true	false	false	39, 44, 45, 50, 55, 56, 57, 62, 63, 72, 80, 81, 106, 107, 129, 34, 36, 61, 78, 79, 100, 101
insocorr	82	true	false	false	39, 44, 45, 50, 55, 56, 57, 62, 63, 72, 80, 81, 106, 107, 129, 34, 36, 61, 78, 79, 100, 101
insocorr	83	true	false	false	39, 44, 45, 50, 55, 56, 57, 62, 63, 72, 79, 80, 81, 106, 107, 129, 34, 36, 61, 78, 100, 101
insocorr	84	false	true	false	8, 14, 21, 39, 44, 45, 55, 56, 57, 62, 63, 72, 80, 81, 106, 107, 129
insocorr	85	true	false	false	39, 44, 45, 55, 56, 57, 62, 63, 72, 80, 81, 106, 107, 129, 34, 36, 50, 61, 78, 79, 100, 101
insocorr	86	false	true	false	39, 44, 45, 50, 55, 56, 57, 62, 63, 72, 79, 80, 81, 106, 107, 129
insocorr	87	true	false	false	39, 44, 45, 50, 55, 56, 57, 62, 63, 72, 79, 80, 81, 106, 107, 129, 34, 36, 61, 78, 100, 101
insocorr	88	false	true	false	39, 44, 45, 46, 50, 55, 56, 57, 62, 63, 72, 78, 79, 80, 81, 106, 107, 129
insocorr	89	true	false	false	39, 44, 45, 50, 55, 56, 57, 62, 63, 72, 78, 79, 80, 81, 106, 107, 129, 34, 36, 61, 100, 101
insocorr	90	true	false	false	34, 39, 44, 45, 50, 55, 56, 57, 62, 63, 72, 79, 80, 81, 100, 101, 106, 107, 129, 36, 61, 78
insocorr	91	true	false	false	39, 44, 45, 50, 55, 56, 57, 62, 63, 72, 78, 79, 80, 81, 106, 107, 129, 34, 36, 61, 100, 101
insocorr	92	true	false	false	39, 44, 45, 50, 55, 56, 57, 62, 63, 72, 78, 79, 80, 81, 106, 107, 129, 34, 36, 61, 100, 101
insocorr	93	true	false	false	34, 39, 44, 45, 50, 55, 56, 57, 61, 62, 63, 72, 78, 79, 80, 81, 100, 101, 106, 107, 129, 36
insocorr	94	true	false	false	14, 28, 34, 36, 39, 44, 45, 50, 55, 56, 57, 61, 62, 63, 72, 77, 78, 79, 80, 81, 100, 101, 106, 107, 129
insocorr	95	true	false	false	34, 36, 39, 44, 45, 50, 55, 56, 57, 61, 62, 63, 72, 77, 78, 79, 80, 81, 100, 101, 107, 129, 106
insocorr	96	true	false	false	39, 44, 45, 50, 55, 56, 57, 62, 63, 72, 80, 81, 107, 129, 34, 36, 61, 78, 79, 100, 101, 106
insocorr	97	false	false	false	2, 3, 10, 11, 16, 18, 21, 22, 23, 25, 26, 32, 34, 36, 39, 44, 45, 50, 55, 56, 57, 61, 62, 63, 72, 77, 78, 79, 80, 81, 100, 101, 104, 107, 109, 116, 117, 123, 124, 129, 106
insocorr	98	true	false	false	34, 39, 44, 45, 50, 55, 56, 57, 61, 62, 63, 72, 77, 78, 79, 80, 81, 107, 129, 36, 100, 101, 106
insocorr	99	false	false	false	1, 2, 3, 4, 8, 9, 10, 11, 12, 14, 15, 16, 17, 18, 19, 21, 22, 23, 24, 25, 26, 27, 32, 33, 34, 36, 38, 39, 40, 43, 44, 45, 46, 48, 50, 51, 55, 56, 57, 60, 61, 62, 63, 68, 70, 72, 73, 74, 77, 78, 79, 80, 81, 83, 84, 85, 86, 87, 88, 89, 90, 91, 93, 94, 95, 98, 99, 100, 101, 102, 103, 104, 105, 107, 110, 111, 113, 114, 115, 116, 117, 118, 119, 120, 121, 122, 123, 124, 125, 126, 127, 128, 129, 106
insocorr	100	true	false	false	3, 22, 34, 36, 39, 40, 44, 45, 46, 50, 55, 56, 57, 60, 61, 62, 63, 68, 72, 77, 78, 79, 80, 81, 100, 101, 107, 129, 106
insocorr	101	true	false	false	34, 36, 39, 40, 44, 45, 50, 51, 55, 56, 57, 60, 61, 62, 63, 68, 72, 78, 79, 80, 81, 100, 101, 107, 129, 106
insocorr	102	false	false	false	1, 2, 3, 4, 5, 8, 9, 10, 11, 12, 14, 15, 16, 17, 18, 19, 21, 22, 23, 24, 25, 26, 27, 32, 34, 36, 38, 39, 40, 43, 44, 45, 46, 48, 50, 51, 55, 56, 57, 60, 61, 62, 63, 68, 70, 72, 73, 74, 75, 77, 78, 79, 80, 81, 83, 84, 85, 86, 87, 88, 89, 90, 91, 93, 94, 95, 98, 99, 100, 101, 102, 103, 104, 105, 107, 110, 111, 112, 113, 114, 115, 116, 117, 118, 119, 120, 121, 122, 123, 124, 125, 126, 127, 128, 129, 106
insocorr	103	false	false	false	2, 3, 4, 9, 10, 11, 15, 16, 18, 19, 22, 23, 26, 27, 34, 36, 39, 40, 44, 45, 46, 50, 51, 55, 56, 57, 60, 61, 62, 63, 68, 72, 77, 78, 79, 80, 81, 105, 107, 111, 117, 118, 124, 129, 100, 101, 106
insocorr	104	true	false	false	34, 36, 39, 40, 44, 45, 46, 50, 51, 52, 55, 56, 57, 60, 61, 62, 63, 64, 68, 72, 77, 78, 79, 80, 81, 99, 100, 101, 107, 129, 106
insocorr	105	true	false	false	34, 39, 44, 45, 50, 51, 55, 56, 57, 61, 62, 63, 68, 72, 78, 79, 80, 81, 107, 129, 36, 100, 101, 106
insocorr	106	true	false	false	4, 15, 16, 18, 22, 34, 36, 39, 40, 44, 45, 46, 50, 55, 56, 57, 60, 61, 62, 63, 68, 72, 78, 79, 80, 81, 99, 100, 101, 107, 129, 106
insocorr	107	true	false	false	34, 39, 44, 45, 50, 51, 55, 56, 57, 61, 62, 63, 68, 72, 78, 79, 80, 81, 107, 109, 129, 36, 100, 101, 106
insocorr	108	false	false	false	1, 2, 3, 8, 9, 10, 14, 15, 16, 17, 18, 21, 22, 23, 25, 32, 34, 36, 38, 39, 40, 43, 44, 45, 46, 48, 49, 50, 51, 55, 56, 57, 60, 61, 62, 63, 68, 70, 72, 73, 74, 78, 79, 80, 81, 83, 84, 88, 89, 90, 94, 95, 100, 101, 107, 110, 113, 114, 117, 119, 120, 121, 122, 123, 125, 126, 127, 128, 129, 106
insocorr	109	false	false	false	1, 2, 3, 4, 5, 8, 9, 10, 11, 12, 14, 15, 16, 17, 18, 19, 21, 22, 23, 24, 25, 26, 27, 28, 30, 32, 33, 34, 35, 36, 38, 39, 40, 41, 43, 44, 45, 46, 48, 49, 50, 51, 52, 55, 56, 57, 60, 61, 62, 63, 64, 68, 70, 72, 73, 74, 75, 78, 79, 80, 81, 83, 84, 85, 86, 87, 88, 89, 90, 91, 93, 94, 95, 96, 98, 99, 100, 101, 102, 103, 104, 105, 107, 110, 111, 112, 113, 114, 115, 116, 117, 118, 119, 120, 121, 122, 123, 124, 125, 126, 127, 128, 129, 106
insocorr	110	true	false	false	34, 36, 39, 40, 44, 45, 50, 51, 52, 55, 56, 57, 60, 61, 62, 63, 64, 68, 72, 73, 78, 79, 80, 81, 99, 100, 101, 107, 129, 106
insocorr	111	false	false	false	1, 2, 3, 4, 8, 9, 10, 11, 12, 14, 15, 16, 17, 18, 19, 21, 22, 23, 24, 25, 26, 27, 32, 33, 34, 36, 38, 39, 40, 43, 44, 45, 46, 48, 49, 50, 51, 52, 55, 56, 57, 58, 60, 61, 62, 63, 64, 68, 70, 72, 73, 74, 75, 78, 79, 80, 81, 83, 84, 85, 86, 87, 88, 89, 90, 91, 93, 94, 95, 96, 98, 99, 100, 101, 102, 103, 104, 105, 107, 109, 110, 111, 113, 114, 115, 116, 117, 118, 119, 120, 121, 122, 123, 124, 125, 126, 127, 128, 129, 106
insocorr	112	false	false	false	1, 2, 3, 4, 5, 8, 9, 10, 11, 12, 14, 15, 16, 17, 18, 19, 20, 21, 22, 23, 24, 25, 26, 27, 32, 34, 36, 38, 39, 40, 43, 44, 45, 46, 48, 49, 50, 51, 52, 55, 56, 57, 60, 61, 62, 63, 64, 68, 70, 72, 74, 75, 78, 79, 80, 81, 83, 84, 86, 87, 89, 90, 93, 94, 95, 98, 99, 100, 101, 102, 103, 104, 105, 107, 110, 111, 112, 113, 114, 115, 116, 117, 118, 119, 120, 121, 122, 123, 124, 125, 126, 127, 128, 129, 106
insocorr	113	true	false	false	3, 4, 34, 39, 44, 45, 50, 51, 55, 56, 57, 61, 62, 63, 68, 72, 78, 79, 80, 81, 107, 122, 124, 129, 36, 100, 101, 106
insocorr	114	false	false	false	1, 2, 3, 4, 8, 9, 10, 11, 12, 14, 15, 16, 17, 18, 19, 21, 22, 23, 24, 25, 26, 27, 28, 32, 34, 36, 37, 38, 39, 40, 43, 44, 45, 46, 47, 48, 50, 51, 52, 55, 56, 57, 60, 61, 62, 63, 64, 68, 70, 72, 73, 74, 75, 78, 79, 80, 81, 83, 84, 85, 86, 87, 89, 90, 91, 93, 94, 96, 98, 99, 100, 101, 102, 103, 104, 105, 107, 110, 111, 114, 116, 117, 118, 119, 120, 121, 122, 123, 124, 125, 126, 127, 128, 129, 106
insocorr	115	false	false	false	1, 2, 3, 4, 5, 6, 8, 9, 10, 11, 12, 13, 14, 15, 16, 17, 18, 19, 20, 21, 22, 23, 24, 25, 26, 27, 28, 30, 31, 32, 33, 34, 35, 36, 37, 38, 39, 40, 41, 42, 43, 44, 45, 46, 47, 48, 49, 50, 51, 52, 55, 56, 57, 58, 60, 61, 62, 63, 64, 65, 68, 70, 72, 73, 74, 75, 77, 78, 79, 80, 81, 82, 83, 84, 85, 86, 87, 88, 89, 90, 91, 92, 93, 94, 95, 96, 97, 98, 99, 100, 101, 102, 103, 104, 105, 107, 108, 109, 110, 111, 112, 113, 114, 115, 116, 117, 118, 119, 120, 121, 122, 123, 124, 125, 126, 127, 128, 129, 106
insocorr	116	false	false	false	1, 2, 3, 4, 8, 9, 10, 11, 12, 14, 15, 16, 17, 18, 19, 21, 22, 23, 24, 25, 26, 27, 32, 34, 36, 38, 39, 40, 43, 44, 45, 46, 48, 49, 50, 51, 52, 55, 56, 57, 60, 61, 62, 63, 64, 68, 72, 73, 74, 78, 79, 80, 81, 83, 84, 85, 86, 87, 89, 90, 93, 94, 95, 96, 98, 99, 100, 101, 102, 103, 104, 105, 107, 110, 111, 113, 114, 115, 116, 117, 118, 119, 120, 121, 122, 123, 124, 125, 126, 127, 128, 129, 106
insocorr	117	false	false	false	1, 2, 3, 4, 5, 8, 9, 10, 11, 12, 13, 14, 15, 16, 17, 18, 19, 21, 22, 23, 24, 25, 26, 27, 28, 32, 34, 35, 36, 38, 39, 40, 43, 44, 45, 46, 48, 49, 50, 51, 52, 53, 55, 56, 57, 60, 61, 62, 63, 64, 68, 70, 72, 73, 74, 75, 78, 79, 80, 81, 83, 84, 85, 86, 87, 89, 90, 91, 93, 94, 95, 96, 98, 99, 100, 101, 102, 103, 104, 105, 107, 110, 111, 112, 113, 114, 115, 116, 117, 118, 119, 120, 121, 122, 123, 124, 125, 126, 127, 128, 129, 106
insocorr	118	false	false	false	1, 2, 3, 4, 5, 8, 9, 10, 11, 12, 14, 15, 16, 17, 18, 19, 21, 22, 23, 24, 25, 26, 27, 32, 34, 36, 38, 39, 40, 43, 44, 45, 48, 49, 50, 51, 52, 55, 56, 57, 58, 60, 61, 62, 63, 64, 68, 69, 70, 72, 73, 74, 75, 78, 79, 80, 81, 83, 84, 85, 86, 87, 88, 89, 90, 91, 93, 94, 95, 98, 99, 100, 101, 102, 103, 104, 105, 107, 108, 109, 110, 111, 112, 113, 114, 115, 116, 117, 118, 119, 120, 121, 122, 123, 124, 125, 126, 127, 128, 129, 106
insocorr	119	false	false	false	1, 2, 3, 4, 5, 6, 8, 9, 10, 11, 12, 13, 14, 15, 16, 17, 18, 19, 20, 21, 22, 23, 24, 25, 26, 27, 28, 29, 30, 31, 32, 33, 34, 35, 36, 37, 38, 39, 40, 41, 42, 43, 44, 45, 46, 47, 48, 49, 50, 51, 52, 53, 55, 56, 57, 58, 60, 61, 62, 63, 64, 65, 67, 68, 70, 72, 73, 74, 75, 78, 79, 80, 81, 82, 83, 84, 85, 86, 87, 88, 89, 90, 91, 92, 93, 94, 95, 96, 97, 98, 99, 100, 101, 102, 103, 104, 105, 107, 108, 109, 110, 111, 112, 113, 114, 115, 116, 117, 118, 119, 120, 121, 122, 123, 124, 125, 126, 127, 128, 129, 106
insocorr	120	false	false	false	1, 2, 3, 4, 5, 6, 8, 9, 10, 11, 12, 13, 14, 15, 16, 17, 18, 19, 20, 21, 22, 23, 24, 25, 26, 27, 28, 30, 31, 32, 33, 34, 35, 36, 37, 38, 39, 40, 41, 42, 43, 44, 45, 46, 47, 48, 49, 50, 51, 52, 55, 56, 57, 58, 60, 61, 62, 63, 64, 67, 68, 70, 71, 72, 73, 74, 75, 78, 79, 80, 81, 82, 83, 84, 85, 86, 87, 88, 89, 90, 91, 92, 93, 94, 95, 96, 97, 98, 99, 100, 101, 102, 103, 104, 105, 106, 107, 108, 109, 110, 111, 112, 113, 114, 115, 116, 117, 118, 119, 120, 121, 122, 123, 124, 125, 126, 127, 128, 129
insocorr	121	false	false	false	1, 2, 3, 8, 9, 10, 15, 16, 17, 18, 34, 36, 39, 40, 44, 45, 48, 50, 51, 55, 56, 57, 60, 61, 62, 63, 64, 68, 72, 80, 81, 83, 99, 104, 107, 113, 117, 119, 120, 121, 122, 123, 125, 126, 127, 128, 129, 78, 79, 100, 101, 106
insocorr	122	false	false	false	1, 2, 3, 4, 5, 6, 7, 8, 9, 10, 11, 12, 13, 14, 15, 16, 17, 18, 19, 20, 21, 22, 23, 24, 25, 26, 27, 28, 29, 30, 31, 32, 33, 34, 35, 36, 37, 38, 39, 40, 41, 42, 43, 44, 45, 46, 47, 48, 49, 50, 51, 52, 53, 55, 56, 57, 58, 60, 61, 62, 63, 64, 65, 67, 68, 70, 71, 72, 73, 74, 75, 78, 79, 80, 81, 82, 83, 84, 85, 86, 87, 88, 89, 90, 91, 92, 93, 94, 95, 96, 97, 98, 99, 100, 101, 102, 103, 104, 105, 106, 107, 108, 109, 110, 111, 112, 113, 114, 115, 116, 117, 118, 119, 120, 121, 122, 123, 124, 125, 126, 127, 128, 129
insocorr	123	false	false	false	1, 2, 3, 4, 5, 6, 7, 8, 9, 10, 11, 12, 13, 14, 15, 16, 17, 18, 19, 20, 21, 22, 23, 24, 25, 26, 27, 28, 29, 30, 31, 32, 33, 34, 35, 36, 37, 38, 39, 40, 41, 42, 43, 44, 45, 46, 47, 48, 49, 50, 51, 52, 53, 54, 55, 56, 57, 58, 59, 60, 61, 62, 63, 64, 65, 66, 67, 68, 69, 70, 71, 72, 73, 74, 75, 76, 78, 79, 80, 81, 82, 83, 84, 85, 86, 87, 88, 89, 90, 91, 92, 93, 94, 95, 96, 97, 98, 99, 100, 101, 102, 103, 104, 105, 106, 107, 108, 109, 110, 111, 112, 113, 114, 115, 116, 117, 118, 119, 120, 121, 122, 123, 124, 125, 126, 127, 128, 129
