Category	Segment number	Segment Good	Eye Blinks	Eye Movements	Bad Channels
cosocorr	1	true	false	false
cosocorr	2	true	false	false
cosocorr	3	true	false	false
cosocorr	4	true	false	false
cosocorr	5	true	false	false
cosocorr	6	true	false	false
cosocorr	7	true	false	false
cosocorr	8	false	true	false	8, 21, 25
cosocorr	9	true	false	false
cosocorr	10	true	false	false
cosocorr	11	true	false	false
cosocorr	12	true	false	false
cosocorr	13	true	false	false
cosocorr	14	true	false	false
cosocorr	15	true	false	false
cosocorr	16	true	false	false
cosocorr	17	true	false	false
cosocorr	18	true	false	false
cosocorr	19	true	false	false
cosocorr	20	false	true	false
cosocorr	21	true	false	false
cosocorr	22	true	false	false
cosocorr	23	true	false	false
cosocorr	24	true	false	false
cosocorr	25	true	false	false
cosocorr	26	true	false	false
cosocorr	27	true	false	false
cosocorr	28	false	true	false	8, 25
cosocorr	29	true	false	false
cosocorr	30	true	false	false
cosocorr	31	true	false	false
cosocorr	32	true	false	false
cosocorr	33	true	false	false
cosocorr	34	true	false	false
cosocorr	35	true	false	false
cosocorr	36	false	true	false	25
cosocorr	37	true	false	false
cosocorr	38	true	false	false
cosocorr	39	true	false	false
cosocorr	40	true	false	false
cosocorr	41	true	false	false
cosocorr	42	true	false	false
cosocorr	43	true	false	false
cosocorr	44	false	true	false
cosocorr	45	false	true	false	8, 9, 14, 15, 17, 21, 22, 25
cosocorr	46	true	false	false
cosocorr	47	false	true	false	8, 25
cosocorr	48	true	false	false
cosocorr	49	false	true	false	8, 21, 25
cosocorr	50	false	true	false	8, 21, 25
cosocorr	51	true	false	false
cosocorr	52	true	false	false
cosocorr	53	true	false	false
cosocorr	54	true	false	false
cosocorr	55	true	false	false
cosocorr	56	true	false	false
cosocorr	57	false	true	false	8, 21, 25
cosocorr	58	false	true	false	8, 21, 25
cosocorr	59	false	true	false	8, 25
cosocorr	60	false	true	false	8, 21, 25
cosocorr	61	false	true	false	8, 9, 14, 15, 17, 21, 22, 25
cosocorr	62	true	false	false
cosocorr	63	false	true	false	8, 9, 14, 15, 17, 21, 22, 25, 26
cosocorr	64	true	false	false
cosocorr	65	false	true	false	8, 21, 25
cosocorr	66	true	false	false
cosocorr	67	true	false	false
cosocorr	68	false	true	false	8, 21, 25
cosocorr	69	true	false	false
cosocorr	70	false	true	false
cosocorr	71	true	false	false
cosocorr	72	false	true	false	8, 9, 14, 15, 21, 22, 25
cosocorr	73	false	true	false	8, 9, 14, 15, 17, 21, 22, 25, 126, 127
cosocorr	74	true	false	false
cosocorr	75	false	false	true
cosocorr	76	true	false	false
cosocorr	77	true	false	false
cosocorr	78	false	true	false	8, 21, 22, 25
cosocorr	79	true	false	false
cosocorr	80	false	true	false	8, 9, 14, 17, 21, 22, 25
cosocorr	81	false	true	false	2, 8, 9, 10, 14, 15, 17, 18, 21, 22, 25
cosocorr	82	true	false	false
cosocorr	83	true	false	false
cosocorr	84	false	true	false	2, 8, 9, 10, 14, 15, 17, 18, 21, 22, 25, 49
cosocorr	85	false	true	false	8, 21, 25
cosocorr	86	true	false	false
cosocorr	87	false	true	false	8, 9, 14, 15, 17, 21, 22, 25, 49
cosocorr	88	true	false	false
cosocorr	89	true	false	false
cosocorr	90	true	false	false
cosocorr	91	false	true	false	8
cosocorr	92	false	true	false	8, 9, 14, 15, 17, 21, 22, 25
cosocorr	93	false	true	false	8, 9, 14, 15, 17, 21, 22, 25
cosocorr	94	true	false	false
cosocorr	95	false	true	false	8, 9, 14, 15, 17, 21, 22, 25
cosocorr	96	true	false	false
cosocorr	97	false	true	false	8, 21, 25
cosocorr	98	false	true	false	2, 8, 9, 14, 15, 17, 18, 21, 22, 25, 73, 126, 127
cosocorr	99	false	true	false	8, 21, 25
cosocorr	100	false	true	false	8, 14, 21, 22, 25
cosocorr	101	false	true	false	8, 9, 14, 15, 17, 21, 22, 25
cosocorr	102	true	false	false
cosocorr	103	true	false	false
cosocorr	104	true	false	false	49
cosocorr	105	false	true	false	8, 9, 14, 15, 17, 21, 22, 25
cosocorr	106	true	false	false
cosocorr	107	false	true	false	8, 9, 14, 17, 21, 22, 25
cosocorr	108	false	true	false	8, 25
cosocorr	109	false	true	false	8, 9, 14, 15, 17, 21, 22, 25
cosocorr	110	false	true	false	8, 9, 14, 15, 17, 21, 22, 25
cosocorr	111	true	false	false
cosocorr	112	false	true	false	8, 21, 25
cosocorr	113	true	false	false
cosocorr	114	false	true	false	8, 9, 14, 15, 17, 21, 22, 25
cosocorr	115	false	true	false	8, 25
cosocorr	116	false	true	false	8, 25
cosocorr	117	true	false	false
cosocorr	118	false	true	false	8, 9, 14, 21, 22, 25
cosocorr	119	false	true	false
colacorr	1	true	false	false
colacorr	2	true	false	false
colacorr	3	true	false	false
colacorr	4	true	false	false
colacorr	5	true	false	false
colacorr	6	true	false	false
colacorr	7	true	false	false
colacorr	8	true	false	false
colacorr	9	true	false	false
colacorr	10	true	false	false
colacorr	11	false	true	false	8, 21, 25
colacorr	12	true	false	false
colacorr	13	true	false	false
colacorr	14	true	false	false
colacorr	15	true	false	false
colacorr	16	true	false	false
colacorr	17	true	false	false
colacorr	18	true	false	false
colacorr	19	true	false	false
colacorr	20	true	false	false
colacorr	21	true	false	false
colacorr	22	true	false	false
colacorr	23	true	false	false
colacorr	24	true	false	false
colacorr	25	true	false	false
colacorr	26	true	false	false
colacorr	27	true	false	false
colacorr	28	true	false	false
colacorr	29	true	false	false
colacorr	30	true	false	false
colacorr	31	true	false	false
colacorr	32	true	false	false
colacorr	33	true	false	false
colacorr	34	true	false	false
colacorr	35	false	true	false	8, 21, 25
colacorr	36	false	true	false	8, 25
colacorr	37	true	false	false
colacorr	38	true	false	false
colacorr	39	true	false	false
colacorr	40	true	false	false
colacorr	41	true	false	false
colacorr	42	true	false	false
colacorr	43	true	false	false
colacorr	44	true	false	false
colacorr	45	false	true	false	8, 9, 14, 15, 17, 21, 22, 25
colacorr	46	false	true	false	8, 25
colacorr	47	true	false	false
colacorr	48	true	false	false
colacorr	49	true	false	false
colacorr	50	false	true	false
colacorr	51	true	false	false
colacorr	52	true	false	false
colacorr	53	true	false	false
colacorr	54	true	false	false
colacorr	55	false	true	false	8, 25
colacorr	56	true	false	false
colacorr	57	true	false	false
colacorr	58	true	false	false
colacorr	59	false	true	false	8, 21, 25
colacorr	60	false	true	false	8, 21, 25
colacorr	61	false	true	false	8, 9, 14, 15, 17, 21, 22, 25
colacorr	62	false	true	false	8, 25
colacorr	63	false	true	false	8, 9, 14, 15, 17, 21, 22, 25
colacorr	64	true	false	false
colacorr	65	true	false	false
colacorr	66	true	false	false
colacorr	67	true	false	false
colacorr	68	true	false	false
colacorr	69	false	true	false	8, 21, 25
colacorr	70	true	false	false
colacorr	71	true	false	false
colacorr	72	true	false	false
colacorr	73	false	true	false	8, 9, 14, 15, 17, 21, 22, 25, 26
colacorr	74	true	false	false
colacorr	75	false	true	false	2, 8, 9, 10, 14, 15, 17, 18, 21, 22, 25, 73
colacorr	76	false	true	false	8, 9, 14, 15, 17, 21, 22, 25, 73
colacorr	77	false	true	false	2, 8, 9, 14, 15, 17, 18, 21, 22, 25
colacorr	78	true	false	false
colacorr	79	false	true	false	8, 9, 14, 15, 17, 21, 22, 25
colacorr	80	false	true	false	8, 9, 14, 15, 17, 21, 22, 25
colacorr	81	false	true	true	2, 8, 9, 10, 14, 15, 17, 21, 22, 25
colacorr	82	false	false	true	125
colacorr	83	false	true	false
colacorr	84	false	true	true	1, 2, 8, 9, 10, 14, 15, 16, 17, 18, 21, 22, 25
colacorr	85	false	true	false	2, 8, 9, 10, 14, 15, 17, 18, 21, 22, 25
colacorr	86	true	false	false
colacorr	87	true	false	false
colacorr	88	true	false	false
colacorr	89	false	true	false	8, 9, 14, 15, 17, 21, 22, 25
colacorr	90	false	true	false	8, 9, 14, 15, 17, 21, 22, 25
colacorr	91	false	true	false	8, 14, 21, 25, 49
colacorr	92	true	false	false
colacorr	93	true	false	false
colacorr	94	false	true	false	8, 21, 25
colacorr	95	false	true	false	8, 25
colacorr	96	true	false	false
colacorr	97	false	true	false
colacorr	98	false	true	false	8, 9, 14, 15, 17, 21, 22, 25
colacorr	99	false	true	false	8, 9, 14, 15, 17, 21, 22, 25
colacorr	100	true	false	false	49
colacorr	101	false	true	false	8, 21, 25, 49
colacorr	102	false	true	false	2, 8, 9, 14, 15, 17, 21, 22, 25, 73
colacorr	103	false	true	false	8, 25
colacorr	104	false	true	false	8, 25
colacorr	105	false	true	true	1, 8, 21, 22, 23, 24, 25, 26, 49, 121, 125
colacorr	106	true	false	false	44
colacorr	107	false	true	false	8, 9, 14, 15, 17, 21, 22, 25
colacorr	108	false	true	false	8, 9, 14, 15, 17, 21, 22, 25, 49
colacorr	109	false	true	false	8, 9, 14, 15, 17, 18, 21, 22, 25
colacorr	110	false	true	false	8, 9, 14, 15, 17, 21, 22, 25
colacorr	111	false	true	false	8, 9, 14, 15, 17, 21, 22, 25
colacorr	112	false	true	false	8, 9, 14, 15, 17, 21, 22, 25
colacorr	113	false	true	false	8, 9, 14, 15, 17, 21, 22, 25
colacorr	114	false	true	false	8, 25
colacorr	115	false	true	false	8, 14, 21, 22, 25, 126, 127
colacorr	116	false	true	false	8, 9, 14, 15, 17, 21, 22, 25
colacorr	117	true	false	false
colacorr	118	false	true	false	8, 9, 14, 15, 17, 21, 22, 25
colacorr	119	true	false	false
colacorr	120	true	false	false
colacorr	121	false	true	false	8, 14, 21, 22, 25
colacorr	122	false	true	false	8, 9, 14, 15, 17, 21, 22, 25
colacorr	123	false	true	false	8, 21, 25
inlacorr	1	true	false	false
inlacorr	2	true	false	false
inlacorr	3	true	false	false
inlacorr	4	true	false	false
inlacorr	5	true	false	false
inlacorr	6	true	false	false
inlacorr	7	false	true	false
inlacorr	8	true	false	false
inlacorr	9	true	false	false
inlacorr	10	true	false	false
inlacorr	11	false	true	false	8, 21, 25
inlacorr	12	true	false	false
inlacorr	13	true	false	false
inlacorr	14	true	false	false
inlacorr	15	true	false	false	49
inlacorr	16	true	false	false
inlacorr	17	true	false	false
inlacorr	18	false	true	false	8, 21, 25
inlacorr	19	true	false	false
inlacorr	20	true	false	false
inlacorr	21	true	false	false
inlacorr	22	true	false	false
inlacorr	23	true	false	false
inlacorr	24	true	false	false
inlacorr	25	true	false	false
inlacorr	26	true	false	false
inlacorr	27	true	false	false
inlacorr	28	true	false	false
inlacorr	29	true	false	false
inlacorr	30	true	false	false
inlacorr	31	true	false	false
inlacorr	32	true	false	false
inlacorr	33	true	false	false	31
inlacorr	34	false	true	false
inlacorr	35	true	false	false
inlacorr	36	true	false	false
inlacorr	37	true	false	false
inlacorr	38	true	false	false
inlacorr	39	true	false	false
inlacorr	40	true	false	false
inlacorr	41	true	false	false
inlacorr	42	true	false	false
inlacorr	43	true	false	false
inlacorr	44	true	false	false
inlacorr	45	true	false	false
inlacorr	46	true	false	false
inlacorr	47	true	false	false
inlacorr	48	true	false	false
inlacorr	49	true	false	false
inlacorr	50	true	false	false
inlacorr	51	true	false	false
inlacorr	52	true	false	false
inlacorr	53	true	false	false
inlacorr	54	true	false	false
inlacorr	55	true	false	false
inlacorr	56	true	false	false
inlacorr	57	true	false	false
inlacorr	58	true	false	false
inlacorr	59	true	false	false
inlacorr	60	true	false	false
inlacorr	61	true	false	false
inlacorr	62	true	false	false
inlacorr	63	true	false	false
inlacorr	64	true	false	false
inlacorr	65	true	false	false
inlacorr	66	true	false	false
inlacorr	67	true	false	false
inlacorr	68	true	false	false
inlacorr	69	true	false	false
inlacorr	70	true	false	false
inlacorr	71	true	false	false
inlacorr	72	true	false	false
inlacorr	73	true	false	false
inlacorr	74	true	false	false
inlacorr	75	false	true	false	2, 8, 9, 10, 14, 15, 17, 18, 21, 22, 23, 25, 49, 73, 126, 127
inlacorr	76	true	false	false
inlacorr	77	true	false	false
inlacorr	78	true	false	false
inlacorr	79	false	true	false
inlacorr	80	false	true	false
inlacorr	81	false	true	false	2, 8, 9, 10, 14, 15, 16, 17, 18, 21, 22, 25, 127
inlacorr	82	true	false	false
inlacorr	83	false	true	false	8, 9, 14, 15, 17, 21, 22, 25
inlacorr	84	false	true	false	8, 9, 14, 15, 17, 21, 22, 25
inlacorr	85	true	false	false
inlacorr	86	true	false	false
inlacorr	87	false	true	false	8, 14, 21, 25
inlacorr	88	true	false	false
inlacorr	89	false	true	false	8, 21, 25, 49
inlacorr	90	true	false	false	49
inlacorr	91	false	true	false	8, 25
inlacorr	92	true	false	false
inlacorr	93	true	false	false
inlacorr	94	true	false	false
inlacorr	95	false	true	false	8, 9, 14, 15, 17, 21, 22, 25
inlacorr	96	false	true	false	8
inlacorr	97	false	true	false	8, 21, 25
inlacorr	98	false	true	false	8, 9, 14, 15, 17, 21, 22, 25
inlacorr	99	true	false	false
inlacorr	100	true	false	false
inlacorr	101	false	true	false	8, 49
inlacorr	102	true	false	false	49
inlacorr	103	false	true	false	8, 21, 34, 49
inlacorr	104	true	false	false
inlacorr	105	true	false	false
inlacorr	106	false	true	false	49
inlacorr	107	true	false	false
inlacorr	108	false	true	false	8, 9, 14, 15, 17, 21, 22, 25
inlacorr	109	true	false	false
inlacorr	110	false	true	false	8, 21, 25
inlacorr	111	false	true	false
inlacorr	112	false	true	false	8, 9, 14, 15, 17, 21, 22, 25
inlacorr	113	false	true	false	8, 25
inlacorr	114	false	true	false	8, 9, 14, 15, 17, 21, 22, 25
inlacorr	115	false	true	false	8, 25
inlacorr	116	false	true	false	8, 9, 14, 15, 17, 21, 22, 25
inlacorr	117	false	true	false	8, 9, 14, 15, 17, 21, 22, 25, 49
inlacorr	118	false	true	false	8, 9, 14, 15, 17, 21, 22, 25
inlacorr	119	false	true	false	8, 21, 25
inlacorr	120	false	true	false	8, 9, 14, 21, 22, 25
inlacorr	121	true	false	false
inlacorr	122	true	false	false
inlacorr	123	true	false	false
inlacorr	124	true	false	false
inlacorr	125	false	true	false	8, 21, 25
insocorr	1	true	false	false
insocorr	2	true	false	false
insocorr	3	true	false	false
insocorr	4	true	false	false
insocorr	5	true	false	false
insocorr	6	true	false	false
insocorr	7	true	false	false
insocorr	8	true	false	false
insocorr	9	false	true	false
insocorr	10	true	false	false
insocorr	11	false	true	false	127
insocorr	12	true	false	false
insocorr	13	true	false	false
insocorr	14	true	false	false
insocorr	15	true	false	false
insocorr	16	true	false	false
insocorr	17	true	false	false
insocorr	18	true	false	false
insocorr	19	true	false	false
insocorr	20	true	false	false
insocorr	21	true	false	false
insocorr	22	true	false	false
insocorr	23	true	false	false
insocorr	24	true	false	false
insocorr	25	true	false	false
insocorr	26	true	false	false
insocorr	27	true	false	false
insocorr	28	true	false	false
insocorr	29	true	false	false
insocorr	30	true	false	false
insocorr	31	true	false	false
insocorr	32	true	false	false
insocorr	33	true	false	false
insocorr	34	true	false	false
insocorr	35	false	true	false
insocorr	36	true	false	false
insocorr	37	true	false	false
insocorr	38	true	false	false
insocorr	39	true	false	false
insocorr	40	false	true	false	8, 25
insocorr	41	true	false	false
insocorr	42	true	false	false
insocorr	43	true	false	false
insocorr	44	true	false	false
insocorr	45	true	false	false
insocorr	46	true	false	false
insocorr	47	true	false	false
insocorr	48	true	false	false	73
insocorr	49	true	false	false
insocorr	50	true	false	false
insocorr	51	true	false	false
insocorr	52	true	false	false
insocorr	53	true	false	false
insocorr	54	true	false	false
insocorr	55	true	false	false
insocorr	56	true	false	false
insocorr	57	true	false	false
insocorr	58	true	false	false
insocorr	59	true	false	false
insocorr	60	true	false	false
insocorr	61	true	false	false
insocorr	62	true	false	false
insocorr	63	true	false	false
insocorr	64	true	false	false
insocorr	65	true	false	false
insocorr	66	false	true	false
insocorr	67	true	false	false
insocorr	68	true	false	false
insocorr	69	true	false	false
insocorr	70	true	false	false
insocorr	71	true	false	false
insocorr	72	true	false	false
insocorr	73	true	false	false
insocorr	74	true	false	false
insocorr	75	false	true	false	8, 9, 14, 15, 17, 21, 22, 25
insocorr	76	false	true	false	8, 9, 14, 15, 17, 21, 22, 25
insocorr	77	false	false	true
insocorr	78	false	true	false
insocorr	79	false	true	false	8, 9, 14, 15, 17, 21, 22, 25
insocorr	80	false	true	false	8, 9, 14, 15, 17, 21, 22, 25
insocorr	81	true	false	false
insocorr	82	true	false	false
insocorr	83	false	true	false
insocorr	84	true	false	false
insocorr	85	false	true	false	2, 8, 9, 10, 14, 15, 16, 17, 18, 21, 22, 25, 49, 126, 127
insocorr	86	true	false	false
insocorr	87	false	true	false	8, 9, 14, 15, 17, 21, 22, 25
insocorr	88	true	false	false
insocorr	89	true	false	false
insocorr	90	true	false	false
insocorr	91	true	false	false
insocorr	92	true	false	false
insocorr	93	false	true	false	8, 25
insocorr	94	true	false	false	59
insocorr	95	true	false	false
insocorr	96	true	false	false
insocorr	97	true	false	false
insocorr	98	false	true	false	8, 9, 14, 17, 21, 22, 25
insocorr	99	false	true	false	8, 14, 21, 25
insocorr	100	true	false	false
insocorr	101	false	true	false	22, 23, 25, 26, 34
insocorr	102	true	false	false	49
insocorr	103	false	true	false	8, 9, 14, 15, 17, 21, 22, 25
insocorr	104	false	true	false	8, 9, 14, 15, 17, 21, 22, 25
insocorr	105	false	true	false	8, 9, 14, 17, 21, 22, 25
insocorr	106	true	false	false
insocorr	107	true	false	false
insocorr	108	false	true	false	8, 9, 14, 15, 17, 21, 22, 25
insocorr	109	true	false	false
insocorr	110	false	true	false	8, 9, 14, 15, 17, 21, 22, 25
insocorr	111	true	false	false
insocorr	112	true	false	false	99
insocorr	113	true	false	false
insocorr	114	true	false	false
insocorr	115	false	true	false
insocorr	116	true	false	false
insocorr	117	true	false	false	49
insocorr	118	false	true	false	8, 14, 21, 25
insocorr	119	false	true	false	8, 21, 25
insocorr	120	true	false	false
